  5.000000E-01  6.400000E-01  6.400000E-01
  1.500000E+00  6.400000E-01  6.400000E-01
  2.500000E+00  6.400000E-01  6.400000E-01
  3.500000E+00  6.400000E-01  6.400000E-01
  4.500000E+00  6.400000E-01  6.400000E-01
  5.500000E+00  6.400000E-01  6.400000E-01
  6.500000E+00  6.400000E-01  6.400000E-01
  7.500000E+00  6.400000E-01  6.400000E-01
  8.500000E+00  6.400000E-01  6.400000E-01
  9.500000E+00  6.400000E-01  6.400000E-01
  1.050000E+01  6.400000E-01  6.400000E-01
  1.150000E+01  6.400000E-01  6.400000E-01
  1.250000E+01  6.400000E-01  6.400000E-01
  1.350000E+01  6.400000E-01  6.400000E-01
  1.450000E+01  6.400000E-01  6.400000E-01
  1.550000E+01  6.400000E-01  6.400000E-01
  1.650000E+01  6.400000E-01  6.400000E-01
  1.750000E+01  6.400000E-01  6.400000E-01
  1.850000E+01  6.400000E-01  6.400000E-01
  1.950000E+01  6.400000E-01  6.400000E-01
  2.050000E+01  6.400000E-01  6.400000E-01
  2.150000E+01  6.400000E-01  6.400000E-01
  2.250000E+01  6.400000E-01  6.400000E-01
  2.350000E+01  6.400001E-01  6.400001E-01
  2.450000E+01  6.399992E-01  6.399992E-01
  2.550000E+01  6.400069E-01  6.400069E-01
  2.650000E+01  6.399597E-01  6.399597E-01
  2.750000E+01  6.399103E-01  6.399103E-01
  2.850000E+01  6.398611E-01  6.398611E-01
  2.950000E+01  6.398119E-01  6.398119E-01
  3.050000E+01  6.397627E-01  6.397627E-01
  3.150000E+01  6.397137E-01  6.397137E-01
  3.250000E+01  6.396646E-01  6.396646E-01
  3.350000E+01  6.396157E-01  6.396157E-01
  3.450000E+01  6.395668E-01  6.395668E-01
  3.550000E+01  6.395179E-01  6.395179E-01
  3.650000E+01  6.394692E-01  6.394692E-01
  3.750000E+01  6.394204E-01  6.394204E-01
  3.850000E+01  6.393718E-01  6.393718E-01
  3.950000E+01  6.393232E-01  6.393232E-01
  4.050000E+01  6.392746E-01  6.392746E-01
  4.150000E+01  6.392262E-01  6.392262E-01
  4.250000E+01  6.391777E-01  6.391777E-01
  4.350000E+01  6.391294E-01  6.391294E-01
  4.450000E+01  6.390811E-01  6.390811E-01
  4.550000E+01  6.390328E-01  6.390328E-01
  4.650000E+01  6.389846E-01  6.389846E-01
  4.750000E+01  6.389365E-01  6.389365E-01
  4.850000E+01  6.388884E-01  6.388884E-01
  4.950000E+01  6.388404E-01  6.388404E-01
  5.050000E+01  6.387925E-01  6.387925E-01
  5.150000E+01  6.387446E-01  6.387446E-01
  5.250000E+01  6.386968E-01  6.386968E-01
  5.350000E+01  6.386490E-01  6.386490E-01
  5.450000E+01  6.386013E-01  6.386013E-01
  5.550000E+01  6.385536E-01  6.385536E-01
  5.650000E+01  6.385060E-01  6.385060E-01
  5.750000E+01  6.384585E-01  6.384585E-01
  5.850000E+01  6.384110E-01  6.384110E-01
  5.950000E+01  6.383635E-01  6.383635E-01
  6.050000E+01  6.383162E-01  6.383162E-01
  6.150000E+01  6.382688E-01  6.382688E-01
  6.250000E+01  6.382216E-01  6.382216E-01
  6.350000E+01  6.381744E-01  6.381744E-01
  6.450000E+01  6.381272E-01  6.381272E-01
  6.550000E+01  6.380801E-01  6.380801E-01
  6.650000E+01  6.380331E-01  6.380331E-01
  6.750000E+01  6.379861E-01  6.379861E-01
  6.850000E+01  6.379392E-01  6.379392E-01
  6.950000E+01  6.378924E-01  6.378924E-01
  7.050000E+01  6.378456E-01  6.378456E-01
  7.150000E+01  6.377988E-01  6.377988E-01
  7.250000E+01  6.377521E-01  6.377521E-01
  7.350000E+01  6.377055E-01  6.377055E-01
  7.450000E+01  6.376589E-01  6.376589E-01
  7.550000E+01  6.376124E-01  6.376124E-01
  7.650000E+01  6.375659E-01  6.375659E-01
  7.750000E+01  6.375195E-01  6.375195E-01
  7.850000E+01  6.374731E-01  6.374731E-01
  7.950000E+01  6.374268E-01  6.374268E-01
  8.050000E+01  6.373806E-01  6.373806E-01
  8.150000E+01  6.373344E-01  6.373344E-01
  8.250000E+01  6.372882E-01  6.372882E-01
  8.350000E+01  6.372422E-01  6.372422E-01
  8.450000E+01  6.371961E-01  6.371961E-01
  8.550000E+01  6.371502E-01  6.371502E-01
  8.650000E+01  6.371042E-01  6.371042E-01
  8.750000E+01  6.370584E-01  6.370584E-01
  8.850000E+01  6.370126E-01  6.370126E-01
  8.950000E+01  6.369668E-01  6.369668E-01
  9.050000E+01  6.369211E-01  6.369211E-01
  9.150000E+01  6.368755E-01  6.368755E-01
  9.250000E+01  6.368299E-01  6.368299E-01
  9.350000E+01  6.367843E-01  6.367843E-01
  9.450000E+01  6.367389E-01  6.367389E-01
  9.550000E+01  6.366934E-01  6.366934E-01
  9.650000E+01  6.366480E-01  6.366480E-01
  9.750000E+01  6.366027E-01  6.366027E-01
  9.850000E+01  6.365575E-01  6.365575E-01
  9.950000E+01  6.365122E-01  6.365122E-01
  1.005000E+02  6.364671E-01  6.364671E-01
  1.015000E+02  6.364220E-01  6.364220E-01
  1.025000E+02  6.363769E-01  6.363769E-01
  1.035000E+02  6.363319E-01  6.363319E-01
  1.045000E+02  6.362870E-01  6.362870E-01
  1.055000E+02  6.362421E-01  6.362421E-01
  1.065000E+02  6.361972E-01  6.361972E-01
  1.075000E+02  6.361524E-01  6.361524E-01
  1.085000E+02  6.361077E-01  6.361077E-01
  1.095000E+02  6.360630E-01  6.360630E-01
  1.105000E+02  6.360184E-01  6.360184E-01
  1.115000E+02  6.359738E-01  6.359738E-01
  1.125000E+02  6.359293E-01  6.359293E-01
  1.135000E+02  6.358848E-01  6.358848E-01
  1.145000E+02  6.358404E-01  6.358404E-01
  1.155000E+02  6.357960E-01  6.357960E-01
  1.165000E+02  6.357517E-01  6.357517E-01
  1.175000E+02  6.357074E-01  6.357074E-01
  1.185000E+02  6.356632E-01  6.356632E-01
  1.195000E+02  6.356190E-01  6.356190E-01
  1.205000E+02  6.355749E-01  6.355749E-01
  1.215000E+02  6.355308E-01  6.355308E-01
  1.225000E+02  6.354868E-01  6.354868E-01
  1.235000E+02  6.354429E-01  6.354429E-01
  1.245000E+02  6.353989E-01  6.353989E-01
  1.255000E+02  6.353551E-01  6.353551E-01
  1.265000E+02  6.353113E-01  6.353113E-01
  1.275000E+02  6.352675E-01  6.352675E-01
  1.285000E+02  6.352238E-01  6.352238E-01
  1.295000E+02  6.351802E-01  6.351802E-01
  1.305000E+02  6.351366E-01  6.351366E-01
  1.315000E+02  6.350930E-01  6.350930E-01
  1.325000E+02  6.350495E-01  6.350495E-01
  1.335000E+02  6.350060E-01  6.350060E-01
  1.345000E+02  6.349626E-01  6.349626E-01
  1.355000E+02  6.349193E-01  6.349193E-01
  1.365000E+02  6.348760E-01  6.348760E-01
  1.375000E+02  6.348327E-01  6.348327E-01
  1.385000E+02  6.347895E-01  6.347895E-01
  1.395000E+02  6.347464E-01  6.347464E-01
  1.405000E+02  6.347033E-01  6.347033E-01
  1.415000E+02  6.346602E-01  6.346602E-01
  1.425000E+02  6.346172E-01  6.346172E-01
  1.435000E+02  6.345743E-01  6.345743E-01
  1.445000E+02  6.345314E-01  6.345314E-01
  1.455000E+02  6.344885E-01  6.344885E-01
  1.465000E+02  6.344457E-01  6.344457E-01
  1.475000E+02  6.344029E-01  6.344029E-01
  1.485000E+02  6.343602E-01  6.343602E-01
  1.495000E+02  6.343176E-01  6.343176E-01
  1.505000E+02  6.342750E-01  6.342750E-01
  1.515000E+02  6.342324E-01  6.342324E-01
  1.525000E+02  6.341899E-01  6.341899E-01
  1.535000E+02  6.341474E-01  6.341474E-01
  1.545000E+02  6.341050E-01  6.341050E-01
  1.555000E+02  6.340626E-01  6.340626E-01
  1.565000E+02  6.340203E-01  6.340203E-01
  1.575000E+02  6.339781E-01  6.339781E-01
  1.585000E+02  6.339358E-01  6.339358E-01
  1.595000E+02  6.338937E-01  6.338937E-01
  1.605000E+02  6.338515E-01  6.338515E-01
  1.615000E+02  6.338095E-01  6.338095E-01
  1.625000E+02  6.337674E-01  6.337674E-01
  1.635000E+02  6.337255E-01  6.337255E-01
  1.645000E+02  6.336835E-01  6.336835E-01
  1.655000E+02  6.336416E-01  6.336416E-01
  1.665000E+02  6.335998E-01  6.335998E-01
  1.675000E+02  6.335580E-01  6.335580E-01
  1.685000E+02  6.335163E-01  6.335163E-01
  1.695000E+02  6.334746E-01  6.334746E-01
  1.705000E+02  6.334329E-01  6.334329E-01
  1.715000E+02  6.333913E-01  6.333913E-01
  1.725000E+02  6.333498E-01  6.333498E-01
  1.735000E+02  6.333082E-01  6.333082E-01
  1.745000E+02  6.332668E-01  6.332668E-01
  1.755000E+02  6.332254E-01  6.332254E-01
  1.765000E+02  6.331840E-01  6.331840E-01
  1.775000E+02  6.331427E-01  6.331427E-01
  1.785000E+02  6.331014E-01  6.331014E-01
  1.795000E+02  6.330602E-01  6.330602E-01
  1.805000E+02  6.330190E-01  6.330190E-01
  1.815000E+02  6.329779E-01  6.329779E-01
  1.825000E+02  6.329368E-01  6.329368E-01
  1.835000E+02  6.328957E-01  6.328957E-01
  1.845000E+02  6.328547E-01  6.328547E-01
  1.855000E+02  6.328138E-01  6.328138E-01
  1.865000E+02  6.327729E-01  6.327729E-01
  1.875000E+02  6.327320E-01  6.327320E-01
  1.885000E+02  6.326912E-01  6.326912E-01
  1.895000E+02  6.326505E-01  6.326505E-01
  1.905000E+02  6.326097E-01  6.326097E-01
  1.915000E+02  6.325691E-01  6.325691E-01
  1.925000E+02  6.325284E-01  6.325284E-01
  1.935000E+02  6.324878E-01  6.324878E-01
  1.945000E+02  6.324473E-01  6.324473E-01
  1.955000E+02  6.324068E-01  6.324068E-01
  1.965000E+02  6.323664E-01  6.323664E-01
  1.975000E+02  6.323260E-01  6.323260E-01
  1.985000E+02  6.322856E-01  6.322856E-01
  1.995000E+02  6.322453E-01  6.322453E-01
  2.005000E+02  6.322050E-01  6.322050E-01
  2.015000E+02  6.321648E-01  6.321648E-01
  2.025000E+02  6.321246E-01  6.321246E-01
  2.035000E+02  6.320845E-01  6.320845E-01
  2.045000E+02  6.320444E-01  6.320444E-01
  2.055000E+02  6.320044E-01  6.320044E-01
  2.065000E+02  6.319644E-01  6.319644E-01
  2.075000E+02  6.319244E-01  6.319244E-01
  2.085000E+02  6.318845E-01  6.318845E-01
  2.095000E+02  6.318446E-01  6.318446E-01
  2.105000E+02  6.318048E-01  6.318048E-01
  2.115000E+02  6.317650E-01  6.317650E-01
  2.125000E+02  6.317253E-01  6.317253E-01
  2.135000E+02  6.316856E-01  6.316856E-01
  2.145000E+02  6.316459E-01  6.316459E-01
  2.155000E+02  6.316063E-01  6.316063E-01
  2.165000E+02  6.315668E-01  6.315668E-01
  2.175000E+02  6.315273E-01  6.315273E-01
  2.185000E+02  6.314878E-01  6.314878E-01
  2.195000E+02  6.314484E-01  6.314484E-01
  2.205000E+02  6.314090E-01  6.314090E-01
  2.215000E+02  6.313696E-01  6.313696E-01
  2.225000E+02  6.313303E-01  6.313303E-01
  2.235000E+02  6.312911E-01  6.312911E-01
  2.245000E+02  6.312519E-01  6.312519E-01
  2.255000E+02  6.312127E-01  6.312127E-01
  2.265000E+02  6.311736E-01  6.311736E-01
  2.275000E+02  6.311345E-01  6.311345E-01
  2.285000E+02  6.310955E-01  6.310955E-01
  2.295000E+02  6.310565E-01  6.310565E-01
  2.305000E+02  6.310175E-01  6.310175E-01
  2.315000E+02  6.309786E-01  6.309786E-01
  2.325000E+02  6.309397E-01  6.309397E-01
  2.335000E+02  6.309009E-01  6.309009E-01
  2.345000E+02  6.308621E-01  6.308621E-01
  2.355000E+02  6.308234E-01  6.308234E-01
  2.365000E+02  6.307847E-01  6.307847E-01
  2.375000E+02  6.307460E-01  6.307460E-01
  2.385000E+02  6.307074E-01  6.307074E-01
  2.395000E+02  6.306688E-01  6.306688E-01
  2.405000E+02  6.306303E-01  6.306303E-01
  2.415000E+02  6.305918E-01  6.305918E-01
  2.425000E+02  6.305534E-01  6.305534E-01
  2.435000E+02  6.305150E-01  6.305150E-01
  2.445000E+02  6.304766E-01  6.304766E-01
  2.455000E+02  6.304383E-01  6.304383E-01
  2.465000E+02  6.304000E-01  6.304000E-01
  2.475000E+02  6.303618E-01  6.303618E-01
  2.485000E+02  6.303236E-01  6.303236E-01
  2.495000E+02  6.302854E-01  6.302854E-01
  2.505000E+02  6.302473E-01  6.302473E-01
  2.515000E+02  6.302092E-01  6.302092E-01
  2.525000E+02  6.301712E-01  6.301712E-01
  2.535000E+02  6.301332E-01  6.301332E-01
  2.545000E+02  6.300953E-01  6.300953E-01
  2.555000E+02  6.300574E-01  6.300574E-01
  2.565000E+02  6.300195E-01  6.300195E-01
  2.575000E+02  6.299817E-01  6.299817E-01
  2.585000E+02  6.299439E-01  6.299439E-01
  2.595000E+02  6.299061E-01  6.299061E-01
  2.605000E+02  6.298684E-01  6.298684E-01
  2.615000E+02  6.298308E-01  6.298308E-01
  2.625000E+02  6.297931E-01  6.297931E-01
  2.635000E+02  6.297556E-01  6.297556E-01
  2.645000E+02  6.297180E-01  6.297180E-01
  2.655000E+02  6.296805E-01  6.296805E-01
  2.665000E+02  6.296431E-01  6.296431E-01
  2.675000E+02  6.296056E-01  6.296056E-01
  2.685000E+02  6.295683E-01  6.295683E-01
  2.695000E+02  6.295309E-01  6.295309E-01
  2.705000E+02  6.294936E-01  6.294936E-01
  2.715000E+02  6.294564E-01  6.294564E-01
  2.725000E+02  6.294191E-01  6.294191E-01
  2.735000E+02  6.293820E-01  6.293820E-01
  2.745000E+02  6.293448E-01  6.293448E-01
  2.755000E+02  6.293077E-01  6.293077E-01
  2.765000E+02  6.292707E-01  6.292707E-01
  2.775000E+02  6.292336E-01  6.292336E-01
  2.785000E+02  6.291967E-01  6.291967E-01
  2.795000E+02  6.291597E-01  6.291597E-01
  2.805000E+02  6.291228E-01  6.291228E-01
  2.815000E+02  6.290859E-01  6.290859E-01
  2.825000E+02  6.290491E-01  6.290491E-01
  2.835000E+02  6.290123E-01  6.290123E-01
  2.845000E+02  6.289756E-01  6.289756E-01
  2.855000E+02  6.289389E-01  6.289389E-01
  2.865000E+02  6.289022E-01  6.289022E-01
  2.875000E+02  6.288656E-01  6.288656E-01
  2.885000E+02  6.288290E-01  6.288290E-01
  2.895000E+02  6.287924E-01  6.287924E-01
  2.905000E+02  6.287559E-01  6.287559E-01
  2.915000E+02  6.287195E-01  6.287195E-01
  2.925000E+02  6.286830E-01  6.286830E-01
  2.935000E+02  6.286466E-01  6.286466E-01
  2.945000E+02  6.286103E-01  6.286103E-01
  2.955000E+02  6.285740E-01  6.285740E-01
  2.965000E+02  6.285377E-01  6.285377E-01
  2.975000E+02  6.285014E-01  6.285014E-01
  2.985000E+02  6.284652E-01  6.284652E-01
  2.995000E+02  6.284291E-01  6.284291E-01
  3.005000E+02  6.283929E-01  6.283929E-01
  3.015000E+02  6.283568E-01  6.283568E-01
  3.025000E+02  6.283208E-01  6.283208E-01
  3.035000E+02  6.282848E-01  6.282848E-01
  3.045000E+02  6.282488E-01  6.282488E-01
  3.055000E+02  6.282129E-01  6.282129E-01
  3.065000E+02  6.281770E-01  6.281770E-01
  3.075000E+02  6.281411E-01  6.281411E-01
  3.085000E+02  6.281053E-01  6.281053E-01
  3.095000E+02  6.280695E-01  6.280695E-01
  3.105000E+02  6.280337E-01  6.280337E-01
  3.115000E+02  6.279980E-01  6.279980E-01
  3.125000E+02  6.279624E-01  6.279624E-01
  3.135000E+02  6.279267E-01  6.279267E-01
  3.145000E+02  6.278911E-01  6.278911E-01
  3.155000E+02  6.278556E-01  6.278556E-01
  3.165000E+02  6.278200E-01  6.278200E-01
  3.175000E+02  6.277845E-01  6.277845E-01
  3.185000E+02  6.277491E-01  6.277491E-01
  3.195000E+02  6.277137E-01  6.277137E-01
  3.205000E+02  6.276783E-01  6.276783E-01
  3.215000E+02  6.276430E-01  6.276430E-01
  3.225000E+02  6.276077E-01  6.276077E-01
  3.235000E+02  6.275724E-01  6.275724E-01
  3.245000E+02  6.275372E-01  6.275372E-01
  3.255000E+02  6.275020E-01  6.275020E-01
  3.265000E+02  6.274668E-01  6.274668E-01
  3.275000E+02  6.274317E-01  6.274317E-01
  3.285000E+02  6.273966E-01  6.273966E-01
  3.295000E+02  6.273616E-01  6.273616E-01
  3.305000E+02  6.273266E-01  6.273266E-01
  3.315000E+02  6.272916E-01  6.272916E-01
  3.325000E+02  6.272567E-01  6.272567E-01
  3.335000E+02  6.272217E-01  6.272217E-01
  3.345000E+02  6.271869E-01  6.271869E-01
  3.355000E+02  6.271521E-01  6.271521E-01
  3.365000E+02  6.271173E-01  6.271173E-01
  3.375000E+02  6.270825E-01  6.270825E-01
  3.385000E+02  6.270478E-01  6.270478E-01
  3.395000E+02  6.270131E-01  6.270131E-01
  3.405000E+02  6.269785E-01  6.269785E-01
  3.415000E+02  6.269438E-01  6.269438E-01
  3.425000E+02  6.269093E-01  6.269093E-01
  3.435000E+02  6.268747E-01  6.268747E-01
  3.445000E+02  6.268402E-01  6.268402E-01
  3.455000E+02  6.268057E-01  6.268057E-01
  3.465000E+02  6.267713E-01  6.267713E-01
  3.475000E+02  6.267369E-01  6.267369E-01
  3.485000E+02  6.267025E-01  6.267025E-01
  3.495000E+02  6.266682E-01  6.266682E-01
  3.505000E+02  6.266339E-01  6.266339E-01
  3.515000E+02  6.265997E-01  6.265997E-01
  3.525000E+02  6.265652E-01  6.265652E-01
  3.535000E+02  6.265319E-01  6.265319E-01
  3.545000E+02  6.264949E-01  6.264949E-01
  3.555000E+02  6.264701E-01  6.264701E-01
  3.565000E+02  6.264060E-01  6.264060E-01
  3.575000E+02  6.264689E-01  6.264689E-01
  3.585000E+02  6.261223E-01  6.261223E-01
  3.595000E+02  6.270951E-01  6.270951E-01
  3.605000E+02  6.238208E-01  6.238208E-01
  3.615000E+02  6.342079E-01  6.342079E-01
  3.625000E+02  6.006850E-01  6.006850E-01
  3.635000E+02  7.081921E-01  7.081921E-01
  3.645000E+02  8.155895E-01  8.155895E-01
  3.655000E+02  9.228772E-01  9.228772E-01
  3.665000E+02  1.030056E+00  1.030056E+00
  3.675000E+02  1.137124E+00  1.137124E+00
  3.685000E+02  1.244084E+00  1.244084E+00
  3.695000E+02  1.350935E+00  1.350935E+00
  3.705000E+02  1.457677E+00  1.457677E+00
  3.715000E+02  1.564311E+00  1.564311E+00
  3.725000E+02  1.670836E+00  1.670836E+00
  3.735000E+02  1.777253E+00  1.777253E+00
  3.745000E+02  1.883561E+00  1.883561E+00
  3.755000E+02  1.989762E+00  1.989762E+00
  3.765000E+02  2.095855E+00  2.095855E+00
  3.775000E+02  2.201840E+00  2.201840E+00
  3.785000E+02  2.307718E+00  2.307718E+00
  3.795000E+02  2.413488E+00  2.413488E+00
  3.805000E+02  2.519151E+00  2.519151E+00
  3.815000E+02  2.624708E+00  2.624708E+00
  3.825000E+02  2.730157E+00  2.730157E+00
  3.835000E+02  2.835500E+00  2.835500E+00
  3.845000E+02  2.940736E+00  2.940736E+00
  3.855000E+02  3.045866E+00  3.045866E+00
  3.865000E+02  3.150890E+00  3.150890E+00
  3.875000E+02  3.255808E+00  3.255808E+00
  3.885000E+02  3.360620E+00  3.360620E+00
  3.895000E+02  3.465326E+00  3.465326E+00
  3.905000E+02  3.569927E+00  3.569927E+00
  3.915000E+02  3.674422E+00  3.674422E+00
  3.925000E+02  3.778812E+00  3.778812E+00
  3.935000E+02  3.883097E+00  3.883097E+00
  3.945000E+02  3.987277E+00  3.987277E+00
  3.955000E+02  4.091353E+00  4.091353E+00
  3.965000E+02  4.195324E+00  4.195324E+00
  3.975000E+02  4.299190E+00  4.299190E+00
  3.985000E+02  4.402952E+00  4.402952E+00
  3.995000E+02  4.506610E+00  4.506610E+00
  4.005000E+02  4.610164E+00  4.610164E+00
  4.015000E+02  4.713615E+00  4.713615E+00
  4.025000E+02  4.816961E+00  4.816961E+00
  4.035000E+02  4.920205E+00  4.920205E+00
  4.045000E+02  5.023344E+00  5.023344E+00
  4.055000E+02  5.126381E+00  5.126381E+00
  4.065000E+02  5.229315E+00  5.229315E+00
  4.075000E+02  5.332146E+00  5.332146E+00
  4.085000E+02  5.434874E+00  5.434874E+00
  4.095000E+02  5.537499E+00  5.537499E+00
  4.105000E+02  5.640022E+00  5.640022E+00
  4.115000E+02  5.742443E+00  5.742443E+00
  4.125000E+02  5.844762E+00  5.844762E+00
  4.135000E+02  5.946979E+00  5.946979E+00
  4.145000E+02  6.049094E+00  6.049094E+00
  4.155000E+02  6.151107E+00  6.151107E+00
  4.165000E+02  6.253019E+00  6.253019E+00
  4.175000E+02  6.354830E+00  6.354830E+00
  4.185000E+02  6.456539E+00  6.456539E+00
  4.195000E+02  6.558147E+00  6.558147E+00
  4.205000E+02  6.659655E+00  6.659655E+00
  4.215000E+02  6.761061E+00  6.761061E+00
  4.225000E+02  6.862367E+00  6.862367E+00
  4.235000E+02  6.963573E+00  6.963573E+00
  4.245000E+02  7.064679E+00  7.064679E+00
  4.255000E+02  7.165684E+00  7.165684E+00
  4.265000E+02  7.266589E+00  7.266589E+00
  4.275000E+02  7.367394E+00  7.367394E+00
  4.285000E+02  7.468100E+00  7.468100E+00
  4.295000E+02  7.568706E+00  7.568706E+00
  4.305000E+02  7.669213E+00  7.669213E+00
  4.315000E+02  7.769621E+00  7.769621E+00
  4.325000E+02  7.869929E+00  7.869929E+00
  4.335000E+02  7.970139E+00  7.970139E+00
  4.345000E+02  8.070249E+00  8.070249E+00
  4.355000E+02  8.170261E+00  8.170261E+00
  4.365000E+02  8.270175E+00  8.270175E+00
  4.375000E+02  8.369990E+00  8.369990E+00
  4.385000E+02  8.469707E+00  8.469707E+00
  4.395000E+02  8.569326E+00  8.569326E+00
  4.405000E+02  8.668846E+00  8.668846E+00
  4.415000E+02  8.768269E+00  8.768269E+00
  4.425000E+02  8.867595E+00  8.867595E+00
  4.435000E+02  8.966823E+00  8.966823E+00
  4.445000E+02  9.065953E+00  9.065953E+00
  4.455000E+02  9.164987E+00  9.164987E+00
  4.465000E+02  9.263923E+00  9.263923E+00
  4.475000E+02  9.362762E+00  9.362762E+00
  4.485000E+02  9.461505E+00  9.461505E+00
  4.495000E+02  9.560151E+00  9.560151E+00
  4.505000E+02  9.658700E+00  9.658700E+00
  4.515000E+02  9.757153E+00  9.757153E+00
  4.525000E+02  9.855510E+00  9.855510E+00
  4.535000E+02  9.953770E+00  9.953770E+00
  4.545000E+02  1.005194E+01  1.005194E+01
  4.555000E+02  1.015000E+01  1.015000E+01
  4.565000E+02  1.024798E+01  1.024798E+01
  4.575000E+02  1.034586E+01  1.034586E+01
  4.585000E+02  1.044364E+01  1.044364E+01
  4.595000E+02  1.054132E+01  1.054132E+01
  4.605000E+02  1.063892E+01  1.063892E+01
  4.615000E+02  1.073641E+01  1.073641E+01
  4.625000E+02  1.083382E+01  1.083382E+01
  4.635000E+02  1.093112E+01  1.093112E+01
  4.645000E+02  1.102834E+01  1.102834E+01
  4.655000E+02  1.112545E+01  1.112545E+01
  4.665000E+02  1.122248E+01  1.122248E+01
  4.675000E+02  1.131941E+01  1.131941E+01
  4.685000E+02  1.141625E+01  1.141625E+01
  4.695000E+02  1.151299E+01  1.151299E+01
  4.705000E+02  1.160964E+01  1.160964E+01
  4.715000E+02  1.170619E+01  1.170619E+01
  4.725000E+02  1.180265E+01  1.180265E+01
  4.735000E+02  1.189902E+01  1.189902E+01
  4.745000E+02  1.199529E+01  1.199529E+01
  4.755000E+02  1.209149E+01  1.209149E+01
  4.765000E+02  1.218753E+01  1.218753E+01
  4.775000E+02  1.228368E+01  1.228368E+01
  4.785000E+02  1.237912E+01  1.237912E+01
  4.795000E+02  1.247632E+01  1.247632E+01
  4.805000E+02  1.256792E+01  1.256792E+01
  4.815000E+02  1.267574E+01  1.267574E+01
  4.825000E+02  1.273518E+01  1.273518E+01
  4.835000E+02  1.293741E+01  1.293741E+01
  4.845000E+02  1.265967E+01  1.265967E+01
  4.855000E+02  1.240956E+01  1.240956E+01
  4.865000E+02  1.216952E+01  1.216952E+01
  4.875000E+02  1.193894E+01  1.193894E+01
  4.885000E+02  1.171729E+01  1.171729E+01
  4.895000E+02  1.150407E+01  1.150407E+01
  4.905000E+02  1.129879E+01  1.129879E+01
  4.915000E+02  1.110103E+01  1.110103E+01
  4.925000E+02  1.091038E+01  1.091038E+01
  4.935000E+02  1.072648E+01  1.072648E+01
  4.945000E+02  1.054896E+01  1.054896E+01
  4.955000E+02  1.037750E+01  1.037750E+01
  4.965000E+02  1.021181E+01  1.021181E+01
  4.975000E+02  1.005159E+01  1.005159E+01
  4.985000E+02  9.896581E+00  9.896581E+00
  4.995000E+02  9.746533E+00  9.746533E+00
  5.005000E+02  9.601211E+00  9.601211E+00
  5.015000E+02  9.460397E+00  9.460397E+00
  5.025000E+02  9.323886E+00  9.323886E+00
  5.035000E+02  9.191483E+00  9.191483E+00
  5.045000E+02  9.063008E+00  9.063008E+00
  5.055000E+02  8.938287E+00  8.938287E+00
  5.065000E+02  8.817160E+00  8.817160E+00
  5.075000E+02  8.699474E+00  8.699474E+00
  5.085000E+02  8.585084E+00  8.585084E+00
  5.095000E+02  8.473856E+00  8.473856E+00
  5.105000E+02  8.365659E+00  8.365659E+00
  5.115000E+02  8.260371E+00  8.260371E+00
  5.125000E+02  8.157879E+00  8.157879E+00
  5.135000E+02  8.058070E+00  8.058070E+00
  5.145000E+02  7.960846E+00  7.960846E+00
  5.155000E+02  7.866095E+00  7.866095E+00
  5.165000E+02  7.773756E+00  7.773756E+00
  5.175000E+02  7.683660E+00  7.683660E+00
  5.185000E+02  7.595915E+00  7.595915E+00
  5.195000E+02  7.509982E+00  7.509982E+00
  5.205000E+02  7.426868E+00  7.426868E+00
  5.215000E+02  7.343964E+00  7.343964E+00
  5.225000E+02  7.267065E+00  7.267065E+00
  5.235000E+02  7.182699E+00  7.182699E+00
  5.245000E+02  7.121112E+00  7.121112E+00
  5.255000E+02  7.014425E+00  7.014425E+00
  5.265000E+02  7.012552E+00  7.012552E+00
  5.275000E+02  7.010780E+00  7.010780E+00
  5.285000E+02  7.009009E+00  7.009009E+00
  5.295000E+02  7.007238E+00  7.007238E+00
  5.305000E+02  7.005469E+00  7.005469E+00
  5.315000E+02  7.003700E+00  7.003700E+00
  5.325000E+02  7.001933E+00  7.001933E+00
  5.335000E+02  7.000166E+00  7.000166E+00
  5.345000E+02  6.998401E+00  6.998401E+00
  5.355000E+02  6.996636E+00  6.996636E+00
  5.365000E+02  6.994872E+00  6.994872E+00
  5.375000E+02  6.993110E+00  6.993110E+00
  5.385000E+02  6.991348E+00  6.991348E+00
  5.395000E+02  6.989587E+00  6.989587E+00
  5.405000E+02  6.987828E+00  6.987828E+00
  5.415000E+02  6.986069E+00  6.986069E+00
  5.425000E+02  6.984311E+00  6.984311E+00
  5.435000E+02  6.982554E+00  6.982554E+00
  5.445000E+02  6.980798E+00  6.980798E+00
  5.455000E+02  6.979043E+00  6.979043E+00
  5.465000E+02  6.977289E+00  6.977289E+00
  5.475000E+02  6.975536E+00  6.975536E+00
  5.485000E+02  6.973784E+00  6.973784E+00
  5.495000E+02  6.972033E+00  6.972033E+00
  5.505000E+02  6.970283E+00  6.970283E+00
  5.515000E+02  6.968534E+00  6.968534E+00
  5.525000E+02  6.966785E+00  6.966785E+00
  5.535000E+02  6.965038E+00  6.965038E+00
  5.545000E+02  6.963292E+00  6.963292E+00
  5.555000E+02  6.961546E+00  6.961546E+00
  5.565000E+02  6.959802E+00  6.959802E+00
  5.575000E+02  6.958058E+00  6.958058E+00
  5.585000E+02  6.956316E+00  6.956316E+00
  5.595000E+02  6.954574E+00  6.954574E+00
  5.605000E+02  6.952834E+00  6.952834E+00
  5.615000E+02  6.951094E+00  6.951094E+00
  5.625000E+02  6.949355E+00  6.949355E+00
  5.635000E+02  6.947617E+00  6.947617E+00
  5.645000E+02  6.945881E+00  6.945881E+00
  5.655000E+02  6.944145E+00  6.944145E+00
  5.665000E+02  6.942410E+00  6.942410E+00
  5.675000E+02  6.940676E+00  6.940676E+00
  5.685000E+02  6.938943E+00  6.938943E+00
  5.695000E+02  6.937210E+00  6.937210E+00
  5.705000E+02  6.935479E+00  6.935479E+00
  5.715000E+02  6.933749E+00  6.933749E+00
  5.725000E+02  6.932020E+00  6.932020E+00
  5.735000E+02  6.930291E+00  6.930291E+00
  5.745000E+02  6.928564E+00  6.928564E+00
  5.755000E+02  6.926837E+00  6.926837E+00
  5.765000E+02  6.925112E+00  6.925112E+00
  5.775000E+02  6.923387E+00  6.923387E+00
  5.785000E+02  6.921663E+00  6.921663E+00
  5.795000E+02  6.919941E+00  6.919941E+00
  5.805000E+02  6.918219E+00  6.918219E+00
  5.815000E+02  6.916498E+00  6.916498E+00
  5.825000E+02  6.914778E+00  6.914778E+00
  5.835000E+02  6.913059E+00  6.913059E+00
  5.845000E+02  6.911341E+00  6.911341E+00
  5.855000E+02  6.909623E+00  6.909623E+00
  5.865000E+02  6.907907E+00  6.907907E+00
  5.875000E+02  6.906192E+00  6.906192E+00
  5.885000E+02  6.904477E+00  6.904477E+00
  5.895000E+02  6.902764E+00  6.902764E+00
  5.905000E+02  6.901051E+00  6.901051E+00
  5.915000E+02  6.899340E+00  6.899340E+00
  5.925000E+02  6.897629E+00  6.897629E+00
  5.935000E+02  6.895919E+00  6.895919E+00
  5.945000E+02  6.894210E+00  6.894210E+00
  5.955000E+02  6.892502E+00  6.892502E+00
  5.965000E+02  6.890795E+00  6.890795E+00
  5.975000E+02  6.889089E+00  6.889089E+00
  5.985000E+02  6.887384E+00  6.887384E+00
  5.995000E+02  6.885680E+00  6.885680E+00
  6.005000E+02  6.883976E+00  6.883976E+00
  6.015000E+02  6.882274E+00  6.882274E+00
  6.025000E+02  6.880572E+00  6.880572E+00
  6.035000E+02  6.878872E+00  6.878872E+00
  6.045000E+02  6.877172E+00  6.877172E+00
  6.055000E+02  6.875473E+00  6.875473E+00
  6.065000E+02  6.873776E+00  6.873776E+00
  6.075000E+02  6.872079E+00  6.872079E+00
  6.085000E+02  6.870383E+00  6.870383E+00
  6.095000E+02  6.868687E+00  6.868687E+00
  6.105000E+02  6.866993E+00  6.866993E+00
  6.115000E+02  6.865300E+00  6.865300E+00
  6.125000E+02  6.863608E+00  6.863608E+00
  6.135000E+02  6.861916E+00  6.861916E+00
  6.145000E+02  6.860226E+00  6.860226E+00
  6.155000E+02  6.858536E+00  6.858536E+00
  6.165000E+02  6.856847E+00  6.856847E+00
  6.175000E+02  6.855159E+00  6.855159E+00
  6.185000E+02  6.853472E+00  6.853472E+00
  6.195000E+02  6.851786E+00  6.851786E+00
  6.205000E+02  6.850101E+00  6.850101E+00
  6.215000E+02  6.848417E+00  6.848417E+00
  6.225000E+02  6.846733E+00  6.846733E+00
  6.235000E+02  6.845051E+00  6.845051E+00
  6.245000E+02  6.843369E+00  6.843369E+00
  6.255000E+02  6.841689E+00  6.841689E+00
  6.265000E+02  6.840009E+00  6.840009E+00
  6.275000E+02  6.838330E+00  6.838330E+00
  6.285000E+02  6.836652E+00  6.836652E+00
  6.295000E+02  6.834975E+00  6.834975E+00
  6.305000E+02  6.833299E+00  6.833299E+00
  6.315000E+02  6.831624E+00  6.831624E+00
  6.325000E+02  6.829949E+00  6.829949E+00
  6.335000E+02  6.828276E+00  6.828276E+00
  6.345000E+02  6.826603E+00  6.826603E+00
  6.355000E+02  6.824932E+00  6.824932E+00
  6.365000E+02  6.823261E+00  6.823261E+00
  6.375000E+02  6.821591E+00  6.821591E+00
  6.385000E+02  6.819922E+00  6.819922E+00
  6.395000E+02  6.818254E+00  6.818254E+00
  6.405000E+02  6.816587E+00  6.816587E+00
  6.415000E+02  6.814920E+00  6.814920E+00
  6.425000E+02  6.813255E+00  6.813255E+00
  6.435000E+02  6.811590E+00  6.811590E+00
  6.445000E+02  6.809927E+00  6.809927E+00
  6.455000E+02  6.808264E+00  6.808264E+00
  6.465000E+02  6.806602E+00  6.806602E+00
  6.475000E+02  6.804941E+00  6.804941E+00
  6.485000E+02  6.803281E+00  6.803281E+00
  6.495000E+02  6.801621E+00  6.801621E+00
  6.505000E+02  6.799963E+00  6.799963E+00
  6.515000E+02  6.798305E+00  6.798305E+00
  6.525000E+02  6.796649E+00  6.796649E+00
  6.535000E+02  6.794993E+00  6.794993E+00
  6.545000E+02  6.793338E+00  6.793338E+00
  6.555000E+02  6.791684E+00  6.791684E+00
  6.565000E+02  6.790031E+00  6.790031E+00
  6.575000E+02  6.788379E+00  6.788379E+00
  6.585000E+02  6.786727E+00  6.786727E+00
  6.595000E+02  6.785077E+00  6.785077E+00
  6.605000E+02  6.783427E+00  6.783427E+00
  6.615000E+02  6.781779E+00  6.781779E+00
  6.625000E+02  6.780131E+00  6.780131E+00
  6.635000E+02  6.778484E+00  6.778484E+00
  6.645000E+02  6.776838E+00  6.776838E+00
  6.655000E+02  6.775192E+00  6.775192E+00
  6.665000E+02  6.773548E+00  6.773548E+00
  6.675000E+02  6.771905E+00  6.771905E+00
  6.685000E+02  6.770262E+00  6.770262E+00
  6.695000E+02  6.768620E+00  6.768620E+00
  6.705000E+02  6.766979E+00  6.766979E+00
  6.715000E+02  6.765339E+00  6.765339E+00
  6.725000E+02  6.763700E+00  6.763700E+00
  6.735000E+02  6.762062E+00  6.762062E+00
  6.745000E+02  6.760424E+00  6.760424E+00
  6.755000E+02  6.758788E+00  6.758788E+00
  6.765000E+02  6.757152E+00  6.757152E+00
  6.775000E+02  6.755517E+00  6.755517E+00
  6.785000E+02  6.753883E+00  6.753883E+00
  6.795000E+02  6.752250E+00  6.752250E+00
  6.805000E+02  6.750618E+00  6.750618E+00
  6.815000E+02  6.748986E+00  6.748986E+00
  6.825000E+02  6.747356E+00  6.747356E+00
  6.835000E+02  6.745726E+00  6.745726E+00
  6.845000E+02  6.744097E+00  6.744097E+00
  6.855000E+02  6.742469E+00  6.742469E+00
  6.865000E+02  6.740842E+00  6.740842E+00
  6.875000E+02  6.739216E+00  6.739216E+00
  6.885000E+02  6.737591E+00  6.737591E+00
  6.895000E+02  6.735966E+00  6.735966E+00
  6.905000E+02  6.734342E+00  6.734342E+00
  6.915000E+02  6.732720E+00  6.732720E+00
  6.925000E+02  6.731098E+00  6.731098E+00
  6.935000E+02  6.729476E+00  6.729476E+00
  6.945000E+02  6.727856E+00  6.727856E+00
  6.955000E+02  6.726237E+00  6.726237E+00
  6.965000E+02  6.724618E+00  6.724618E+00
  6.975000E+02  6.723000E+00  6.723000E+00
  6.985000E+02  6.721384E+00  6.721384E+00
  6.995000E+02  6.719767E+00  6.719767E+00
  7.005000E+02  6.718152E+00  6.718152E+00
  7.015000E+02  6.716538E+00  6.716538E+00
  7.025000E+02  6.714924E+00  6.714924E+00
  7.035000E+02  6.713312E+00  6.713312E+00
  7.045000E+02  6.711700E+00  6.711700E+00
  7.055000E+02  6.710089E+00  6.710089E+00
  7.065000E+02  6.708479E+00  6.708479E+00
  7.075000E+02  6.706870E+00  6.706870E+00
  7.085000E+02  6.705261E+00  6.705261E+00
  7.095000E+02  6.703654E+00  6.703654E+00
  7.105000E+02  6.702047E+00  6.702047E+00
  7.115000E+02  6.700441E+00  6.700441E+00
  7.125000E+02  6.698836E+00  6.698836E+00
  7.135000E+02  6.697232E+00  6.697232E+00
  7.145000E+02  6.695628E+00  6.695628E+00
  7.155000E+02  6.694026E+00  6.694026E+00
  7.165000E+02  6.692424E+00  6.692424E+00
  7.175000E+02  6.690823E+00  6.690823E+00
  7.185000E+02  6.689223E+00  6.689223E+00
  7.195000E+02  6.687624E+00  6.687624E+00
  7.205000E+02  6.686026E+00  6.686026E+00
  7.215000E+02  6.684428E+00  6.684428E+00
  7.225000E+02  6.682831E+00  6.682831E+00
  7.235000E+02  6.681235E+00  6.681235E+00
  7.245000E+02  6.679640E+00  6.679640E+00
  7.255000E+02  6.678046E+00  6.678046E+00
  7.265000E+02  6.676453E+00  6.676453E+00
  7.275000E+02  6.674860E+00  6.674860E+00
  7.285000E+02  6.673268E+00  6.673268E+00
  7.295000E+02  6.671678E+00  6.671678E+00
  7.305000E+02  6.670087E+00  6.670087E+00
  7.315000E+02  6.668498E+00  6.668498E+00
  7.325000E+02  6.666910E+00  6.666910E+00
  7.335000E+02  6.665322E+00  6.665322E+00
  7.345000E+02  6.663735E+00  6.663735E+00
  7.355000E+02  6.662150E+00  6.662150E+00
  7.365000E+02  6.660564E+00  6.660564E+00
  7.375000E+02  6.658980E+00  6.658980E+00
  7.385000E+02  6.657397E+00  6.657397E+00
  7.395000E+02  6.655814E+00  6.655814E+00
  7.405000E+02  6.654232E+00  6.654232E+00
  7.415000E+02  6.652651E+00  6.652651E+00
  7.425000E+02  6.651071E+00  6.651071E+00
  7.435000E+02  6.649492E+00  6.649492E+00
  7.445000E+02  6.647913E+00  6.647913E+00
  7.455000E+02  6.646335E+00  6.646335E+00
  7.465000E+02  6.644758E+00  6.644758E+00
  7.475000E+02  6.643182E+00  6.643182E+00
  7.485000E+02  6.641607E+00  6.641607E+00
  7.495000E+02  6.640033E+00  6.640033E+00
  7.505000E+02  6.638459E+00  6.638459E+00
  7.515000E+02  6.636886E+00  6.636886E+00
  7.525000E+02  6.635314E+00  6.635314E+00
  7.535000E+02  6.633743E+00  6.633743E+00
  7.545000E+02  6.632172E+00  6.632172E+00
  7.555000E+02  6.630603E+00  6.630603E+00
  7.565000E+02  6.629034E+00  6.629034E+00
  7.575000E+02  6.627466E+00  6.627466E+00
  7.585000E+02  6.625899E+00  6.625899E+00
  7.595000E+02  6.624333E+00  6.624333E+00
  7.605000E+02  6.622767E+00  6.622767E+00
  7.615000E+02  6.621202E+00  6.621202E+00
  7.625000E+02  6.619638E+00  6.619638E+00
  7.635000E+02  6.618075E+00  6.618075E+00
  7.645000E+02  6.616513E+00  6.616513E+00
  7.655000E+02  6.614952E+00  6.614952E+00
  7.665000E+02  6.613391E+00  6.613391E+00
  7.675000E+02  6.611831E+00  6.611831E+00
  7.685000E+02  6.610272E+00  6.610272E+00
  7.695000E+02  6.608714E+00  6.608714E+00
  7.705000E+02  6.607156E+00  6.607156E+00
  7.715000E+02  6.605599E+00  6.605599E+00
  7.725000E+02  6.604044E+00  6.604044E+00
  7.735000E+02  6.602488E+00  6.602488E+00
  7.745000E+02  6.600934E+00  6.600934E+00
  7.755000E+02  6.599381E+00  6.599381E+00
  7.765000E+02  6.597828E+00  6.597828E+00
  7.775000E+02  6.596276E+00  6.596276E+00
  7.785000E+02  6.594725E+00  6.594725E+00
  7.795000E+02  6.593175E+00  6.593175E+00
  7.805000E+02  6.591625E+00  6.591625E+00
  7.815000E+02  6.590077E+00  6.590077E+00
  7.825000E+02  6.588529E+00  6.588529E+00
  7.835000E+02  6.586982E+00  6.586982E+00
  7.845000E+02  6.585435E+00  6.585435E+00
  7.855000E+02  6.583890E+00  6.583890E+00
  7.865000E+02  6.582345E+00  6.582345E+00
  7.875000E+02  6.580801E+00  6.580801E+00
  7.885000E+02  6.579258E+00  6.579258E+00
  7.895000E+02  6.577716E+00  6.577716E+00
  7.905000E+02  6.576174E+00  6.576174E+00
  7.915000E+02  6.574633E+00  6.574633E+00
  7.925000E+02  6.573093E+00  6.573093E+00
  7.935000E+02  6.571554E+00  6.571554E+00
  7.945000E+02  6.570016E+00  6.570016E+00
  7.955000E+02  6.568478E+00  6.568478E+00
  7.965000E+02  6.566941E+00  6.566941E+00
  7.975000E+02  6.565405E+00  6.565405E+00
  7.985000E+02  6.563870E+00  6.563870E+00
  7.995000E+02  6.562335E+00  6.562335E+00
  8.005000E+02  6.560802E+00  6.560802E+00
  8.015000E+02  6.559269E+00  6.559269E+00
  8.025000E+02  6.557737E+00  6.557737E+00
  8.035000E+02  6.556205E+00  6.556205E+00
  8.045000E+02  6.554675E+00  6.554675E+00
  8.055000E+02  6.553145E+00  6.553145E+00
  8.065000E+02  6.551616E+00  6.551616E+00
  8.075000E+02  6.550088E+00  6.550088E+00
  8.085000E+02  6.548560E+00  6.548560E+00
  8.095000E+02  6.547034E+00  6.547034E+00
  8.105000E+02  6.545508E+00  6.545508E+00
  8.115000E+02  6.543983E+00  6.543983E+00
  8.125000E+02  6.542458E+00  6.542458E+00
  8.135000E+02  6.540935E+00  6.540935E+00
  8.145000E+02  6.539412E+00  6.539412E+00
  8.155000E+02  6.537890E+00  6.537890E+00
  8.165000E+02  6.536369E+00  6.536369E+00
  8.175000E+02  6.534848E+00  6.534848E+00
  8.185000E+02  6.533329E+00  6.533329E+00
  8.195000E+02  6.531810E+00  6.531810E+00
  8.205000E+02  6.530292E+00  6.530292E+00
  8.215000E+02  6.528774E+00  6.528774E+00
  8.225000E+02  6.527258E+00  6.527258E+00
  8.235000E+02  6.525742E+00  6.525742E+00
  8.245000E+02  6.524227E+00  6.524227E+00
  8.255000E+02  6.522712E+00  6.522712E+00
  8.265000E+02  6.521199E+00  6.521199E+00
  8.275000E+02  6.519686E+00  6.519686E+00
  8.285000E+02  6.518174E+00  6.518174E+00
  8.295000E+02  6.516663E+00  6.516663E+00
  8.305000E+02  6.515153E+00  6.515153E+00
  8.315000E+02  6.513643E+00  6.513643E+00
  8.325000E+02  6.512134E+00  6.512134E+00
  8.335000E+02  6.510626E+00  6.510626E+00
  8.345000E+02  6.509118E+00  6.509118E+00
  8.355000E+02  6.507612E+00  6.507612E+00
  8.365000E+02  6.506106E+00  6.506106E+00
  8.375000E+02  6.504601E+00  6.504601E+00
  8.385000E+02  6.503096E+00  6.503096E+00
  8.395000E+02  6.501593E+00  6.501593E+00
  8.405000E+02  6.500090E+00  6.500090E+00
  8.415000E+02  6.498588E+00  6.498588E+00
  8.425000E+02  6.497087E+00  6.497087E+00
  8.435000E+02  6.495586E+00  6.495586E+00
  8.445000E+02  6.494086E+00  6.494086E+00
  8.455000E+02  6.492587E+00  6.492587E+00
  8.465000E+02  6.491089E+00  6.491089E+00
  8.475000E+02  6.489592E+00  6.489592E+00
  8.485000E+02  6.488095E+00  6.488095E+00
  8.495000E+02  6.486599E+00  6.486599E+00
  8.505000E+02  6.485104E+00  6.485104E+00
  8.515000E+02  6.483609E+00  6.483609E+00
  8.525000E+02  6.482115E+00  6.482115E+00
  8.535000E+02  6.480622E+00  6.480622E+00
  8.545000E+02  6.479130E+00  6.479130E+00
  8.555000E+02  6.477639E+00  6.477639E+00
  8.565000E+02  6.476148E+00  6.476148E+00
  8.575000E+02  6.474658E+00  6.474658E+00
  8.585000E+02  6.473169E+00  6.473169E+00
  8.595000E+02  6.471680E+00  6.471680E+00
  8.605000E+02  6.470193E+00  6.470193E+00
  8.615000E+02  6.468706E+00  6.468706E+00
  8.625000E+02  6.467219E+00  6.467219E+00
  8.635000E+02  6.465734E+00  6.465734E+00
  8.645000E+02  6.464249E+00  6.464249E+00
  8.655000E+02  6.462765E+00  6.462765E+00
  8.665000E+02  6.461282E+00  6.461282E+00
  8.675000E+02  6.459799E+00  6.459799E+00
  8.685000E+02  6.458318E+00  6.458318E+00
  8.695000E+02  6.456837E+00  6.456837E+00
  8.705000E+02  6.455356E+00  6.455356E+00
  8.715000E+02  6.453877E+00  6.453877E+00
  8.725000E+02  6.452398E+00  6.452398E+00
  8.735000E+02  6.450920E+00  6.450920E+00
  8.745000E+02  6.449443E+00  6.449443E+00
  8.755000E+02  6.447966E+00  6.447966E+00
  8.765000E+02  6.446490E+00  6.446490E+00
  8.775000E+02  6.445015E+00  6.445015E+00
  8.785000E+02  6.443541E+00  6.443541E+00
  8.795000E+02  6.442067E+00  6.442067E+00
  8.805000E+02  6.440595E+00  6.440595E+00
  8.815000E+02  6.439122E+00  6.439122E+00
  8.825000E+02  6.437651E+00  6.437651E+00
  8.835000E+02  6.436180E+00  6.436180E+00
  8.845000E+02  6.434710E+00  6.434710E+00
  8.855000E+02  6.433241E+00  6.433241E+00
  8.865000E+02  6.431773E+00  6.431773E+00
  8.875000E+02  6.430305E+00  6.430305E+00
  8.885000E+02  6.428838E+00  6.428838E+00
  8.895000E+02  6.427372E+00  6.427372E+00
  8.905000E+02  6.425906E+00  6.425906E+00
  8.915000E+02  6.424442E+00  6.424442E+00
  8.925000E+02  6.422978E+00  6.422978E+00
  8.935000E+02  6.421514E+00  6.421514E+00
  8.945000E+02  6.420052E+00  6.420052E+00
  8.955000E+02  6.418590E+00  6.418590E+00
  8.965000E+02  6.417129E+00  6.417129E+00
  8.975000E+02  6.415668E+00  6.415668E+00
  8.985000E+02  6.414209E+00  6.414209E+00
  8.995000E+02  6.412750E+00  6.412750E+00
  9.005000E+02  6.411291E+00  6.411291E+00
  9.015000E+02  6.409834E+00  6.409834E+00
  9.025000E+02  6.408377E+00  6.408377E+00
  9.035000E+02  6.406921E+00  6.406921E+00
  9.045000E+02  6.405466E+00  6.405466E+00
  9.055000E+02  6.404011E+00  6.404011E+00
  9.065000E+02  6.402557E+00  6.402557E+00
  9.075000E+02  6.401104E+00  6.401104E+00
  9.085000E+02  6.399652E+00  6.399652E+00
  9.095000E+02  6.398200E+00  6.398200E+00
  9.105000E+02  6.396749E+00  6.396749E+00
  9.115000E+02  6.395299E+00  6.395299E+00
  9.125000E+02  6.393849E+00  6.393849E+00
  9.135000E+02  6.392401E+00  6.392401E+00
  9.145000E+02  6.390952E+00  6.390952E+00
  9.155000E+02  6.389505E+00  6.389505E+00
  9.165000E+02  6.388058E+00  6.388058E+00
  9.175000E+02  6.386612E+00  6.386612E+00
  9.185000E+02  6.385167E+00  6.385167E+00
  9.195000E+02  6.383723E+00  6.383723E+00
  9.205000E+02  6.382279E+00  6.382279E+00
  9.215000E+02  6.380836E+00  6.380836E+00
  9.225000E+02  6.379393E+00  6.379393E+00
  9.235000E+02  6.377952E+00  6.377952E+00
  9.245000E+02  6.376511E+00  6.376511E+00
  9.255000E+02  6.375071E+00  6.375071E+00
  9.265000E+02  6.373631E+00  6.373631E+00
  9.275000E+02  6.372192E+00  6.372192E+00
  9.285000E+02  6.370754E+00  6.370754E+00
  9.295000E+02  6.369317E+00  6.369317E+00
  9.305000E+02  6.367880E+00  6.367880E+00
  9.315000E+02  6.366444E+00  6.366444E+00
  9.325000E+02  6.365009E+00  6.365009E+00
  9.335000E+02  6.363575E+00  6.363575E+00
  9.345000E+02  6.362141E+00  6.362141E+00
  9.355000E+02  6.360708E+00  6.360708E+00
  9.365000E+02  6.359275E+00  6.359275E+00
  9.375000E+02  6.357844E+00  6.357844E+00
  9.385000E+02  6.356412E+00  6.356412E+00
  9.395000E+02  6.354982E+00  6.354982E+00
  9.405000E+02  6.353553E+00  6.353553E+00
  9.415000E+02  6.352124E+00  6.352124E+00
  9.425000E+02  6.350695E+00  6.350695E+00
  9.435000E+02  6.349270E+00  6.349270E+00
  9.445000E+02  6.347837E+00  6.347837E+00
  9.455000E+02  6.346427E+00  6.346427E+00
  9.465000E+02  6.344957E+00  6.344957E+00
  9.475000E+02  6.343658E+00  6.343658E+00
  9.485000E+02  6.342052E+00  6.342052E+00
  9.495000E+02  6.340380E+00  6.340380E+00
  9.505000E+02  6.338709E+00  6.338709E+00
  9.515000E+02  6.337039E+00  6.337039E+00
  9.525000E+02  6.335370E+00  6.335370E+00
  9.535000E+02  6.333702E+00  6.333702E+00
  9.545000E+02  6.332035E+00  6.332035E+00
  9.555000E+02  6.330369E+00  6.330369E+00
  9.565000E+02  6.328704E+00  6.328704E+00
  9.575000E+02  6.327040E+00  6.327040E+00
  9.585000E+02  6.325376E+00  6.325376E+00
  9.595000E+02  6.323714E+00  6.323714E+00
  9.605000E+02  6.322053E+00  6.322053E+00
  9.615000E+02  6.320393E+00  6.320393E+00
  9.625000E+02  6.318733E+00  6.318733E+00
  9.635000E+02  6.317075E+00  6.317075E+00
  9.645000E+02  6.315417E+00  6.315417E+00
  9.655000E+02  6.313761E+00  6.313761E+00
  9.665000E+02  6.312105E+00  6.312105E+00
  9.675000E+02  6.310451E+00  6.310451E+00
  9.685000E+02  6.308797E+00  6.308797E+00
  9.695000E+02  6.307144E+00  6.307144E+00
  9.705000E+02  6.305493E+00  6.305493E+00
  9.715000E+02  6.303842E+00  6.303842E+00
  9.725000E+02  6.302192E+00  6.302192E+00
  9.735000E+02  6.300543E+00  6.300543E+00
  9.745000E+02  6.298895E+00  6.298895E+00
  9.755000E+02  6.297248E+00  6.297248E+00
  9.765000E+02  6.295602E+00  6.295602E+00
  9.775000E+02  6.293957E+00  6.293957E+00
  9.785000E+02  6.292313E+00  6.292313E+00
  9.795000E+02  6.290670E+00  6.290670E+00
  9.805000E+02  6.289027E+00  6.289027E+00
  9.815000E+02  6.287386E+00  6.287386E+00
  9.825000E+02  6.285746E+00  6.285746E+00
  9.835000E+02  6.284106E+00  6.284106E+00
  9.845000E+02  6.282468E+00  6.282468E+00
  9.855000E+02  6.280830E+00  6.280830E+00
  9.865000E+02  6.279193E+00  6.279193E+00
  9.875000E+02  6.277558E+00  6.277558E+00
  9.885000E+02  6.275923E+00  6.275923E+00
  9.895000E+02  6.274289E+00  6.274289E+00
  9.905000E+02  6.272656E+00  6.272656E+00
  9.915000E+02  6.271024E+00  6.271024E+00
  9.925000E+02  6.269393E+00  6.269393E+00
  9.935000E+02  6.267763E+00  6.267763E+00
  9.945000E+02  6.266134E+00  6.266134E+00
  9.955000E+02  6.264506E+00  6.264506E+00
  9.965000E+02  6.262878E+00  6.262878E+00
  9.975000E+02  6.261252E+00  6.261252E+00
  9.985000E+02  6.259626E+00  6.259626E+00
  9.995000E+02  6.258002E+00  6.258002E+00
  1.000500E+03  6.256378E+00  6.256378E+00
  1.001500E+03  6.254755E+00  6.254755E+00
  1.002500E+03  6.253134E+00  6.253134E+00
  1.003500E+03  6.251513E+00  6.251513E+00
  1.004500E+03  6.249893E+00  6.249893E+00
  1.005500E+03  6.248274E+00  6.248274E+00
  1.006500E+03  6.246656E+00  6.246656E+00
  1.007500E+03  6.245039E+00  6.245039E+00
  1.008500E+03  6.243422E+00  6.243422E+00
  1.009500E+03  6.241807E+00  6.241807E+00
  1.010500E+03  6.240193E+00  6.240193E+00
  1.011500E+03  6.238579E+00  6.238579E+00
  1.012500E+03  6.236967E+00  6.236967E+00
  1.013500E+03  6.235355E+00  6.235355E+00
  1.014500E+03  6.233744E+00  6.233744E+00
  1.015500E+03  6.232134E+00  6.232134E+00
  1.016500E+03  6.230526E+00  6.230526E+00
  1.017500E+03  6.228918E+00  6.228918E+00
  1.018500E+03  6.227310E+00  6.227310E+00
  1.019500E+03  6.225704E+00  6.225704E+00
  1.020500E+03  6.224099E+00  6.224099E+00
  1.021500E+03  6.222495E+00  6.222495E+00
  1.022500E+03  6.220891E+00  6.220891E+00
  1.023500E+03  6.219289E+00  6.219289E+00
  1.024500E+03  6.217687E+00  6.217687E+00
  1.025500E+03  6.216086E+00  6.216086E+00
  1.026500E+03  6.214486E+00  6.214486E+00
  1.027500E+03  6.212888E+00  6.212888E+00
  1.028500E+03  6.211290E+00  6.211290E+00
  1.029500E+03  6.209692E+00  6.209692E+00
  1.030500E+03  6.208096E+00  6.208096E+00
  1.031500E+03  6.206501E+00  6.206501E+00
  1.032500E+03  6.204906E+00  6.204906E+00
  1.033500E+03  6.203313E+00  6.203313E+00
  1.034500E+03  6.201720E+00  6.201720E+00
  1.035500E+03  6.200129E+00  6.200129E+00
  1.036500E+03  6.198538E+00  6.198538E+00
  1.037500E+03  6.196948E+00  6.196948E+00
  1.038500E+03  6.195359E+00  6.195359E+00
  1.039500E+03  6.193771E+00  6.193771E+00
  1.040500E+03  6.192184E+00  6.192184E+00
  1.041500E+03  6.190597E+00  6.190597E+00
  1.042500E+03  6.189012E+00  6.189012E+00
  1.043500E+03  6.187427E+00  6.187427E+00
  1.044500E+03  6.185844E+00  6.185844E+00
  1.045500E+03  6.184261E+00  6.184261E+00
  1.046500E+03  6.182679E+00  6.182679E+00
  1.047500E+03  6.181098E+00  6.181098E+00
  1.048500E+03  6.179518E+00  6.179518E+00
  1.049500E+03  6.177939E+00  6.177939E+00
  1.050500E+03  6.176360E+00  6.176360E+00
  1.051500E+03  6.174783E+00  6.174783E+00
  1.052500E+03  6.173206E+00  6.173206E+00
  1.053500E+03  6.171631E+00  6.171631E+00
  1.054500E+03  6.170056E+00  6.170056E+00
  1.055500E+03  6.168482E+00  6.168482E+00
  1.056500E+03  6.166909E+00  6.166909E+00
  1.057500E+03  6.165337E+00  6.165337E+00
  1.058500E+03  6.163766E+00  6.163766E+00
  1.059500E+03  6.162195E+00  6.162195E+00
  1.060500E+03  6.160626E+00  6.160626E+00
  1.061500E+03  6.159057E+00  6.159057E+00
  1.062500E+03  6.157489E+00  6.157489E+00
  1.063500E+03  6.155923E+00  6.155923E+00
  1.064500E+03  6.154357E+00  6.154357E+00
  1.065500E+03  6.152791E+00  6.152791E+00
  1.066500E+03  6.151227E+00  6.151227E+00
  1.067500E+03  6.149664E+00  6.149664E+00
  1.068500E+03  6.148101E+00  6.148101E+00
  1.069500E+03  6.146540E+00  6.146540E+00
  1.070500E+03  6.144979E+00  6.144979E+00
  1.071500E+03  6.143419E+00  6.143419E+00
  1.072500E+03  6.141860E+00  6.141860E+00
  1.073500E+03  6.140302E+00  6.140302E+00
  1.074500E+03  6.138745E+00  6.138745E+00
  1.075500E+03  6.137189E+00  6.137189E+00
  1.076500E+03  6.135633E+00  6.135633E+00
  1.077500E+03  6.134078E+00  6.134078E+00
  1.078500E+03  6.132525E+00  6.132525E+00
  1.079500E+03  6.130972E+00  6.130972E+00
  1.080500E+03  6.129420E+00  6.129420E+00
  1.081500E+03  6.127868E+00  6.127868E+00
  1.082500E+03  6.126318E+00  6.126318E+00
  1.083500E+03  6.124769E+00  6.124769E+00
  1.084500E+03  6.123220E+00  6.123220E+00
  1.085500E+03  6.121672E+00  6.121672E+00
  1.086500E+03  6.120125E+00  6.120125E+00
  1.087500E+03  6.118579E+00  6.118579E+00
  1.088500E+03  6.117034E+00  6.117034E+00
  1.089500E+03  6.115490E+00  6.115490E+00
  1.090500E+03  6.113947E+00  6.113947E+00
  1.091500E+03  6.112404E+00  6.112404E+00
  1.092500E+03  6.110862E+00  6.110862E+00
  1.093500E+03  6.109321E+00  6.109321E+00
  1.094500E+03  6.107781E+00  6.107781E+00
  1.095500E+03  6.106242E+00  6.106242E+00
  1.096500E+03  6.104704E+00  6.104704E+00
  1.097500E+03  6.103167E+00  6.103167E+00
  1.098500E+03  6.101630E+00  6.101630E+00
  1.099500E+03  6.100094E+00  6.100094E+00
  1.100500E+03  6.098559E+00  6.098559E+00
  1.101500E+03  6.097025E+00  6.097025E+00
  1.102500E+03  6.095492E+00  6.095492E+00
  1.103500E+03  6.093960E+00  6.093960E+00
  1.104500E+03  6.092428E+00  6.092428E+00
  1.105500E+03  6.090898E+00  6.090898E+00
  1.106500E+03  6.089368E+00  6.089368E+00
  1.107500E+03  6.087839E+00  6.087839E+00
  1.108500E+03  6.086311E+00  6.086311E+00
  1.109500E+03  6.084783E+00  6.084783E+00
  1.110500E+03  6.083257E+00  6.083257E+00
  1.111500E+03  6.081731E+00  6.081731E+00
  1.112500E+03  6.080207E+00  6.080207E+00
  1.113500E+03  6.078683E+00  6.078683E+00
  1.114500E+03  6.077160E+00  6.077160E+00
  1.115500E+03  6.075638E+00  6.075638E+00
  1.116500E+03  6.074116E+00  6.074116E+00
  1.117500E+03  6.072596E+00  6.072596E+00
  1.118500E+03  6.071076E+00  6.071076E+00
  1.119500E+03  6.069557E+00  6.069557E+00
  1.120500E+03  6.068039E+00  6.068039E+00
  1.121500E+03  6.066522E+00  6.066522E+00
  1.122500E+03  6.065006E+00  6.065006E+00
  1.123500E+03  6.063490E+00  6.063490E+00
  1.124500E+03  6.061975E+00  6.061975E+00
  1.125500E+03  6.060461E+00  6.060461E+00
  1.126500E+03  6.058948E+00  6.058948E+00
  1.127500E+03  6.057436E+00  6.057436E+00
  1.128500E+03  6.055925E+00  6.055925E+00
  1.129500E+03  6.054414E+00  6.054414E+00
  1.130500E+03  6.052905E+00  6.052905E+00
  1.131500E+03  6.051396E+00  6.051396E+00
  1.132500E+03  6.049888E+00  6.049888E+00
  1.133500E+03  6.048381E+00  6.048381E+00
  1.134500E+03  6.046874E+00  6.046874E+00
  1.135500E+03  6.045369E+00  6.045369E+00
  1.136500E+03  6.043864E+00  6.043864E+00
  1.137500E+03  6.042360E+00  6.042360E+00
  1.138500E+03  6.040857E+00  6.040857E+00
  1.139500E+03  6.039355E+00  6.039355E+00
  1.140500E+03  6.037853E+00  6.037853E+00
  1.141500E+03  6.036353E+00  6.036353E+00
  1.142500E+03  6.034853E+00  6.034853E+00
  1.143500E+03  6.033354E+00  6.033354E+00
  1.144500E+03  6.031856E+00  6.031856E+00
  1.145500E+03  6.030359E+00  6.030359E+00
  1.146500E+03  6.028862E+00  6.028862E+00
  1.147500E+03  6.027366E+00  6.027366E+00
  1.148500E+03  6.025871E+00  6.025871E+00
  1.149500E+03  6.024377E+00  6.024377E+00
  1.150500E+03  6.022884E+00  6.022884E+00
  1.151500E+03  6.021392E+00  6.021392E+00
  1.152500E+03  6.019900E+00  6.019900E+00
  1.153500E+03  6.018409E+00  6.018409E+00
  1.154500E+03  6.016919E+00  6.016919E+00
  1.155500E+03  6.015430E+00  6.015430E+00
  1.156500E+03  6.013942E+00  6.013942E+00
  1.157500E+03  6.012454E+00  6.012454E+00
  1.158500E+03  6.010968E+00  6.010968E+00
  1.159500E+03  6.009482E+00  6.009482E+00
  1.160500E+03  6.007997E+00  6.007997E+00
  1.161500E+03  6.006512E+00  6.006512E+00
  1.162500E+03  6.005029E+00  6.005029E+00
  1.163500E+03  6.003546E+00  6.003546E+00
  1.164500E+03  6.002064E+00  6.002064E+00
  1.165500E+03  6.000583E+00  6.000583E+00
  1.166500E+03  5.999103E+00  5.999103E+00
  1.167500E+03  5.997624E+00  5.997624E+00
  1.168500E+03  5.996145E+00  5.996145E+00
  1.169500E+03  5.994667E+00  5.994667E+00
  1.170500E+03  5.993190E+00  5.993190E+00
  1.171500E+03  5.991714E+00  5.991714E+00
  1.172500E+03  5.990238E+00  5.990238E+00
  1.173500E+03  5.988764E+00  5.988764E+00
  1.174500E+03  5.987290E+00  5.987290E+00
  1.175500E+03  5.985817E+00  5.985817E+00
  1.176500E+03  5.984345E+00  5.984345E+00
  1.177500E+03  5.982873E+00  5.982873E+00
  1.178500E+03  5.981402E+00  5.981402E+00
  1.179500E+03  5.979933E+00  5.979933E+00
  1.180500E+03  5.978464E+00  5.978464E+00
  1.181500E+03  5.976995E+00  5.976995E+00
  1.182500E+03  5.975528E+00  5.975528E+00
  1.183500E+03  5.974061E+00  5.974061E+00
  1.184500E+03  5.972595E+00  5.972595E+00
  1.185500E+03  5.971130E+00  5.971130E+00
  1.186500E+03  5.969666E+00  5.969666E+00
  1.187500E+03  5.968203E+00  5.968203E+00
  1.188500E+03  5.966740E+00  5.966740E+00
  1.189500E+03  5.965278E+00  5.965278E+00
  1.190500E+03  5.963817E+00  5.963817E+00
  1.191500E+03  5.962357E+00  5.962357E+00
  1.192500E+03  5.960897E+00  5.960897E+00
  1.193500E+03  5.959438E+00  5.959438E+00
  1.194500E+03  5.957980E+00  5.957980E+00
  1.195500E+03  5.956523E+00  5.956523E+00
  1.196500E+03  5.955067E+00  5.955067E+00
  1.197500E+03  5.953611E+00  5.953611E+00
  1.198500E+03  5.952156E+00  5.952156E+00
  1.199500E+03  5.950702E+00  5.950702E+00
  1.200500E+03  5.949249E+00  5.949249E+00
  1.201500E+03  5.947797E+00  5.947797E+00
  1.202500E+03  5.946345E+00  5.946345E+00
  1.203500E+03  5.944894E+00  5.944894E+00
  1.204500E+03  5.943444E+00  5.943444E+00
  1.205500E+03  5.941995E+00  5.941995E+00
  1.206500E+03  5.940546E+00  5.940546E+00
  1.207500E+03  5.939098E+00  5.939098E+00
  1.208500E+03  5.937651E+00  5.937651E+00
  1.209500E+03  5.936205E+00  5.936205E+00
  1.210500E+03  5.934760E+00  5.934760E+00
  1.211500E+03  5.933315E+00  5.933315E+00
  1.212500E+03  5.931871E+00  5.931871E+00
  1.213500E+03  5.930428E+00  5.930428E+00
  1.214500E+03  5.928986E+00  5.928986E+00
  1.215500E+03  5.927544E+00  5.927544E+00
  1.216500E+03  5.926103E+00  5.926103E+00
  1.217500E+03  5.924663E+00  5.924663E+00
  1.218500E+03  5.923224E+00  5.923224E+00
  1.219500E+03  5.921786E+00  5.921786E+00
  1.220500E+03  5.920348E+00  5.920348E+00
  1.221500E+03  5.918911E+00  5.918911E+00
  1.222500E+03  5.917475E+00  5.917475E+00
  1.223500E+03  5.916039E+00  5.916039E+00
  1.224500E+03  5.914605E+00  5.914605E+00
  1.225500E+03  5.913171E+00  5.913171E+00
  1.226500E+03  5.911738E+00  5.911738E+00
  1.227500E+03  5.910305E+00  5.910305E+00
  1.228500E+03  5.908874E+00  5.908874E+00
  1.229500E+03  5.907443E+00  5.907443E+00
  1.230500E+03  5.906013E+00  5.906013E+00
  1.231500E+03  5.904584E+00  5.904584E+00
  1.232500E+03  5.903155E+00  5.903155E+00
  1.233500E+03  5.901728E+00  5.901728E+00
  1.234500E+03  5.900301E+00  5.900301E+00
  1.235500E+03  5.898874E+00  5.898874E+00
  1.236500E+03  5.897449E+00  5.897449E+00
  1.237500E+03  5.896024E+00  5.896024E+00
  1.238500E+03  5.894600E+00  5.894600E+00
  1.239500E+03  5.893177E+00  5.893177E+00
  1.240500E+03  5.891755E+00  5.891755E+00
  1.241500E+03  5.890333E+00  5.890333E+00
  1.242500E+03  5.888912E+00  5.888912E+00
  1.243500E+03  5.887492E+00  5.887492E+00
  1.244500E+03  5.886073E+00  5.886073E+00
  1.245500E+03  5.884654E+00  5.884654E+00
  1.246500E+03  5.883236E+00  5.883236E+00
  1.247500E+03  5.881819E+00  5.881819E+00
  1.248500E+03  5.880403E+00  5.880403E+00
  1.249500E+03  5.878987E+00  5.878987E+00
  1.250500E+03  5.877573E+00  5.877573E+00
  1.251500E+03  5.876158E+00  5.876158E+00
  1.252500E+03  5.874745E+00  5.874745E+00
  1.253500E+03  5.873332E+00  5.873332E+00
  1.254500E+03  5.871921E+00  5.871921E+00
  1.255500E+03  5.870510E+00  5.870510E+00
  1.256500E+03  5.869099E+00  5.869099E+00
  1.257500E+03  5.867690E+00  5.867690E+00
  1.258500E+03  5.866281E+00  5.866281E+00
  1.259500E+03  5.864873E+00  5.864873E+00
  1.260500E+03  5.863465E+00  5.863465E+00
  1.261500E+03  5.862059E+00  5.862059E+00
  1.262500E+03  5.860653E+00  5.860653E+00
  1.263500E+03  5.859248E+00  5.859248E+00
  1.264500E+03  5.857843E+00  5.857843E+00
  1.265500E+03  5.856440E+00  5.856440E+00
  1.266500E+03  5.855037E+00  5.855037E+00
  1.267500E+03  5.853635E+00  5.853635E+00
  1.268500E+03  5.852233E+00  5.852233E+00
  1.269500E+03  5.850833E+00  5.850833E+00
  1.270500E+03  5.849433E+00  5.849433E+00
  1.271500E+03  5.848034E+00  5.848034E+00
  1.272500E+03  5.846635E+00  5.846635E+00
  1.273500E+03  5.845238E+00  5.845238E+00
  1.274500E+03  5.843841E+00  5.843841E+00
  1.275500E+03  5.842444E+00  5.842444E+00
  1.276500E+03  5.841049E+00  5.841049E+00
  1.277500E+03  5.839654E+00  5.839654E+00
  1.278500E+03  5.838260E+00  5.838260E+00
  1.279500E+03  5.836867E+00  5.836867E+00
  1.280500E+03  5.835474E+00  5.835474E+00
  1.281500E+03  5.834083E+00  5.834083E+00
  1.282500E+03  5.832692E+00  5.832692E+00
  1.283500E+03  5.831301E+00  5.831301E+00
  1.284500E+03  5.829912E+00  5.829912E+00
  1.285500E+03  5.828523E+00  5.828523E+00
  1.286500E+03  5.827135E+00  5.827135E+00
  1.287500E+03  5.825747E+00  5.825747E+00
  1.288500E+03  5.824361E+00  5.824361E+00
  1.289500E+03  5.822975E+00  5.822975E+00
  1.290500E+03  5.821590E+00  5.821590E+00
  1.291500E+03  5.820205E+00  5.820205E+00
  1.292500E+03  5.818821E+00  5.818821E+00
  1.293500E+03  5.817438E+00  5.817438E+00
  1.294500E+03  5.816056E+00  5.816056E+00
  1.295500E+03  5.814674E+00  5.814674E+00
  1.296500E+03  5.813294E+00  5.813294E+00
  1.297500E+03  5.811913E+00  5.811913E+00
  1.298500E+03  5.810534E+00  5.810534E+00
  1.299500E+03  5.809155E+00  5.809155E+00
  1.300500E+03  5.807777E+00  5.807777E+00
  1.301500E+03  5.806400E+00  5.806400E+00
  1.302500E+03  5.805024E+00  5.805024E+00
  1.303500E+03  5.803648E+00  5.803648E+00
  1.304500E+03  5.802273E+00  5.802273E+00
  1.305500E+03  5.800899E+00  5.800899E+00
  1.306500E+03  5.799525E+00  5.799525E+00
  1.307500E+03  5.798152E+00  5.798152E+00
  1.308500E+03  5.796780E+00  5.796780E+00
  1.309500E+03  5.795408E+00  5.795408E+00
  1.310500E+03  5.794038E+00  5.794038E+00
  1.311500E+03  5.792668E+00  5.792668E+00
  1.312500E+03  5.791298E+00  5.791298E+00
  1.313500E+03  5.789930E+00  5.789930E+00
  1.314500E+03  5.788562E+00  5.788562E+00
  1.315500E+03  5.787195E+00  5.787195E+00
  1.316500E+03  5.785828E+00  5.785828E+00
  1.317500E+03  5.784463E+00  5.784463E+00
  1.318500E+03  5.783098E+00  5.783098E+00
  1.319500E+03  5.781733E+00  5.781733E+00
  1.320500E+03  5.780370E+00  5.780370E+00
  1.321500E+03  5.779007E+00  5.779007E+00
  1.322500E+03  5.777645E+00  5.777645E+00
  1.323500E+03  5.776283E+00  5.776283E+00
  1.324500E+03  5.774923E+00  5.774923E+00
  1.325500E+03  5.773562E+00  5.773562E+00
  1.326500E+03  5.772203E+00  5.772203E+00
  1.327500E+03  5.770845E+00  5.770845E+00
  1.328500E+03  5.769487E+00  5.769487E+00
  1.329500E+03  5.768129E+00  5.768129E+00
  1.330500E+03  5.766773E+00  5.766773E+00
  1.331500E+03  5.765417E+00  5.765417E+00
  1.332500E+03  5.764062E+00  5.764062E+00
  1.333500E+03  5.762708E+00  5.762708E+00
  1.334500E+03  5.761354E+00  5.761354E+00
  1.335500E+03  5.760001E+00  5.760001E+00
  1.336500E+03  5.758649E+00  5.758649E+00
  1.337500E+03  5.757297E+00  5.757297E+00
  1.338500E+03  5.755946E+00  5.755946E+00
  1.339500E+03  5.754596E+00  5.754596E+00
  1.340500E+03  5.753247E+00  5.753247E+00
  1.341500E+03  5.751898E+00  5.751898E+00
  1.342500E+03  5.750550E+00  5.750550E+00
  1.343500E+03  5.749203E+00  5.749203E+00
  1.344500E+03  5.747856E+00  5.747856E+00
  1.345500E+03  5.746510E+00  5.746510E+00
  1.346500E+03  5.745165E+00  5.745165E+00
  1.347500E+03  5.743820E+00  5.743820E+00
  1.348500E+03  5.742476E+00  5.742476E+00
  1.349500E+03  5.741133E+00  5.741133E+00
  1.350500E+03  5.739791E+00  5.739791E+00
  1.351500E+03  5.738449E+00  5.738449E+00
  1.352500E+03  5.737108E+00  5.737108E+00
  1.353500E+03  5.735768E+00  5.735768E+00
  1.354500E+03  5.734428E+00  5.734428E+00
  1.355500E+03  5.733089E+00  5.733089E+00
  1.356500E+03  5.731751E+00  5.731751E+00
  1.357500E+03  5.730413E+00  5.730413E+00
  1.358500E+03  5.729076E+00  5.729076E+00
  1.359500E+03  5.727740E+00  5.727740E+00
  1.360500E+03  5.726404E+00  5.726404E+00
  1.361500E+03  5.725069E+00  5.725069E+00
  1.362500E+03  5.723735E+00  5.723735E+00
  1.363500E+03  5.722402E+00  5.722402E+00
  1.364500E+03  5.721069E+00  5.721069E+00
  1.365500E+03  5.719737E+00  5.719737E+00
  1.366500E+03  5.718405E+00  5.718405E+00
  1.367500E+03  5.717075E+00  5.717075E+00
  1.368500E+03  5.715745E+00  5.715745E+00
  1.369500E+03  5.714415E+00  5.714415E+00
  1.370500E+03  5.713087E+00  5.713087E+00
  1.371500E+03  5.711759E+00  5.711759E+00
  1.372500E+03  5.710431E+00  5.710431E+00
  1.373500E+03  5.709105E+00  5.709105E+00
  1.374500E+03  5.707779E+00  5.707779E+00
  1.375500E+03  5.706454E+00  5.706454E+00
  1.376500E+03  5.705129E+00  5.705129E+00
  1.377500E+03  5.703805E+00  5.703805E+00
  1.378500E+03  5.702482E+00  5.702482E+00
  1.379500E+03  5.701160E+00  5.701160E+00
  1.380500E+03  5.699838E+00  5.699838E+00
  1.381500E+03  5.698517E+00  5.698517E+00
  1.382500E+03  5.697196E+00  5.697196E+00
  1.383500E+03  5.695876E+00  5.695876E+00
  1.384500E+03  5.694557E+00  5.694557E+00
  1.385500E+03  5.693239E+00  5.693239E+00
  1.386500E+03  5.691921E+00  5.691921E+00
  1.387500E+03  5.690604E+00  5.690604E+00
  1.388500E+03  5.689287E+00  5.689287E+00
  1.389500E+03  5.687972E+00  5.687972E+00
  1.390500E+03  5.686657E+00  5.686657E+00
  1.391500E+03  5.685342E+00  5.685342E+00
  1.392500E+03  5.684029E+00  5.684029E+00
  1.393500E+03  5.682716E+00  5.682716E+00
  1.394500E+03  5.681403E+00  5.681403E+00
  1.395500E+03  5.680091E+00  5.680091E+00
  1.396500E+03  5.678780E+00  5.678780E+00
  1.397500E+03  5.677470E+00  5.677470E+00
  1.398500E+03  5.676160E+00  5.676160E+00
  1.399500E+03  5.674851E+00  5.674851E+00
  1.400500E+03  5.673543E+00  5.673543E+00
  1.401500E+03  5.672235E+00  5.672235E+00
  1.402500E+03  5.670928E+00  5.670928E+00
  1.403500E+03  5.669622E+00  5.669622E+00
  1.404500E+03  5.668316E+00  5.668316E+00
  1.405500E+03  5.667011E+00  5.667011E+00
  1.406500E+03  5.665707E+00  5.665707E+00
  1.407500E+03  5.664403E+00  5.664403E+00
  1.408500E+03  5.663100E+00  5.663100E+00
  1.409500E+03  5.661798E+00  5.661798E+00
  1.410500E+03  5.660496E+00  5.660496E+00
  1.411500E+03  5.659195E+00  5.659195E+00
  1.412500E+03  5.657895E+00  5.657895E+00
  1.413500E+03  5.656595E+00  5.656595E+00
  1.414500E+03  5.655296E+00  5.655296E+00
  1.415500E+03  5.653998E+00  5.653998E+00
  1.416500E+03  5.652700E+00  5.652700E+00
  1.417500E+03  5.651403E+00  5.651403E+00
  1.418500E+03  5.650107E+00  5.650107E+00
  1.419500E+03  5.648811E+00  5.648811E+00
  1.420500E+03  5.647516E+00  5.647516E+00
  1.421500E+03  5.646222E+00  5.646222E+00
  1.422500E+03  5.644928E+00  5.644928E+00
  1.423500E+03  5.643635E+00  5.643635E+00
  1.424500E+03  5.642342E+00  5.642342E+00
  1.425500E+03  5.641051E+00  5.641051E+00
  1.426500E+03  5.639759E+00  5.639759E+00
  1.427500E+03  5.638469E+00  5.638469E+00
  1.428500E+03  5.637179E+00  5.637179E+00
  1.429500E+03  5.635890E+00  5.635890E+00
  1.430500E+03  5.634602E+00  5.634602E+00
  1.431500E+03  5.633314E+00  5.633314E+00
  1.432500E+03  5.632027E+00  5.632027E+00
  1.433500E+03  5.630740E+00  5.630740E+00
  1.434500E+03  5.629454E+00  5.629454E+00
  1.435500E+03  5.628169E+00  5.628169E+00
  1.436500E+03  5.626884E+00  5.626884E+00
  1.437500E+03  5.625600E+00  5.625600E+00
  1.438500E+03  5.624317E+00  5.624317E+00
  1.439500E+03  5.623035E+00  5.623035E+00
  1.440500E+03  5.621753E+00  5.621753E+00
  1.441500E+03  5.620471E+00  5.620471E+00
  1.442500E+03  5.619191E+00  5.619191E+00
  1.443500E+03  5.617911E+00  5.617911E+00
  1.444500E+03  5.616631E+00  5.616631E+00
  1.445500E+03  5.615352E+00  5.615352E+00
  1.446500E+03  5.614074E+00  5.614074E+00
  1.447500E+03  5.612797E+00  5.612797E+00
  1.448500E+03  5.611520E+00  5.611520E+00
  1.449500E+03  5.610244E+00  5.610244E+00
  1.450500E+03  5.608968E+00  5.608968E+00
  1.451500E+03  5.607694E+00  5.607694E+00
  1.452500E+03  5.606419E+00  5.606419E+00
  1.453500E+03  5.605146E+00  5.605146E+00
  1.454500E+03  5.603873E+00  5.603873E+00
  1.455500E+03  5.602601E+00  5.602601E+00
  1.456500E+03  5.601329E+00  5.601329E+00
  1.457500E+03  5.600058E+00  5.600058E+00
  1.458500E+03  5.598788E+00  5.598788E+00
  1.459500E+03  5.597518E+00  5.597518E+00
  1.460500E+03  5.596249E+00  5.596249E+00
  1.461500E+03  5.594980E+00  5.594980E+00
  1.462500E+03  5.593712E+00  5.593712E+00
  1.463500E+03  5.592445E+00  5.592445E+00
  1.464500E+03  5.591179E+00  5.591179E+00
  1.465500E+03  5.589913E+00  5.589913E+00
  1.466500E+03  5.588648E+00  5.588648E+00
  1.467500E+03  5.587383E+00  5.587383E+00
  1.468500E+03  5.586119E+00  5.586119E+00
  1.469500E+03  5.584856E+00  5.584856E+00
  1.470500E+03  5.583593E+00  5.583593E+00
  1.471500E+03  5.582331E+00  5.582331E+00
  1.472500E+03  5.581069E+00  5.581069E+00
  1.473500E+03  5.579809E+00  5.579809E+00
  1.474500E+03  5.578548E+00  5.578548E+00
  1.475500E+03  5.577289E+00  5.577289E+00
  1.476500E+03  5.576030E+00  5.576030E+00
  1.477500E+03  5.574772E+00  5.574772E+00
  1.478500E+03  5.573514E+00  5.573514E+00
  1.479500E+03  5.572257E+00  5.572257E+00
  1.480500E+03  5.571001E+00  5.571001E+00
  1.481500E+03  5.569745E+00  5.569745E+00
  1.482500E+03  5.568490E+00  5.568490E+00
  1.483500E+03  5.567235E+00  5.567235E+00
  1.484500E+03  5.565981E+00  5.565981E+00
  1.485500E+03  5.564728E+00  5.564728E+00
  1.486500E+03  5.563475E+00  5.563475E+00
  1.487500E+03  5.562223E+00  5.562223E+00
  1.488500E+03  5.560972E+00  5.560972E+00
  1.489500E+03  5.559721E+00  5.559721E+00
  1.490500E+03  5.558471E+00  5.558471E+00
  1.491500E+03  5.557222E+00  5.557222E+00
  1.492500E+03  5.555973E+00  5.555973E+00
  1.493500E+03  5.554725E+00  5.554725E+00
  1.494500E+03  5.553477E+00  5.553477E+00
  1.495500E+03  5.552230E+00  5.552230E+00
  1.496500E+03  5.550984E+00  5.550984E+00
  1.497500E+03  5.549738E+00  5.549738E+00
  1.498500E+03  5.548493E+00  5.548493E+00
  1.499500E+03  5.547248E+00  5.547248E+00
  1.500500E+03  5.546004E+00  5.546004E+00
  1.501500E+03  5.544761E+00  5.544761E+00
  1.502500E+03  5.543518E+00  5.543518E+00
  1.503500E+03  5.542276E+00  5.542276E+00
  1.504500E+03  5.541035E+00  5.541035E+00
  1.505500E+03  5.539794E+00  5.539794E+00
  1.506500E+03  5.538554E+00  5.538554E+00
  1.507500E+03  5.537314E+00  5.537314E+00
  1.508500E+03  5.536075E+00  5.536075E+00
  1.509500E+03  5.534837E+00  5.534837E+00
  1.510500E+03  5.533599E+00  5.533599E+00
  1.511500E+03  5.532362E+00  5.532362E+00
  1.512500E+03  5.531126E+00  5.531126E+00
  1.513500E+03  5.529890E+00  5.529890E+00
  1.514500E+03  5.528655E+00  5.528655E+00
  1.515500E+03  5.527420E+00  5.527420E+00
  1.516500E+03  5.526186E+00  5.526186E+00
  1.517500E+03  5.524953E+00  5.524953E+00
  1.518500E+03  5.523720E+00  5.523720E+00
  1.519500E+03  5.522488E+00  5.522488E+00
  1.520500E+03  5.521256E+00  5.521256E+00
  1.521500E+03  5.520025E+00  5.520025E+00
  1.522500E+03  5.518795E+00  5.518795E+00
  1.523500E+03  5.517565E+00  5.517565E+00
  1.524500E+03  5.516336E+00  5.516336E+00
  1.525500E+03  5.515107E+00  5.515107E+00
  1.526500E+03  5.513880E+00  5.513880E+00
  1.527500E+03  5.512652E+00  5.512652E+00
  1.528500E+03  5.511426E+00  5.511426E+00
  1.529500E+03  5.510199E+00  5.510199E+00
  1.530500E+03  5.508974E+00  5.508974E+00
  1.531500E+03  5.507749E+00  5.507749E+00
  1.532500E+03  5.506525E+00  5.506525E+00
  1.533500E+03  5.505301E+00  5.505301E+00
  1.534500E+03  5.504078E+00  5.504078E+00
  1.535500E+03  5.502856E+00  5.502856E+00
  1.536500E+03  5.501634E+00  5.501634E+00
  1.537500E+03  5.500413E+00  5.500413E+00
  1.538500E+03  5.499192E+00  5.499192E+00
  1.539500E+03  5.497972E+00  5.497972E+00
  1.540500E+03  5.496752E+00  5.496752E+00
  1.541500E+03  5.495534E+00  5.495534E+00
  1.542500E+03  5.494315E+00  5.494315E+00
  1.543500E+03  5.493098E+00  5.493098E+00
  1.544500E+03  5.491881E+00  5.491881E+00
  1.545500E+03  5.490665E+00  5.490665E+00
  1.546500E+03  5.489448E+00  5.489448E+00
  1.547500E+03  5.488235E+00  5.488235E+00
  1.548500E+03  5.487016E+00  5.487016E+00
  1.549500E+03  5.485809E+00  5.485809E+00
  1.550500E+03  5.484582E+00  5.484582E+00
  1.551500E+03  5.483395E+00  5.483395E+00
  1.552500E+03  5.482134E+00  5.482134E+00
  1.553500E+03  5.481016E+00  5.481016E+00
  1.554500E+03  5.479627E+00  5.479627E+00
  1.555500E+03  5.478753E+00  5.478753E+00
  1.556500E+03  5.476905E+00  5.476905E+00
  1.557500E+03  5.476905E+00  5.476905E+00
  1.558500E+03  5.476905E+00  5.476905E+00
  1.559500E+03  5.476905E+00  5.476905E+00
  1.560500E+03  5.476905E+00  5.476905E+00
  1.561500E+03  5.476905E+00  5.476905E+00
  1.562500E+03  5.476905E+00  5.476905E+00
  1.563500E+03  5.476905E+00  5.476905E+00
  1.564500E+03  5.476905E+00  5.476905E+00
  1.565500E+03  5.476905E+00  5.476905E+00
  1.566500E+03  5.476905E+00  5.476905E+00
  1.567500E+03  5.476905E+00  5.476905E+00
  1.568500E+03  5.476905E+00  5.476905E+00
  1.569500E+03  5.476905E+00  5.476905E+00
  1.570500E+03  5.476905E+00  5.476905E+00
  1.571500E+03  5.476905E+00  5.476905E+00
  1.572500E+03  5.476905E+00  5.476905E+00
  1.573500E+03  5.476905E+00  5.476905E+00
  1.574500E+03  5.476905E+00  5.476905E+00
  1.575500E+03  5.476905E+00  5.476905E+00
  1.576500E+03  5.476905E+00  5.476905E+00
  1.577500E+03  5.476905E+00  5.476905E+00
  1.578500E+03  5.476905E+00  5.476905E+00
  1.579500E+03  5.476905E+00  5.476905E+00
  1.580500E+03  5.476905E+00  5.476905E+00
  1.581500E+03  5.476905E+00  5.476905E+00
  1.582500E+03  5.476905E+00  5.476905E+00
  1.583500E+03  5.476905E+00  5.476905E+00
  1.584500E+03  5.476905E+00  5.476905E+00
  1.585500E+03  5.476905E+00  5.476905E+00
  1.586500E+03  5.476905E+00  5.476905E+00
  1.587500E+03  5.476905E+00  5.476905E+00
  1.588500E+03  5.476905E+00  5.476905E+00
  1.589500E+03  5.476905E+00  5.476905E+00
  1.590500E+03  5.476905E+00  5.476905E+00
  1.591500E+03  5.476905E+00  5.476905E+00
  1.592500E+03  5.476905E+00  5.476905E+00
  1.593500E+03  5.476905E+00  5.476905E+00
  1.594500E+03  5.476905E+00  5.476905E+00
  1.595500E+03  5.476905E+00  5.476905E+00
  1.596500E+03  5.476905E+00  5.476905E+00
  1.597500E+03  5.476905E+00  5.476905E+00
  1.598500E+03  5.476905E+00  5.476905E+00
  1.599500E+03  5.476905E+00  5.476905E+00
  1.600500E+03  5.476905E+00  5.476905E+00
  1.601500E+03  5.476905E+00  5.476905E+00
  1.602500E+03  5.476905E+00  5.476905E+00
  1.603500E+03  5.476905E+00  5.476905E+00
  1.604500E+03  5.476905E+00  5.476905E+00
  1.605500E+03  5.476905E+00  5.476905E+00
  1.606500E+03  5.476905E+00  5.476905E+00
  1.607500E+03  5.476905E+00  5.476905E+00
  1.608500E+03  5.476905E+00  5.476905E+00
  1.609500E+03  5.476905E+00  5.476905E+00
  1.610500E+03  5.476905E+00  5.476905E+00
  1.611500E+03  5.476905E+00  5.476905E+00
  1.612500E+03  5.476905E+00  5.476905E+00
  1.613500E+03  5.476905E+00  5.476905E+00
  1.614500E+03  5.476905E+00  5.476905E+00
  1.615500E+03  5.476905E+00  5.476905E+00
  1.616500E+03  5.476905E+00  5.476905E+00
  1.617500E+03  5.476905E+00  5.476905E+00
  1.618500E+03  5.476905E+00  5.476905E+00
  1.619500E+03  5.476905E+00  5.476905E+00
  1.620500E+03  5.476905E+00  5.476905E+00
  1.621500E+03  5.476905E+00  5.476905E+00
  1.622500E+03  5.476905E+00  5.476905E+00
  1.623500E+03  5.476905E+00  5.476905E+00
  1.624500E+03  5.476905E+00  5.476905E+00
  1.625500E+03  5.476905E+00  5.476905E+00
  1.626500E+03  5.476905E+00  5.476905E+00
  1.627500E+03  5.476905E+00  5.476905E+00
  1.628500E+03  5.476905E+00  5.476905E+00
  1.629500E+03  5.476905E+00  5.476905E+00
  1.630500E+03  5.476905E+00  5.476905E+00
  1.631500E+03  5.476905E+00  5.476905E+00
  1.632500E+03  5.476905E+00  5.476905E+00
  1.633500E+03  5.476905E+00  5.476905E+00
  1.634500E+03  5.476905E+00  5.476905E+00
  1.635500E+03  5.476905E+00  5.476905E+00
  1.636500E+03  5.476905E+00  5.476905E+00
  1.637500E+03  5.476905E+00  5.476905E+00
  1.638500E+03  5.476905E+00  5.476905E+00
  1.639500E+03  5.476905E+00  5.476905E+00
  1.640500E+03  5.476905E+00  5.476905E+00
  1.641500E+03  5.476905E+00  5.476905E+00
  1.642500E+03  5.476905E+00  5.476905E+00
  1.643500E+03  5.476905E+00  5.476905E+00
  1.644500E+03  5.476905E+00  5.476905E+00
  1.645500E+03  5.476905E+00  5.476905E+00
  1.646500E+03  5.476905E+00  5.476905E+00
  1.647500E+03  5.476905E+00  5.476905E+00
  1.648500E+03  5.476905E+00  5.476905E+00
  1.649500E+03  5.476905E+00  5.476905E+00
  1.650500E+03  5.476905E+00  5.476905E+00
  1.651500E+03  5.476905E+00  5.476905E+00
  1.652500E+03  5.476905E+00  5.476905E+00
  1.653500E+03  5.476905E+00  5.476905E+00
  1.654500E+03  5.476905E+00  5.476905E+00
  1.655500E+03  5.476905E+00  5.476905E+00
  1.656500E+03  5.476905E+00  5.476905E+00
  1.657500E+03  5.476905E+00  5.476905E+00
  1.658500E+03  5.476905E+00  5.476905E+00
  1.659500E+03  5.476905E+00  5.476905E+00
  1.660500E+03  5.476905E+00  5.476905E+00
  1.661500E+03  5.476905E+00  5.476905E+00
  1.662500E+03  5.476905E+00  5.476905E+00
  1.663500E+03  5.476905E+00  5.476905E+00
  1.664500E+03  5.476905E+00  5.476905E+00
  1.665500E+03  5.476905E+00  5.476905E+00
  1.666500E+03  5.476905E+00  5.476905E+00
  1.667500E+03  5.476905E+00  5.476905E+00
  1.668500E+03  5.476905E+00  5.476905E+00
  1.669500E+03  5.476905E+00  5.476905E+00
  1.670500E+03  5.476905E+00  5.476905E+00
  1.671500E+03  5.476905E+00  5.476905E+00
  1.672500E+03  5.476905E+00  5.476905E+00
  1.673500E+03  5.476905E+00  5.476905E+00
  1.674500E+03  5.476905E+00  5.476905E+00
  1.675500E+03  5.476905E+00  5.476905E+00
  1.676500E+03  5.476905E+00  5.476905E+00
  1.677500E+03  5.476905E+00  5.476905E+00
  1.678500E+03  5.476905E+00  5.476905E+00
  1.679500E+03  5.476905E+00  5.476905E+00
  1.680500E+03  5.476905E+00  5.476905E+00
  1.681500E+03  5.476905E+00  5.476905E+00
  1.682500E+03  5.476905E+00  5.476905E+00
  1.683500E+03  5.476905E+00  5.476905E+00
  1.684500E+03  5.476905E+00  5.476905E+00
  1.685500E+03  5.476905E+00  5.476905E+00
  1.686500E+03  5.476905E+00  5.476905E+00
  1.687500E+03  5.476905E+00  5.476905E+00
  1.688500E+03  5.476905E+00  5.476905E+00
  1.689500E+03  5.476905E+00  5.476905E+00
  1.690500E+03  5.476905E+00  5.476905E+00
  1.691500E+03  5.476905E+00  5.476905E+00
  1.692500E+03  5.476905E+00  5.476905E+00
  1.693500E+03  5.476905E+00  5.476905E+00
  1.694500E+03  5.476905E+00  5.476905E+00
  1.695500E+03  5.476905E+00  5.476905E+00
  1.696500E+03  5.476905E+00  5.476905E+00
  1.697500E+03  5.476905E+00  5.476905E+00
  1.698500E+03  5.476905E+00  5.476905E+00
  1.699500E+03  5.476905E+00  5.476905E+00
  1.700500E+03  5.476905E+00  5.476905E+00
  1.701500E+03  5.476905E+00  5.476905E+00
  1.702500E+03  5.476905E+00  5.476905E+00
  1.703500E+03  5.476905E+00  5.476905E+00
  1.704500E+03  5.476905E+00  5.476905E+00
  1.705500E+03  5.476905E+00  5.476905E+00
  1.706500E+03  5.476905E+00  5.476905E+00
  1.707500E+03  5.476905E+00  5.476905E+00
  1.708500E+03  5.476905E+00  5.476905E+00
  1.709500E+03  5.476905E+00  5.476905E+00
  1.710500E+03  5.476905E+00  5.476905E+00
  1.711500E+03  5.476905E+00  5.476905E+00
  1.712500E+03  5.476905E+00  5.476905E+00
  1.713500E+03  5.476905E+00  5.476905E+00
  1.714500E+03  5.476905E+00  5.476905E+00
  1.715500E+03  5.476905E+00  5.476905E+00
  1.716500E+03  5.476905E+00  5.476905E+00
  1.717500E+03  5.476905E+00  5.476905E+00
  1.718500E+03  5.476905E+00  5.476905E+00
  1.719500E+03  5.476905E+00  5.476905E+00
  1.720500E+03  5.476905E+00  5.476905E+00
  1.721500E+03  5.476905E+00  5.476905E+00
  1.722500E+03  5.476905E+00  5.476905E+00
  1.723500E+03  5.476905E+00  5.476905E+00
  1.724500E+03  5.476905E+00  5.476905E+00
  1.725500E+03  5.476905E+00  5.476905E+00
  1.726500E+03  5.476905E+00  5.476905E+00
  1.727500E+03  5.476905E+00  5.476905E+00
  1.728500E+03  5.476905E+00  5.476905E+00
  1.729500E+03  5.476905E+00  5.476905E+00
  1.730500E+03  5.476905E+00  5.476905E+00
  1.731500E+03  5.476905E+00  5.476905E+00
  1.732500E+03  5.476905E+00  5.476905E+00
  1.733500E+03  5.476905E+00  5.476905E+00
  1.734500E+03  5.476905E+00  5.476905E+00
  1.735500E+03  5.476905E+00  5.476905E+00
  1.736500E+03  5.476905E+00  5.476905E+00
  1.737500E+03  5.476905E+00  5.476905E+00
  1.738500E+03  5.476905E+00  5.476905E+00
  1.739500E+03  5.476905E+00  5.476905E+00
  1.740500E+03  5.476905E+00  5.476905E+00
  1.741500E+03  5.476905E+00  5.476905E+00
  1.742500E+03  5.476905E+00  5.476905E+00
  1.743500E+03  5.476905E+00  5.476905E+00
  1.744500E+03  5.476905E+00  5.476905E+00
  1.745500E+03  5.476905E+00  5.476905E+00
  1.746500E+03  5.476905E+00  5.476905E+00
  1.747500E+03  5.476905E+00  5.476905E+00
  1.748500E+03  5.476905E+00  5.476905E+00
  1.749500E+03  5.476905E+00  5.476905E+00
  1.750500E+03  5.476905E+00  5.476905E+00
  1.751500E+03  5.476905E+00  5.476905E+00
  1.752500E+03  5.476905E+00  5.476905E+00
  1.753500E+03  5.476905E+00  5.476905E+00
  1.754500E+03  5.476905E+00  5.476905E+00
  1.755500E+03  5.476905E+00  5.476905E+00
  1.756500E+03  5.476905E+00  5.476905E+00
  1.757500E+03  5.476905E+00  5.476905E+00
  1.758500E+03  5.476905E+00  5.476905E+00
  1.759500E+03  5.476905E+00  5.476905E+00
  1.760500E+03  5.476905E+00  5.476905E+00
  1.761500E+03  5.476905E+00  5.476905E+00
  1.762500E+03  5.476905E+00  5.476905E+00
  1.763500E+03  5.476905E+00  5.476905E+00
  1.764500E+03  5.476905E+00  5.476905E+00
  1.765500E+03  5.476905E+00  5.476905E+00
  1.766500E+03  5.476905E+00  5.476905E+00
  1.767500E+03  5.476905E+00  5.476905E+00
  1.768500E+03  5.476905E+00  5.476905E+00
  1.769500E+03  5.476905E+00  5.476905E+00
  1.770500E+03  5.476905E+00  5.476905E+00
  1.771500E+03  5.476905E+00  5.476905E+00
  1.772500E+03  5.476905E+00  5.476905E+00
  1.773500E+03  5.476905E+00  5.476905E+00
  1.774500E+03  5.476905E+00  5.476905E+00
  1.775500E+03  5.476905E+00  5.476905E+00
  1.776500E+03  5.476905E+00  5.476905E+00
  1.777500E+03  5.476905E+00  5.476905E+00
  1.778500E+03  5.476905E+00  5.476905E+00
  1.779500E+03  5.476905E+00  5.476905E+00
  1.780500E+03  5.476905E+00  5.476905E+00
  1.781500E+03  5.476905E+00  5.476905E+00
  1.782500E+03  5.476905E+00  5.476905E+00
  1.783500E+03  5.476905E+00  5.476905E+00
  1.784500E+03  5.476905E+00  5.476905E+00
  1.785500E+03  5.476905E+00  5.476905E+00
  1.786500E+03  5.476905E+00  5.476905E+00
  1.787500E+03  5.476905E+00  5.476905E+00
  1.788500E+03  5.476905E+00  5.476905E+00
  1.789500E+03  5.476905E+00  5.476905E+00
  1.790500E+03  5.476905E+00  5.476905E+00
  1.791500E+03  5.476905E+00  5.476905E+00
  1.792500E+03  5.476905E+00  5.476905E+00
  1.793500E+03  5.476905E+00  5.476905E+00
  1.794500E+03  5.476905E+00  5.476905E+00
  1.795500E+03  5.476905E+00  5.476905E+00
  1.796500E+03  5.476905E+00  5.476905E+00
  1.797500E+03  5.476905E+00  5.476905E+00
  1.798500E+03  5.476905E+00  5.476905E+00
  1.799500E+03  5.476905E+00  5.476905E+00
  1.800500E+03  5.476905E+00  5.476905E+00
  1.801500E+03  5.476905E+00  5.476905E+00
  1.802500E+03  5.476905E+00  5.476905E+00
  1.803500E+03  5.476905E+00  5.476905E+00
  1.804500E+03  5.476905E+00  5.476905E+00
  1.805500E+03  5.476905E+00  5.476905E+00
  1.806500E+03  5.476905E+00  5.476905E+00
  1.807500E+03  5.476905E+00  5.476905E+00
  1.808500E+03  5.476905E+00  5.476905E+00
  1.809500E+03  5.476905E+00  5.476905E+00
  1.810500E+03  5.476905E+00  5.476905E+00
  1.811500E+03  5.476905E+00  5.476905E+00
  1.812500E+03  5.476905E+00  5.476905E+00
  1.813500E+03  5.476905E+00  5.476905E+00
  1.814500E+03  5.476905E+00  5.476905E+00
  1.815500E+03  5.476905E+00  5.476905E+00
  1.816500E+03  5.476905E+00  5.476905E+00
  1.817500E+03  5.476905E+00  5.476905E+00
  1.818500E+03  5.476905E+00  5.476905E+00
  1.819500E+03  5.476905E+00  5.476905E+00
  1.820500E+03  5.476905E+00  5.476905E+00
  1.821500E+03  5.476905E+00  5.476905E+00
  1.822500E+03  5.476905E+00  5.476905E+00
  1.823500E+03  5.476905E+00  5.476905E+00
  1.824500E+03  5.476905E+00  5.476905E+00
  1.825500E+03  5.476905E+00  5.476905E+00
  1.826500E+03  5.476905E+00  5.476905E+00
  1.827500E+03  5.476905E+00  5.476905E+00
  1.828500E+03  5.476905E+00  5.476905E+00
  1.829500E+03  5.476905E+00  5.476905E+00
  1.830500E+03  5.476905E+00  5.476905E+00
  1.831500E+03  5.476905E+00  5.476905E+00
  1.832500E+03  5.476905E+00  5.476905E+00
  1.833500E+03  5.476905E+00  5.476905E+00
  1.834500E+03  5.476905E+00  5.476905E+00
  1.835500E+03  5.476905E+00  5.476905E+00
  1.836500E+03  5.476905E+00  5.476905E+00
  1.837500E+03  5.476905E+00  5.476905E+00
  1.838500E+03  5.476905E+00  5.476905E+00
  1.839500E+03  5.476905E+00  5.476905E+00
  1.840500E+03  5.476905E+00  5.476905E+00
  1.841500E+03  5.476905E+00  5.476905E+00
  1.842500E+03  5.476905E+00  5.476905E+00
  1.843500E+03  5.476905E+00  5.476905E+00
  1.844500E+03  5.476905E+00  5.476905E+00
  1.845500E+03  5.476905E+00  5.476905E+00
  1.846500E+03  5.476905E+00  5.476905E+00
  1.847500E+03  5.476905E+00  5.476905E+00
  1.848500E+03  5.476905E+00  5.476905E+00
  1.849500E+03  5.476905E+00  5.476905E+00
  1.850500E+03  5.476905E+00  5.476905E+00
  1.851500E+03  5.476905E+00  5.476905E+00
  1.852500E+03  5.476905E+00  5.476905E+00
  1.853500E+03  5.476905E+00  5.476905E+00
  1.854500E+03  5.476905E+00  5.476905E+00
  1.855500E+03  5.476905E+00  5.476905E+00
  1.856500E+03  5.476905E+00  5.476905E+00
  1.857500E+03  5.476905E+00  5.476905E+00
  1.858500E+03  5.476905E+00  5.476905E+00
  1.859500E+03  5.476905E+00  5.476905E+00
  1.860500E+03  5.476905E+00  5.476905E+00
  1.861500E+03  5.476905E+00  5.476905E+00
  1.862500E+03  5.476905E+00  5.476905E+00
  1.863500E+03  5.476905E+00  5.476905E+00
  1.864500E+03  5.476905E+00  5.476905E+00
  1.865500E+03  5.476905E+00  5.476905E+00
  1.866500E+03  5.476905E+00  5.476905E+00
  1.867500E+03  5.476905E+00  5.476905E+00
  1.868500E+03  5.476905E+00  5.476905E+00
  1.869500E+03  5.476905E+00  5.476905E+00
  1.870500E+03  5.476905E+00  5.476905E+00
  1.871500E+03  5.476905E+00  5.476905E+00
  1.872500E+03  5.476905E+00  5.476905E+00
  1.873500E+03  5.476905E+00  5.476905E+00
  1.874500E+03  5.476905E+00  5.476905E+00
  1.875500E+03  5.476905E+00  5.476905E+00
  1.876500E+03  5.476905E+00  5.476905E+00
  1.877500E+03  5.476905E+00  5.476905E+00
  1.878500E+03  5.476905E+00  5.476905E+00
  1.879500E+03  5.476905E+00  5.476905E+00
  1.880500E+03  5.476905E+00  5.476905E+00
  1.881500E+03  5.476905E+00  5.476905E+00
  1.882500E+03  5.476905E+00  5.476905E+00
  1.883500E+03  5.476905E+00  5.476905E+00
  1.884500E+03  5.476905E+00  5.476905E+00
  1.885500E+03  5.476905E+00  5.476905E+00
  1.886500E+03  5.476905E+00  5.476905E+00
  1.887500E+03  5.476905E+00  5.476905E+00
  1.888500E+03  5.476905E+00  5.476905E+00
  1.889500E+03  5.476905E+00  5.476905E+00
  1.890500E+03  5.476905E+00  5.476905E+00
  1.891500E+03  5.476905E+00  5.476905E+00
  1.892500E+03  5.476905E+00  5.476905E+00
  1.893500E+03  5.476905E+00  5.476905E+00
  1.894500E+03  5.476905E+00  5.476905E+00
  1.895500E+03  5.476905E+00  5.476905E+00
  1.896500E+03  5.476905E+00  5.476905E+00
  1.897500E+03  5.476905E+00  5.476905E+00
  1.898500E+03  5.476905E+00  5.476905E+00
  1.899500E+03  5.476905E+00  5.476905E+00
  1.900500E+03  5.476905E+00  5.476905E+00
  1.901500E+03  5.476905E+00  5.476905E+00
  1.902500E+03  5.476905E+00  5.476905E+00
  1.903500E+03  5.476905E+00  5.476905E+00
