  1.130000E+01  6.983580E-03  6.983580E-03  6.983580E-03  6.983580E-03
  1.131667E+01  6.983580E-03  6.983580E-03  6.983580E-03  6.983580E-03
  1.133333E+01  6.914947E-03  6.983580E-03  6.983580E-03  6.983580E-03
  1.135000E+01  6.847722E-03  6.983580E-03  6.983580E-03  6.983580E-03
  1.136667E+01  6.781662E-03  6.983580E-03  6.983580E-03  6.983580E-03
  1.138333E+01  6.716943E-03  6.983580E-03  6.983580E-03  6.983580E-03
  1.140000E+01  6.653322E-03  6.982491E-03  6.983580E-03  6.983580E-03
  1.141667E+01  6.590970E-03  6.958214E-03  6.983580E-03  6.983580E-03
  1.143333E+01  4.414704E+00  6.911281E-03  6.983580E-03  6.983580E-03
  1.145000E+01  4.380183E+00  6.862734E-03  6.983580E-03  6.983580E-03
  1.146667E+01  4.342349E+00  6.814414E-03  6.983580E-03  6.983580E-03
  1.148333E+01  4.305137E+00  6.775243E-03  6.983567E-03  6.983580E-03
  1.150000E+01  4.268467E+00  4.943745E-02  6.982340E-03  6.983580E-03
  1.151667E+01  4.232450E+00  1.424128E+00  6.968782E-03  6.983580E-03
  1.153333E+01  4.159610E+00  2.988848E+00  6.935069E-03  6.983580E-03
  1.155000E+01  4.089264E+00  3.120016E+00  6.894784E-03  6.983576E-03
  1.156667E+01  4.021272E+00  3.134948E+00  6.854688E-03  6.983436E-03
  1.158333E+01  3.955515E+00  3.148572E+00  7.782867E-03  6.982290E-03
  1.160000E+01  3.891882E+00  3.160065E+00  9.990476E-02  6.978495E-03
  1.161667E+01  3.830267E+00  3.153183E+00  9.915810E-01  6.970771E-03
  1.163333E+01  3.770623E+00  3.138484E+00  2.234591E+00  6.961282E-03
  1.165000E+01  3.712760E+00  3.123550E+00  2.554319E+00  7.438522E-03
  1.166667E+01  3.656642E+00  3.108505E+00  2.592279E+00  2.135475E-02
  1.168333E+01  3.602191E+00  3.093292E+00  2.615082E+00  1.112762E-01
  1.170000E+01  3.549330E+00  3.077883E+00  2.633472E+00  3.170884E-01
  1.171667E+01  3.497989E+00  3.062282E+00  2.638490E+00  5.968611E-01
  1.173333E+01  3.448142E+00  3.046436E+00  2.636287E+00  9.102657E-01
  1.175000E+01  3.399646E+00  3.030357E+00  2.633155E+00  1.226517E+00
  1.176667E+01  3.352483E+00  3.014048E+00  2.629646E+00  1.522094E+00
  1.178333E+01  3.289417E+00  2.997530E+00  2.625744E+00  1.781788E+00
  1.180000E+01  3.228643E+00  2.980856E+00  2.621448E+00  1.998620E+00
  1.181667E+01  3.170100E+00  2.964069E+00  2.616759E+00  2.172008E+00
  1.183333E+01  3.113634E+00  2.947130E+00  2.611682E+00  2.305450E+00
  1.185000E+01  3.059135E+00  2.925893E+00  2.606255E+00  2.404576E+00
  1.186667E+01  3.006468E+00  2.896204E+00  2.600517E+00  2.475712E+00
  1.188333E+01  2.955602E+00  2.866411E+00  2.594516E+00  2.524936E+00
  1.190000E+01  2.906414E+00  2.836988E+00  2.588295E+00  2.557574E+00
  1.191667E+01  2.858823E+00  2.807893E+00  2.581815E+00  2.578005E+00
  1.193333E+01  2.812751E+00  2.779095E+00  2.573485E+00  2.589661E+00
  1.195000E+01  2.795205E+00  2.750580E+00  2.557959E+00  2.595138E+00
  1.196667E+01  2.784643E+00  2.722334E+00  2.539619E+00  2.596337E+00
  1.198333E+01  2.774148E+00  2.694352E+00  2.521235E+00  2.594545E+00
  1.200000E+01  2.763719E+00  2.666866E+00  2.502853E+00  2.590120E+00
  1.201667E+01  2.753358E+00  2.652213E+00  2.484414E+00  2.582805E+00
  1.203333E+01  2.743063E+00  2.648459E+00  2.465873E+00  2.572714E+00
  1.205000E+01  2.732835E+00  2.646341E+00  2.447222E+00  2.560199E+00
  1.206667E+01  2.722673E+00  2.643933E+00  2.428480E+00  2.545718E+00
  1.208333E+01  2.712577E+00  2.641244E+00  2.410164E+00  2.529746E+00
  1.210000E+01  2.702400E+00  2.638291E+00  2.399965E+00  2.512697E+00
  1.211667E+01  2.691685E+00  2.635087E+00  2.400121E+00  2.494902E+00
  1.213333E+01  2.681046E+00  2.631645E+00  2.402609E+00  2.476635E+00
  1.215000E+01  2.670459E+00  2.627976E+00  2.404893E+00  2.458697E+00
  1.216667E+01  2.659971E+00  2.624008E+00  2.406854E+00  2.442943E+00
  1.218333E+01  2.649557E+00  2.619489E+00  2.408511E+00  2.430512E+00
  1.220000E+01  2.639218E+00  2.614634E+00  2.409879E+00  2.421522E+00
  1.221667E+01  2.628952E+00  2.609580E+00  2.410971E+00  2.415558E+00
  1.223333E+01  2.618760E+00  2.604356E+00  2.411792E+00  2.411986E+00
  1.225000E+01  2.608640E+00  2.598970E+00  2.412284E+00  2.410152E+00
  1.226667E+01  2.598569E+00  2.593425E+00  2.412270E+00  2.409485E+00
  1.228333E+01  2.589847E+00  2.587729E+00  2.411862E+00  2.409531E+00
  1.230000E+01  2.581155E+00  2.581891E+00  2.411204E+00  2.409952E+00
  1.231667E+01  2.572517E+00  2.575918E+00  2.410321E+00  2.410487E+00
  1.233333E+01  2.563955E+00  2.569828E+00  2.409223E+00  2.410942E+00
  1.235000E+01  2.555423E+00  2.564335E+00  2.407911E+00  2.411210E+00
  1.236667E+01  2.546944E+00  2.558946E+00  2.406392E+00  2.411238E+00
  1.238333E+01  2.538539E+00  2.553450E+00  2.404673E+00  2.411006E+00
  1.240000E+01  2.530164E+00  2.547868E+00  2.402763E+00  2.410514E+00
  1.241667E+01  2.521841E+00  2.542184E+00  2.400729E+00  2.409768E+00
  1.243333E+01  2.513590E+00  2.536411E+00  2.399041E+00  2.408779E+00
  1.245000E+01  2.507320E+00  2.530569E+00  2.397415E+00  2.407556E+00
  1.246667E+01  2.501601E+00  2.524642E+00  2.395635E+00  2.406117E+00
  1.248333E+01  2.495885E+00  2.518641E+00  2.393713E+00  2.404531E+00
  1.250000E+01  2.490195E+00  2.512635E+00  2.391639E+00  2.402878E+00
  1.251667E+01  2.484550E+00  2.507736E+00  2.389420E+00  2.401180E+00
  1.253333E+01  2.478908E+00  2.503367E+00  2.387069E+00  2.399431E+00
  1.255000E+01  2.473291E+00  2.499013E+00  2.384578E+00  2.397617E+00
  1.256667E+01  2.467698E+00  2.494613E+00  2.381960E+00  2.395716E+00
  1.258333E+01  2.462150E+00  2.490185E+00  2.379380E+00  2.393712E+00
  1.260000E+01  2.456605E+00  2.485709E+00  2.377577E+00  2.391594E+00
  1.261667E+01  2.451084E+00  2.481195E+00  2.376163E+00  2.389353E+00
  1.263333E+01  2.445608E+00  2.476649E+00  2.374720E+00  2.387002E+00
  1.265000E+01  2.440134E+00  2.472084E+00  2.373189E+00  2.384657E+00
  1.266667E+01  2.434685E+00  2.467481E+00  2.371581E+00  2.382448E+00
  1.268333E+01  2.429259E+00  2.462850E+00  2.369885E+00  2.380411E+00
  1.270000E+01  2.423876E+00  2.458207E+00  2.368107E+00  2.378523E+00
  1.271667E+01  2.418496E+00  2.453532E+00  2.366255E+00  2.376739E+00
  1.273333E+01  2.413140E+00  2.448834E+00  2.364337E+00  2.375013E+00
  1.275000E+01  2.407826E+00  2.444118E+00  2.362341E+00  2.373301E+00
  1.276667E+01  2.402516E+00  2.439397E+00  2.360276E+00  2.371572E+00
  1.278333E+01  2.384765E+00  2.434649E+00  2.358153E+00  2.369805E+00
  1.280000E+01  2.367267E+00  2.429879E+00  2.355961E+00  2.367985E+00
  1.281667E+01  2.350017E+00  2.425094E+00  2.353712E+00  2.366105E+00
  1.283333E+01  2.333009E+00  2.419791E+00  2.351419E+00  2.364159E+00
  1.285000E+01  2.316239E+00  2.406485E+00  2.349094E+00  2.362146E+00
  1.286667E+01  2.299702E+00  2.392054E+00  2.346728E+00  2.360064E+00
  1.288333E+01  2.283393E+00  2.377643E+00  2.344322E+00  2.357914E+00
  1.290000E+01  2.267309E+00  2.363263E+00  2.341856E+00  2.355702E+00
  1.291667E+01  2.251443E+00  2.348919E+00  2.337542E+00  2.353432E+00
  1.293333E+01  2.235777E+00  2.334620E+00  2.327479E+00  2.351106E+00
  1.295000E+01  2.220354E+00  2.320368E+00  2.316504E+00  2.348724E+00
  1.296667E+01  2.205122E+00  2.306170E+00  2.305467E+00  2.346046E+00
  1.298333E+01  2.190078E+00  2.292029E+00  2.294382E+00  2.342101E+00
  1.300000E+01  2.175264E+00  2.277941E+00  2.283257E+00  2.336435E+00
  1.301667E+01  2.160614E+00  2.263938E+00  2.272099E+00  2.329148E+00
  1.303333E+01  2.158882E+00  2.250001E+00  2.260913E+00  2.320530E+00
  1.305000E+01  2.157143E+00  2.236156E+00  2.249706E+00  2.310919E+00
  1.306667E+01  2.155412E+00  2.222455E+00  2.238478E+00  2.300614E+00
  1.308333E+01  2.153689E+00  2.209984E+00  2.227244E+00  2.289850E+00
  1.310000E+01  2.151974E+00  2.205968E+00  2.216020E+00  2.278800E+00
  1.311667E+01  2.150266E+00  2.202419E+00  2.204809E+00  2.267581E+00
  1.313333E+01  2.148580E+00  2.198964E+00  2.193651E+00  2.256274E+00
  1.315000E+01  2.146886E+00  2.195595E+00  2.182665E+00  2.244933E+00
  1.316667E+01  2.145198E+00  2.192309E+00  2.175548E+00  2.233591E+00
  1.318333E+01  2.143517E+00  2.189101E+00  2.172904E+00  2.222273E+00
  1.320000E+01  2.141842E+00  2.185976E+00  2.170481E+00  2.211032E+00
  1.321667E+01  2.140187E+00  2.182913E+00  2.168117E+00  2.200497E+00
  1.323333E+01  2.138524E+00  2.179917E+00  2.165805E+00  2.191670E+00
  1.325000E+01  2.136865E+00  2.176986E+00  2.163544E+00  2.184623E+00
  1.326667E+01  2.135212E+00  2.174118E+00  2.161334E+00  2.179084E+00
  1.328333E+01  2.133564E+00  2.171318E+00  2.159169E+00  2.174686E+00
  1.330000E+01  2.131922E+00  2.168566E+00  2.157042E+00  2.171090E+00
  1.331667E+01  2.130299E+00  2.165867E+00  2.154954E+00  2.168033E+00
  1.333333E+01  2.128665E+00  2.163220E+00  2.152905E+00  2.165327E+00
  1.335000E+01  2.127037E+00  2.160624E+00  2.150897E+00  2.162849E+00
  1.336667E+01  2.125412E+00  2.158076E+00  2.148923E+00  2.160521E+00
  1.338333E+01  2.123792E+00  2.155582E+00  2.146977E+00  2.158293E+00
  1.340000E+01  2.122192E+00  2.153122E+00  2.145062E+00  2.156140E+00
  1.341667E+01  2.120580E+00  2.150703E+00  2.143177E+00  2.154045E+00
  1.343333E+01  2.118972E+00  2.148324E+00  2.141319E+00  2.151996E+00
  1.345000E+01  2.117369E+00  2.145985E+00  2.139493E+00  2.149987E+00
  1.346667E+01  2.115769E+00  2.143691E+00  2.137692E+00  2.148014E+00
  1.348333E+01  2.114173E+00  2.141422E+00  2.135911E+00  2.146075E+00
  1.350000E+01  2.112595E+00  2.139187E+00  2.134151E+00  2.144167E+00
  1.351667E+01  2.111006E+00  2.136983E+00  2.132414E+00  2.142289E+00
  1.353333E+01  2.100685E+00  2.134808E+00  2.130701E+00  2.140438E+00
  1.355000E+01  2.090459E+00  2.132659E+00  2.129008E+00  2.138614E+00
  1.356667E+01  2.080314E+00  2.130537E+00  2.127329E+00  2.136814E+00
  1.358333E+01  2.070278E+00  2.127468E+00  2.125668E+00  2.135037E+00
  1.360000E+01  2.060334E+00  2.118753E+00  2.124023E+00  2.133282E+00
  1.361667E+01  2.050482E+00  2.109855E+00  2.122392E+00  2.131546E+00
  1.363333E+01  2.040720E+00  2.100946E+00  2.120774E+00  2.129827E+00
  1.365000E+01  2.031047E+00  2.092048E+00  2.119045E+00  2.128124E+00
  1.366667E+01  2.021463E+00  2.083155E+00  2.114120E+00  2.126435E+00
  1.368333E+01  2.011966E+00  2.074271E+00  2.106623E+00  2.124760E+00
  1.370000E+01  2.011694E+00  2.065403E+00  2.099029E+00  2.123053E+00
  1.371667E+01  2.013726E+00  2.056567E+00  2.091405E+00  2.120735E+00
  1.373333E+01  2.015754E+00  2.047780E+00  2.083760E+00  2.117156E+00
  1.375000E+01  2.017805E+00  2.040385E+00  2.076099E+00  2.112342E+00
  1.376667E+01  2.019865E+00  2.039042E+00  2.068432E+00  2.106526E+00
  1.378333E+01  2.021920E+00  2.039290E+00  2.060775E+00  2.099987E+00
  1.380000E+01  2.023997E+00  2.039648E+00  2.053142E+00  2.092972E+00
  1.381667E+01  2.026069E+00  2.040102E+00  2.045760E+00  2.085665E+00
  1.383333E+01  2.028162E+00  2.040639E+00  2.042359E+00  2.078192E+00
  1.385000E+01  2.030263E+00  2.041250E+00  2.041977E+00  2.070638E+00
  1.386667E+01  2.032358E+00  2.041943E+00  2.042188E+00  2.063132E+00
  1.388333E+01  2.034475E+00  2.042702E+00  2.042488E+00  2.056445E+00
  1.390000E+01  2.036584E+00  2.043539E+00  2.042867E+00  2.051312E+00
  1.391667E+01  2.038715E+00  2.044440E+00  2.043313E+00  2.047768E+00
  1.393333E+01  2.040853E+00  2.045398E+00  2.043832E+00  2.045533E+00
  1.395000E+01  2.042984E+00  2.046423E+00  2.044414E+00  2.044264E+00
  1.396667E+01  2.045136E+00  2.047499E+00  2.045063E+00  2.043661E+00
  1.398333E+01  2.047280E+00  2.048638E+00  2.045776E+00  2.043504E+00
  1.400000E+01  2.049445E+00  2.049829E+00  2.046542E+00  2.043641E+00
  1.401667E+01  2.051603E+00  2.051063E+00  2.047367E+00  2.043975E+00
  1.403333E+01  2.053781E+00  2.052352E+00  2.048243E+00  2.044449E+00
  1.405000E+01  2.055965E+00  2.053680E+00  2.049173E+00  2.045025E+00
  1.406667E+01  2.058141E+00  2.055059E+00  2.050156E+00  2.045684E+00
  1.408333E+01  2.060338E+00  2.056473E+00  2.051182E+00  2.046413E+00
  1.410000E+01  2.062527E+00  2.057936E+00  2.052255E+00  2.047205E+00
  1.411667E+01  2.064736E+00  2.059436E+00  2.053370E+00  2.048054E+00
  1.413333E+01  2.066951E+00  2.060966E+00  2.054529E+00  2.048957E+00
  1.415000E+01  2.069158E+00  2.062539E+00  2.055727E+00  2.049910E+00
  1.416667E+01  2.071384E+00  2.064138E+00  2.056966E+00  2.050912E+00
  1.418333E+01  2.073617E+00  2.065778E+00  2.058246E+00  2.051960E+00
  1.420000E+01  2.075841E+00  2.067449E+00  2.059557E+00  2.053053E+00
  1.421667E+01  2.078086E+00  2.069142E+00  2.060904E+00  2.054188E+00
  1.423333E+01  2.080322E+00  2.070872E+00  2.062284E+00  2.055365E+00
  1.425000E+01  2.082577E+00  2.072629E+00  2.063697E+00  2.056581E+00
  1.426667E+01  2.084839E+00  2.074405E+00  2.065144E+00  2.057835E+00
  1.428333E+01  2.089118E+00  2.076213E+00  2.066617E+00  2.059126E+00
  1.430000E+01  2.093403E+00  2.078038E+00  2.068120E+00  2.060451E+00
  1.431667E+01  2.097721E+00  2.079895E+00  2.069655E+00  2.061811E+00
  1.433333E+01  2.102059E+00  2.081997E+00  2.071211E+00  2.063204E+00
  1.435000E+01  2.106417E+00  2.085411E+00  2.072793E+00  2.064627E+00
  1.436667E+01  2.110795E+00  2.088905E+00  2.074399E+00  2.066082E+00
  1.438333E+01  2.115192E+00  2.092459E+00  2.076028E+00  2.067564E+00
  1.440000E+01  2.119609E+00  2.096061E+00  2.077709E+00  2.069073E+00
  1.441667E+01  2.124046E+00  2.099711E+00  2.080122E+00  2.070608E+00
  1.443333E+01  2.128503E+00  2.103407E+00  2.083147E+00  2.072168E+00
  1.445000E+01  2.132980E+00  2.107148E+00  2.086236E+00  2.073760E+00
  1.446667E+01  2.137476E+00  2.110933E+00  2.089379E+00  2.075506E+00
  1.448333E+01  2.141993E+00  2.114760E+00  2.092570E+00  2.077546E+00
  1.450000E+01  2.146530E+00  2.118629E+00  2.095808E+00  2.079882E+00
  1.451667E+01  2.151087E+00  2.122537E+00  2.099092E+00  2.082470E+00
  1.453333E+01  2.155664E+00  2.126486E+00  2.102421E+00  2.085256E+00
  1.455000E+01  2.160246E+00  2.130472E+00  2.105793E+00  2.088193E+00
  1.456667E+01  2.164864E+00  2.134497E+00  2.109209E+00  2.091241E+00
  1.458333E+01  2.169503E+00  2.138558E+00  2.112665E+00  2.094376E+00
  1.460000E+01  2.174162E+00  2.142653E+00  2.116163E+00  2.097580E+00
  1.461667E+01  2.178842E+00  2.146775E+00  2.119701E+00  2.100842E+00
  1.463333E+01  2.183543E+00  2.150942E+00  2.123278E+00  2.104156E+00
  1.465000E+01  2.188265E+00  2.155142E+00  2.126893E+00  2.107516E+00
  1.466667E+01  2.193007E+00  2.159376E+00  2.130546E+00  2.110919E+00
  1.468333E+01  2.197771E+00  2.163642E+00  2.134231E+00  2.114365E+00
  1.470000E+01  2.202556E+00  2.167941E+00  2.137951E+00  2.117851E+00
  1.471667E+01  2.207363E+00  2.172271E+00  2.141712E+00  2.121376E+00
  1.473333E+01  2.212191E+00  2.176633E+00  2.145509E+00  2.124939E+00
  1.475000E+01  2.217040E+00  2.181025E+00  2.149339E+00  2.128538E+00
  1.476667E+01  2.221895E+00  2.185448E+00  2.153204E+00  2.132173E+00
  1.478333E+01  2.226804E+00  2.189900E+00  2.157102E+00  2.135845E+00
  1.480000E+01  2.231703E+00  2.194382E+00  2.161033E+00  2.139552E+00
  1.481667E+01  2.236639E+00  2.198892E+00  2.164997E+00  2.143295E+00
  1.483333E+01  2.241599E+00  2.203423E+00  2.168992E+00  2.147072E+00
  1.485000E+01  2.246800E+00  2.208001E+00  2.173019E+00  2.150883E+00
  1.486667E+01  2.252890E+00  2.212587E+00  2.177077E+00  2.154727E+00
  1.488333E+01  2.258998E+00  2.217210E+00  2.181166E+00  2.158603E+00
  1.490000E+01  2.265157E+00  2.221874E+00  2.185281E+00  2.162512E+00
  1.491667E+01  2.271334E+00  2.226759E+00  2.189427E+00  2.166452E+00
  1.493333E+01  2.277562E+00  2.232249E+00  2.193607E+00  2.170424E+00
  1.495000E+01  2.283807E+00  2.237816E+00  2.197806E+00  2.174424E+00
  1.496667E+01  2.290106E+00  2.243438E+00  2.202038E+00  2.178454E+00
  1.498333E+01  2.296422E+00  2.249096E+00  2.206347E+00  2.182513E+00
  1.500000E+01  2.302791E+00  2.254807E+00  2.210953E+00  2.186599E+00
  1.501667E+01  2.309179E+00  2.260554E+00  2.215948E+00  2.190712E+00
  1.503333E+01  2.315620E+00  2.266354E+00  2.221011E+00  2.194860E+00
  1.505000E+01  2.322098E+00  2.272188E+00  2.226124E+00  2.199085E+00
  1.506667E+01  2.328595E+00  2.278074E+00  2.231277E+00  2.203456E+00
  1.508333E+01  2.335147E+00  2.283995E+00  2.236479E+00  2.207990E+00
  1.510000E+01  2.341718E+00  2.289969E+00  2.241721E+00  2.212673E+00
  1.511667E+01  2.348345E+00  2.295985E+00  2.247011E+00  2.217484E+00
  1.513333E+01  2.354991E+00  2.302034E+00  2.252341E+00  2.222398E+00
  1.515000E+01  2.361694E+00  2.308134E+00  2.257717E+00  2.227396E+00
  1.516667E+01  2.368436E+00  2.314268E+00  2.263133E+00  2.232464E+00
  1.518333E+01  1.358139E+00  2.320452E+00  2.268598E+00  2.237590E+00
  1.520000E+01  2.964521E-02  2.326669E+00  2.274104E+00  2.242770E+00
  1.521667E+01  2.832971E-02  2.332939E+00  2.279647E+00  2.247998E+00
  1.523333E+01  2.708386E-02  2.339198E+00  2.285237E+00  2.253272E+00
  1.525000E+01  2.590336E-02  2.093512E+00  2.290863E+00  2.258591E+00
  1.526667E+01  2.478526E-02  6.357976E-01  2.296536E+00  2.263952E+00
  1.528333E+01  2.372576E-02  5.377295E-01  2.302247E+00  2.269355E+00
  1.530000E+01  2.272207E-02  5.153028E-01  2.308002E+00  2.274799E+00
  1.531667E+01  2.177092E-02  4.938670E-01  2.304559E+00  2.280285E+00
  1.533333E+01  2.086986E-02  4.733640E-01  1.824637E+00  2.285811E+00
  1.535000E+01  2.001576E-02  4.537527E-01  8.785948E-01  2.291374E+00
  1.536667E+01  1.920655E-02  4.349920E-01  7.663929E-01  2.295258E+00
  1.538333E+01  1.843954E-02  4.170454E-01  7.430941E-01  2.244184E+00
  1.540000E+01  1.771263E-02  3.998750E-01  7.211123E-01  2.025927E+00
  1.541667E+01  1.702372E-02  3.834466E-01  7.000036E-01  1.743012E+00
  1.543333E+01  1.637074E-02  3.677268E-01  6.796934E-01  1.474319E+00
  1.545000E+01  1.575184E-02  3.526845E-01  6.601337E-01  1.248399E+00
  1.546667E+01  1.516515E-02  3.382903E-01  6.412885E-01  1.072475E+00
  1.548333E+01  1.460906E-02  3.245143E-01  6.231254E-01  9.417226E-01
  1.550000E+01  1.408195E-02  3.113297E-01  6.056159E-01  8.468588E-01
  1.551667E+01  1.358217E-02  2.987099E-01  5.887323E-01  7.783371E-01
  1.553333E+01  1.310855E-02  2.866295E-01  5.724497E-01  7.281452E-01
  1.555000E+01  1.265940E-02  2.750656E-01  5.567444E-01  6.902458E-01
  1.556667E+01  1.223380E-02  2.639949E-01  5.415920E-01  6.603996E-01
  1.558333E+01  1.183012E-02  2.533960E-01  5.269702E-01  6.357713E-01
  1.560000E+01  1.144766E-02  2.432481E-01  5.128577E-01  6.145331E-01
  1.561667E+01  1.108492E-02  2.335305E-01  4.992341E-01  5.955393E-01
  1.563333E+01  1.074117E-02  2.242256E-01  4.860803E-01  5.780851E-01
  1.565000E+01  1.041527E-02  2.153143E-01  4.733772E-01  5.617430E-01
  1.566667E+01  1.010638E-02  2.067799E-01  4.611067E-01  5.462544E-01
  1.568333E+01  9.813522E-03  1.986059E-01  4.492516E-01  5.314620E-01
  1.570000E+01  9.536039E-03  1.907763E-01  4.377959E-01  5.172682E-01
  1.571667E+01  9.272996E-03  1.832768E-01  4.267237E-01  5.036102E-01
  1.573333E+01  9.023688E-03  1.760917E-01  4.160209E-01  4.904449E-01
  1.575000E+01  8.787468E-03  1.692083E-01  4.056721E-01  4.777407E-01
  1.576667E+01  8.563582E-03  1.626134E-01  3.956640E-01  4.654732E-01
  1.578333E+01  8.351489E-03  1.562945E-01  3.859833E-01  4.536215E-01
  1.580000E+01  8.150512E-03  1.502394E-01  3.766180E-01  4.421678E-01
  1.581667E+01  7.960145E-03  1.444372E-01  3.675550E-01  4.310955E-01
  1.583333E+01  7.779881E-03  1.388765E-01  3.587832E-01  4.203893E-01
  1.585000E+01  7.609079E-03  1.335469E-01  3.502919E-01  4.100349E-01
  1.586667E+01  7.447425E-03  1.284384E-01  3.420702E-01  4.000185E-01
  1.588333E+01  7.294302E-03  1.235417E-01  3.341080E-01  3.903271E-01
  1.590000E+01  7.149437E-03  1.188477E-01  3.263950E-01  3.809484E-01
  1.591667E+01  7.012307E-03  1.143477E-01  3.189226E-01  3.718703E-01
  1.593333E+01  6.882593E-03  1.100335E-01  3.116812E-01  3.630816E-01
  1.595000E+01  6.759842E-03  1.058972E-01  3.046629E-01  3.545712E-01
  1.596667E+01  6.643813E-03  1.019312E-01  2.978590E-01  3.463288E-01
  1.598333E+01  6.534071E-03  9.812789E-02  2.912618E-01  3.383443E-01
  1.600000E+01  6.430418E-03  9.448088E-02  2.848639E-01  3.306080E-01
  1.601667E+01  6.332447E-03  9.098300E-02  2.786583E-01  3.231109E-01
  1.603333E+01  6.239967E-03  8.762823E-02  2.726380E-01  3.158439E-01
  1.605000E+01  6.152668E-03  8.441025E-02  2.667961E-01  3.087989E-01
  1.606667E+01  6.070261E-03  8.132359E-02  2.611262E-01  3.019676E-01
  1.608333E+01  5.992581E-03  7.836252E-02  2.556220E-01  2.953424E-01
  1.610000E+01  5.919330E-03  7.552196E-02  2.502776E-01  2.889157E-01
  1.611667E+01  5.850359E-03  7.279660E-02  2.450873E-01  2.826806E-01
  1.613333E+01  5.785403E-03  7.018164E-02  2.400460E-01  2.766299E-01
  1.615000E+01  5.724321E-03  6.767266E-02  2.351484E-01  2.707573E-01
  1.616667E+01  5.666919E-03  6.526494E-02  2.303896E-01  2.650561E-01
  1.618333E+01  5.612951E-03  6.295424E-02  2.257645E-01  2.595205E-01
  1.620000E+01  5.562359E-03  6.073667E-02  2.212686E-01  2.541445E-01
  1.621667E+01  5.514890E-03  5.860827E-02  2.168979E-01  2.489227E-01
  1.623333E+01  5.470479E-03  5.656544E-02  2.126474E-01  2.438496E-01
  1.625000E+01  5.428907E-03  5.460448E-02  2.085131E-01  2.389199E-01
  1.626667E+01  5.390122E-03  5.272222E-02  2.044915E-01  2.341289E-01
  1.628333E+01  5.353902E-03  5.091516E-02  2.005789E-01  2.294718E-01
  1.630000E+01  5.320223E-03  4.918033E-02  1.967712E-01  2.249439E-01
  1.631667E+01  5.288930E-03  4.751469E-02  1.930653E-01  2.205408E-01
  1.633333E+01  5.259851E-03  4.591533E-02  1.894577E-01  2.162583E-01
  1.635000E+01  5.232992E-03  4.437959E-02  1.859450E-01  2.120923E-01
  1.636667E+01  5.208150E-03  4.290489E-02  1.825244E-01  2.080390E-01
  1.638333E+01  5.185334E-03  4.148861E-02  1.791930E-01  2.040946E-01
  1.640000E+01  5.164354E-03  4.012854E-02  1.759474E-01  2.002555E-01
  1.641667E+01  5.145228E-03  3.882230E-02  1.727851E-01  1.965183E-01
  1.643333E+01  5.127777E-03  3.756764E-02  1.697033E-01  1.928795E-01
  1.645000E+01  5.112022E-03  3.636252E-02  1.667000E-01  1.893361E-01
  1.646667E+01  5.097790E-03  3.520485E-02  1.637725E-01  1.858848E-01
  1.648333E+01  5.085121E-03  3.409277E-02  1.609180E-01  1.825228E-01
  1.650000E+01  5.073886E-03  3.302438E-02  1.581346E-01  1.792470E-01
  1.651667E+01  5.063989E-03  3.199796E-02  1.554199E-01  1.760549E-01
  1.653333E+01  5.055462E-03  3.101184E-02  1.527717E-01  1.729438E-01
  1.655000E+01  5.048152E-03  3.006434E-02  1.501883E-01  1.699111E-01
  1.656667E+01  5.042110E-03  2.915390E-02  1.476673E-01  1.669543E-01
  1.658333E+01  5.037182E-03  2.827907E-02  1.452072E-01  1.640711E-01
  1.660000E+01  5.033417E-03  2.743844E-02  1.428060E-01  1.612592E-01
  1.661667E+01  5.030730E-03  2.663061E-02  1.404619E-01  1.585164E-01
  1.663333E+01  5.029018E-03  2.585435E-02  1.381732E-01  1.558405E-01
  1.665000E+01  5.028350E-03  2.510828E-02  1.359383E-01  1.532294E-01
  1.666667E+01  5.028576E-03  2.439123E-02  1.337558E-01  1.506814E-01
  1.668333E+01  5.029771E-03  2.370211E-02  1.316240E-01  1.481944E-01
  1.670000E+01  5.053641E-03  2.304093E-02  1.295417E-01  1.457666E-01
  1.671667E+01  5.084441E-03  2.240928E-02  1.275083E-01  1.433963E-01
  1.673333E+01  5.116867E-03  2.180879E-02  1.255260E-01  1.410820E-01
  1.675000E+01  5.150842E-03  2.123992E-02  1.235992E-01  1.388221E-01
  1.676667E+01  5.186371E-03  2.070658E-02  1.217353E-01  1.366158E-01
  1.678333E+01  5.223447E-03  2.021090E-02  1.199421E-01  1.344627E-01
  1.680000E+01  5.262071E-03  1.974226E-02  1.182259E-01  1.323633E-01
  1.681667E+01  5.302248E-03  1.929587E-02  1.165879E-01  1.303191E-01
  1.683333E+01  5.343982E-03  1.887009E-02  1.150240E-01  1.283326E-01
  1.685000E+01  5.387287E-03  1.846374E-02  1.135281E-01  1.264069E-01
  1.686667E+01  5.432169E-03  1.807584E-02  1.120977E-01  1.245451E-01
  1.688333E+01  5.478647E-03  1.770561E-02  1.107222E-01  1.227499E-01
  1.690000E+01  5.526736E-03  1.735238E-02  1.093918E-01  1.210224E-01
  1.691667E+01  5.576457E-03  1.701545E-02  1.081014E-01  1.193628E-01
  1.693333E+01  5.627833E-03  1.669418E-02  1.068486E-01  1.177699E-01
  1.695000E+01  5.646045E-03  1.638710E-02  1.056312E-01  1.162410E-01
  1.696667E+01  5.656025E-03  1.609172E-02  1.044468E-01  1.147723E-01
  1.698333E+01  5.666425E-03  1.580536E-02  1.032919E-01  1.133596E-01
  1.700000E+01  5.677233E-03  1.552636E-02  1.021598E-01  1.119982E-01
  1.701667E+01  5.688513E-03  1.525050E-02  1.010413E-01  1.106837E-01
  1.703333E+01  5.700114E-03  1.496400E-02  9.992567E-02  1.094118E-01
  1.705000E+01  5.712093E-03  1.467841E-02  9.880333E-02  1.081779E-01
  1.706667E+01  5.724443E-03  1.440110E-02  9.766865E-02  1.069774E-01
  1.708333E+01  5.737226E-03  1.413316E-02  9.652165E-02  1.058049E-01
  1.710000E+01  5.750288E-03  1.387469E-02  9.536717E-02  1.046547E-01
  1.711667E+01  5.763693E-03  1.362544E-02  9.420668E-02  1.035208E-01
  1.713333E+01  5.777434E-03  1.338518E-02  9.304117E-02  1.023973E-01
  1.715000E+01  5.791504E-03  1.315365E-02  9.188321E-02  1.012791E-01
  1.716667E+01  5.805970E-03  1.293056E-02  9.074052E-02  1.001626E-01
  1.718333E+01  5.820676E-03  1.271557E-02  8.961602E-02  9.904480E-02
  1.720000E+01  5.855388E-03  1.250870E-02  8.851076E-02  9.792439E-02
  1.721667E+01  5.895781E-03  1.231035E-02  8.742533E-02  9.680153E-02
  1.723333E+01  5.937042E-03  1.212094E-02  8.636083E-02  9.567783E-02
  1.725000E+01  5.979178E-03  1.194069E-02  8.531943E-02  9.455580E-02
  1.726667E+01  6.022279E-03  1.177060E-02  8.430441E-02  9.343829E-02
  1.728333E+01  6.066196E-03  1.161857E-02  8.331966E-02  9.232839E-02
  1.730000E+01  6.111020E-03  1.147926E-02  8.236886E-02  9.122916E-02
  1.731667E+01  6.156764E-03  1.134780E-02  8.145383E-02  9.014361E-02
  1.733333E+01  6.203527E-03  1.122308E-02  8.057385E-02  8.907474E-02
  1.735000E+01  6.251154E-03  1.110471E-02  7.972608E-02  8.802549E-02
  1.736667E+01  6.299743E-03  1.099240E-02  7.890868E-02  8.699864E-02
  1.738333E+01  6.349310E-03  1.088594E-02  7.812221E-02  8.599673E-02
  1.740000E+01  6.399874E-03  1.078516E-02  7.736155E-02  8.502173E-02
  1.741667E+01  6.451546E-03  1.068990E-02  7.662124E-02  8.407495E-02
  1.743333E+01  6.504160E-03  1.059993E-02  7.589880E-02  8.315712E-02
  1.745000E+01  6.531693E-03  1.051490E-02  7.519332E-02  8.226859E-02
  1.746667E+01  6.552969E-03  1.043428E-02  7.450367E-02  8.140903E-02
  1.748333E+01  6.574493E-03  1.035739E-02  7.382822E-02  8.057744E-02
  1.750000E+01  6.596363E-03  1.028389E-02  7.316490E-02  7.977243E-02
  1.751667E+01  6.618381E-03  1.021285E-02  7.251011E-02  7.899230E-02
  1.753333E+01  6.640646E-03  1.013464E-02  7.185956E-02  7.823520E-02
  1.755000E+01  6.663255E-03  1.005042E-02  7.120888E-02  7.749918E-02
  1.756667E+01  6.686010E-03  9.967268E-03  7.055513E-02  7.678215E-02
  1.758333E+01  6.709008E-03  9.887230E-03  6.989756E-02  7.608193E-02
  1.760000E+01  6.732353E-03  9.810352E-03  6.923751E-02  7.539617E-02
  1.761667E+01  6.755839E-03  9.736556E-03  6.857695E-02  7.472238E-02
  1.763333E+01  6.779569E-03  9.665861E-03  6.791400E-02  7.405805E-02
  1.765000E+01  6.803541E-03  9.598124E-03  6.724903E-02  7.340082E-02
  1.766667E+01  6.827863E-03  9.533248E-03  6.658855E-02  7.274866E-02
  1.768333E+01  6.852324E-03  9.471190E-03  6.593632E-02  7.210000E-02
  1.770000E+01  6.886830E-03  9.411877E-03  6.529335E-02  7.145350E-02
  1.771667E+01  6.924166E-03  9.355303E-03  6.466036E-02  7.080817E-02
  1.773333E+01  6.961989E-03  9.301536E-03  6.403733E-02  7.016364E-02
  1.775000E+01  7.000303E-03  9.250601E-03  6.342502E-02  6.952011E-02
  1.776667E+01  7.039227E-03  9.202526E-03  6.282413E-02  6.887822E-02
  1.778333E+01  7.078544E-03  9.160290E-03  6.223581E-02  6.823885E-02
  1.780000E+01  7.118372E-03  9.124428E-03  6.166096E-02  6.760307E-02
  1.781667E+01  7.158716E-03  9.092070E-03  6.110019E-02  6.697202E-02
  1.783333E+01  7.199701E-03  9.062191E-03  6.055365E-02  6.634683E-02
  1.785000E+01  7.241102E-03  9.034686E-03  6.002062E-02  6.572868E-02
  1.786667E+01  7.283040E-03  9.009435E-03  5.950040E-02  6.511861E-02
  1.788333E+01  7.325525E-03  8.986347E-03  5.899321E-02  6.451766E-02
  1.790000E+01  7.368688E-03  8.965406E-03  5.849940E-02  6.392670E-02
  1.791667E+01  7.412291E-03  8.946577E-03  5.801703E-02  6.334642E-02
  1.793333E+01  7.456465E-03  8.929790E-03  5.754423E-02  6.277733E-02
  1.795000E+01  7.501219E-03  8.914964E-03  5.708021E-02  6.221981E-02
  1.796667E+01  7.546691E-03  8.902076E-03  5.662462E-02  6.167411E-02
  1.798333E+01  7.592634E-03  8.891109E-03  5.617740E-02  6.114035E-02
  1.800000E+01  7.639184E-03  8.882021E-03  5.573808E-02  6.061844E-02
  1.801667E+01  7.686353E-03  8.874707E-03  5.530670E-02  6.010811E-02
  1.803333E+01  7.783535E-03  8.869258E-03  5.488309E-02  5.960900E-02
  1.805000E+01  7.883169E-03  8.865860E-03  5.446728E-02  5.912071E-02
  1.806667E+01  7.985620E-03  8.864637E-03  5.406002E-02  5.864281E-02
  1.808333E+01  8.090854E-03  8.865578E-03  5.366268E-02  5.817486E-02
  1.810000E+01  8.198829E-03  8.868887E-03  5.327739E-02  5.771650E-02
  1.811667E+01  8.309806E-03  8.883523E-03  5.290706E-02  5.726746E-02
  1.813333E+01  8.424069E-03  8.919276E-03  5.255492E-02  5.682759E-02
  1.815000E+01  8.541428E-03  8.961863E-03  5.222345E-02  5.639694E-02
  1.816667E+01  8.662350E-03  9.007644E-03  5.191353E-02  5.597577E-02
  1.818333E+01  8.786818E-03  9.056430E-03  5.162441E-02  5.556453E-02
  1.820000E+01  8.914804E-03  9.108166E-03  5.135418E-02  5.516392E-02
  1.821667E+01  9.046830E-03  9.162926E-03  5.110215E-02  5.477477E-02
  1.823333E+01  9.182701E-03  9.220768E-03  5.087323E-02  5.439800E-02
  1.825000E+01  9.322781E-03  9.281663E-03  5.066670E-02  5.403447E-02
  1.826667E+01  9.467472E-03  9.345711E-03  5.047463E-02  5.368489E-02
  1.828333E+01  9.507241E-03  9.412851E-03  5.029344E-02  5.334978E-02
  1.830000E+01  9.547240E-03  9.482985E-03  5.012201E-02  5.302967E-02
  1.831667E+01  9.587360E-03  9.556176E-03  4.995913E-02  5.272504E-02
  1.833333E+01  9.628026E-03  9.632494E-03  4.980300E-02  5.243611E-02
  1.835000E+01  9.669032E-03  9.712196E-03  4.965100E-02  5.216275E-02
  1.836667E+01  9.710384E-03  9.789257E-03  4.949916E-02  5.190455E-02
  1.838333E+01  9.752085E-03  9.833280E-03  4.934273E-02  5.166083E-02
  1.840000E+01  9.793921E-03  9.854875E-03  4.917743E-02  5.143074E-02
  1.841667E+01  9.836334E-03  9.874194E-03  4.899987E-02  5.121324E-02
  1.843333E+01  9.879111E-03  9.894098E-03  4.880908E-02  5.100708E-02
  1.845000E+01  9.922258E-03  9.914693E-03  4.860661E-02  5.081089E-02
  1.846667E+01  9.965550E-03  9.935952E-03  4.839518E-02  5.062310E-02
  1.848333E+01  1.000945E-02  9.957834E-03  4.817361E-02  5.044198E-02
  1.850000E+01  1.005373E-02  9.980294E-03  4.793140E-02  5.026574E-02
  1.851667E+01  1.009840E-02  1.000339E-02  4.766889E-02  5.009254E-02
  1.853333E+01  1.018793E-02  1.002716E-02  4.739968E-02  4.992069E-02
  1.855000E+01  1.027939E-02  1.005158E-02  4.713131E-02  4.974864E-02
  1.856667E+01  1.037227E-02  1.007661E-02  4.686605E-02  4.957483E-02
  1.858333E+01  1.046712E-02  1.010230E-02  4.660480E-02  4.939759E-02
  1.860000E+01  1.056373E-02  1.012867E-02  4.634872E-02  4.921549E-02
  1.861667E+01  1.066190E-02  1.015713E-02  4.609909E-02  4.902757E-02
  1.863333E+01  1.076219E-02  1.019844E-02  4.585751E-02  4.883336E-02
  1.865000E+01  1.086414E-02  1.025281E-02  4.562549E-02  4.863280E-02
  1.866667E+01  1.096832E-02  1.031090E-02  4.540409E-02  4.842623E-02
  1.868333E+01  1.107426E-02  1.037060E-02  4.519373E-02  4.821432E-02
  1.870000E+01  1.118256E-02  1.043187E-02  4.499412E-02  4.799798E-02
  1.871667E+01  1.129272E-02  1.049462E-02  4.480413E-02  4.777832E-02
  1.873333E+01  1.140539E-02  1.055890E-02  4.462352E-02  4.755657E-02
  1.875000E+01  1.152034E-02  1.062474E-02  4.445506E-02  4.733398E-02
  1.876667E+01  1.163734E-02  1.069217E-02  4.430134E-02  4.711181E-02
  1.878333E+01  1.169760E-02  1.076120E-02  4.415889E-02  4.689121E-02
  1.880000E+01  1.175832E-02  1.083187E-02  4.402331E-02  4.667325E-02
  1.881667E+01  1.181935E-02  1.090423E-02  4.389285E-02  4.645885E-02
  1.883333E+01  1.188131E-02  1.097837E-02  4.376674E-02  4.624889E-02
  1.885000E+01  1.194392E-02  1.105446E-02  4.364409E-02  4.604423E-02
  1.886667E+01  1.200718E-02  1.113191E-02  4.352383E-02  4.584551E-02
  1.888333E+01  1.207110E-02  1.120146E-02  4.340459E-02  4.565318E-02
  1.890000E+01  1.213536E-02  1.125434E-02  4.328483E-02  4.546753E-02
  1.891667E+01  1.220063E-02  1.130098E-02  4.316314E-02  4.528863E-02
  1.893333E+01  1.226660E-02  1.134738E-02  4.303876E-02  4.511642E-02
  1.895000E+01  1.233327E-02  1.139440E-02  4.291153E-02  4.495071E-02
  1.896667E+01  1.240031E-02  1.144205E-02  4.278215E-02  4.479115E-02
  1.898333E+01  1.246843E-02  1.149027E-02  4.265150E-02  4.463733E-02
  1.900000E+01  1.253729E-02  1.153904E-02  4.251867E-02  4.448875E-02
  1.901667E+01  1.260691E-02  1.158832E-02  4.237909E-02  4.434485E-02
  1.903333E+01  1.267729E-02  1.163823E-02  4.223116E-02  4.420504E-02
  1.905000E+01  1.274808E-02  1.168877E-02  4.207947E-02  4.406874E-02
  1.906667E+01  1.282003E-02  1.173986E-02  4.192824E-02  4.393540E-02
  1.908333E+01  1.289279E-02  1.179148E-02  4.177905E-02  4.380446E-02
  1.910000E+01  1.296638E-02  1.184374E-02  4.163231E-02  4.367530E-02
  1.911667E+01  1.304041E-02  1.189666E-02  4.148818E-02  4.354730E-02
  1.913333E+01  1.311567E-02  1.195019E-02  4.134659E-02  4.341990E-02
  1.915000E+01  1.319180E-02  1.200430E-02  4.120751E-02  4.329264E-02
  1.916667E+01  1.326881E-02  1.205895E-02  4.107104E-02  4.316521E-02
  1.918333E+01  1.334671E-02  1.211427E-02  4.093711E-02  4.303738E-02
  1.920000E+01  1.342512E-02  1.217027E-02  4.080573E-02  4.290903E-02
  1.921667E+01  1.350486E-02  1.222688E-02  4.067689E-02  4.278013E-02
  1.923333E+01  1.358555E-02  1.228406E-02  4.055057E-02  4.265072E-02
  1.925000E+01  1.366720E-02  1.234193E-02  4.042681E-02  4.252091E-02
  1.926667E+01  1.374939E-02  1.240051E-02  4.030554E-02  4.239084E-02
  1.928333E+01  1.386623E-02  1.245976E-02  4.018666E-02  4.226068E-02
  1.930000E+01  1.398481E-02  1.251963E-02  4.007021E-02  4.213064E-02
  1.931667E+01  1.410545E-02  1.258005E-02  3.995630E-02  4.200092E-02
  1.933333E+01  1.422866E-02  1.264110E-02  3.984503E-02  4.187171E-02
  1.935000E+01  1.435357E-02  1.270279E-02  3.973659E-02  4.174322E-02
  1.936667E+01  1.448070E-02  1.276507E-02  3.963123E-02  4.161563E-02
  1.938333E+01  1.461011E-02  1.283000E-02  3.952932E-02  4.148911E-02
  1.940000E+01  1.474236E-02  1.290389E-02  3.943136E-02  4.136383E-02
  1.941667E+01  1.487652E-02  1.298582E-02  3.933788E-02  4.123996E-02
  1.943333E+01  1.501316E-02  1.307089E-02  3.924921E-02  4.111764E-02
  1.945000E+01  1.515285E-02  1.315757E-02  3.916557E-02  4.099703E-02
  1.946667E+01  1.529464E-02  1.324565E-02  3.908688E-02  4.087827E-02
  1.948333E+01  1.543912E-02  1.333508E-02  3.901292E-02  4.076151E-02
  1.950000E+01  1.558690E-02  1.342594E-02  3.894339E-02  4.064688E-02
  1.951667E+01  1.573699E-02  1.351837E-02  3.887890E-02  4.053454E-02
  1.953333E+01  1.586824E-02  1.361232E-02  3.882143E-02  4.042463E-02
  1.955000E+01  1.600207E-02  1.370777E-02  3.877198E-02  4.031727E-02
  1.956667E+01  1.613759E-02  1.380487E-02  3.872897E-02  4.021260E-02
  1.958333E+01  1.627601E-02  1.390366E-02  3.869040E-02  4.011073E-02
  1.960000E+01  1.641683E-02  1.400411E-02  3.865513E-02  4.001178E-02
  1.961667E+01  1.655948E-02  1.410640E-02  3.862275E-02  3.991587E-02
  1.963333E+01  1.670525E-02  1.421000E-02  3.859298E-02  3.982314E-02
  1.965000E+01  1.685296E-02  1.431172E-02  3.856564E-02  3.973372E-02
  1.966667E+01  1.700396E-02  1.440991E-02  3.854049E-02  3.964774E-02
  1.968333E+01  1.715703E-02  1.450714E-02  3.851719E-02  3.956529E-02
  1.970000E+01  1.731354E-02  1.460531E-02  3.849571E-02  3.948642E-02
  1.971667E+01  1.747224E-02  1.470493E-02  3.847593E-02  3.941116E-02
  1.973333E+01  1.763457E-02  1.480597E-02  3.845800E-02  3.933953E-02
  1.975000E+01  1.779923E-02  1.490842E-02  3.844202E-02  3.927148E-02
  1.976667E+01  1.796772E-02  1.501235E-02  3.842806E-02  3.920700E-02
  1.978333E+01  1.808309E-02  1.511779E-02  3.841554E-02  3.914599E-02
  1.980000E+01  1.819913E-02  1.522483E-02  3.840322E-02  3.908838E-02
  1.981667E+01  1.831663E-02  1.533353E-02  3.839075E-02  3.903408E-02
