

          OTIS SOLUTE TRANSPORT MODEL W/ PARAMETER ESTIMATION
                      Version: MOD40 (May 1997)     
                      -----------------------------


          Runtime Information
          -------------------
          Date and Time :  



          I/O Files
          ---------
          PARAMETER FILE     : params.inp                              
          FLOW FILE          : q.inp                                   
          DATA FILE          : data.inp                                
          STARPAC INPUT FILE : star.inp                                
          PARAMETER ESTIMATES: params.out                              
          STARPAC OUTPUT FILE: star.out                                






          Input Data
          ----------

          Clackamas River -- 1992 Rhodamine                                               


          Print Option                              :     2
          Requested Print Interval              [hr]:   1.00000E-01
          Integration Time Step                 [hr]:   2.00000E-02
          Starting Time                         [hr]:   1.00900E+01
          Ending Time                           [hr]:   1.80000E+01
          Starting Distance                      [L]:   0.00000E+00
          Downstream Boundary Condition [mass/L^2-s]:   0.00000E+00
          Simulation Type  [dynamic or steady-state]:       Dynamic



          Number of Reaches  :     2


          Reach Information
          -----------------

          Reach   Start    End    Start           End
          No.     Seg.     Seg.   Distance [L]    Distance [L]
          ----------------------------------------------------
              1       1     121       0.000        2414.000
              2     122     261    2414.000        5214.000



          Number of Spatial Segments    :  261


          Reach Parameters
          ----------------

          Reach  No.     Reach         Segment      Dispersion
          No.    Segs.   Length [L]    Length [L]   Coeff.[L^2/s]
          --------------------------------------------------------
             1     121     2414.000       19.950    1.99700E+00
             2     140     2800.000       20.000    4.02711E-01


          Storage Parameters
          ------------------
                 Storage      Storage
          Reach  Zone Area    Rate
          No.    [L^2]        [/sec]
          ---------------------------------
              1  7.00654E+00  2.06252E-04
              2  1.43993E+01  1.66833E-04



          Number of Solutes:   1
          Decay Option     :   1
          Sorption Option  :   0


          Decay Coefficients, Solute #  1
          --------------------------------
                           Coefficient
          Reach        Channel       Storage
          No.         [/second]     [/second]
          ------------------------------------
              1       8.850E-06     8.850E-06
              2       8.850E-06     8.850E-06



          Number of Print Locations :   2
          Interpolation Option      :   0

          Printing Information
          --------------------
          Requested         Effective
          Print             Print
          Location [L]      Location [L]
          ------------------------------
              2414.000          2404.025
              4828.000          4824.000



          Flow and Area Data
          ------------------
          Flow Option                              :   Steady  
          Flow interval                       [hr] :   0.00000E+00


          Initial Flow and Area Values
          ----------------------------

          Flowrate at Upstream Boundary    [L^3/sec]:   1.70900E+01


                    Lateral         Lateral         X-sect.
          Reach     Inflow          Outflow         Area
          No.       [L^3/s-L]       [L^3/s-L]       [L^2]
          -------------------------------------------------------
              1     0.00000E+00     0.00000E+00     3.03968E+01
              2     0.00000E+00     0.00000E+00     4.81515E+01


          Initial Lateral Inflow Concentrations, Solute #  1
          ---------------------------------------------------
                     Inflow
          Reach      Concent.
          No.        [mass/L^3]
          -----------------------
             1       0.00000E+00
             2       0.00000E+00


          Number of Upstream Boundary Conditions:  26
          Boundary Condition Option             :   3


          Upstream Boundary Conditions, Solute #  1
          -------------------------------------------
          Begin                Concentration
          Time [hour]          [mass/L^3]
          ----------------------------------
           1.0080E+01           0.0000E+00
           1.0170E+01           1.7200E+00
           1.0230E+01           9.1200E+00
           1.0300E+01           1.6210E+01
           1.0370E+01           2.0210E+01
           1.0430E+01           2.2870E+01
           1.0500E+01           2.1060E+01
           1.0570E+01           1.8110E+01
           1.0600E+01           1.5170E+01
           1.0670E+01           1.4120E+01
           1.0730E+01           1.0230E+01
           1.0800E+01           9.6600E+00
           1.0830E+01           8.6000E+00
           1.1080E+01           3.2300E+00
           1.1170E+01           2.4800E+00
           1.1250E+01           1.9800E+00
           1.1330E+01           1.4200E+00
           1.1500E+01           1.1100E+00
           1.1670E+01           6.7000E-01
           1.1830E+01           5.8000E-01
           1.2000E+01           3.7000E-01
           1.2250E+01           2.5000E-01
           1.2500E+01           1.9000E-01
           1.3000E+01           8.0000E-02
           1.3500E+01           0.0000E+00
           1.8000E+01           0.0000E+00


          STARPAC Input Parameters
          ------------------------
          Weight Revision Option                 :       0
          Variance/Covariance Option, IVAPRX     :       1
          Maximum Number of Iterations, MIT      :     100
          STARPAC Print Option, NPRT             :   22222
          Maximum Scaled Change, DELTA           :   1.00000E+00
          Convergence Test Stopping Value, STOPP :   1.00000E-05
          Convergence Test Stopping Value, STOPSS:   1.00000E-05


          Model Parameters

          Parameter                                Status             SCALE
          --------------------------------------------------------------------
          Dispersion Coefficient                   Estimated       0.00000E+00
          Main Channel Cross-Sectional Area        Estimated       0.00000E+00
          Storage Zone Area                        Estimated       0.00000E+00
          Storage Zone Exchange Coefficient        Estimated       0.00000E+00
          Main Channel First-Order Decay Rate      Fixed           0.00000E+00
          Storage Zone First-Order Decay Rate      Fixed           0.00000E+00
          Accessible Sediment/Volume Water         Fixed           0.00000E+00
          Distribution Coefficient                 Fixed           0.00000E+00
          Main Channel Sorption Rate Coefficient   Fixed           0.00000E+00
          Storage Zone Sorption Rate Coefficient   Fixed           0.00000E+00


          Observed Concentration Data, Reach #  1
          ---------------------------------------
          Number of Observations: 27

                Time     Concentration
          ----------------------------------------
            11.0000      0.0000E+00
            11.2500      2.3000E-01
            11.3300      1.1000E+00
            11.4200      4.4100E+00
            11.5000      8.1900E+00
            11.5800      1.1000E+01
            11.6700      1.2350E+01
            11.7000      1.2880E+01
            11.7500      1.2490E+01
            11.8300      1.2060E+01
            11.9200      1.1380E+01
            12.0000      9.5600E+00
            12.0800      8.3800E+00
            12.1700      7.4500E+00
            12.2500      6.5900E+00
            12.3300      5.7000E+00
            12.4200      5.1100E+00
            12.5000      4.3200E+00
            12.5800      3.7200E+00
            12.6700      3.2300E+00
            12.7500      2.8800E+00
            12.8300      2.5000E+00
            12.9200      2.1500E+00
            13.0000      1.8600E+00
            13.2500      1.2000E+00
            13.5000      8.9000E-01
            14.5000      0.0000E+00


          Observed Concentration Data, Reach #  2
          ---------------------------------------
          Number of Observations: 18

                Time     Concentration
          ----------------------------------------
            12.7500      0.0000E+00
            13.0300      3.7000E-01
            13.4700      4.0700E+00
            13.5500      5.2300E+00
            13.6300      6.0000E+00
            13.7500      6.3300E+00
            14.0000      6.0300E+00
            14.2500      5.4400E+00
            14.5000      4.6800E+00
            14.7500      4.0200E+00
            15.0000      3.2800E+00
            15.2500      2.4000E+00
            15.5000      2.0600E+00
            15.7500      1.5200E+00
            16.0000      1.0100E+00
            16.2500      7.9000E-01
            16.5000      4.9000E-01
            17.2500      0.0000E+00


          Output Files for Solutes
          ------------------------
          Solute #            File Name
          ---------------------------------
                1             solute.out                              


          Initial Conditions at the Print Locations
          -----------------------------------------

          Location  Prev.    Inter.         Flow
          [L]       Seg.     Weight        [L^3/sec]
          ----------------------------------------------
            2404.02   121   0.000000E+00   1.709000E+01
            4824.00   242   0.000000E+00   1.709000E+01


          Initial Conditions, Solute #  1
          --------------------------------
                              Concentration
          Location        Channel       Storage
          [L]            [mass/L^3]    [mass/L^3]
          -----------------------------------------
            2404.02       0.000E+00     0.000E+00
            4824.00       0.000E+00     0.000E+00
