


  Parameter Estimation, Reach #  1
  --------------------------------

   Dispersion      X-sect.      Storage       Storage  
     Coeff.         Area       Zone Area        Rate   
  ------------------------------------------------------------
  1.99700E+00   3.03968E+01   7.00654E+00   2.06252E-04
  1.99700E+00   3.03968E+01   7.00654E+00   2.06252E-04
  1.99700E+00   3.03968E+01   7.00654E+00   2.06252E-04
  1.99700E+00   3.03968E+01   7.00654E+00   2.06252E-04
  1.99700E+00   3.03968E+01   7.00654E+00   2.06252E-04
  1.99700E+00   3.03968E+01   7.00654E+00   2.06252E-04
  1.99729E+00   3.03968E+01   7.00654E+00   2.06252E-04
  1.99671E+00   3.03968E+01   7.00654E+00   2.06252E-04
  1.99705E+00   3.03968E+01   7.00654E+00   2.06252E-04
  1.99700E+00   3.04012E+01   7.00654E+00   2.06252E-04
  1.99700E+00   3.03925E+01   7.00654E+00   2.06252E-04
  1.99700E+00   3.03969E+01   7.00654E+00   2.06252E-04
  1.99700E+00   3.03968E+01   7.00755E+00   2.06252E-04
  1.99700E+00   3.03968E+01   7.00553E+00   2.06252E-04
  1.99700E+00   3.03968E+01   7.00656E+00   2.06252E-04
  1.99700E+00   3.03968E+01   7.00654E+00   2.06281E-04
  1.99700E+00   3.03968E+01   7.00654E+00   2.06222E-04
  1.99700E+00   3.03968E+01   7.00654E+00   2.06252E-04
  1.99700E+00   3.03968E+01   7.00654E+00   2.06252E-04
  1.99705E+00   3.03968E+01   7.00654E+00   2.06252E-04
  1.99700E+00   3.03969E+01   7.00654E+00   2.06252E-04
  1.99700E+00   3.03968E+01   7.00656E+00   2.06252E-04
  1.99700E+00   3.03968E+01   7.00654E+00   2.06252E-04
  1.96304E+00   3.04011E+01   7.02556E+00   2.06475E-04
  1.96309E+00   3.04011E+01   7.02556E+00   2.06475E-04
  1.96304E+00   3.04012E+01   7.02556E+00   2.06475E-04
  1.96304E+00   3.04011E+01   7.02558E+00   2.06475E-04
  1.96304E+00   3.04011E+01   7.02556E+00   2.06476E-04
  1.96123E+00   3.04000E+01   7.02586E+00   2.06561E-04
  1.96129E+00   3.04000E+01   7.02586E+00   2.06561E-04
  1.96123E+00   3.04000E+01   7.02586E+00   2.06561E-04
  1.96123E+00   3.04000E+01   7.02588E+00   2.06561E-04
  1.96123E+00   3.04000E+01   7.02586E+00   2.06562E-04
  1.96123E+00   3.04000E+01   7.02586E+00   2.06561E-04
  1.96129E+00   3.04000E+01   7.02586E+00   2.06561E-04
  1.96123E+00   3.04000E+01   7.02586E+00   2.06561E-04
  1.96123E+00   3.04000E+01   7.02588E+00   2.06561E-04
  1.96123E+00   3.04000E+01   7.02586E+00   2.06562E-04


  Estimated Parameters, Reach #  1
  --------------------------------

   Dispersion      X-sect.      Storage       Storage  
     Coeff.         Area       Zone Area        Rate   
  ------------------------------------------------------------
  1.96123E+00   3.04000E+01   7.02586E+00   2.06561E-04



  Parameter Estimation, Reach #  2
  --------------------------------

   Dispersion      X-sect.      Storage       Storage  
     Coeff.         Area       Zone Area        Rate   
  ------------------------------------------------------------
  4.02711E-01   4.81515E+01   1.43993E+01   1.66832E-04
  4.02711E-01   4.81515E+01   1.43993E+01   1.66832E-04
  4.02711E-01   4.81515E+01   1.43993E+01   1.66833E-04
  4.02711E-01   4.81515E+01   1.43993E+01   1.66833E-04
  4.02711E-01   4.81515E+01   1.43993E+01   1.66833E-04
  4.02711E-01   4.81515E+01   1.43993E+01   1.66833E-04
  4.02769E-01   4.81515E+01   1.43993E+01   1.66833E-04
  4.02653E-01   4.81515E+01   1.43993E+01   1.66833E-04
  4.02726E-01   4.81515E+01   1.43993E+01   1.66833E-04
  4.02711E-01   4.81584E+01   1.43993E+01   1.66833E-04
  4.02711E-01   4.81446E+01   1.43993E+01   1.66833E-04
  4.02711E-01   4.81515E+01   1.43993E+01   1.66833E-04
  4.02711E-01   4.81515E+01   1.44013E+01   1.66833E-04
  4.02711E-01   4.81515E+01   1.43972E+01   1.66833E-04
  4.02711E-01   4.81515E+01   1.43993E+01   1.66833E-04
  4.02711E-01   4.81515E+01   1.43993E+01   1.66857E-04
  4.02711E-01   4.81515E+01   1.43993E+01   1.66808E-04
  4.02711E-01   4.81515E+01   1.43993E+01   1.66833E-04
  4.02711E-01   4.81515E+01   1.43993E+01   1.66833E-04
  4.02726E-01   4.81515E+01   1.43993E+01   1.66833E-04
  4.02711E-01   4.81515E+01   1.43993E+01   1.66833E-04
  4.02711E-01   4.81515E+01   1.43993E+01   1.66833E-04
  4.02711E-01   4.81515E+01   1.43993E+01   1.66833E-04
  4.06867E-01   4.81488E+01   1.43810E+01   1.66610E-04
  4.06948E-01   4.81488E+01   1.43810E+01   1.66610E-04
  4.06867E-01   4.81489E+01   1.43810E+01   1.66610E-04
  4.06867E-01   4.81488E+01   1.43810E+01   1.66610E-04
  4.06867E-01   4.81488E+01   1.43810E+01   1.66610E-04
  4.04956E-01   4.81486E+01   1.43824E+01   1.66630E-04
  4.06867E-01   4.81488E+01   1.43810E+01   1.66610E-04
  4.06948E-01   4.81488E+01   1.43810E+01   1.66610E-04
  4.06867E-01   4.81489E+01   1.43810E+01   1.66610E-04
  4.06867E-01   4.81488E+01   1.43810E+01   1.66610E-04
  4.06867E-01   4.81488E+01   1.43810E+01   1.66610E-04


  Estimated Parameters, Reach #  2
  --------------------------------

   Dispersion      X-sect.      Storage       Storage  
     Coeff.         Area       Zone Area        Rate   
  ------------------------------------------------------------
  4.06867E-01   4.81488E+01   1.43810E+01   1.66610E-04
