  1.009000E+01  0.000000E+00  0.000000E+00  0.000000E+00  0.000000E+00
  1.019000E+01  3.631259E-35  5.513171E-96  1.193658E-36  1.110394E-97
  1.029000E+01  1.341292E-28  1.551605E-87  4.733301E-30  3.218643E-89
  1.039000E+01  2.596808E-23  2.591678E-80  9.891791E-25  5.541050E-82
  1.049000E+01  7.135543E-19  7.022640E-74  2.953134E-20  1.548649E-75
  1.059000E+01  4.371747E-15  4.900929E-68  1.981244E-16  1.115614E-69
  1.069000E+01  7.716040E-12  1.151367E-62  3.865947E-13  2.707671E-64
  1.079000E+01  4.616347E-09  1.084681E-57  2.587304E-10  2.637665E-59
  1.089000E+01  1.046170E-06  4.635274E-53  6.655166E-08  1.166660E-54
  1.099000E+01  9.737163E-05  9.845390E-49  7.158305E-06  2.567436E-50
  1.109000E+01  3.966597E-03  1.115157E-44  3.445548E-04  3.016354E-46
  1.119000E+01  7.463109E-02  7.121704E-41  7.876278E-03  2.000462E-42
  1.129000E+01  6.785579E-01  2.682623E-37  9.029166E-02  7.835587E-39
  1.139000E+01  3.095473E+00  6.185620E-34  5.465865E-01  1.881379E-35
  1.149000E+01  7.512713E+00  9.005390E-31  1.863456E+00  2.856606E-32
  1.159000E+01  1.126580E+01  8.496758E-28  3.996664E+00  2.815764E-29
  1.169000E+01  1.275736E+01  5.312093E-25  6.250863E+00  1.842558E-26
  1.179000E+01  1.222022E+01  2.242668E-22  7.975495E+00  8.159060E-24
  1.189000E+01  1.102186E+01  6.498251E-20  8.948839E+00  2.485443E-21
  1.199000E+01  9.828009E+00  1.310379E-17  9.320413E+00  5.282914E-19
  1.209000E+01  8.674570E+00  1.860898E-15  9.268744E+00  7.931476E-17
  1.219000E+01  7.380948E+00  1.879939E-13  8.896237E+00  8.499549E-15
  1.229000E+01  6.127214E+00  1.362427E-11  8.270391E+00  6.559513E-13
  1.239000E+01  5.118859E+00  7.131931E-10  7.507190E+00  3.673082E-11
  1.249000E+01  4.297539E+00  2.711083E-08  6.709473E+00  1.501536E-09
  1.259000E+01  3.603704E+00  7.512321E-07  5.924572E+00  4.502807E-08
  1.269000E+01  3.050666E+00  1.520767E-05  5.188713E+00  9.940633E-07
  1.279000E+01  2.555749E+00  2.250254E-04  4.514545E+00  1.619270E-05
  1.289000E+01  2.130177E+00  2.430615E-03  3.900490E+00  1.948349E-04
  1.299000E+01  1.793756E+00  1.910508E-02  3.353122E+00  1.731744E-03
  1.309000E+01  1.506086E+00  1.087603E-01  2.873325E+00  1.136523E-02
  1.319000E+01  1.250468E+00  4.460561E-01  2.451933E+00  5.508739E-02
  1.329000E+01  1.042066E+00  1.314225E+00  2.083948E+00  1.978598E-01
  1.339000E+01  8.725912E-01  2.800077E+00  1.766813E+00  5.323754E-01
  1.349000E+01  7.316494E-01  4.441475E+00  1.495290E+00  1.099934E+00
  1.359000E+01  6.169707E-01  5.597276E+00  1.264306E+00  1.822015E+00
  1.369000E+01  5.213702E-01  6.133223E+00  1.068808E+00  2.560418E+00
  1.379000E+01  4.408807E-01  6.298497E+00  9.035319E-01  3.221050E+00
  1.389000E+01  3.726668E-01  6.315585E+00  7.638452E-01  3.773749E+00
  1.399000E+01  3.141297E-01  6.236634E+00  6.456241E-01  4.218991E+00
  1.409000E+01  2.634445E-01  6.029296E+00  5.452934E-01  4.555754E+00
  1.419000E+01  2.195609E-01  5.725428E+00  4.598725E-01  4.782777E+00
  1.429000E+01  1.820830E-01  5.391280E+00  3.870369E-01  4.908893E+00
  1.439000E+01  1.496779E-01  5.062570E+00  3.248911E-01  4.951540E+00
  1.449000E+01  1.208288E-01  4.728795E+00  2.716200E-01  4.926208E+00
  1.459000E+01  9.508897E-02  4.396435E+00  2.256558E-01  4.844867E+00
  1.469000E+01  7.322676E-02  4.069845E+00  1.858955E-01  4.718747E+00
  1.479000E+01  5.707062E-02  3.747128E+00  1.519640E-01  4.556871E+00
  1.489000E+01  4.538550E-02  3.439040E+00  1.237236E-01  4.367435E+00
  1.499000E+01  3.594833E-02  3.148074E+00  1.004513E-01  4.158687E+00
  1.509000E+01  2.843790E-02  2.869482E+00  8.133021E-02  3.936767E+00
  1.519000E+01  2.245539E-02  2.607115E+00  6.567970E-02  3.706624E+00
  1.529000E+01  1.770437E-02  2.364602E+00  5.291260E-02  3.473149E+00
  1.539000E+01  1.393770E-02  2.140306E+00  4.253007E-02  3.240444E+00
  1.549000E+01  1.095664E-02  1.933481E+00  3.411122E-02  3.011573E+00
  1.559000E+01  8.601318E-03  1.743773E+00  2.730310E-02  2.788990E+00
  1.569000E+01  6.743365E-03  1.569734E+00  2.181150E-02  2.574511E+00
  1.579000E+01  5.279988E-03  1.410421E+00  1.739238E-02  2.369389E+00
  1.589000E+01  4.129070E-03  1.264897E+00  1.384425E-02  2.174490E+00
  1.599000E+01  3.225163E-03  1.132109E+00  1.100149E-02  1.990332E+00
  1.609000E+01  2.516205E-03  1.011233E+00  8.728438E-03  1.817166E+00
  1.619000E+01  1.960872E-03  9.014903E-01  6.914377E-03  1.655056E+00
  1.629000E+01  1.526417E-03  8.020157E-01  5.469248E-03  1.503904E+00
  1.639000E+01  1.186940E-03  7.118195E-01  4.320005E-03  1.363460E+00
  1.649000E+01  9.219884E-04  6.301347E-01  3.407575E-03  1.233357E+00
  1.659000E+01  7.154369E-04  5.566088E-01  2.684303E-03  1.113194E+00
  1.669000E+01  5.545915E-04  4.910619E-01  2.111841E-03  1.002602E+00
  1.679000E+01  4.294739E-04  4.329977E-01  1.659402E-03  9.012260E-01
  1.689000E+01  3.322512E-04  3.814294E-01  1.302323E-03  8.086358E-01
  1.699000E+01  2.567825E-04  3.355453E-01  1.020885E-03  7.243067E-01
  1.709000E+01  1.982603E-04  2.948622E-01  7.993532E-04  6.477004E-01
  1.719000E+01  1.529247E-04  2.588383E-01  6.251965E-04  5.782866E-01
  1.729000E+01  1.178395E-04  2.269814E-01  4.884508E-04  5.155364E-01
  1.739000E+01  9.071378E-05  1.988529E-01  3.812072E-04  4.589359E-01
  1.749000E+01  6.976238E-05  1.740464E-01  2.971979E-04  4.079885E-01
  1.759000E+01  5.359570E-05  1.521980E-01  2.314633E-04  3.622197E-01
  1.769000E+01  4.113323E-05  1.329774E-01  1.800846E-04  3.211798E-01
  1.779000E+01  3.153562E-05  1.160877E-01  1.399698E-04  2.844451E-01
  1.789000E+01  2.415157E-05  1.012622E-01  1.086824E-04  2.516190E-01
  1.799000E+01  1.847620E-05  8.826197E-02  8.430528E-05  2.223324E-01
  1.809000E+01  1.411850E-05  7.687355E-02  6.533152E-05  1.962433E-01
