


  Parameter Estimation, Reach #  1
  --------------------------------

   Dispersion      X-sect.      Storage       Storage  
     Coeff.         Area       Zone Area        Rate   
  ------------------------------------------------------------
  2.00000E-01   3.30000E+01   1.50000E+01   5.00000E-05
  2.00000E-01   3.30000E+01   1.50000E+01   5.00000E-05
  2.00000E-01   3.30000E+01   1.50000E+01   5.00000E-05
  2.00000E-01   3.30000E+01   1.50000E+01   5.00000E-05
  2.00000E-01   3.30000E+01   1.50000E+01   5.00000E-05
  2.00000E-01   3.30000E+01   1.50000E+01   5.00000E-05
  2.00029E-01   3.30000E+01   1.50000E+01   5.00000E-05
  1.99971E-01   3.30000E+01   1.50000E+01   5.00000E-05
  2.00004E-01   3.30000E+01   1.50000E+01   5.00000E-05
  2.00000E-01   3.30048E+01   1.50000E+01   5.00000E-05
  2.00000E-01   3.29952E+01   1.50000E+01   5.00000E-05
  2.00000E-01   3.30000E+01   1.50000E+01   5.00000E-05
  2.00000E-01   3.30000E+01   1.50022E+01   5.00000E-05
  2.00000E-01   3.30000E+01   1.49978E+01   5.00000E-05
  2.00000E-01   3.30000E+01   1.50001E+01   5.00000E-05
  2.00000E-01   3.30000E+01   1.50000E+01   5.00072E-05
  2.00000E-01   3.30000E+01   1.50000E+01   4.99928E-05
  2.00000E-01   3.30000E+01   1.50000E+01   5.00003E-05
  2.00000E-01   3.30000E+01   1.50000E+01   5.00000E-05
  2.00004E-01   3.30000E+01   1.50000E+01   5.00000E-05
  2.00000E-01   3.30000E+01   1.50000E+01   5.00000E-05
  2.00000E-01   3.30000E+01   1.50001E+01   5.00000E-05
  2.00000E-01   3.30000E+01   1.50000E+01   5.00003E-05
  4.20033E-01   3.29762E+01   1.31891E+01   5.44131E-05
  1.01214E+00   3.28397E+01   5.28804E+00   6.79583E-05
  1.01216E+00   3.28397E+01   5.28804E+00   6.79583E-05
  1.01214E+00   3.28397E+01   5.28804E+00   6.79583E-05
  1.01214E+00   3.28397E+01   5.28809E+00   6.79583E-05
  1.01214E+00   3.28397E+01   5.28804E+00   6.79588E-05
  3.96711E+00   3.17343E+01   5.46103E+00   1.21770E-04
  3.96719E+00   3.17343E+01   5.46103E+00   1.21770E-04
  3.96711E+00   3.17343E+01   5.46103E+00   1.21770E-04
  3.96711E+00   3.17343E+01   5.46107E+00   1.21770E-04
  3.96711E+00   3.17343E+01   5.46103E+00   1.21771E-04
  3.45295E+00   3.07710E+01   6.58100E+00   1.77868E-04
  3.45302E+00   3.07710E+01   6.58100E+00   1.77868E-04
  3.45295E+00   3.07710E+01   6.58100E+00   1.77868E-04
  3.45295E+00   3.07710E+01   6.58104E+00   1.77868E-04
  3.45295E+00   3.07710E+01   6.58100E+00   1.77869E-04
  2.17135E+00   3.04639E+01   6.98306E+00   2.00367E-04
  2.17139E+00   3.04639E+01   6.98306E+00   2.00367E-04
  2.17135E+00   3.04639E+01   6.98306E+00   2.00367E-04
  2.17135E+00   3.04639E+01   6.98311E+00   2.00367E-04
  2.17135E+00   3.04639E+01   6.98306E+00   2.00368E-04
  1.98714E+00   3.04166E+01   7.02799E+00   2.04530E-04
  1.98718E+00   3.04166E+01   7.02799E+00   2.04530E-04
  1.98714E+00   3.04167E+01   7.02799E+00   2.04530E-04
  1.98714E+00   3.04166E+01   7.02804E+00   2.04530E-04
  1.98714E+00   3.04166E+01   7.02799E+00   2.04531E-04
  1.92923E+00   3.04003E+01   7.04175E+00   2.05775E-04
  1.92927E+00   3.04003E+01   7.04175E+00   2.05775E-04
  1.92923E+00   3.04003E+01   7.04175E+00   2.05775E-04
  1.92923E+00   3.04003E+01   7.04180E+00   2.05775E-04
  1.92923E+00   3.04003E+01   7.04175E+00   2.05777E-04
  1.92799E+00   3.03999E+01   7.04185E+00   2.05800E-04
  1.92803E+00   3.03999E+01   7.04185E+00   2.05800E-04
  1.92799E+00   3.03999E+01   7.04185E+00   2.05800E-04
  1.92799E+00   3.03999E+01   7.04190E+00   2.05800E-04
  1.92799E+00   3.03999E+01   7.04185E+00   2.05802E-04
  1.92799E+00   3.03999E+01   7.04185E+00   2.05800E-04
  1.92803E+00   3.03999E+01   7.04185E+00   2.05800E-04
  1.92799E+00   3.03999E+01   7.04185E+00   2.05800E-04
  1.92799E+00   3.03999E+01   7.04190E+00   2.05800E-04
  1.92799E+00   3.03999E+01   7.04185E+00   2.05802E-04


  Estimated Parameters, Reach #  1
  --------------------------------

   Dispersion      X-sect.      Storage       Storage  
     Coeff.         Area       Zone Area        Rate   
  ------------------------------------------------------------
  1.92799E+00   3.03999E+01   7.04185E+00   2.05800E-04



  Parameter Estimation, Reach #  2
  --------------------------------

   Dispersion      X-sect.      Storage       Storage  
     Coeff.         Area       Zone Area        Rate   
  ------------------------------------------------------------
  2.00000E-01   5.00000E+01   2.50000E+01   5.00000E-05
  2.00000E-01   5.00000E+01   2.50000E+01   5.00000E-05
  2.00000E-01   5.00000E+01   2.50000E+01   5.00000E-05
  2.00000E-01   5.00000E+01   2.50000E+01   5.00000E-05
  2.00000E-01   5.00000E+01   2.50000E+01   5.00000E-05
  2.00000E-01   5.00000E+01   2.50000E+01   5.00000E-05
  2.00029E-01   5.00000E+01   2.50000E+01   5.00000E-05
  1.99971E-01   5.00000E+01   2.50000E+01   5.00000E-05
  2.00005E-01   5.00000E+01   2.50000E+01   5.00000E-05
  2.00000E-01   5.00072E+01   2.50000E+01   5.00000E-05
  2.00000E-01   4.99928E+01   2.50000E+01   5.00000E-05
  2.00000E-01   5.00000E+01   2.50000E+01   5.00000E-05
  2.00000E-01   5.00000E+01   2.50036E+01   5.00000E-05
  2.00000E-01   5.00000E+01   2.49964E+01   5.00000E-05
  2.00000E-01   5.00000E+01   2.50002E+01   5.00000E-05
  2.00000E-01   5.00000E+01   2.50000E+01   5.00072E-05
  2.00000E-01   5.00000E+01   2.50000E+01   4.99928E-05
  2.00000E-01   5.00000E+01   2.50000E+01   5.00003E-05
  2.00000E-01   5.00000E+01   2.50000E+01   5.00000E-05
  2.00005E-01   5.00000E+01   2.50000E+01   5.00000E-05
  2.00000E-01   5.00000E+01   2.50000E+01   5.00000E-05
  2.00000E-01   5.00000E+01   2.50002E+01   5.00000E-05
  2.00000E-01   5.00000E+01   2.50000E+01   5.00003E-05
  6.67103E-01   5.02141E+01   2.04080E+01   5.60874E-05
  1.50204E+00   5.03004E+01   2.41789E+00   6.93935E-05
  6.67124E-01   5.02141E+01   2.04080E+01   5.60874E-05
  6.67103E-01   5.02141E+01   2.04080E+01   5.60874E-05
  6.67103E-01   5.02141E+01   2.04081E+01   5.60874E-05
  6.67103E-01   5.02141E+01   2.04080E+01   5.60877E-05
  9.63456E-01   5.06186E+01   1.03763E+01   7.22988E-05
  9.63479E-01   5.06186E+01   1.03763E+01   7.22988E-05
  9.63456E-01   5.06187E+01   1.03763E+01   7.22988E-05
  9.63456E-01   5.06186E+01   1.03764E+01   7.22988E-05
  9.63456E-01   5.06186E+01   1.03763E+01   7.22992E-05
  1.73866E+00   5.02315E+01   1.31413E+01   9.58814E-05
  1.73870E+00   5.02315E+01   1.31413E+01   9.58814E-05
  1.73866E+00   5.02316E+01   1.31413E+01   9.58814E-05
  1.73866E+00   5.02315E+01   1.31413E+01   9.58814E-05
  1.73866E+00   5.02315E+01   1.31413E+01   9.58819E-05
  1.73866E+00   5.02315E+01   1.31413E+01   9.58814E-05
  1.73870E+00   5.02315E+01   1.31413E+01   9.58814E-05
  1.73866E+00   5.02316E+01   1.31413E+01   9.58814E-05
  1.73866E+00   5.02315E+01   1.31413E+01   9.58814E-05
  1.73866E+00   5.02315E+01   1.31413E+01   9.58819E-05


  Estimated Parameters, Reach #  2
  --------------------------------

   Dispersion      X-sect.      Storage       Storage  
     Coeff.         Area       Zone Area        Rate   
  ------------------------------------------------------------
  1.73866E+00   5.02315E+01   1.31413E+01   9.58814E-05
