  1.009000E+01  0.000000E+00  0.000000E+00  0.000000E+00  0.000000E+00
  1.019000E+01  3.072468E-35  7.540368E-91  1.004042E-36  1.006392E-92
  1.029000E+01  1.148095E-28  1.500477E-82  4.027102E-30  2.067562E-84
  1.039000E+01  2.249852E-23  1.758278E-75  8.516921E-25  2.503498E-77
  1.049000E+01  6.261038E-19  3.316264E-69  2.574549E-20  4.883572E-71
  1.059000E+01  3.887169E-15  1.598251E-63  1.749855E-16  2.436610E-65
  1.069000E+01  6.956426E-12  2.572641E-58  3.460972E-13  4.064658E-60
  1.079000E+01  4.222234E-09  1.647660E-53  2.348988E-10  2.700834E-55
  1.089000E+01  9.711604E-07  4.749855E-49  6.129824E-08  8.087449E-51
  1.099000E+01  9.176147E-05  6.754229E-45  6.689975E-06  1.196081E-46
  1.109000E+01  3.794091E-03  5.083935E-41  3.266688E-04  9.376324E-43
  1.119000E+01  7.240315E-02  2.142231E-37  7.570039E-03  4.120849E-39
  1.129000E+01  6.667968E-01  5.288190E-34  8.786279E-02  1.062690E-35
  1.139000E+01  3.074214E+00  7.940221E-31  5.374841E-01  1.669785E-32
  1.149000E+01  7.509542E+00  7.483934E-28  1.846254E+00  1.650059E-29
  1.159000E+01  1.127546E+01  4.548108E-25  3.974867E+00  1.053484E-26
  1.169000E+01  1.276392E+01  1.823589E-22  6.225836E+00  4.447538E-24
  1.179000E+01  1.221321E+01  4.921322E-20  7.948692E+00  1.266869E-21
  1.189000E+01  1.100750E+01  9.096337E-18  8.921090E+00  2.478234E-19
  1.199000E+01  9.814271E+00  1.169344E-15  9.294502E+00  3.381711E-17
  1.209000E+01  8.665350E+00  1.059744E-13  9.246918E+00  3.264004E-15
  1.219000E+01  7.374054E+00  6.852873E-12  8.880195E+00  2.256249E-13
  1.229000E+01  6.121960E+00  3.195996E-10  8.260142E+00  1.129538E-11
  1.239000E+01  5.116639E+00  1.085244E-08  7.502462E+00  4.136849E-10
  1.249000E+01  4.298990E+00  2.705709E-07  6.709998E+00  1.118535E-08
  1.259000E+01  3.606631E+00  4.989544E-06  5.929433E+00  2.251242E-07
  1.269000E+01  3.055830E+00  6.849263E-05  5.197002E+00  3.398215E-06
  1.279000E+01  2.561712E+00  7.037857E-04  4.525451E+00  3.873939E-05
  1.289000E+01  2.136230E+00  5.439850E-03  3.913073E+00  3.357486E-04
  1.299000E+01  1.800125E+00  3.177688E-02  3.366640E+00  2.227253E-03
  1.309000E+01  1.512486E+00  1.409986E-01  2.887256E+00  1.139391E-02
  1.319000E+01  1.256310E+00  4.783211E-01  2.465782E+00  4.536074E-02
  1.329000E+01  1.047461E+00  1.252371E+00  2.097329E+00  1.422149E-01
  1.339000E+01  8.775578E-01  2.567677E+00  1.779492E+00  3.567513E-01
  1.349000E+01  7.360494E-01  4.213331E+00  1.507093E+00  7.311981E-01
  1.359000E+01  6.208767E-01  5.708247E+00  1.275128E+00  1.257022E+00
  1.369000E+01  5.247742E-01  6.649270E+00  1.078609E+00  1.868416E+00
  1.379000E+01  4.438062E-01  6.976049E+00  9.123081E-01  2.478827E+00
  1.389000E+01  3.751582E-01  6.887037E+00  7.716285E-01  3.023769E+00
  1.399000E+01  3.162284E-01  6.594664E+00  6.524691E-01  3.474423E+00
  1.409000E+01  2.651949E-01  6.204291E+00  5.512695E-01  3.825291E+00
  1.419000E+01  2.210027E-01  5.755094E+00  4.650563E-01  4.079608E+00
  1.429000E+01  1.832664E-01  5.284910E+00  3.915070E-01  4.244586E+00
  1.439000E+01  1.506499E-01  4.833714E+00  3.287284E-01  4.331556E+00
  1.449000E+01  1.216148E-01  4.420858E+00  2.749011E-01  4.354199E+00
  1.459000E+01  9.571485E-02  4.045576E+00  2.284513E-01  4.325451E+00
  1.469000E+01  7.370379E-02  3.701298E+00  1.882666E-01  4.256037E+00
  1.479000E+01  5.744101E-02  3.382945E+00  1.539630E-01  4.154575E+00
  1.489000E+01  4.568888E-02  3.088775E+00  1.254030E-01  4.028173E+00
  1.499000E+01  3.617568E-02  2.818426E+00  1.018547E-01  3.882954E+00
  1.509000E+01  2.860497E-02  2.569932E+00  8.249467E-02  3.724128E+00
  1.519000E+01  2.257080E-02  2.341173E+00  6.663862E-02  3.555965E+00
  1.529000E+01  1.777749E-02  2.131696E+00  5.369565E-02  3.382039E+00
  1.539000E+01  1.397658E-02  1.941147E+00  4.316355E-02  3.205447E+00
  1.549000E+01  1.096826E-02  1.768097E+00  3.461831E-02  3.028779E+00
  1.559000E+01  8.591711E-03  1.610698E+00  2.770411E-02  2.854089E+00
  1.569000E+01  6.717644E-03  1.467197E+00  2.212411E-02  2.682946E+00
  1.579000E+01  5.242435E-03  1.336016E+00  1.763187E-02  2.516517E+00
  1.589000E+01  4.083223E-03  1.215831E+00  1.402378E-02  2.355638E+00
  1.599000E+01  3.173899E-03  1.105560E+00  1.113225E-02  2.200896E+00
  1.609000E+01  2.461836E-03  1.004329E+00  8.819914E-03  2.052682E+00
  1.619000E+01  1.905217E-03  9.114296E-01  6.974555E-03  1.911240E+00
  1.629000E+01  1.470885E-03  8.262067E-01  5.504789E-03  1.776701E+00
  1.639000E+01  1.132594E-03  7.479984E-01  4.336431E-03  1.649098E+00
  1.649000E+01  8.696063E-04  6.762338E-01  3.409425E-03  1.528383E+00
  1.659000E+01  6.655638E-04  6.105979E-01  2.675278E-03  1.414457E+00
  1.669000E+01  5.075859E-04  5.510002E-01  2.094933E-03  1.307212E+00
  1.679000E+01  3.855458E-04  4.972891E-01  1.637008E-03  1.206541E+00
  1.689000E+01  2.914946E-04  4.490151E-01  1.276338E-03  1.112314E+00
  1.699000E+01  2.192029E-04  4.055334E-01  9.927928E-04  1.024349E+00
  1.709000E+01  1.637963E-04  3.662614E-01  7.702985E-04  9.424060E-01
  1.719000E+01  1.214669E-04  3.307584E-01  5.960456E-04  8.662154E-01
  1.729000E+01  8.924482E-05  2.986628E-01  4.598456E-04  7.954918E-01
  1.739000E+01  6.481714E-05  2.696496E-01  3.536093E-04  7.299438E-01
  1.749000E+01  4.638593E-05  2.434242E-01  2.709256E-04  6.692788E-01
  1.759000E+01  3.255587E-05  2.197204E-01  2.067221E-04  6.132067E-01
  1.769000E+01  2.224608E-05  1.982971E-01  1.569925E-04  5.614427E-01
  1.779000E+01  1.462089E-05  1.789367E-01  1.185777E-04  5.137097E-01
  1.789000E+01  9.035493E-06  1.614423E-01  8.899111E-05  4.697402E-01
  1.799000E+01  4.993477E-06  1.456356E-01  6.627841E-05  4.292774E-01
  1.809000E+01  2.113581E-06  1.313556E-01  4.890652E-05  3.920761E-01
