

                      OTIS SOLUTE TRANSPORT MODEL            
                      Version: MOD40 (May 1997)     
                      -----------------------------


          Runtime Information
          -------------------
          Date and Time :  



          Input Files
          -----------
          PARAMETER FILE: params.inp                              
          FLOW FILE     : q.inp                                   



          Input Data
          ----------

          Sample problem from Runkel (1996)                                               


          Print Option                              :     1
          Requested Print Interval              [hr]:   4.00000E-02
          Integration Time Step                 [hr]:   4.00000E-02
          Starting Time                         [hr]:   0.00000E+00
          Ending Time                           [hr]:   1.20000E+01
          Starting Distance                      [L]:   0.00000E+00
          Downstream Boundary Condition [mass/L^2-s]:   0.00000E+00
          Simulation Type  [dynamic or steady-state]:       Dynamic



          Number of Reaches  :     1


          Reach Information
          -----------------

          Reach   Start    End    Start           End
          No.     Seg.     Seg.   Distance [L]    Distance [L]
          ----------------------------------------------------
              1       1     220       0.000        2200.000



          Number of Spatial Segments    :  220


          Reach Parameters
          ----------------

          Reach  No.     Reach         Segment      Dispersion
          No.    Segs.   Length [L]    Length [L]   Coeff.[L^2/s]
          --------------------------------------------------------
             1     220     2200.000       10.000    5.00000E+00


          Storage Parameters
          ------------------
                 Storage      Storage
          Reach  Zone Area    Rate
          No.    [L^2]        [/sec]
          ---------------------------------
              1  9.99000E+02  0.00000E+00



          Number of Solutes:   1
          Decay Option     :   1
          Sorption Option  :   0


          Decay Coefficients, Solute #  1
          --------------------------------
                           Coefficient
          Reach        Channel       Storage
          No.         [/second]     [/second]
          ------------------------------------
              1       1.000E-04     0.000E+00



          Number of Print Locations :   2
          Interpolation Option      :   1

          Printing Information
          --------------------
          Requested         Effective
          Print             Print
          Location [L]      Location [L]
          ------------------------------
               100.000           100.000
              2000.000          2000.000



          Flow and Area Data
          ------------------
          Flow Option                              :   Steady  
          Flow interval                       [hr] :   0.00000E+00


          Initial Flow and Area Values
          ----------------------------

          Flowrate at Upstream Boundary    [L^3/sec]:   1.00000E-01


                    Lateral         Lateral         X-sect.
          Reach     Inflow          Outflow         Area
          No.       [L^3/s-L]       [L^3/s-L]       [L^2]
          -------------------------------------------------------
              1     0.00000E+00     0.00000E+00     1.00000E+00


          Initial Lateral Inflow Concentrations, Solute #  1
          ---------------------------------------------------
                     Inflow
          Reach      Concent.
          No.        [mass/L^3]
          -----------------------
             1       0.00000E+00


          Number of Upstream Boundary Conditions:   3
          Boundary Condition Option             :   1


          Upstream Boundary Conditions, Solute #  1
          -------------------------------------------
          Begin                Concentration
          Time [hour]          [mass/L^3]
          ----------------------------------
           0.0000E+00           0.0000E+00
           1.0000E+00           1.0000E+02
           3.0000E+00           0.0000E+00


          Output Files for Solutes
          ------------------------
          Solute #            File Name
          ---------------------------------
                1             solute.out                              


          Initial Conditions at the Print Locations
          -----------------------------------------

          Location  Prev.    Inter.         Flow
          [L]       Seg.     Weight        [L^3/sec]
          ----------------------------------------------
             100.00    10   5.000000E-01   1.000000E-01
            2000.00   200   5.000000E-01   1.000000E-01


          Initial Conditions, Solute #  1
          --------------------------------
                              Concentration
          Location        Channel       Storage
          [L]            [mass/L^3]    [mass/L^3]
          -----------------------------------------
             100.00       0.000E+00
            2000.00       0.000E+00
