  0.000000E+00  0.000000E+00  0.000000E+00
  4.000000E-02  0.000000E+00  0.000000E+00
  8.000000E-02  0.000000E+00  0.000000E+00
  1.200000E-01  0.000000E+00  0.000000E+00
  1.600000E-01  0.000000E+00  0.000000E+00
  2.000000E-01  0.000000E+00  0.000000E+00
  2.400000E-01  0.000000E+00  0.000000E+00
  2.800000E-01  0.000000E+00  0.000000E+00
  3.200000E-01  0.000000E+00  0.000000E+00
  3.600000E-01  0.000000E+00  0.000000E+00
  4.000000E-01  0.000000E+00  0.000000E+00
  4.400000E-01  0.000000E+00  0.000000E+00
  4.800000E-01  0.000000E+00  0.000000E+00
  5.200000E-01  0.000000E+00  0.000000E+00
  5.600000E-01  0.000000E+00  0.000000E+00
  6.000000E-01  0.000000E+00  0.000000E+00
  6.400000E-01  0.000000E+00  0.000000E+00
  6.800000E-01  0.000000E+00  0.000000E+00
  7.200000E-01  0.000000E+00  0.000000E+00
  7.600000E-01  0.000000E+00  0.000000E+00
  8.000000E-01  0.000000E+00  0.000000E+00
  8.400000E-01  0.000000E+00  0.000000E+00
  8.800000E-01  0.000000E+00  0.000000E+00
  9.200000E-01  0.000000E+00  0.000000E+00
  9.600000E-01  0.000000E+00  0.000000E+00
  1.000000E+00  0.000000E+00  0.000000E+00
  1.040000E+00  1.316642E+00  2.451075E-36
  1.080000E+00  7.892352E+00  2.472793E-34
  1.120000E+00  2.110251E+01  1.235521E-32
  1.160000E+00  3.542157E+01  4.076456E-31
  1.200000E+00  4.627724E+01  9.991745E-30
  1.240000E+00  5.454825E+01  1.940709E-28
  1.280000E+00  6.117356E+01  3.111557E-27
  1.320000E+00  6.629290E+01  4.235849E-26
  1.360000E+00  7.042478E+01  4.998264E-25
  1.400000E+00  7.374120E+01  5.193661E-24
  1.440000E+00  7.643513E+01  4.811968E-23
  1.480000E+00  7.865413E+01  4.015690E-22
  1.520000E+00  8.047707E+01  3.043850E-21
  1.560000E+00  8.200118E+01  2.110458E-20
  1.600000E+00  8.326977E+01  1.346610E-19
  1.640000E+00  8.433995E+01  7.948581E-19
  1.680000E+00  8.524165E+01  4.360229E-18
  1.720000E+00  8.600721E+01  2.231836E-17
  1.760000E+00  8.665880E+01  1.069847E-16
  1.800000E+00  8.721506E+01  4.818411E-16
  1.840000E+00  8.769226E+01  2.045010E-15
  1.880000E+00  8.810176E+01  8.201091E-15
  1.920000E+00  8.845518E+01  3.115400E-14
  1.960000E+00  8.875997E+01  1.123629E-13
  2.000000E+00  8.902423E+01  3.855950E-13
  2.040000E+00  8.925319E+01  1.261569E-12
  2.080000E+00  8.945244E+01  3.942596E-12
  2.120000E+00  8.962581E+01  1.179018E-11
  2.160000E+00  8.977714E+01  3.379560E-11
  2.200000E+00  8.990930E+01  9.300412E-11
  2.240000E+00  9.002498E+01  2.461021E-10
  2.280000E+00  9.012634E+01  6.271058E-10
  2.320000E+00  9.021526E+01  1.540971E-09
  2.360000E+00  9.029341E+01  3.656534E-09
  2.400000E+00  9.036212E+01  8.389546E-09
  2.440000E+00  9.042266E+01  1.863604E-08
  2.480000E+00  9.047599E+01  4.012822E-08
  2.520000E+00  9.052307E+01  8.385803E-08
  2.560000E+00  9.056464E+01  1.702703E-07
  2.600000E+00  9.060140E+01  3.362931E-07
  2.640000E+00  9.063392E+01  6.467731E-07
  2.680000E+00  9.066272E+01  1.212540E-06
  2.720000E+00  9.068824E+01  2.218147E-06
  2.760000E+00  9.071088E+01  3.963340E-06
  2.800000E+00  9.073097E+01  6.923419E-06
  2.840000E+00  9.074882E+01  1.183494E-05
  2.880000E+00  9.076468E+01  1.981443E-05
  2.920000E+00  9.077878E+01  3.251900E-05
  2.960000E+00  9.079134E+01  5.235879E-05
  3.000000E+00  9.080251E+01  8.277169E-05
  3.040000E+00  8.949583E+01  1.285712E-04
  3.080000E+00  8.292899E+01  1.963779E-04
  3.120000E+00  6.972676E+01  2.951429E-04
  3.160000E+00  5.541475E+01  4.367723E-04
  3.200000E+00  4.456539E+01  6.368548E-04
  3.240000E+00  3.630002E+01  9.154958E-04
  3.280000E+00  2.967974E+01  1.298253E-03
  3.320000E+00  2.456489E+01  1.817166E-03
  3.360000E+00  2.043703E+01  2.511868E-03
  3.400000E+00  1.712422E+01  3.430759E-03
  3.440000E+00  1.443351E+01  4.632221E-03
  3.480000E+00  1.221740E+01  6.185836E-03
  3.520000E+00  1.039704E+01  8.173595E-03
  3.560000E+00  8.875246E+00  1.069104E-02
  3.600000E+00  7.608728E+00  1.384833E-02
  3.640000E+00  6.540410E+00  1.777112E-02
  3.680000E+00  5.640382E+00  2.260139E-02
  3.720000E+00  4.876323E+00  2.849790E-02
  3.760000E+00  4.226079E+00  3.563658E-02
  3.800000E+00  3.671025E+00  4.421052E-02
  3.840000E+00  3.194907E+00  5.442976E-02
  3.880000E+00  2.786381E+00  6.652075E-02
  3.920000E+00  2.433834E+00  8.072545E-02
  3.960000E+00  2.129837E+00  9.730023E-02
  4.000000E+00  1.866276E+00  1.165143E-01
  4.040000E+00  1.637955E+00  1.386481E-01
  4.080000E+00  1.439275E+00  1.639911E-01
  4.120000E+00  1.266427E+00  1.928394E-01
  4.160000E+00  1.115561E+00  2.254936E-01
  4.200000E+00  9.838107E-01  2.622558E-01
  4.240000E+00  8.685122E-01  3.034270E-01
  4.280000E+00  7.674876E-01  3.493037E-01
  4.320000E+00  6.788671E-01  4.001758E-01
  4.360000E+00  6.009936E-01  4.563228E-01
  4.400000E+00  5.325312E-01  5.180113E-01
  4.440000E+00  4.722213E-01  5.854920E-01
  4.480000E+00  4.190904E-01  6.589973E-01
  4.520000E+00  3.721860E-01  7.387385E-01
  4.560000E+00  3.307844E-01  8.249033E-01
  4.600000E+00  2.941666E-01  9.176543E-01
  4.640000E+00  2.617857E-01  1.017126E+00
  4.680000E+00  2.330996E-01  1.123426E+00
  4.720000E+00  2.076891E-01  1.236629E+00
  4.760000E+00  1.851455E-01  1.356780E+00
  4.800000E+00  1.651443E-01  1.483893E+00
  4.840000E+00  1.473765E-01  1.617947E+00
  4.880000E+00  1.315892E-01  1.758892E+00
  4.920000E+00  1.175481E-01  1.906643E+00
  4.960000E+00  1.050551E-01  2.061084E+00
  5.000000E+00  9.393171E-02  2.222068E+00
  5.040000E+00  8.402228E-02  2.389416E+00
  5.080000E+00  7.519026E-02  2.562922E+00
  5.120000E+00  6.731305E-02  2.742347E+00
  5.160000E+00  6.028552E-02  2.927428E+00
  5.200000E+00  5.401114E-02  3.117874E+00
  5.240000E+00  4.840844E-02  3.313368E+00
  5.280000E+00  4.340136E-02  3.513568E+00
  5.320000E+00  3.892643E-02  3.718112E+00
  5.360000E+00  3.492369E-02  3.926613E+00
  5.400000E+00  3.134339E-02  4.138665E+00
  5.440000E+00  2.813829E-02  4.353839E+00
  5.480000E+00  2.526920E-02  4.571691E+00
  5.520000E+00  2.269884E-02  4.791757E+00
  5.560000E+00  2.039622E-02  5.013555E+00
  5.600000E+00  1.833193E-02  5.236591E+00
  5.640000E+00  1.648134E-02  5.460353E+00
  5.680000E+00  1.482123E-02  5.684315E+00
  5.720000E+00  1.333195E-02  5.907942E+00
  5.760000E+00  1.199516E-02  6.130686E+00
  5.800000E+00  1.079517E-02  6.351988E+00
  5.840000E+00  9.717425E-03  6.571284E+00
  5.880000E+00  8.749376E-03  6.788004E+00
  5.920000E+00  7.879488E-03  7.001573E+00
  5.960000E+00  7.097681E-03  7.211414E+00
  6.000000E+00  6.394796E-03  7.416952E+00
  6.040000E+00  5.762734E-03  7.617614E+00
  6.080000E+00  5.194205E-03  7.812836E+00
  6.120000E+00  4.682694E-03  8.002059E+00
  6.160000E+00  4.222388E-03  8.184738E+00
  6.200000E+00  3.808041E-03  8.360342E+00
  6.240000E+00  3.435010E-03  8.528358E+00
  6.280000E+00  3.099066E-03  8.688295E+00
  6.320000E+00  2.796494E-03  8.839682E+00
  6.360000E+00  2.523883E-03  8.982079E+00
  6.400000E+00  2.278253E-03  9.115072E+00
  6.440000E+00  2.056854E-03  9.238280E+00
  6.480000E+00  1.857289E-03  9.351356E+00
  6.520000E+00  1.677339E-03  9.453990E+00
  6.560000E+00  1.515076E-03  9.545910E+00
  6.600000E+00  1.368706E-03  9.626883E+00
  6.640000E+00  1.236674E-03  9.696717E+00
  6.680000E+00  1.117532E-03  9.755264E+00
  6.720000E+00  1.010024E-03  9.802416E+00
  6.760000E+00  9.129774E-04  9.838111E+00
  6.800000E+00  8.253783E-04  9.862327E+00
  6.840000E+00  7.462783E-04  9.875089E+00
  6.880000E+00  6.748552E-04  9.876459E+00
  6.920000E+00  6.103417E-04  9.866544E+00
  6.960000E+00  5.520712E-04  9.845490E+00
  7.000000E+00  4.994226E-04  9.813482E+00
  7.040000E+00  4.518542E-04  9.770741E+00
  7.080000E+00  4.088631E-04  9.717523E+00
  7.120000E+00  3.700090E-04  9.654118E+00
  7.160000E+00  3.348841E-04  9.580845E+00
  7.200000E+00  3.031304E-04  9.498052E+00
  7.240000E+00  2.744169E-04  9.406112E+00
  7.280000E+00  2.484522E-04  9.305421E+00
  7.320000E+00  2.249676E-04  9.196397E+00
  7.360000E+00  2.037255E-04  9.079472E+00
  7.400000E+00  1.845080E-04  8.955096E+00
  7.440000E+00  1.671210E-04  8.823729E+00
  7.480000E+00  1.513876E-04  8.685842E+00
  7.520000E+00  1.371494E-04  8.541911E+00
  7.560000E+00  1.242623E-04  8.392419E+00
  7.600000E+00  1.125972E-04  8.237847E+00
  7.640000E+00  1.020368E-04  8.078680E+00
  7.680000E+00  9.247556E-05  7.915396E+00
  7.720000E+00  8.381800E-05  7.748471E+00
  7.760000E+00  7.597783E-05  7.578374E+00
  7.800000E+00  6.887723E-05  7.405564E+00
  7.840000E+00  6.244565E-05  7.230491E+00
  7.880000E+00  5.661964E-05  7.053593E+00
  7.920000E+00  5.134146E-05  6.875294E+00
  7.960000E+00  4.655935E-05  6.696007E+00
  8.000000E+00  4.222604E-05  6.516126E+00
  8.040000E+00  3.829928E-05  6.336030E+00
  8.080000E+00  3.474036E-05  6.156082E+00
  8.120000E+00  3.151477E-05  5.976626E+00
  8.160000E+00  2.859078E-05  5.797989E+00
  8.200000E+00  2.594019E-05  5.620480E+00
  8.240000E+00  2.353702E-05  5.444388E+00
  8.280000E+00  2.135817E-05  5.269983E+00
  8.320000E+00  1.938236E-05  5.097519E+00
  8.360000E+00  1.759069E-05  4.927228E+00
  8.400000E+00  1.596571E-05  4.759326E+00
  8.440000E+00  1.449194E-05  4.594009E+00
  8.480000E+00  1.315505E-05  4.431457E+00
  8.520000E+00  1.194238E-05  4.271830E+00
  8.560000E+00  1.084218E-05  4.115273E+00
  8.600000E+00  9.844040E-06  3.961914E+00
  8.640000E+00  8.938332E-06  3.811864E+00
  8.680000E+00  8.116530E-06  3.665220E+00
  8.720000E+00  7.370717E-06  3.522065E+00
  8.760000E+00  6.693899E-06  3.382465E+00
  8.800000E+00  6.079575E-06  3.246474E+00
  8.840000E+00  5.522003E-06  3.114136E+00
  8.880000E+00  5.015844E-06  2.985478E+00
  8.920000E+00  4.556382E-06  2.860519E+00
  8.960000E+00  4.139230E-06  2.739266E+00
  9.000000E+00  3.760512E-06  2.621718E+00
  9.040000E+00  3.416623E-06  2.507863E+00
  9.080000E+00  3.104377E-06  2.397679E+00
  9.120000E+00  2.820811E-06  2.291140E+00
  9.160000E+00  2.563305E-06  2.188210E+00
  9.200000E+00  2.329422E-06  2.088847E+00
  9.240000E+00  2.117005E-06  1.993002E+00
  9.280000E+00  1.924052E-06  1.900623E+00
  9.320000E+00  1.748788E-06  1.811651E+00
  9.360000E+00  1.589564E-06  1.726022E+00
  9.400000E+00  1.444920E-06  1.643671E+00
  9.440000E+00  1.313498E-06  1.564528E+00
  9.480000E+00  1.194097E-06  1.488520E+00
  9.520000E+00  1.085598E-06  1.415572E+00
  9.560000E+00  9.870118E-07  1.345606E+00
  9.600000E+00  8.974180E-07  1.278544E+00
  9.640000E+00  8.160003E-07  1.214306E+00
  9.680000E+00  7.420012E-07  1.152811E+00
  9.720000E+00  6.747478E-07  1.093977E+00
  9.760000E+00  6.136161E-07  1.037723E+00
  9.800000E+00  5.580512E-07  9.839654E-01
  9.840000E+00  5.075389E-07  9.326239E-01
  9.880000E+00  4.616216E-07  8.836170E-01
  9.920000E+00  4.198755E-07  8.368639E-01
  9.960000E+00  3.819231E-07  7.922850E-01
  1.000000E+01  3.474151E-07  7.498013E-01
  1.004000E+01  3.160399E-07  7.093352E-01
  1.008000E+01  2.875094E-07  6.708104E-01
  1.012000E+01  2.615666E-07  6.341520E-01
  1.016000E+01  2.379738E-07  5.992864E-01
  1.020000E+01  2.165188E-07  5.661418E-01
  1.024000E+01  1.970055E-07  5.346480E-01
  1.028000E+01  1.792587E-07  5.047366E-01
  1.032000E+01  1.631166E-07  4.763409E-01
  1.036000E+01  1.484345E-07  4.493960E-01
  1.040000E+01  1.350788E-07  4.238389E-01
  1.044000E+01  1.229300E-07  3.996086E-01
  1.048000E+01  1.118778E-07  3.766457E-01
  1.052000E+01  1.018235E-07  3.548931E-01
  1.056000E+01  9.267596E-08  3.342952E-01
  1.060000E+01  8.435362E-08  3.147985E-01
  1.064000E+01  7.678127E-08  2.963515E-01
  1.068000E+01  6.989142E-08  2.789043E-01
  1.072000E+01  6.362199E-08  2.624090E-01
  1.076000E+01  5.791715E-08  2.468194E-01
  1.080000E+01  5.272562E-08  2.320912E-01
  1.084000E+01  4.800123E-08  2.181819E-01
  1.088000E+01  4.370161E-08  2.050506E-01
  1.092000E+01  3.978857E-08  1.926580E-01
  1.096000E+01  3.622707E-08  1.809666E-01
  1.100000E+01  3.298555E-08  1.699405E-01
  1.104000E+01  3.003503E-08  1.595452E-01
  1.108000E+01  2.734939E-08  1.497479E-01
  1.112000E+01  2.490467E-08  1.405171E-01
  1.116000E+01  2.267926E-08  1.318229E-01
  1.120000E+01  2.065334E-08  1.236365E-01
  1.124000E+01  1.880902E-08  1.159307E-01
  1.128000E+01  1.712992E-08  1.086795E-01
  1.132000E+01  1.560123E-08  1.018581E-01
  1.136000E+01  1.420938E-08  9.544277E-02
  1.140000E+01  1.294213E-08  8.941122E-02
  1.144000E+01  1.178824E-08  8.374205E-02
  1.148000E+01  1.073756E-08  7.841498E-02
  1.152000E+01  9.780817E-09  7.341075E-02
  1.156000E+01  8.909596E-09  6.871106E-02
  1.160000E+01  8.116209E-09  6.429855E-02
  1.164000E+01  7.393697E-09  6.015678E-02
  1.168000E+01  6.735692E-09  5.627013E-02
  1.172000E+01  6.136429E-09  5.262383E-02
  1.176000E+01  5.590636E-09  4.920386E-02
  1.180000E+01  5.093536E-09  4.599699E-02
  1.184000E+01  4.640762E-09  4.299066E-02
  1.188000E+01  4.228358E-09  4.017301E-02
  1.192000E+01  3.852704E-09  3.753283E-02
  1.196000E+01  3.510524E-09  3.505953E-02
  1.200000E+01  3.198818E-09  3.274308E-02
  1.204000E+01  2.914870E-09  3.057403E-02
  1.208000E+01  2.656195E-09  2.854346E-02
