  5.000000E-01  6.399497E-01  6.399497E-01
  1.500000E+00  6.398492E-01  6.398492E-01
  2.500000E+00  6.397487E-01  6.397487E-01
  3.500000E+00  6.396482E-01  6.396482E-01
  4.500000E+00  6.395477E-01  6.395477E-01
  5.500000E+00  6.394472E-01  6.394472E-01
  6.500000E+00  6.393468E-01  6.393468E-01
  7.500000E+00  6.392464E-01  6.392464E-01
  8.500000E+00  6.391459E-01  6.391459E-01
  9.500000E+00  6.390455E-01  6.390455E-01
  1.050000E+01  6.389452E-01  6.389452E-01
  1.150000E+01  6.388448E-01  6.388448E-01
  1.250000E+01  6.387444E-01  6.387444E-01
  1.350000E+01  6.386441E-01  6.386441E-01
  1.450000E+01  6.385438E-01  6.385438E-01
  1.550000E+01  6.384435E-01  6.384435E-01
  1.650000E+01  6.383432E-01  6.383432E-01
  1.750000E+01  6.382429E-01  6.382429E-01
  1.850000E+01  6.381426E-01  6.381426E-01
  1.950000E+01  6.380424E-01  6.380424E-01
  2.050000E+01  6.379422E-01  6.379422E-01
  2.150000E+01  6.378420E-01  6.378420E-01
  2.250000E+01  6.377417E-01  6.377417E-01
  2.350000E+01  6.376417E-01  6.376417E-01
  2.450000E+01  6.375406E-01  6.375406E-01
  2.550000E+01  6.374484E-01  6.374484E-01
  2.650000E+01  6.373253E-01  6.373253E-01
  2.750000E+01  6.371968E-01  6.371968E-01
  2.850000E+01  6.370685E-01  6.370685E-01
  2.950000E+01  6.369403E-01  6.369403E-01
  3.050000E+01  6.368123E-01  6.368123E-01
  3.150000E+01  6.366845E-01  6.366845E-01
  3.250000E+01  6.365568E-01  6.365568E-01
  3.350000E+01  6.364294E-01  6.364294E-01
  3.450000E+01  6.363021E-01  6.363021E-01
  3.550000E+01  6.361749E-01  6.361749E-01
  3.650000E+01  6.360480E-01  6.360480E-01
  3.750000E+01  6.359212E-01  6.359212E-01
  3.850000E+01  6.357946E-01  6.357946E-01
  3.950000E+01  6.356682E-01  6.356682E-01
  4.050000E+01  6.355419E-01  6.355419E-01
  4.150000E+01  6.354158E-01  6.354158E-01
  4.250000E+01  6.352899E-01  6.352899E-01
  4.350000E+01  6.351641E-01  6.351641E-01
  4.450000E+01  6.350385E-01  6.350385E-01
  4.550000E+01  6.349131E-01  6.349131E-01
  4.650000E+01  6.347878E-01  6.347878E-01
  4.750000E+01  6.346627E-01  6.346627E-01
  4.850000E+01  6.345378E-01  6.345378E-01
  4.950000E+01  6.344131E-01  6.344131E-01
  5.050000E+01  6.342885E-01  6.342885E-01
  5.150000E+01  6.341641E-01  6.341641E-01
  5.250000E+01  6.340398E-01  6.340398E-01
  5.350000E+01  6.339157E-01  6.339157E-01
  5.450000E+01  6.337918E-01  6.337918E-01
  5.550000E+01  6.336681E-01  6.336681E-01
  5.650000E+01  6.335445E-01  6.335445E-01
  5.750000E+01  6.334211E-01  6.334211E-01
  5.850000E+01  6.332978E-01  6.332978E-01
  5.950000E+01  6.331747E-01  6.331747E-01
  6.050000E+01  6.330518E-01  6.330518E-01
  6.150000E+01  6.329290E-01  6.329290E-01
  6.250000E+01  6.328064E-01  6.328064E-01
  6.350000E+01  6.326840E-01  6.326840E-01
  6.450000E+01  6.325617E-01  6.325617E-01
  6.550000E+01  6.324396E-01  6.324396E-01
  6.650000E+01  6.323176E-01  6.323176E-01
  6.750000E+01  6.321959E-01  6.321959E-01
  6.850000E+01  6.320742E-01  6.320742E-01
  6.950000E+01  6.319528E-01  6.319528E-01
  7.050000E+01  6.318315E-01  6.318315E-01
  7.150000E+01  6.317103E-01  6.317103E-01
  7.250000E+01  6.315893E-01  6.315893E-01
  7.350000E+01  6.314685E-01  6.314685E-01
  7.450000E+01  6.313478E-01  6.313478E-01
  7.550000E+01  6.312273E-01  6.312273E-01
  7.650000E+01  6.311070E-01  6.311070E-01
  7.750000E+01  6.309868E-01  6.309868E-01
  7.850000E+01  6.308668E-01  6.308668E-01
  7.950000E+01  6.307469E-01  6.307469E-01
  8.050000E+01  6.306272E-01  6.306272E-01
  8.150000E+01  6.305077E-01  6.305077E-01
  8.250000E+01  6.303883E-01  6.303883E-01
  8.350000E+01  6.302690E-01  6.302690E-01
  8.450000E+01  6.301499E-01  6.301499E-01
  8.550000E+01  6.300310E-01  6.300310E-01
  8.650000E+01  6.299122E-01  6.299122E-01
  8.750000E+01  6.297936E-01  6.297936E-01
  8.850000E+01  6.296752E-01  6.296752E-01
  8.950000E+01  6.295569E-01  6.295569E-01
  9.050000E+01  6.294387E-01  6.294387E-01
  9.150000E+01  6.293207E-01  6.293207E-01
  9.250000E+01  6.292029E-01  6.292029E-01
  9.350000E+01  6.290852E-01  6.290852E-01
  9.450000E+01  6.289676E-01  6.289676E-01
  9.550000E+01  6.288503E-01  6.288503E-01
  9.650000E+01  6.287330E-01  6.287330E-01
  9.750000E+01  6.286160E-01  6.286160E-01
  9.850000E+01  6.284990E-01  6.284990E-01
  9.950000E+01  6.283823E-01  6.283823E-01
  1.005000E+02  6.282657E-01  6.282657E-01
  1.015000E+02  6.281492E-01  6.281492E-01
  1.025000E+02  6.280329E-01  6.280329E-01
  1.035000E+02  6.279167E-01  6.279167E-01
  1.045000E+02  6.278007E-01  6.278007E-01
  1.055000E+02  6.276848E-01  6.276848E-01
  1.065000E+02  6.275691E-01  6.275691E-01
  1.075000E+02  6.274536E-01  6.274536E-01
  1.085000E+02  6.273382E-01  6.273382E-01
  1.095000E+02  6.272229E-01  6.272229E-01
  1.105000E+02  6.271078E-01  6.271078E-01
  1.115000E+02  6.269928E-01  6.269928E-01
  1.125000E+02  6.268780E-01  6.268780E-01
  1.135000E+02  6.267633E-01  6.267633E-01
  1.145000E+02  6.266488E-01  6.266488E-01
  1.155000E+02  6.265345E-01  6.265345E-01
  1.165000E+02  6.264202E-01  6.264202E-01
  1.175000E+02  6.263062E-01  6.263062E-01
  1.185000E+02  6.261922E-01  6.261922E-01
  1.195000E+02  6.260784E-01  6.260784E-01
  1.205000E+02  6.259648E-01  6.259648E-01
  1.215000E+02  6.258513E-01  6.258513E-01
  1.225000E+02  6.257380E-01  6.257380E-01
  1.235000E+02  6.256248E-01  6.256248E-01
  1.245000E+02  6.255117E-01  6.255117E-01
  1.255000E+02  6.253988E-01  6.253988E-01
  1.265000E+02  6.252860E-01  6.252860E-01
  1.275000E+02  6.251734E-01  6.251734E-01
  1.285000E+02  6.250609E-01  6.250609E-01
  1.295000E+02  6.249486E-01  6.249486E-01
  1.305000E+02  6.248364E-01  6.248364E-01
  1.315000E+02  6.247244E-01  6.247244E-01
  1.325000E+02  6.246125E-01  6.246125E-01
  1.335000E+02  6.245007E-01  6.245007E-01
  1.345000E+02  6.243891E-01  6.243891E-01
  1.355000E+02  6.242776E-01  6.242776E-01
  1.365000E+02  6.241663E-01  6.241663E-01
  1.375000E+02  6.240551E-01  6.240551E-01
  1.385000E+02  6.239441E-01  6.239441E-01
  1.395000E+02  6.238332E-01  6.238332E-01
  1.405000E+02  6.237224E-01  6.237224E-01
  1.415000E+02  6.236118E-01  6.236118E-01
  1.425000E+02  6.235013E-01  6.235013E-01
  1.435000E+02  6.233909E-01  6.233909E-01
  1.445000E+02  6.232807E-01  6.232807E-01
  1.455000E+02  6.231707E-01  6.231707E-01
  1.465000E+02  6.230607E-01  6.230607E-01
  1.475000E+02  6.229510E-01  6.229510E-01
  1.485000E+02  6.228413E-01  6.228413E-01
  1.495000E+02  6.227318E-01  6.227318E-01
  1.505000E+02  6.226224E-01  6.226224E-01
  1.515000E+02  6.225132E-01  6.225132E-01
  1.525000E+02  6.224041E-01  6.224041E-01
  1.535000E+02  6.222952E-01  6.222952E-01
  1.545000E+02  6.221863E-01  6.221863E-01
  1.555000E+02  6.220777E-01  6.220777E-01
  1.565000E+02  6.219691E-01  6.219691E-01
  1.575000E+02  6.218607E-01  6.218607E-01
  1.585000E+02  6.217524E-01  6.217524E-01
  1.595000E+02  6.216443E-01  6.216443E-01
  1.605000E+02  6.215363E-01  6.215363E-01
  1.615000E+02  6.214284E-01  6.214284E-01
  1.625000E+02  6.213207E-01  6.213207E-01
  1.635000E+02  6.212131E-01  6.212131E-01
  1.645000E+02  6.211057E-01  6.211057E-01
  1.655000E+02  6.209983E-01  6.209983E-01
  1.665000E+02  6.208911E-01  6.208911E-01
  1.675000E+02  6.207841E-01  6.207841E-01
  1.685000E+02  6.206772E-01  6.206772E-01
  1.695000E+02  6.205704E-01  6.205704E-01
  1.705000E+02  6.204637E-01  6.204637E-01
  1.715000E+02  6.203572E-01  6.203572E-01
  1.725000E+02  6.202508E-01  6.202508E-01
  1.735000E+02  6.201446E-01  6.201446E-01
  1.745000E+02  6.200384E-01  6.200384E-01
  1.755000E+02  6.199325E-01  6.199325E-01
  1.765000E+02  6.198266E-01  6.198266E-01
  1.775000E+02  6.197209E-01  6.197209E-01
  1.785000E+02  6.196153E-01  6.196153E-01
  1.795000E+02  6.195098E-01  6.195098E-01
  1.805000E+02  6.194045E-01  6.194045E-01
  1.815000E+02  6.192993E-01  6.192993E-01
  1.825000E+02  6.191942E-01  6.191942E-01
  1.835000E+02  6.190893E-01  6.190893E-01
  1.845000E+02  6.189845E-01  6.189845E-01
  1.855000E+02  6.188798E-01  6.188798E-01
  1.865000E+02  6.187752E-01  6.187752E-01
  1.875000E+02  6.186708E-01  6.186708E-01
  1.885000E+02  6.185665E-01  6.185665E-01
  1.895000E+02  6.184624E-01  6.184624E-01
  1.905000E+02  6.183583E-01  6.183583E-01
  1.915000E+02  6.182544E-01  6.182544E-01
  1.925000E+02  6.181506E-01  6.181506E-01
  1.935000E+02  6.180470E-01  6.180470E-01
  1.945000E+02  6.179435E-01  6.179435E-01
  1.955000E+02  6.178401E-01  6.178401E-01
  1.965000E+02  6.177368E-01  6.177368E-01
  1.975000E+02  6.176337E-01  6.176337E-01
  1.985000E+02  6.175307E-01  6.175307E-01
  1.995000E+02  6.174278E-01  6.174278E-01
  2.005000E+02  6.173250E-01  6.173250E-01
  2.015000E+02  6.172224E-01  6.172224E-01
  2.025000E+02  6.171199E-01  6.171199E-01
  2.035000E+02  6.170175E-01  6.170175E-01
  2.045000E+02  6.169152E-01  6.169152E-01
  2.055000E+02  6.168131E-01  6.168131E-01
  2.065000E+02  6.167111E-01  6.167111E-01
  2.075000E+02  6.166092E-01  6.166092E-01
  2.085000E+02  6.165075E-01  6.165075E-01
  2.095000E+02  6.164058E-01  6.164058E-01
  2.105000E+02  6.163043E-01  6.163043E-01
  2.115000E+02  6.162029E-01  6.162029E-01
  2.125000E+02  6.161017E-01  6.161017E-01
  2.135000E+02  6.160005E-01  6.160005E-01
  2.145000E+02  6.158995E-01  6.158995E-01
  2.155000E+02  6.157986E-01  6.157986E-01
  2.165000E+02  6.156979E-01  6.156979E-01
  2.175000E+02  6.155972E-01  6.155972E-01
  2.185000E+02  6.154967E-01  6.154967E-01
  2.195000E+02  6.153963E-01  6.153963E-01
  2.205000E+02  6.152960E-01  6.152960E-01
  2.215000E+02  6.151959E-01  6.151959E-01
  2.225000E+02  6.150958E-01  6.150958E-01
  2.235000E+02  6.149959E-01  6.149959E-01
  2.245000E+02  6.148961E-01  6.148961E-01
  2.255000E+02  6.147965E-01  6.147965E-01
  2.265000E+02  6.146969E-01  6.146969E-01
  2.275000E+02  6.145975E-01  6.145975E-01
  2.285000E+02  6.144982E-01  6.144982E-01
  2.295000E+02  6.143990E-01  6.143990E-01
  2.305000E+02  6.142999E-01  6.142999E-01
  2.315000E+02  6.142010E-01  6.142010E-01
  2.325000E+02  6.141022E-01  6.141022E-01
  2.335000E+02  6.140034E-01  6.140034E-01
  2.345000E+02  6.139048E-01  6.139048E-01
  2.355000E+02  6.138064E-01  6.138064E-01
  2.365000E+02  6.137080E-01  6.137080E-01
  2.375000E+02  6.136098E-01  6.136098E-01
  2.385000E+02  6.135117E-01  6.135117E-01
  2.395000E+02  6.134137E-01  6.134137E-01
  2.405000E+02  6.133158E-01  6.133158E-01
  2.415000E+02  6.132180E-01  6.132180E-01
  2.425000E+02  6.131204E-01  6.131204E-01
  2.435000E+02  6.130229E-01  6.130229E-01
  2.445000E+02  6.129254E-01  6.129254E-01
  2.455000E+02  6.128281E-01  6.128281E-01
  2.465000E+02  6.127310E-01  6.127310E-01
  2.475000E+02  6.126339E-01  6.126339E-01
  2.485000E+02  6.125370E-01  6.125370E-01
  2.495000E+02  6.124401E-01  6.124401E-01
  2.505000E+02  6.123434E-01  6.123434E-01
  2.515000E+02  6.122468E-01  6.122468E-01
  2.525000E+02  6.121503E-01  6.121503E-01
  2.535000E+02  6.120540E-01  6.120540E-01
  2.545000E+02  6.119577E-01  6.119577E-01
  2.555000E+02  6.118616E-01  6.118616E-01
  2.565000E+02  6.117656E-01  6.117656E-01
  2.575000E+02  6.116696E-01  6.116696E-01
  2.585000E+02  6.115739E-01  6.115739E-01
  2.595000E+02  6.114782E-01  6.114782E-01
  2.605000E+02  6.113826E-01  6.113826E-01
  2.615000E+02  6.112872E-01  6.112872E-01
  2.625000E+02  6.111918E-01  6.111918E-01
  2.635000E+02  6.110966E-01  6.110966E-01
  2.645000E+02  6.110015E-01  6.110015E-01
  2.655000E+02  6.109065E-01  6.109065E-01
  2.665000E+02  6.108116E-01  6.108116E-01
  2.675000E+02  6.107168E-01  6.107168E-01
  2.685000E+02  6.106221E-01  6.106221E-01
  2.695000E+02  6.105276E-01  6.105276E-01
  2.705000E+02  6.104332E-01  6.104332E-01
  2.715000E+02  6.103388E-01  6.103388E-01
  2.725000E+02  6.102446E-01  6.102446E-01
  2.735000E+02  6.101505E-01  6.101505E-01
  2.745000E+02  6.100565E-01  6.100565E-01
  2.755000E+02  6.099626E-01  6.099626E-01
  2.765000E+02  6.098689E-01  6.098689E-01
  2.775000E+02  6.097752E-01  6.097752E-01
  2.785000E+02  6.096816E-01  6.096816E-01
  2.795000E+02  6.095882E-01  6.095882E-01
  2.805000E+02  6.094949E-01  6.094949E-01
  2.815000E+02  6.094016E-01  6.094016E-01
  2.825000E+02  6.093085E-01  6.093085E-01
  2.835000E+02  6.092155E-01  6.092155E-01
  2.845000E+02  6.091226E-01  6.091226E-01
  2.855000E+02  6.090298E-01  6.090298E-01
  2.865000E+02  6.089372E-01  6.089372E-01
  2.875000E+02  6.088446E-01  6.088446E-01
  2.885000E+02  6.087521E-01  6.087521E-01
  2.895000E+02  6.086598E-01  6.086598E-01
  2.905000E+02  6.085676E-01  6.085676E-01
  2.915000E+02  6.084754E-01  6.084754E-01
  2.925000E+02  6.083834E-01  6.083834E-01
  2.935000E+02  6.082915E-01  6.082915E-01
  2.945000E+02  6.081997E-01  6.081997E-01
  2.955000E+02  6.081080E-01  6.081080E-01
  2.965000E+02  6.080164E-01  6.080164E-01
  2.975000E+02  6.079249E-01  6.079249E-01
  2.985000E+02  6.078335E-01  6.078335E-01
  2.995000E+02  6.077422E-01  6.077422E-01
  3.005000E+02  6.076510E-01  6.076510E-01
  3.015000E+02  6.075600E-01  6.075600E-01
  3.025000E+02  6.074690E-01  6.074690E-01
  3.035000E+02  6.073781E-01  6.073781E-01
  3.045000E+02  6.072874E-01  6.072874E-01
  3.055000E+02  6.071968E-01  6.071968E-01
  3.065000E+02  6.071062E-01  6.071062E-01
  3.075000E+02  6.070158E-01  6.070158E-01
  3.085000E+02  6.069255E-01  6.069255E-01
  3.095000E+02  6.068352E-01  6.068352E-01
  3.105000E+02  6.067451E-01  6.067451E-01
  3.115000E+02  6.066551E-01  6.066551E-01
  3.125000E+02  6.065652E-01  6.065652E-01
  3.135000E+02  6.064754E-01  6.064754E-01
  3.145000E+02  6.063857E-01  6.063857E-01
  3.155000E+02  6.062961E-01  6.062961E-01
  3.165000E+02  6.062066E-01  6.062066E-01
  3.175000E+02  6.061172E-01  6.061172E-01
  3.185000E+02  6.060279E-01  6.060279E-01
  3.195000E+02  6.059387E-01  6.059387E-01
  3.205000E+02  6.058496E-01  6.058496E-01
  3.215000E+02  6.057607E-01  6.057607E-01
  3.225000E+02  6.056718E-01  6.056718E-01
  3.235000E+02  6.055830E-01  6.055830E-01
  3.245000E+02  6.054943E-01  6.054943E-01
  3.255000E+02  6.054058E-01  6.054058E-01
  3.265000E+02  6.053173E-01  6.053173E-01
  3.275000E+02  6.052289E-01  6.052289E-01
  3.285000E+02  6.051406E-01  6.051406E-01
  3.295000E+02  6.050525E-01  6.050525E-01
  3.305000E+02  6.049644E-01  6.049644E-01
  3.315000E+02  6.048764E-01  6.048764E-01
  3.325000E+02  6.047886E-01  6.047886E-01
  3.335000E+02  6.047008E-01  6.047008E-01
  3.345000E+02  6.046132E-01  6.046132E-01
  3.355000E+02  6.045256E-01  6.045256E-01
  3.365000E+02  6.044381E-01  6.044381E-01
  3.375000E+02  6.043508E-01  6.043508E-01
  3.385000E+02  6.042635E-01  6.042635E-01
  3.395000E+02  6.041763E-01  6.041763E-01
  3.405000E+02  6.040893E-01  6.040893E-01
  3.415000E+02  6.040023E-01  6.040023E-01
  3.425000E+02  6.039154E-01  6.039154E-01
  3.435000E+02  6.038287E-01  6.038287E-01
  3.445000E+02  6.037420E-01  6.037420E-01
  3.455000E+02  6.036554E-01  6.036554E-01
  3.465000E+02  6.035690E-01  6.035690E-01
  3.475000E+02  6.034826E-01  6.034826E-01
  3.485000E+02  6.033963E-01  6.033963E-01
  3.495000E+02  6.033101E-01  6.033101E-01
  3.505000E+02  6.032240E-01  6.032240E-01
  3.515000E+02  6.031381E-01  6.031381E-01
  3.525000E+02  6.030520E-01  6.030520E-01
  3.535000E+02  6.029671E-01  6.029671E-01
  3.545000E+02  6.028785E-01  6.028785E-01
  3.555000E+02  6.028022E-01  6.028022E-01
  3.565000E+02  6.026868E-01  6.026868E-01
  3.575000E+02  6.026979E-01  6.026979E-01
  3.585000E+02  6.023013E-01  6.023013E-01
  3.595000E+02  6.032189E-01  6.032189E-01
  3.605000E+02  5.999060E-01  5.999060E-01
  3.615000E+02  6.102026E-01  6.102026E-01
  3.625000E+02  5.767518E-01  5.767518E-01
  3.635000E+02  6.838236E-01  6.838236E-01
  3.645000E+02  7.907135E-01  7.907135E-01
  3.655000E+02  8.974217E-01  8.974217E-01
  3.665000E+02  1.003949E+00  1.003949E+00
  3.675000E+02  1.110295E+00  1.110295E+00
  3.685000E+02  1.216461E+00  1.216461E+00
  3.695000E+02  1.322447E+00  1.322447E+00
  3.705000E+02  1.428253E+00  1.428253E+00
  3.715000E+02  1.533880E+00  1.533880E+00
  3.725000E+02  1.639328E+00  1.639328E+00
  3.735000E+02  1.744598E+00  1.744598E+00
  3.745000E+02  1.849690E+00  1.849690E+00
  3.755000E+02  1.954604E+00  1.954604E+00
  3.765000E+02  2.059341E+00  2.059341E+00
  3.775000E+02  2.163901E+00  2.163901E+00
  3.785000E+02  2.268285E+00  2.268285E+00
  3.795000E+02  2.372493E+00  2.372493E+00
  3.805000E+02  2.476524E+00  2.476524E+00
  3.815000E+02  2.580381E+00  2.580381E+00
  3.825000E+02  2.684063E+00  2.684063E+00
  3.835000E+02  2.787570E+00  2.787570E+00
  3.845000E+02  2.890903E+00  2.890903E+00
  3.855000E+02  2.994062E+00  2.994062E+00
  3.865000E+02  3.097048E+00  3.097048E+00
  3.875000E+02  3.199861E+00  3.199861E+00
  3.885000E+02  3.302501E+00  3.302501E+00
  3.895000E+02  3.404969E+00  3.404969E+00
  3.905000E+02  3.507265E+00  3.507265E+00
  3.915000E+02  3.609389E+00  3.609389E+00
  3.925000E+02  3.711342E+00  3.711342E+00
  3.935000E+02  3.813125E+00  3.813125E+00
  3.945000E+02  3.914737E+00  3.914737E+00
  3.955000E+02  4.016179E+00  4.016179E+00
  3.965000E+02  4.117452E+00  4.117452E+00
  3.975000E+02  4.218555E+00  4.218555E+00
  3.985000E+02  4.319489E+00  4.319489E+00
  3.995000E+02  4.420255E+00  4.420255E+00
  4.005000E+02  4.520853E+00  4.520853E+00
  4.015000E+02  4.621283E+00  4.621283E+00
  4.025000E+02  4.721545E+00  4.721545E+00
  4.035000E+02  4.821640E+00  4.821640E+00
  4.045000E+02  4.921569E+00  4.921569E+00
  4.055000E+02  5.021331E+00  5.021331E+00
  4.065000E+02  5.120927E+00  5.120927E+00
  4.075000E+02  5.220357E+00  5.220357E+00
  4.085000E+02  5.319622E+00  5.319622E+00
  4.095000E+02  5.418723E+00  5.418723E+00
  4.105000E+02  5.517658E+00  5.517658E+00
  4.115000E+02  5.616430E+00  5.616430E+00
  4.125000E+02  5.715037E+00  5.715037E+00
  4.135000E+02  5.813481E+00  5.813481E+00
  4.145000E+02  5.911762E+00  5.911762E+00
  4.155000E+02  6.009880E+00  6.009880E+00
  4.165000E+02  6.107836E+00  6.107836E+00
  4.175000E+02  6.205629E+00  6.205629E+00
  4.185000E+02  6.303261E+00  6.303261E+00
  4.195000E+02  6.400731E+00  6.400731E+00
  4.205000E+02  6.498040E+00  6.498040E+00
  4.215000E+02  6.595189E+00  6.595189E+00
  4.225000E+02  6.692177E+00  6.692177E+00
  4.235000E+02  6.789005E+00  6.789005E+00
  4.245000E+02  6.885673E+00  6.885673E+00
  4.255000E+02  6.982182E+00  6.982182E+00
  4.265000E+02  7.078532E+00  7.078532E+00
  4.275000E+02  7.174724E+00  7.174724E+00
  4.285000E+02  7.270757E+00  7.270757E+00
  4.295000E+02  7.366632E+00  7.366632E+00
  4.305000E+02  7.462349E+00  7.462349E+00
  4.315000E+02  7.557909E+00  7.557909E+00
  4.325000E+02  7.653312E+00  7.653312E+00
  4.335000E+02  7.748559E+00  7.748559E+00
  4.345000E+02  7.843649E+00  7.843649E+00
  4.355000E+02  7.938583E+00  7.938583E+00
  4.365000E+02  8.033362E+00  8.033362E+00
  4.375000E+02  8.127985E+00  8.127985E+00
  4.385000E+02  8.222453E+00  8.222453E+00
  4.395000E+02  8.316766E+00  8.316766E+00
  4.405000E+02  8.410926E+00  8.410926E+00
  4.415000E+02  8.504931E+00  8.504931E+00
  4.425000E+02  8.598783E+00  8.598783E+00
  4.435000E+02  8.692481E+00  8.692481E+00
  4.445000E+02  8.786026E+00  8.786026E+00
  4.455000E+02  8.879418E+00  8.879418E+00
  4.465000E+02  8.972659E+00  8.972659E+00
  4.475000E+02  9.065747E+00  9.065747E+00
  4.485000E+02  9.158683E+00  9.158683E+00
  4.495000E+02  9.251468E+00  9.251468E+00
  4.505000E+02  9.344102E+00  9.344102E+00
  4.515000E+02  9.436585E+00  9.436585E+00
  4.525000E+02  9.528918E+00  9.528918E+00
  4.535000E+02  9.621100E+00  9.621100E+00
  4.545000E+02  9.713133E+00  9.713133E+00
  4.555000E+02  9.805017E+00  9.805017E+00
  4.565000E+02  9.896751E+00  9.896751E+00
  4.575000E+02  9.988336E+00  9.988336E+00
  4.585000E+02  1.007977E+01  1.007977E+01
  4.595000E+02  1.017106E+01  1.017106E+01
  4.605000E+02  1.026220E+01  1.026220E+01
  4.615000E+02  1.035319E+01  1.035319E+01
  4.625000E+02  1.044404E+01  1.044404E+01
  4.635000E+02  1.053474E+01  1.053474E+01
  4.645000E+02  1.062529E+01  1.062529E+01
  4.655000E+02  1.071570E+01  1.071570E+01
  4.665000E+02  1.080596E+01  1.080596E+01
  4.675000E+02  1.089607E+01  1.089607E+01
  4.685000E+02  1.098604E+01  1.098604E+01
  4.695000E+02  1.107586E+01  1.107586E+01
  4.705000E+02  1.116554E+01  1.116554E+01
  4.715000E+02  1.125507E+01  1.125507E+01
  4.725000E+02  1.134446E+01  1.134446E+01
  4.735000E+02  1.143371E+01  1.143371E+01
  4.745000E+02  1.152280E+01  1.152280E+01
  4.755000E+02  1.161179E+01  1.161179E+01
  4.765000E+02  1.170053E+01  1.170053E+01
  4.775000E+02  1.178941E+01  1.178941E+01
  4.785000E+02  1.187735E+01  1.187735E+01
  4.795000E+02  1.196749E+01  1.196749E+01
  4.805000E+02  1.205054E+01  1.205054E+01
  4.815000E+02  1.215404E+01  1.215404E+01
  4.825000E+02  1.219641E+01  1.219641E+01
  4.835000E+02  1.241918E+01  1.241918E+01
  4.845000E+02  1.202655E+01  1.202655E+01
  4.855000E+02  1.167636E+01  1.167636E+01
  4.865000E+02  1.134341E+01  1.134341E+01
  4.875000E+02  1.102654E+01  1.102654E+01
  4.885000E+02  1.072468E+01  1.072468E+01
  4.895000E+02  1.043687E+01  1.043687E+01
  4.905000E+02  1.016220E+01  1.016220E+01
  4.915000E+02  9.899845E+00  9.899845E+00
  4.925000E+02  9.649054E+00  9.649054E+00
  4.935000E+02  9.409125E+00  9.409125E+00
  4.945000E+02  9.179411E+00  9.179411E+00
  4.955000E+02  8.959313E+00  8.959313E+00
  4.965000E+02  8.748279E+00  8.748279E+00
  4.975000E+02  8.545794E+00  8.545794E+00
  4.985000E+02  8.351381E+00  8.351381E+00
  4.995000E+02  8.164598E+00  8.164598E+00
  5.005000E+02  7.985031E+00  7.985031E+00
  5.015000E+02  7.812297E+00  7.812297E+00
  5.025000E+02  7.646037E+00  7.646037E+00
  5.035000E+02  7.485916E+00  7.485916E+00
  5.045000E+02  7.331622E+00  7.331622E+00
  5.055000E+02  7.182862E+00  7.182862E+00
  5.065000E+02  7.039361E+00  7.039361E+00
  5.075000E+02  6.900864E+00  6.900864E+00
  5.085000E+02  6.767129E+00  6.767129E+00
  5.095000E+02  6.637930E+00  6.637930E+00
  5.105000E+02  6.513054E+00  6.513054E+00
  5.115000E+02  6.392301E+00  6.392301E+00
  5.125000E+02  6.275484E+00  6.275484E+00
  5.135000E+02  6.162423E+00  6.162423E+00
  5.145000E+02  6.052955E+00  6.052955E+00
  5.155000E+02  5.946912E+00  5.946912E+00
  5.165000E+02  5.844174E+00  5.844174E+00
  5.175000E+02  5.744527E+00  5.744527E+00
  5.185000E+02  5.648014E+00  5.648014E+00
  5.195000E+02  5.554088E+00  5.554088E+00
  5.205000E+02  5.463629E+00  5.463629E+00
  5.215000E+02  5.374175E+00  5.374175E+00
  5.225000E+02  5.291081E+00  5.291081E+00
  5.235000E+02  5.201690E+00  5.201690E+00
  5.245000E+02  5.134449E+00  5.134449E+00
  5.255000E+02  5.025054E+00  5.025054E+00
  5.265000E+02  5.015113E+00  5.015113E+00
  5.275000E+02  5.005721E+00  5.005721E+00
  5.285000E+02  4.996349E+00  4.996349E+00
  5.295000E+02  4.986997E+00  4.986997E+00
  5.305000E+02  4.977666E+00  4.977666E+00
  5.315000E+02  4.968356E+00  4.968356E+00
  5.325000E+02  4.959065E+00  4.959065E+00
  5.335000E+02  4.949795E+00  4.949795E+00
  5.345000E+02  4.940545E+00  4.940545E+00
  5.355000E+02  4.931315E+00  4.931315E+00
  5.365000E+02  4.922105E+00  4.922105E+00
  5.375000E+02  4.912915E+00  4.912915E+00
  5.385000E+02  4.903745E+00  4.903745E+00
  5.395000E+02  4.894594E+00  4.894594E+00
  5.405000E+02  4.885464E+00  4.885464E+00
  5.415000E+02  4.876354E+00  4.876354E+00
  5.425000E+02  4.867263E+00  4.867263E+00
  5.435000E+02  4.858192E+00  4.858192E+00
  5.445000E+02  4.849140E+00  4.849140E+00
  5.455000E+02  4.840109E+00  4.840109E+00
  5.465000E+02  4.831096E+00  4.831096E+00
  5.475000E+02  4.822104E+00  4.822104E+00
  5.485000E+02  4.813131E+00  4.813131E+00
  5.495000E+02  4.804177E+00  4.804177E+00
  5.505000E+02  4.795242E+00  4.795242E+00
  5.515000E+02  4.786327E+00  4.786327E+00
  5.525000E+02  4.777432E+00  4.777432E+00
  5.535000E+02  4.768555E+00  4.768555E+00
  5.545000E+02  4.759698E+00  4.759698E+00
  5.555000E+02  4.750859E+00  4.750859E+00
  5.565000E+02  4.742040E+00  4.742040E+00
  5.575000E+02  4.733240E+00  4.733240E+00
  5.585000E+02  4.724459E+00  4.724459E+00
  5.595000E+02  4.715697E+00  4.715697E+00
  5.605000E+02  4.706954E+00  4.706954E+00
  5.615000E+02  4.698229E+00  4.698229E+00
  5.625000E+02  4.689524E+00  4.689524E+00
  5.635000E+02  4.680837E+00  4.680837E+00
  5.645000E+02  4.672169E+00  4.672169E+00
  5.655000E+02  4.663520E+00  4.663520E+00
  5.665000E+02  4.654889E+00  4.654889E+00
  5.675000E+02  4.646277E+00  4.646277E+00
  5.685000E+02  4.637683E+00  4.637683E+00
  5.695000E+02  4.629108E+00  4.629108E+00
  5.705000E+02  4.620551E+00  4.620551E+00
  5.715000E+02  4.612013E+00  4.612013E+00
  5.725000E+02  4.603493E+00  4.603493E+00
  5.735000E+02  4.594992E+00  4.594992E+00
  5.745000E+02  4.586509E+00  4.586509E+00
  5.755000E+02  4.578044E+00  4.578044E+00
  5.765000E+02  4.569597E+00  4.569597E+00
  5.775000E+02  4.561168E+00  4.561168E+00
  5.785000E+02  4.552757E+00  4.552757E+00
  5.795000E+02  4.544365E+00  4.544365E+00
  5.805000E+02  4.535990E+00  4.535990E+00
  5.815000E+02  4.527634E+00  4.527634E+00
  5.825000E+02  4.519295E+00  4.519295E+00
  5.835000E+02  4.510974E+00  4.510974E+00
  5.845000E+02  4.502672E+00  4.502672E+00
  5.855000E+02  4.494386E+00  4.494386E+00
  5.865000E+02  4.486119E+00  4.486119E+00
  5.875000E+02  4.477870E+00  4.477870E+00
  5.885000E+02  4.469638E+00  4.469638E+00
  5.895000E+02  4.461423E+00  4.461423E+00
  5.905000E+02  4.453226E+00  4.453226E+00
  5.915000E+02  4.445047E+00  4.445047E+00
  5.925000E+02  4.436886E+00  4.436886E+00
  5.935000E+02  4.428741E+00  4.428741E+00
  5.945000E+02  4.420614E+00  4.420614E+00
  5.955000E+02  4.412505E+00  4.412505E+00
  5.965000E+02  4.404413E+00  4.404413E+00
  5.975000E+02  4.396338E+00  4.396338E+00
  5.985000E+02  4.388280E+00  4.388280E+00
  5.995000E+02  4.380240E+00  4.380240E+00
  6.005000E+02  4.372217E+00  4.372217E+00
  6.015000E+02  4.364211E+00  4.364211E+00
  6.025000E+02  4.356222E+00  4.356222E+00
  6.035000E+02  4.348250E+00  4.348250E+00
  6.045000E+02  4.340295E+00  4.340295E+00
  6.055000E+02  4.332357E+00  4.332357E+00
  6.065000E+02  4.324436E+00  4.324436E+00
  6.075000E+02  4.316531E+00  4.316531E+00
  6.085000E+02  4.308644E+00  4.308644E+00
  6.095000E+02  4.300773E+00  4.300773E+00
  6.105000E+02  4.292920E+00  4.292920E+00
  6.115000E+02  4.285082E+00  4.285082E+00
  6.125000E+02  4.277262E+00  4.277262E+00
  6.135000E+02  4.269458E+00  4.269458E+00
  6.145000E+02  4.261671E+00  4.261671E+00
  6.155000E+02  4.253900E+00  4.253900E+00
  6.165000E+02  4.246146E+00  4.246146E+00
  6.175000E+02  4.238409E+00  4.238409E+00
  6.185000E+02  4.230687E+00  4.230687E+00
  6.195000E+02  4.222983E+00  4.222983E+00
  6.205000E+02  4.215294E+00  4.215294E+00
  6.215000E+02  4.207622E+00  4.207622E+00
  6.225000E+02  4.199966E+00  4.199966E+00
  6.235000E+02  4.192327E+00  4.192327E+00
  6.245000E+02  4.184703E+00  4.184703E+00
  6.255000E+02  4.177096E+00  4.177096E+00
  6.265000E+02  4.169505E+00  4.169505E+00
  6.275000E+02  4.161930E+00  4.161930E+00
  6.285000E+02  4.154371E+00  4.154371E+00
  6.295000E+02  4.146828E+00  4.146828E+00
  6.305000E+02  4.139301E+00  4.139301E+00
  6.315000E+02  4.131790E+00  4.131790E+00
  6.325000E+02  4.124295E+00  4.124295E+00
  6.335000E+02  4.116816E+00  4.116816E+00
  6.345000E+02  4.109352E+00  4.109352E+00
  6.355000E+02  4.101904E+00  4.101904E+00
  6.365000E+02  4.094473E+00  4.094473E+00
  6.375000E+02  4.087056E+00  4.087056E+00
  6.385000E+02  4.079656E+00  4.079656E+00
  6.395000E+02  4.072271E+00  4.072271E+00
  6.405000E+02  4.064902E+00  4.064902E+00
  6.415000E+02  4.057548E+00  4.057548E+00
  6.425000E+02  4.050210E+00  4.050210E+00
  6.435000E+02  4.042887E+00  4.042887E+00
  6.445000E+02  4.035580E+00  4.035580E+00
  6.455000E+02  4.028288E+00  4.028288E+00
  6.465000E+02  4.021011E+00  4.021011E+00
  6.475000E+02  4.013750E+00  4.013750E+00
  6.485000E+02  4.006504E+00  4.006504E+00
  6.495000E+02  3.999274E+00  3.999274E+00
  6.505000E+02  3.992058E+00  3.992058E+00
  6.515000E+02  3.984858E+00  3.984858E+00
  6.525000E+02  3.977673E+00  3.977673E+00
  6.535000E+02  3.970503E+00  3.970503E+00
  6.545000E+02  3.963349E+00  3.963349E+00
  6.555000E+02  3.956209E+00  3.956209E+00
  6.565000E+02  3.949084E+00  3.949084E+00
  6.575000E+02  3.941974E+00  3.941974E+00
  6.585000E+02  3.934880E+00  3.934880E+00
  6.595000E+02  3.927800E+00  3.927800E+00
  6.605000E+02  3.920735E+00  3.920735E+00
  6.615000E+02  3.913685E+00  3.913685E+00
  6.625000E+02  3.906649E+00  3.906649E+00
  6.635000E+02  3.899629E+00  3.899629E+00
  6.645000E+02  3.892623E+00  3.892623E+00
  6.655000E+02  3.885632E+00  3.885632E+00
  6.665000E+02  3.878655E+00  3.878655E+00
  6.675000E+02  3.871693E+00  3.871693E+00
  6.685000E+02  3.864746E+00  3.864746E+00
  6.695000E+02  3.857813E+00  3.857813E+00
  6.705000E+02  3.850895E+00  3.850895E+00
  6.715000E+02  3.843991E+00  3.843991E+00
  6.725000E+02  3.837102E+00  3.837102E+00
  6.735000E+02  3.830227E+00  3.830227E+00
  6.745000E+02  3.823367E+00  3.823367E+00
  6.755000E+02  3.816521E+00  3.816521E+00
  6.765000E+02  3.809689E+00  3.809689E+00
  6.775000E+02  3.802872E+00  3.802872E+00
  6.785000E+02  3.796069E+00  3.796069E+00
  6.795000E+02  3.789280E+00  3.789280E+00
  6.805000E+02  3.782505E+00  3.782505E+00
  6.815000E+02  3.775744E+00  3.775744E+00
  6.825000E+02  3.768998E+00  3.768998E+00
  6.835000E+02  3.762265E+00  3.762265E+00
  6.845000E+02  3.755547E+00  3.755547E+00
  6.855000E+02  3.748843E+00  3.748843E+00
  6.865000E+02  3.742152E+00  3.742152E+00
  6.875000E+02  3.735476E+00  3.735476E+00
  6.885000E+02  3.728814E+00  3.728814E+00
  6.895000E+02  3.722165E+00  3.722165E+00
  6.905000E+02  3.715530E+00  3.715530E+00
  6.915000E+02  3.708909E+00  3.708909E+00
  6.925000E+02  3.702302E+00  3.702302E+00
  6.935000E+02  3.695709E+00  3.695709E+00
  6.945000E+02  3.689129E+00  3.689129E+00
  6.955000E+02  3.682564E+00  3.682564E+00
  6.965000E+02  3.676011E+00  3.676011E+00
  6.975000E+02  3.669473E+00  3.669473E+00
  6.985000E+02  3.662948E+00  3.662948E+00
  6.995000E+02  3.656436E+00  3.656436E+00
  7.005000E+02  3.649938E+00  3.649938E+00
  7.015000E+02  3.643454E+00  3.643454E+00
  7.025000E+02  3.636983E+00  3.636983E+00
  7.035000E+02  3.630526E+00  3.630526E+00
  7.045000E+02  3.624082E+00  3.624082E+00
  7.055000E+02  3.617651E+00  3.617651E+00
  7.065000E+02  3.611234E+00  3.611234E+00
  7.075000E+02  3.604829E+00  3.604829E+00
  7.085000E+02  3.598439E+00  3.598439E+00
  7.095000E+02  3.592061E+00  3.592061E+00
  7.105000E+02  3.585697E+00  3.585697E+00
  7.115000E+02  3.579346E+00  3.579346E+00
  7.125000E+02  3.573008E+00  3.573008E+00
  7.135000E+02  3.566683E+00  3.566683E+00
  7.145000E+02  3.560372E+00  3.560372E+00
  7.155000E+02  3.554073E+00  3.554073E+00
  7.165000E+02  3.547788E+00  3.547788E+00
  7.175000E+02  3.541515E+00  3.541515E+00
  7.185000E+02  3.535255E+00  3.535255E+00
  7.195000E+02  3.529009E+00  3.529009E+00
  7.205000E+02  3.522775E+00  3.522775E+00
  7.215000E+02  3.516554E+00  3.516554E+00
  7.225000E+02  3.510346E+00  3.510346E+00
  7.235000E+02  3.504151E+00  3.504151E+00
  7.245000E+02  3.497969E+00  3.497969E+00
  7.255000E+02  3.491799E+00  3.491799E+00
  7.265000E+02  3.485643E+00  3.485643E+00
  7.275000E+02  3.479498E+00  3.479498E+00
  7.285000E+02  3.473367E+00  3.473367E+00
  7.295000E+02  3.467248E+00  3.467248E+00
  7.305000E+02  3.461142E+00  3.461142E+00
  7.315000E+02  3.455049E+00  3.455049E+00
  7.325000E+02  3.448968E+00  3.448968E+00
  7.335000E+02  3.442899E+00  3.442899E+00
  7.345000E+02  3.436843E+00  3.436843E+00
  7.355000E+02  3.430800E+00  3.430800E+00
  7.365000E+02  3.424769E+00  3.424769E+00
  7.375000E+02  3.418750E+00  3.418750E+00
  7.385000E+02  3.412744E+00  3.412744E+00
  7.395000E+02  3.406750E+00  3.406750E+00
  7.405000E+02  3.400768E+00  3.400768E+00
  7.415000E+02  3.394799E+00  3.394799E+00
  7.425000E+02  3.388842E+00  3.388842E+00
  7.435000E+02  3.382898E+00  3.382898E+00
  7.445000E+02  3.376965E+00  3.376965E+00
  7.455000E+02  3.371045E+00  3.371045E+00
  7.465000E+02  3.365137E+00  3.365137E+00
  7.475000E+02  3.359241E+00  3.359241E+00
  7.485000E+02  3.353357E+00  3.353357E+00
  7.495000E+02  3.347485E+00  3.347485E+00
  7.505000E+02  3.341625E+00  3.341625E+00
  7.515000E+02  3.335777E+00  3.335777E+00
  7.525000E+02  3.329942E+00  3.329942E+00
  7.535000E+02  3.324118E+00  3.324118E+00
  7.545000E+02  3.318306E+00  3.318306E+00
  7.555000E+02  3.312506E+00  3.312506E+00
  7.565000E+02  3.306718E+00  3.306718E+00
  7.575000E+02  3.300942E+00  3.300942E+00
  7.585000E+02  3.295178E+00  3.295178E+00
  7.595000E+02  3.289425E+00  3.289425E+00
  7.605000E+02  3.283684E+00  3.283684E+00
  7.615000E+02  3.277955E+00  3.277955E+00
  7.625000E+02  3.272238E+00  3.272238E+00
  7.635000E+02  3.266532E+00  3.266532E+00
  7.645000E+02  3.260838E+00  3.260838E+00
  7.655000E+02  3.255156E+00  3.255156E+00
  7.665000E+02  3.249485E+00  3.249485E+00
  7.675000E+02  3.243826E+00  3.243826E+00
  7.685000E+02  3.238179E+00  3.238179E+00
  7.695000E+02  3.232543E+00  3.232543E+00
  7.705000E+02  3.226918E+00  3.226918E+00
  7.715000E+02  3.221305E+00  3.221305E+00
  7.725000E+02  3.215703E+00  3.215703E+00
  7.735000E+02  3.210113E+00  3.210113E+00
  7.745000E+02  3.204534E+00  3.204534E+00
  7.755000E+02  3.198967E+00  3.198967E+00
  7.765000E+02  3.193411E+00  3.193411E+00
  7.775000E+02  3.187866E+00  3.187866E+00
  7.785000E+02  3.182333E+00  3.182333E+00
  7.795000E+02  3.176811E+00  3.176811E+00
  7.805000E+02  3.171300E+00  3.171300E+00
  7.815000E+02  3.165800E+00  3.165800E+00
  7.825000E+02  3.160312E+00  3.160312E+00
  7.835000E+02  3.154834E+00  3.154834E+00
  7.845000E+02  3.149368E+00  3.149368E+00
  7.855000E+02  3.143913E+00  3.143913E+00
  7.865000E+02  3.138469E+00  3.138469E+00
  7.875000E+02  3.133036E+00  3.133036E+00
  7.885000E+02  3.127614E+00  3.127614E+00
  7.895000E+02  3.122204E+00  3.122204E+00
  7.905000E+02  3.116804E+00  3.116804E+00
  7.915000E+02  3.111415E+00  3.111415E+00
  7.925000E+02  3.106037E+00  3.106037E+00
  7.935000E+02  3.100670E+00  3.100670E+00
  7.945000E+02  3.095314E+00  3.095314E+00
  7.955000E+02  3.089968E+00  3.089968E+00
  7.965000E+02  3.084634E+00  3.084634E+00
  7.975000E+02  3.079310E+00  3.079310E+00
  7.985000E+02  3.073997E+00  3.073997E+00
  7.995000E+02  3.068695E+00  3.068695E+00
  8.005000E+02  3.063404E+00  3.063404E+00
  8.015000E+02  3.058123E+00  3.058123E+00
  8.025000E+02  3.052854E+00  3.052854E+00
  8.035000E+02  3.047594E+00  3.047594E+00
  8.045000E+02  3.042346E+00  3.042346E+00
  8.055000E+02  3.037108E+00  3.037108E+00
  8.065000E+02  3.031880E+00  3.031880E+00
  8.075000E+02  3.026664E+00  3.026664E+00
  8.085000E+02  3.021457E+00  3.021457E+00
  8.095000E+02  3.016262E+00  3.016262E+00
  8.105000E+02  3.011076E+00  3.011076E+00
  8.115000E+02  3.005902E+00  3.005902E+00
  8.125000E+02  3.000737E+00  3.000737E+00
  8.135000E+02  2.995583E+00  2.995583E+00
  8.145000E+02  2.990440E+00  2.990440E+00
  8.155000E+02  2.985307E+00  2.985307E+00
  8.165000E+02  2.980184E+00  2.980184E+00
  8.175000E+02  2.975072E+00  2.975072E+00
  8.185000E+02  2.969969E+00  2.969969E+00
  8.195000E+02  2.964878E+00  2.964878E+00
  8.205000E+02  2.959796E+00  2.959796E+00
  8.215000E+02  2.954725E+00  2.954725E+00
  8.225000E+02  2.949664E+00  2.949664E+00
  8.235000E+02  2.944613E+00  2.944613E+00
  8.245000E+02  2.939572E+00  2.939572E+00
  8.255000E+02  2.934541E+00  2.934541E+00
  8.265000E+02  2.929521E+00  2.929521E+00
  8.275000E+02  2.924511E+00  2.924511E+00
  8.285000E+02  2.919510E+00  2.919510E+00
  8.295000E+02  2.914520E+00  2.914520E+00
  8.305000E+02  2.909540E+00  2.909540E+00
  8.315000E+02  2.904570E+00  2.904570E+00
  8.325000E+02  2.899610E+00  2.899610E+00
  8.335000E+02  2.894659E+00  2.894659E+00
  8.345000E+02  2.889719E+00  2.889719E+00
  8.355000E+02  2.884789E+00  2.884789E+00
  8.365000E+02  2.879868E+00  2.879868E+00
  8.375000E+02  2.874958E+00  2.874958E+00
  8.385000E+02  2.870057E+00  2.870057E+00
  8.395000E+02  2.865166E+00  2.865166E+00
  8.405000E+02  2.860285E+00  2.860285E+00
  8.415000E+02  2.855414E+00  2.855414E+00
  8.425000E+02  2.850552E+00  2.850552E+00
  8.435000E+02  2.845700E+00  2.845700E+00
  8.445000E+02  2.840858E+00  2.840858E+00
  8.455000E+02  2.836026E+00  2.836026E+00
  8.465000E+02  2.831203E+00  2.831203E+00
  8.475000E+02  2.826390E+00  2.826390E+00
  8.485000E+02  2.821587E+00  2.821587E+00
  8.495000E+02  2.816793E+00  2.816793E+00
  8.505000E+02  2.812009E+00  2.812009E+00
  8.515000E+02  2.807234E+00  2.807234E+00
  8.525000E+02  2.802469E+00  2.802469E+00
  8.535000E+02  2.797713E+00  2.797713E+00
  8.545000E+02  2.792967E+00  2.792967E+00
  8.555000E+02  2.788231E+00  2.788231E+00
  8.565000E+02  2.783504E+00  2.783504E+00
  8.575000E+02  2.778786E+00  2.778786E+00
  8.585000E+02  2.774078E+00  2.774078E+00
  8.595000E+02  2.769379E+00  2.769379E+00
  8.605000E+02  2.764689E+00  2.764689E+00
  8.615000E+02  2.760009E+00  2.760009E+00
  8.625000E+02  2.755338E+00  2.755338E+00
  8.635000E+02  2.750677E+00  2.750677E+00
  8.645000E+02  2.746025E+00  2.746025E+00
  8.655000E+02  2.741382E+00  2.741382E+00
  8.665000E+02  2.736748E+00  2.736748E+00
  8.675000E+02  2.732123E+00  2.732123E+00
  8.685000E+02  2.727508E+00  2.727508E+00
  8.695000E+02  2.722902E+00  2.722902E+00
  8.705000E+02  2.718305E+00  2.718305E+00
  8.715000E+02  2.713718E+00  2.713718E+00
  8.725000E+02  2.709139E+00  2.709139E+00
  8.735000E+02  2.704569E+00  2.704569E+00
  8.745000E+02  2.700009E+00  2.700009E+00
  8.755000E+02  2.695458E+00  2.695458E+00
  8.765000E+02  2.690915E+00  2.690915E+00
  8.775000E+02  2.686382E+00  2.686382E+00
  8.785000E+02  2.681858E+00  2.681858E+00
  8.795000E+02  2.677343E+00  2.677343E+00
  8.805000E+02  2.672836E+00  2.672836E+00
  8.815000E+02  2.668339E+00  2.668339E+00
  8.825000E+02  2.663850E+00  2.663850E+00
  8.835000E+02  2.659371E+00  2.659371E+00
  8.845000E+02  2.654900E+00  2.654900E+00
  8.855000E+02  2.650438E+00  2.650438E+00
  8.865000E+02  2.645985E+00  2.645985E+00
  8.875000E+02  2.641541E+00  2.641541E+00
  8.885000E+02  2.637106E+00  2.637106E+00
  8.895000E+02  2.632679E+00  2.632679E+00
  8.905000E+02  2.628262E+00  2.628262E+00
  8.915000E+02  2.623853E+00  2.623853E+00
  8.925000E+02  2.619452E+00  2.619452E+00
  8.935000E+02  2.615061E+00  2.615061E+00
  8.945000E+02  2.610678E+00  2.610678E+00
  8.955000E+02  2.606304E+00  2.606304E+00
  8.965000E+02  2.601938E+00  2.601938E+00
  8.975000E+02  2.597581E+00  2.597581E+00
  8.985000E+02  2.593233E+00  2.593233E+00
  8.995000E+02  2.588893E+00  2.588893E+00
  9.005000E+02  2.584562E+00  2.584562E+00
  9.015000E+02  2.580239E+00  2.580239E+00
  9.025000E+02  2.575925E+00  2.575925E+00
  9.035000E+02  2.571620E+00  2.571620E+00
  9.045000E+02  2.567322E+00  2.567322E+00
  9.055000E+02  2.563034E+00  2.563034E+00
  9.065000E+02  2.558754E+00  2.558754E+00
  9.075000E+02  2.554482E+00  2.554482E+00
  9.085000E+02  2.550219E+00  2.550219E+00
  9.095000E+02  2.545964E+00  2.545964E+00
  9.105000E+02  2.541717E+00  2.541717E+00
  9.115000E+02  2.537479E+00  2.537479E+00
  9.125000E+02  2.533250E+00  2.533250E+00
  9.135000E+02  2.529028E+00  2.529028E+00
  9.145000E+02  2.524815E+00  2.524815E+00
  9.155000E+02  2.520610E+00  2.520610E+00
  9.165000E+02  2.516414E+00  2.516414E+00
  9.175000E+02  2.512225E+00  2.512225E+00
  9.185000E+02  2.508045E+00  2.508045E+00
  9.195000E+02  2.503873E+00  2.503873E+00
  9.205000E+02  2.499710E+00  2.499710E+00
  9.215000E+02  2.495554E+00  2.495554E+00
  9.225000E+02  2.491407E+00  2.491407E+00
  9.235000E+02  2.487268E+00  2.487268E+00
  9.245000E+02  2.483137E+00  2.483137E+00
  9.255000E+02  2.479014E+00  2.479014E+00
  9.265000E+02  2.474899E+00  2.474899E+00
  9.275000E+02  2.470792E+00  2.470792E+00
  9.285000E+02  2.466694E+00  2.466694E+00
  9.295000E+02  2.462603E+00  2.462603E+00
  9.305000E+02  2.458521E+00  2.458521E+00
  9.315000E+02  2.454446E+00  2.454446E+00
  9.325000E+02  2.450379E+00  2.450379E+00
  9.335000E+02  2.446321E+00  2.446321E+00
  9.345000E+02  2.442270E+00  2.442270E+00
  9.355000E+02  2.438227E+00  2.438227E+00
  9.365000E+02  2.434192E+00  2.434192E+00
  9.375000E+02  2.430165E+00  2.430165E+00
  9.385000E+02  2.426146E+00  2.426146E+00
  9.395000E+02  2.422135E+00  2.422135E+00
  9.405000E+02  2.418132E+00  2.418132E+00
  9.415000E+02  2.414135E+00  2.414135E+00
  9.425000E+02  2.410151E+00  2.410151E+00
  9.435000E+02  2.406161E+00  2.406161E+00
  9.445000E+02  2.402216E+00  2.402216E+00
  9.455000E+02  2.398176E+00  2.398176E+00
  9.465000E+02  2.394432E+00  2.394432E+00
  9.475000E+02  2.389884E+00  2.389884E+00
  9.485000E+02  2.387851E+00  2.387851E+00
  9.495000E+02  2.385738E+00  2.385738E+00
  9.505000E+02  2.383627E+00  2.383627E+00
  9.515000E+02  2.381519E+00  2.381519E+00
  9.525000E+02  2.379413E+00  2.379413E+00
  9.535000E+02  2.377310E+00  2.377310E+00
  9.545000E+02  2.375210E+00  2.375210E+00
  9.555000E+02  2.373112E+00  2.373112E+00
  9.565000E+02  2.371017E+00  2.371017E+00
  9.575000E+02  2.368925E+00  2.368925E+00
  9.585000E+02  2.366835E+00  2.366835E+00
  9.595000E+02  2.364748E+00  2.364748E+00
  9.605000E+02  2.362663E+00  2.362663E+00
  9.615000E+02  2.360581E+00  2.360581E+00
  9.625000E+02  2.358501E+00  2.358501E+00
  9.635000E+02  2.356424E+00  2.356424E+00
  9.645000E+02  2.354349E+00  2.354349E+00
  9.655000E+02  2.352278E+00  2.352278E+00
  9.665000E+02  2.350208E+00  2.350208E+00
  9.675000E+02  2.348141E+00  2.348141E+00
  9.685000E+02  2.346077E+00  2.346077E+00
  9.695000E+02  2.344016E+00  2.344016E+00
  9.705000E+02  2.341956E+00  2.341956E+00
  9.715000E+02  2.339900E+00  2.339900E+00
  9.725000E+02  2.337846E+00  2.337846E+00
  9.735000E+02  2.335794E+00  2.335794E+00
  9.745000E+02  2.333745E+00  2.333745E+00
  9.755000E+02  2.331699E+00  2.331699E+00
  9.765000E+02  2.329655E+00  2.329655E+00
  9.775000E+02  2.327613E+00  2.327613E+00
  9.785000E+02  2.325574E+00  2.325574E+00
  9.795000E+02  2.323538E+00  2.323538E+00
  9.805000E+02  2.321504E+00  2.321504E+00
  9.815000E+02  2.319473E+00  2.319473E+00
  9.825000E+02  2.317444E+00  2.317444E+00
  9.835000E+02  2.315417E+00  2.315417E+00
  9.845000E+02  2.313394E+00  2.313394E+00
  9.855000E+02  2.311372E+00  2.311372E+00
  9.865000E+02  2.309353E+00  2.309353E+00
  9.875000E+02  2.307337E+00  2.307337E+00
  9.885000E+02  2.305323E+00  2.305323E+00
  9.895000E+02  2.303311E+00  2.303311E+00
  9.905000E+02  2.301302E+00  2.301302E+00
  9.915000E+02  2.299296E+00  2.299296E+00
  9.925000E+02  2.297291E+00  2.297291E+00
  9.935000E+02  2.295290E+00  2.295290E+00
  9.945000E+02  2.293291E+00  2.293291E+00
  9.955000E+02  2.291294E+00  2.291294E+00
  9.965000E+02  2.289299E+00  2.289299E+00
  9.975000E+02  2.287308E+00  2.287308E+00
  9.985000E+02  2.285318E+00  2.285318E+00
  9.995000E+02  2.283331E+00  2.283331E+00
  1.000500E+03  2.281347E+00  2.281347E+00
  1.001500E+03  2.279364E+00  2.279364E+00
  1.002500E+03  2.277385E+00  2.277385E+00
  1.003500E+03  2.275407E+00  2.275407E+00
  1.004500E+03  2.273433E+00  2.273433E+00
  1.005500E+03  2.271460E+00  2.271460E+00
  1.006500E+03  2.269490E+00  2.269490E+00
  1.007500E+03  2.267522E+00  2.267522E+00
  1.008500E+03  2.265557E+00  2.265557E+00
  1.009500E+03  2.263594E+00  2.263594E+00
  1.010500E+03  2.261634E+00  2.261634E+00
  1.011500E+03  2.259676E+00  2.259676E+00
  1.012500E+03  2.257720E+00  2.257720E+00
  1.013500E+03  2.255767E+00  2.255767E+00
  1.014500E+03  2.253816E+00  2.253816E+00
  1.015500E+03  2.251867E+00  2.251867E+00
  1.016500E+03  2.249921E+00  2.249921E+00
  1.017500E+03  2.247978E+00  2.247978E+00
  1.018500E+03  2.246036E+00  2.246036E+00
  1.019500E+03  2.244097E+00  2.244097E+00
  1.020500E+03  2.242160E+00  2.242160E+00
  1.021500E+03  2.240226E+00  2.240226E+00
  1.022500E+03  2.238294E+00  2.238294E+00
  1.023500E+03  2.236364E+00  2.236364E+00
  1.024500E+03  2.234437E+00  2.234437E+00
  1.025500E+03  2.232512E+00  2.232512E+00
  1.026500E+03  2.230590E+00  2.230590E+00
  1.027500E+03  2.228669E+00  2.228669E+00
  1.028500E+03  2.226751E+00  2.226751E+00
  1.029500E+03  2.224836E+00  2.224836E+00
  1.030500E+03  2.222922E+00  2.222922E+00
  1.031500E+03  2.221011E+00  2.221011E+00
  1.032500E+03  2.219103E+00  2.219103E+00
  1.033500E+03  2.217196E+00  2.217196E+00
  1.034500E+03  2.215292E+00  2.215292E+00
  1.035500E+03  2.213391E+00  2.213391E+00
  1.036500E+03  2.211491E+00  2.211491E+00
  1.037500E+03  2.209594E+00  2.209594E+00
  1.038500E+03  2.207699E+00  2.207699E+00
  1.039500E+03  2.205807E+00  2.205807E+00
  1.040500E+03  2.203917E+00  2.203917E+00
  1.041500E+03  2.202029E+00  2.202029E+00
  1.042500E+03  2.200143E+00  2.200143E+00
  1.043500E+03  2.198260E+00  2.198260E+00
  1.044500E+03  2.196378E+00  2.196378E+00
  1.045500E+03  2.194500E+00  2.194500E+00
  1.046500E+03  2.192623E+00  2.192623E+00
  1.047500E+03  2.190749E+00  2.190749E+00
  1.048500E+03  2.188877E+00  2.188877E+00
  1.049500E+03  2.187007E+00  2.187007E+00
  1.050500E+03  2.185139E+00  2.185139E+00
  1.051500E+03  2.183274E+00  2.183274E+00
  1.052500E+03  2.181411E+00  2.181411E+00
  1.053500E+03  2.179550E+00  2.179550E+00
  1.054500E+03  2.177692E+00  2.177692E+00
  1.055500E+03  2.175836E+00  2.175836E+00
  1.056500E+03  2.173981E+00  2.173981E+00
  1.057500E+03  2.172130E+00  2.172130E+00
  1.058500E+03  2.170280E+00  2.170280E+00
  1.059500E+03  2.168433E+00  2.168433E+00
  1.060500E+03  2.166588E+00  2.166588E+00
  1.061500E+03  2.164745E+00  2.164745E+00
  1.062500E+03  2.162904E+00  2.162904E+00
  1.063500E+03  2.161065E+00  2.161065E+00
  1.064500E+03  2.159229E+00  2.159229E+00
  1.065500E+03  2.157395E+00  2.157395E+00
  1.066500E+03  2.155563E+00  2.155563E+00
  1.067500E+03  2.153733E+00  2.153733E+00
  1.068500E+03  2.151906E+00  2.151906E+00
  1.069500E+03  2.150081E+00  2.150081E+00
  1.070500E+03  2.148258E+00  2.148258E+00
  1.071500E+03  2.146437E+00  2.146437E+00
  1.072500E+03  2.144618E+00  2.144618E+00
  1.073500E+03  2.142801E+00  2.142801E+00
  1.074500E+03  2.140987E+00  2.140987E+00
  1.075500E+03  2.139175E+00  2.139175E+00
  1.076500E+03  2.137365E+00  2.137365E+00
  1.077500E+03  2.135557E+00  2.135557E+00
  1.078500E+03  2.133751E+00  2.133751E+00
  1.079500E+03  2.131948E+00  2.131948E+00
  1.080500E+03  2.130146E+00  2.130146E+00
  1.081500E+03  2.128347E+00  2.128347E+00
  1.082500E+03  2.126550E+00  2.126550E+00
  1.083500E+03  2.124755E+00  2.124755E+00
  1.084500E+03  2.122962E+00  2.122962E+00
  1.085500E+03  2.121172E+00  2.121172E+00
  1.086500E+03  2.119383E+00  2.119383E+00
  1.087500E+03  2.117597E+00  2.117597E+00
  1.088500E+03  2.115813E+00  2.115813E+00
  1.089500E+03  2.114030E+00  2.114030E+00
  1.090500E+03  2.112251E+00  2.112251E+00
  1.091500E+03  2.110473E+00  2.110473E+00
  1.092500E+03  2.108697E+00  2.108697E+00
  1.093500E+03  2.106923E+00  2.106923E+00
  1.094500E+03  2.105152E+00  2.105152E+00
  1.095500E+03  2.103382E+00  2.103382E+00
  1.096500E+03  2.101615E+00  2.101615E+00
  1.097500E+03  2.099850E+00  2.099850E+00
  1.098500E+03  2.098087E+00  2.098087E+00
  1.099500E+03  2.096326E+00  2.096326E+00
  1.100500E+03  2.094567E+00  2.094567E+00
  1.101500E+03  2.092810E+00  2.092810E+00
  1.102500E+03  2.091056E+00  2.091056E+00
  1.103500E+03  2.089303E+00  2.089303E+00
  1.104500E+03  2.087552E+00  2.087552E+00
  1.105500E+03  2.085804E+00  2.085804E+00
  1.106500E+03  2.084058E+00  2.084058E+00
  1.107500E+03  2.082313E+00  2.082313E+00
  1.108500E+03  2.080571E+00  2.080571E+00
  1.109500E+03  2.078831E+00  2.078831E+00
  1.110500E+03  2.077093E+00  2.077093E+00
  1.111500E+03  2.075357E+00  2.075357E+00
  1.112500E+03  2.073623E+00  2.073623E+00
  1.113500E+03  2.071891E+00  2.071891E+00
  1.114500E+03  2.070161E+00  2.070161E+00
  1.115500E+03  2.068433E+00  2.068433E+00
  1.116500E+03  2.066707E+00  2.066707E+00
  1.117500E+03  2.064984E+00  2.064984E+00
  1.118500E+03  2.063262E+00  2.063262E+00
  1.119500E+03  2.061542E+00  2.061542E+00
  1.120500E+03  2.059825E+00  2.059825E+00
  1.121500E+03  2.058109E+00  2.058109E+00
  1.122500E+03  2.056396E+00  2.056396E+00
  1.123500E+03  2.054684E+00  2.054684E+00
  1.124500E+03  2.052975E+00  2.052975E+00
  1.125500E+03  2.051267E+00  2.051267E+00
  1.126500E+03  2.049562E+00  2.049562E+00
  1.127500E+03  2.047858E+00  2.047858E+00
  1.128500E+03  2.046157E+00  2.046157E+00
  1.129500E+03  2.044457E+00  2.044457E+00
  1.130500E+03  2.042760E+00  2.042760E+00
  1.131500E+03  2.041065E+00  2.041065E+00
  1.132500E+03  2.039371E+00  2.039371E+00
  1.133500E+03  2.037680E+00  2.037680E+00
  1.134500E+03  2.035990E+00  2.035990E+00
  1.135500E+03  2.034303E+00  2.034303E+00
  1.136500E+03  2.032617E+00  2.032617E+00
  1.137500E+03  2.030934E+00  2.030934E+00
  1.138500E+03  2.029252E+00  2.029252E+00
  1.139500E+03  2.027573E+00  2.027573E+00
  1.140500E+03  2.025895E+00  2.025895E+00
  1.141500E+03  2.024220E+00  2.024220E+00
  1.142500E+03  2.022546E+00  2.022546E+00
  1.143500E+03  2.020875E+00  2.020875E+00
  1.144500E+03  2.019205E+00  2.019205E+00
  1.145500E+03  2.017537E+00  2.017537E+00
  1.146500E+03  2.015872E+00  2.015872E+00
  1.147500E+03  2.014208E+00  2.014208E+00
  1.148500E+03  2.012546E+00  2.012546E+00
  1.149500E+03  2.010886E+00  2.010886E+00
  1.150500E+03  2.009228E+00  2.009228E+00
  1.151500E+03  2.007572E+00  2.007572E+00
  1.152500E+03  2.005918E+00  2.005918E+00
  1.153500E+03  2.004266E+00  2.004266E+00
  1.154500E+03  2.002616E+00  2.002616E+00
  1.155500E+03  2.000968E+00  2.000968E+00
  1.156500E+03  1.999321E+00  1.999321E+00
  1.157500E+03  1.997677E+00  1.997677E+00
  1.158500E+03  1.996035E+00  1.996035E+00
  1.159500E+03  1.994394E+00  1.994394E+00
  1.160500E+03  1.992755E+00  1.992755E+00
  1.161500E+03  1.991119E+00  1.991119E+00
  1.162500E+03  1.989484E+00  1.989484E+00
  1.163500E+03  1.987851E+00  1.987851E+00
  1.164500E+03  1.986220E+00  1.986220E+00
  1.165500E+03  1.984591E+00  1.984591E+00
  1.166500E+03  1.982964E+00  1.982964E+00
  1.167500E+03  1.981339E+00  1.981339E+00
  1.168500E+03  1.979716E+00  1.979716E+00
  1.169500E+03  1.978094E+00  1.978094E+00
  1.170500E+03  1.976475E+00  1.976475E+00
  1.171500E+03  1.974857E+00  1.974857E+00
  1.172500E+03  1.973241E+00  1.973241E+00
  1.173500E+03  1.971627E+00  1.971627E+00
  1.174500E+03  1.970015E+00  1.970015E+00
  1.175500E+03  1.968405E+00  1.968405E+00
  1.176500E+03  1.966797E+00  1.966797E+00
  1.177500E+03  1.965191E+00  1.965191E+00
  1.178500E+03  1.963586E+00  1.963586E+00
  1.179500E+03  1.961983E+00  1.961983E+00
  1.180500E+03  1.960383E+00  1.960383E+00
  1.181500E+03  1.958784E+00  1.958784E+00
  1.182500E+03  1.957187E+00  1.957187E+00
  1.183500E+03  1.955591E+00  1.955591E+00
  1.184500E+03  1.953998E+00  1.953998E+00
  1.185500E+03  1.952407E+00  1.952407E+00
  1.186500E+03  1.950817E+00  1.950817E+00
  1.187500E+03  1.949229E+00  1.949229E+00
  1.188500E+03  1.947643E+00  1.947643E+00
  1.189500E+03  1.946059E+00  1.946059E+00
  1.190500E+03  1.944477E+00  1.944477E+00
  1.191500E+03  1.942897E+00  1.942897E+00
  1.192500E+03  1.941318E+00  1.941318E+00
  1.193500E+03  1.939741E+00  1.939741E+00
  1.194500E+03  1.938166E+00  1.938166E+00
  1.195500E+03  1.936593E+00  1.936593E+00
  1.196500E+03  1.935022E+00  1.935022E+00
  1.197500E+03  1.933452E+00  1.933452E+00
  1.198500E+03  1.931885E+00  1.931885E+00
  1.199500E+03  1.930319E+00  1.930319E+00
  1.200500E+03  1.928755E+00  1.928755E+00
  1.201500E+03  1.927193E+00  1.927193E+00
  1.202500E+03  1.925632E+00  1.925632E+00
  1.203500E+03  1.924074E+00  1.924074E+00
  1.204500E+03  1.922517E+00  1.922517E+00
  1.205500E+03  1.920962E+00  1.920962E+00
  1.206500E+03  1.919409E+00  1.919409E+00
  1.207500E+03  1.917857E+00  1.917857E+00
  1.208500E+03  1.916308E+00  1.916308E+00
  1.209500E+03  1.914760E+00  1.914760E+00
  1.210500E+03  1.913214E+00  1.913214E+00
  1.211500E+03  1.911670E+00  1.911670E+00
  1.212500E+03  1.910127E+00  1.910127E+00
  1.213500E+03  1.908587E+00  1.908587E+00
  1.214500E+03  1.907048E+00  1.907048E+00
  1.215500E+03  1.905511E+00  1.905511E+00
  1.216500E+03  1.903975E+00  1.903975E+00
  1.217500E+03  1.902442E+00  1.902442E+00
  1.218500E+03  1.900910E+00  1.900910E+00
  1.219500E+03  1.899380E+00  1.899380E+00
  1.220500E+03  1.897852E+00  1.897852E+00
  1.221500E+03  1.896325E+00  1.896325E+00
  1.222500E+03  1.894800E+00  1.894800E+00
  1.223500E+03  1.893277E+00  1.893277E+00
  1.224500E+03  1.891756E+00  1.891756E+00
  1.225500E+03  1.890236E+00  1.890236E+00
  1.226500E+03  1.888719E+00  1.888719E+00
  1.227500E+03  1.887203E+00  1.887203E+00
  1.228500E+03  1.885688E+00  1.885688E+00
  1.229500E+03  1.884176E+00  1.884176E+00
  1.230500E+03  1.882665E+00  1.882665E+00
  1.231500E+03  1.881156E+00  1.881156E+00
  1.232500E+03  1.879649E+00  1.879649E+00
  1.233500E+03  1.878143E+00  1.878143E+00
  1.234500E+03  1.876639E+00  1.876639E+00
  1.235500E+03  1.875137E+00  1.875137E+00
  1.236500E+03  1.873637E+00  1.873637E+00
  1.237500E+03  1.872138E+00  1.872138E+00
  1.238500E+03  1.870641E+00  1.870641E+00
  1.239500E+03  1.869146E+00  1.869146E+00
  1.240500E+03  1.867652E+00  1.867652E+00
  1.241500E+03  1.866160E+00  1.866160E+00
  1.242500E+03  1.864670E+00  1.864670E+00
  1.243500E+03  1.863182E+00  1.863182E+00
  1.244500E+03  1.861695E+00  1.861695E+00
  1.245500E+03  1.860210E+00  1.860210E+00
  1.246500E+03  1.858726E+00  1.858726E+00
  1.247500E+03  1.857245E+00  1.857245E+00
  1.248500E+03  1.855765E+00  1.855765E+00
  1.249500E+03  1.854287E+00  1.854287E+00
  1.250500E+03  1.852810E+00  1.852810E+00
  1.251500E+03  1.851335E+00  1.851335E+00
  1.252500E+03  1.849862E+00  1.849862E+00
  1.253500E+03  1.848390E+00  1.848390E+00
  1.254500E+03  1.846921E+00  1.846921E+00
  1.255500E+03  1.845452E+00  1.845452E+00
  1.256500E+03  1.843986E+00  1.843986E+00
  1.257500E+03  1.842521E+00  1.842521E+00
  1.258500E+03  1.841058E+00  1.841058E+00
  1.259500E+03  1.839596E+00  1.839596E+00
  1.260500E+03  1.838137E+00  1.838137E+00
  1.261500E+03  1.836678E+00  1.836678E+00
  1.262500E+03  1.835222E+00  1.835222E+00
  1.263500E+03  1.833767E+00  1.833767E+00
  1.264500E+03  1.832314E+00  1.832314E+00
  1.265500E+03  1.830862E+00  1.830862E+00
  1.266500E+03  1.829413E+00  1.829413E+00
  1.267500E+03  1.827964E+00  1.827964E+00
  1.268500E+03  1.826518E+00  1.826518E+00
  1.269500E+03  1.825073E+00  1.825073E+00
  1.270500E+03  1.823630E+00  1.823630E+00
  1.271500E+03  1.822188E+00  1.822188E+00
  1.272500E+03  1.820748E+00  1.820748E+00
  1.273500E+03  1.819310E+00  1.819310E+00
  1.274500E+03  1.817873E+00  1.817873E+00
  1.275500E+03  1.816438E+00  1.816438E+00
  1.276500E+03  1.815004E+00  1.815004E+00
  1.277500E+03  1.813572E+00  1.813572E+00
  1.278500E+03  1.812142E+00  1.812142E+00
  1.279500E+03  1.810713E+00  1.810713E+00
  1.280500E+03  1.809287E+00  1.809287E+00
  1.281500E+03  1.807861E+00  1.807861E+00
  1.282500E+03  1.806437E+00  1.806437E+00
  1.283500E+03  1.805015E+00  1.805015E+00
  1.284500E+03  1.803595E+00  1.803595E+00
  1.285500E+03  1.802176E+00  1.802176E+00
  1.286500E+03  1.800758E+00  1.800758E+00
  1.287500E+03  1.799343E+00  1.799343E+00
  1.288500E+03  1.797929E+00  1.797929E+00
  1.289500E+03  1.796516E+00  1.796516E+00
  1.290500E+03  1.795105E+00  1.795105E+00
  1.291500E+03  1.793696E+00  1.793696E+00
  1.292500E+03  1.792288E+00  1.792288E+00
  1.293500E+03  1.790882E+00  1.790882E+00
  1.294500E+03  1.789477E+00  1.789477E+00
  1.295500E+03  1.788074E+00  1.788074E+00
  1.296500E+03  1.786673E+00  1.786673E+00
  1.297500E+03  1.785273E+00  1.785273E+00
  1.298500E+03  1.783875E+00  1.783875E+00
  1.299500E+03  1.782478E+00  1.782478E+00
  1.300500E+03  1.781083E+00  1.781083E+00
  1.301500E+03  1.779690E+00  1.779690E+00
  1.302500E+03  1.778298E+00  1.778298E+00
  1.303500E+03  1.776907E+00  1.776907E+00
  1.304500E+03  1.775519E+00  1.775519E+00
  1.305500E+03  1.774131E+00  1.774131E+00
  1.306500E+03  1.772746E+00  1.772746E+00
  1.307500E+03  1.771362E+00  1.771362E+00
  1.308500E+03  1.769979E+00  1.769979E+00
  1.309500E+03  1.768598E+00  1.768598E+00
  1.310500E+03  1.767219E+00  1.767219E+00
  1.311500E+03  1.765841E+00  1.765841E+00
  1.312500E+03  1.764464E+00  1.764464E+00
  1.313500E+03  1.763089E+00  1.763089E+00
  1.314500E+03  1.761716E+00  1.761716E+00
  1.315500E+03  1.760344E+00  1.760344E+00
  1.316500E+03  1.758974E+00  1.758974E+00
  1.317500E+03  1.757606E+00  1.757606E+00
  1.318500E+03  1.756239E+00  1.756239E+00
  1.319500E+03  1.754873E+00  1.754873E+00
  1.320500E+03  1.753509E+00  1.753509E+00
  1.321500E+03  1.752146E+00  1.752146E+00
  1.322500E+03  1.750785E+00  1.750785E+00
  1.323500E+03  1.749426E+00  1.749426E+00
  1.324500E+03  1.748068E+00  1.748068E+00
  1.325500E+03  1.746712E+00  1.746712E+00
  1.326500E+03  1.745357E+00  1.745357E+00
  1.327500E+03  1.744003E+00  1.744003E+00
  1.328500E+03  1.742651E+00  1.742651E+00
  1.329500E+03  1.741301E+00  1.741301E+00
  1.330500E+03  1.739952E+00  1.739952E+00
  1.331500E+03  1.738605E+00  1.738605E+00
  1.332500E+03  1.737259E+00  1.737259E+00
  1.333500E+03  1.735915E+00  1.735915E+00
  1.334500E+03  1.734572E+00  1.734572E+00
  1.335500E+03  1.733231E+00  1.733231E+00
  1.336500E+03  1.731891E+00  1.731891E+00
  1.337500E+03  1.730552E+00  1.730552E+00
  1.338500E+03  1.729216E+00  1.729216E+00
  1.339500E+03  1.727880E+00  1.727880E+00
  1.340500E+03  1.726546E+00  1.726546E+00
  1.341500E+03  1.725214E+00  1.725214E+00
  1.342500E+03  1.723883E+00  1.723883E+00
  1.343500E+03  1.722554E+00  1.722554E+00
  1.344500E+03  1.721226E+00  1.721226E+00
  1.345500E+03  1.719899E+00  1.719899E+00
  1.346500E+03  1.718575E+00  1.718575E+00
  1.347500E+03  1.717251E+00  1.717251E+00
  1.348500E+03  1.715929E+00  1.715929E+00
  1.349500E+03  1.714609E+00  1.714609E+00
  1.350500E+03  1.713289E+00  1.713289E+00
  1.351500E+03  1.711972E+00  1.711972E+00
  1.352500E+03  1.710656E+00  1.710656E+00
  1.353500E+03  1.709341E+00  1.709341E+00
  1.354500E+03  1.708028E+00  1.708028E+00
  1.355500E+03  1.706716E+00  1.706716E+00
  1.356500E+03  1.705406E+00  1.705406E+00
  1.357500E+03  1.704097E+00  1.704097E+00
  1.358500E+03  1.702790E+00  1.702790E+00
  1.359500E+03  1.701484E+00  1.701484E+00
  1.360500E+03  1.700179E+00  1.700179E+00
  1.361500E+03  1.698876E+00  1.698876E+00
  1.362500E+03  1.697575E+00  1.697575E+00
  1.363500E+03  1.696274E+00  1.696274E+00
  1.364500E+03  1.694976E+00  1.694976E+00
  1.365500E+03  1.693678E+00  1.693678E+00
  1.366500E+03  1.692383E+00  1.692383E+00
  1.367500E+03  1.691088E+00  1.691088E+00
  1.368500E+03  1.689795E+00  1.689795E+00
  1.369500E+03  1.688504E+00  1.688504E+00
  1.370500E+03  1.687214E+00  1.687214E+00
  1.371500E+03  1.685925E+00  1.685925E+00
  1.372500E+03  1.684638E+00  1.684638E+00
  1.373500E+03  1.683352E+00  1.683352E+00
  1.374500E+03  1.682068E+00  1.682068E+00
  1.375500E+03  1.680785E+00  1.680785E+00
  1.376500E+03  1.679503E+00  1.679503E+00
  1.377500E+03  1.678223E+00  1.678223E+00
  1.378500E+03  1.676944E+00  1.676944E+00
  1.379500E+03  1.675667E+00  1.675667E+00
  1.380500E+03  1.674391E+00  1.674391E+00
  1.381500E+03  1.673117E+00  1.673117E+00
  1.382500E+03  1.671843E+00  1.671843E+00
  1.383500E+03  1.670572E+00  1.670572E+00
  1.384500E+03  1.669302E+00  1.669302E+00
  1.385500E+03  1.668033E+00  1.668033E+00
  1.386500E+03  1.666765E+00  1.666765E+00
  1.387500E+03  1.665499E+00  1.665499E+00
  1.388500E+03  1.664234E+00  1.664234E+00
  1.389500E+03  1.662971E+00  1.662971E+00
  1.390500E+03  1.661709E+00  1.661709E+00
  1.391500E+03  1.660449E+00  1.660449E+00
  1.392500E+03  1.659190E+00  1.659190E+00
  1.393500E+03  1.657932E+00  1.657932E+00
  1.394500E+03  1.656675E+00  1.656675E+00
  1.395500E+03  1.655421E+00  1.655421E+00
  1.396500E+03  1.654167E+00  1.654167E+00
  1.397500E+03  1.652915E+00  1.652915E+00
  1.398500E+03  1.651664E+00  1.651664E+00
  1.399500E+03  1.650414E+00  1.650414E+00
  1.400500E+03  1.649166E+00  1.649166E+00
  1.401500E+03  1.647920E+00  1.647920E+00
  1.402500E+03  1.646674E+00  1.646674E+00
  1.403500E+03  1.645430E+00  1.645430E+00
  1.404500E+03  1.644188E+00  1.644188E+00
  1.405500E+03  1.642946E+00  1.642946E+00
  1.406500E+03  1.641707E+00  1.641707E+00
  1.407500E+03  1.640468E+00  1.640468E+00
  1.408500E+03  1.639231E+00  1.639231E+00
  1.409500E+03  1.637995E+00  1.637995E+00
  1.410500E+03  1.636761E+00  1.636761E+00
  1.411500E+03  1.635527E+00  1.635527E+00
  1.412500E+03  1.634296E+00  1.634296E+00
  1.413500E+03  1.633065E+00  1.633065E+00
  1.414500E+03  1.631836E+00  1.631836E+00
  1.415500E+03  1.630608E+00  1.630608E+00
  1.416500E+03  1.629382E+00  1.629382E+00
  1.417500E+03  1.628157E+00  1.628157E+00
  1.418500E+03  1.626933E+00  1.626933E+00
  1.419500E+03  1.625711E+00  1.625711E+00
  1.420500E+03  1.624490E+00  1.624490E+00
  1.421500E+03  1.623270E+00  1.623270E+00
  1.422500E+03  1.622052E+00  1.622052E+00
  1.423500E+03  1.620835E+00  1.620835E+00
  1.424500E+03  1.619619E+00  1.619619E+00
  1.425500E+03  1.618405E+00  1.618405E+00
  1.426500E+03  1.617192E+00  1.617192E+00
  1.427500E+03  1.615980E+00  1.615980E+00
  1.428500E+03  1.614770E+00  1.614770E+00
  1.429500E+03  1.613561E+00  1.613561E+00
  1.430500E+03  1.612353E+00  1.612353E+00
  1.431500E+03  1.611146E+00  1.611146E+00
  1.432500E+03  1.609941E+00  1.609941E+00
  1.433500E+03  1.608738E+00  1.608738E+00
  1.434500E+03  1.607535E+00  1.607535E+00
  1.435500E+03  1.606334E+00  1.606334E+00
  1.436500E+03  1.605134E+00  1.605134E+00
  1.437500E+03  1.603935E+00  1.603935E+00
  1.438500E+03  1.602738E+00  1.602738E+00
  1.439500E+03  1.601542E+00  1.601542E+00
  1.440500E+03  1.600347E+00  1.600347E+00
  1.441500E+03  1.599154E+00  1.599154E+00
  1.442500E+03  1.597962E+00  1.597962E+00
  1.443500E+03  1.596771E+00  1.596771E+00
  1.444500E+03  1.595582E+00  1.595582E+00
  1.445500E+03  1.594394E+00  1.594394E+00
  1.446500E+03  1.593207E+00  1.593207E+00
  1.447500E+03  1.592021E+00  1.592021E+00
  1.448500E+03  1.590837E+00  1.590837E+00
  1.449500E+03  1.589654E+00  1.589654E+00
  1.450500E+03  1.588472E+00  1.588472E+00
  1.451500E+03  1.587291E+00  1.587291E+00
  1.452500E+03  1.586112E+00  1.586112E+00
  1.453500E+03  1.584934E+00  1.584934E+00
  1.454500E+03  1.583758E+00  1.583758E+00
  1.455500E+03  1.582582E+00  1.582582E+00
  1.456500E+03  1.581408E+00  1.581408E+00
  1.457500E+03  1.580235E+00  1.580235E+00
  1.458500E+03  1.579064E+00  1.579064E+00
  1.459500E+03  1.577893E+00  1.577893E+00
  1.460500E+03  1.576724E+00  1.576724E+00
  1.461500E+03  1.575557E+00  1.575557E+00
  1.462500E+03  1.574390E+00  1.574390E+00
  1.463500E+03  1.573225E+00  1.573225E+00
  1.464500E+03  1.572061E+00  1.572061E+00
  1.465500E+03  1.570898E+00  1.570898E+00
  1.466500E+03  1.569737E+00  1.569737E+00
  1.467500E+03  1.568577E+00  1.568577E+00
  1.468500E+03  1.567418E+00  1.567418E+00
  1.469500E+03  1.566260E+00  1.566260E+00
  1.470500E+03  1.565104E+00  1.565104E+00
  1.471500E+03  1.563948E+00  1.563948E+00
  1.472500E+03  1.562794E+00  1.562794E+00
  1.473500E+03  1.561642E+00  1.561642E+00
  1.474500E+03  1.560490E+00  1.560490E+00
  1.475500E+03  1.559340E+00  1.559340E+00
  1.476500E+03  1.558191E+00  1.558191E+00
  1.477500E+03  1.557043E+00  1.557043E+00
  1.478500E+03  1.555897E+00  1.555897E+00
  1.479500E+03  1.554751E+00  1.554751E+00
  1.480500E+03  1.553607E+00  1.553607E+00
  1.481500E+03  1.552465E+00  1.552465E+00
  1.482500E+03  1.551323E+00  1.551323E+00
  1.483500E+03  1.550183E+00  1.550183E+00
  1.484500E+03  1.549043E+00  1.549043E+00
  1.485500E+03  1.547906E+00  1.547906E+00
  1.486500E+03  1.546769E+00  1.546769E+00
  1.487500E+03  1.545633E+00  1.545633E+00
  1.488500E+03  1.544499E+00  1.544499E+00
  1.489500E+03  1.543366E+00  1.543366E+00
  1.490500E+03  1.542234E+00  1.542234E+00
  1.491500E+03  1.541104E+00  1.541104E+00
  1.492500E+03  1.539974E+00  1.539974E+00
  1.493500E+03  1.538846E+00  1.538846E+00
  1.494500E+03  1.537719E+00  1.537719E+00
  1.495500E+03  1.536593E+00  1.536593E+00
  1.496500E+03  1.535469E+00  1.535469E+00
  1.497500E+03  1.534346E+00  1.534346E+00
  1.498500E+03  1.533223E+00  1.533223E+00
  1.499500E+03  1.532103E+00  1.532103E+00
  1.500500E+03  1.530983E+00  1.530983E+00
  1.501500E+03  1.529864E+00  1.529864E+00
  1.502500E+03  1.528747E+00  1.528747E+00
  1.503500E+03  1.527631E+00  1.527631E+00
  1.504500E+03  1.526516E+00  1.526516E+00
  1.505500E+03  1.525402E+00  1.525402E+00
  1.506500E+03  1.524290E+00  1.524290E+00
  1.507500E+03  1.523178E+00  1.523178E+00
  1.508500E+03  1.522068E+00  1.522068E+00
  1.509500E+03  1.520959E+00  1.520959E+00
  1.510500E+03  1.519851E+00  1.519851E+00
  1.511500E+03  1.518745E+00  1.518745E+00
  1.512500E+03  1.517639E+00  1.517639E+00
  1.513500E+03  1.516535E+00  1.516535E+00
  1.514500E+03  1.515432E+00  1.515432E+00
  1.515500E+03  1.514330E+00  1.514330E+00
  1.516500E+03  1.513229E+00  1.513229E+00
  1.517500E+03  1.512130E+00  1.512130E+00
  1.518500E+03  1.511031E+00  1.511031E+00
  1.519500E+03  1.509934E+00  1.509934E+00
  1.520500E+03  1.508838E+00  1.508838E+00
  1.521500E+03  1.507743E+00  1.507743E+00
  1.522500E+03  1.506649E+00  1.506649E+00
  1.523500E+03  1.505557E+00  1.505557E+00
  1.524500E+03  1.504466E+00  1.504466E+00
  1.525500E+03  1.503375E+00  1.503375E+00
  1.526500E+03  1.502286E+00  1.502286E+00
  1.527500E+03  1.501198E+00  1.501198E+00
  1.528500E+03  1.500112E+00  1.500112E+00
  1.529500E+03  1.499026E+00  1.499026E+00
  1.530500E+03  1.497942E+00  1.497942E+00
  1.531500E+03  1.496858E+00  1.496858E+00
  1.532500E+03  1.495776E+00  1.495776E+00
  1.533500E+03  1.494695E+00  1.494695E+00
  1.534500E+03  1.493615E+00  1.493615E+00
  1.535500E+03  1.492537E+00  1.492537E+00
  1.536500E+03  1.491459E+00  1.491459E+00
  1.537500E+03  1.490383E+00  1.490383E+00
  1.538500E+03  1.489308E+00  1.489308E+00
  1.539500E+03  1.488233E+00  1.488233E+00
  1.540500E+03  1.487160E+00  1.487160E+00
  1.541500E+03  1.486089E+00  1.486089E+00
  1.542500E+03  1.485018E+00  1.485018E+00
  1.543500E+03  1.483948E+00  1.483948E+00
  1.544500E+03  1.482880E+00  1.482880E+00
  1.545500E+03  1.481813E+00  1.481813E+00
  1.546500E+03  1.480746E+00  1.480746E+00
  1.547500E+03  1.479682E+00  1.479682E+00
  1.548500E+03  1.478617E+00  1.478617E+00
  1.549500E+03  1.477557E+00  1.477557E+00
  1.550500E+03  1.476490E+00  1.476490E+00
  1.551500E+03  1.475439E+00  1.475439E+00
  1.552500E+03  1.474361E+00  1.474361E+00
  1.553500E+03  1.473338E+00  1.473338E+00
  1.554500E+03  1.472215E+00  1.472215E+00
  1.555500E+03  1.471283E+00  1.471283E+00
  1.556500E+03  1.469992E+00  1.469992E+00
  1.557500E+03  1.469386E+00  1.469386E+00
  1.558500E+03  1.468780E+00  1.468780E+00
  1.559500E+03  1.468173E+00  1.468173E+00
  1.560500E+03  1.467566E+00  1.467566E+00
  1.561500E+03  1.466959E+00  1.466959E+00
  1.562500E+03  1.466352E+00  1.466352E+00
  1.563500E+03  1.465744E+00  1.465744E+00
  1.564500E+03  1.465135E+00  1.465135E+00
  1.565500E+03  1.464527E+00  1.464527E+00
  1.566500E+03  1.463918E+00  1.463918E+00
  1.567500E+03  1.463308E+00  1.463308E+00
  1.568500E+03  1.462698E+00  1.462698E+00
  1.569500E+03  1.462088E+00  1.462088E+00
  1.570500E+03  1.461477E+00  1.461477E+00
  1.571500E+03  1.460866E+00  1.460866E+00
  1.572500E+03  1.460255E+00  1.460255E+00
  1.573500E+03  1.459643E+00  1.459643E+00
  1.574500E+03  1.459031E+00  1.459031E+00
  1.575500E+03  1.458419E+00  1.458419E+00
  1.576500E+03  1.457806E+00  1.457806E+00
  1.577500E+03  1.457192E+00  1.457192E+00
  1.578500E+03  1.456579E+00  1.456579E+00
  1.579500E+03  1.455965E+00  1.455965E+00
  1.580500E+03  1.455350E+00  1.455350E+00
  1.581500E+03  1.454735E+00  1.454735E+00
  1.582500E+03  1.454120E+00  1.454120E+00
  1.583500E+03  1.453504E+00  1.453504E+00
  1.584500E+03  1.452888E+00  1.452888E+00
  1.585500E+03  1.452272E+00  1.452272E+00
  1.586500E+03  1.451655E+00  1.451655E+00
  1.587500E+03  1.451038E+00  1.451038E+00
  1.588500E+03  1.450420E+00  1.450420E+00
  1.589500E+03  1.449802E+00  1.449802E+00
  1.590500E+03  1.449184E+00  1.449184E+00
  1.591500E+03  1.448565E+00  1.448565E+00
  1.592500E+03  1.447946E+00  1.447946E+00
  1.593500E+03  1.447326E+00  1.447326E+00
  1.594500E+03  1.446706E+00  1.446706E+00
  1.595500E+03  1.446086E+00  1.446086E+00
  1.596500E+03  1.445465E+00  1.445465E+00
  1.597500E+03  1.444844E+00  1.444844E+00
  1.598500E+03  1.444222E+00  1.444222E+00
  1.599500E+03  1.443600E+00  1.443600E+00
  1.600500E+03  1.442978E+00  1.442978E+00
  1.601500E+03  1.442355E+00  1.442355E+00
  1.602500E+03  1.441732E+00  1.441732E+00
  1.603500E+03  1.441108E+00  1.441108E+00
  1.604500E+03  1.440484E+00  1.440484E+00
  1.605500E+03  1.439860E+00  1.439860E+00
  1.606500E+03  1.439235E+00  1.439235E+00
  1.607500E+03  1.438609E+00  1.438609E+00
  1.608500E+03  1.437984E+00  1.437984E+00
  1.609500E+03  1.437358E+00  1.437358E+00
  1.610500E+03  1.436731E+00  1.436731E+00
  1.611500E+03  1.436104E+00  1.436104E+00
  1.612500E+03  1.435477E+00  1.435477E+00
  1.613500E+03  1.434849E+00  1.434849E+00
  1.614500E+03  1.434221E+00  1.434221E+00
  1.615500E+03  1.433593E+00  1.433593E+00
  1.616500E+03  1.432964E+00  1.432964E+00
  1.617500E+03  1.432334E+00  1.432334E+00
  1.618500E+03  1.431704E+00  1.431704E+00
  1.619500E+03  1.431074E+00  1.431074E+00
  1.620500E+03  1.430444E+00  1.430444E+00
  1.621500E+03  1.429813E+00  1.429813E+00
  1.622500E+03  1.429181E+00  1.429181E+00
  1.623500E+03  1.428549E+00  1.428549E+00
  1.624500E+03  1.427917E+00  1.427917E+00
  1.625500E+03  1.427284E+00  1.427284E+00
  1.626500E+03  1.426651E+00  1.426651E+00
  1.627500E+03  1.426017E+00  1.426017E+00
  1.628500E+03  1.425383E+00  1.425383E+00
  1.629500E+03  1.424749E+00  1.424749E+00
  1.630500E+03  1.424114E+00  1.424114E+00
  1.631500E+03  1.423479E+00  1.423479E+00
  1.632500E+03  1.422843E+00  1.422843E+00
  1.633500E+03  1.422207E+00  1.422207E+00
  1.634500E+03  1.421571E+00  1.421571E+00
  1.635500E+03  1.420934E+00  1.420934E+00
  1.636500E+03  1.420296E+00  1.420296E+00
  1.637500E+03  1.419658E+00  1.419658E+00
  1.638500E+03  1.419020E+00  1.419020E+00
  1.639500E+03  1.418381E+00  1.418381E+00
  1.640500E+03  1.417742E+00  1.417742E+00
  1.641500E+03  1.417103E+00  1.417103E+00
  1.642500E+03  1.416463E+00  1.416463E+00
  1.643500E+03  1.415822E+00  1.415822E+00
  1.644500E+03  1.415181E+00  1.415181E+00
  1.645500E+03  1.414540E+00  1.414540E+00
  1.646500E+03  1.413898E+00  1.413898E+00
  1.647500E+03  1.413256E+00  1.413256E+00
  1.648500E+03  1.412613E+00  1.412613E+00
  1.649500E+03  1.411970E+00  1.411970E+00
  1.650500E+03  1.411327E+00  1.411327E+00
  1.651500E+03  1.410683E+00  1.410683E+00
  1.652500E+03  1.410039E+00  1.410039E+00
  1.653500E+03  1.409394E+00  1.409394E+00
  1.654500E+03  1.408748E+00  1.408748E+00
  1.655500E+03  1.408103E+00  1.408103E+00
  1.656500E+03  1.407456E+00  1.407456E+00
  1.657500E+03  1.406810E+00  1.406810E+00
  1.658500E+03  1.406163E+00  1.406163E+00
  1.659500E+03  1.405515E+00  1.405515E+00
  1.660500E+03  1.404867E+00  1.404867E+00
  1.661500E+03  1.404219E+00  1.404219E+00
  1.662500E+03  1.403570E+00  1.403570E+00
  1.663500E+03  1.402921E+00  1.402921E+00
  1.664500E+03  1.402271E+00  1.402271E+00
  1.665500E+03  1.401621E+00  1.401621E+00
  1.666500E+03  1.400970E+00  1.400970E+00
  1.667500E+03  1.400319E+00  1.400319E+00
  1.668500E+03  1.399667E+00  1.399667E+00
  1.669500E+03  1.399015E+00  1.399015E+00
  1.670500E+03  1.398363E+00  1.398363E+00
  1.671500E+03  1.397710E+00  1.397710E+00
  1.672500E+03  1.397056E+00  1.397056E+00
  1.673500E+03  1.396403E+00  1.396403E+00
  1.674500E+03  1.395748E+00  1.395748E+00
  1.675500E+03  1.395093E+00  1.395093E+00
  1.676500E+03  1.394438E+00  1.394438E+00
  1.677500E+03  1.393782E+00  1.393782E+00
  1.678500E+03  1.393126E+00  1.393126E+00
  1.679500E+03  1.392470E+00  1.392470E+00
  1.680500E+03  1.391812E+00  1.391812E+00
  1.681500E+03  1.391155E+00  1.391155E+00
  1.682500E+03  1.390497E+00  1.390497E+00
  1.683500E+03  1.389838E+00  1.389838E+00
  1.684500E+03  1.389179E+00  1.389179E+00
  1.685500E+03  1.388520E+00  1.388520E+00
  1.686500E+03  1.387860E+00  1.387860E+00
  1.687500E+03  1.387200E+00  1.387200E+00
  1.688500E+03  1.386539E+00  1.386539E+00
  1.689500E+03  1.385877E+00  1.385877E+00
  1.690500E+03  1.385215E+00  1.385215E+00
  1.691500E+03  1.384553E+00  1.384553E+00
  1.692500E+03  1.383890E+00  1.383890E+00
  1.693500E+03  1.383227E+00  1.383227E+00
  1.694500E+03  1.382563E+00  1.382563E+00
  1.695500E+03  1.381899E+00  1.381899E+00
  1.696500E+03  1.381234E+00  1.381234E+00
  1.697500E+03  1.380569E+00  1.380569E+00
  1.698500E+03  1.379904E+00  1.379904E+00
  1.699500E+03  1.379237E+00  1.379237E+00
  1.700500E+03  1.378571E+00  1.378571E+00
  1.701500E+03  1.377904E+00  1.377904E+00
  1.702500E+03  1.377236E+00  1.377236E+00
  1.703500E+03  1.376568E+00  1.376568E+00
  1.704500E+03  1.375899E+00  1.375899E+00
  1.705500E+03  1.375230E+00  1.375230E+00
  1.706500E+03  1.374561E+00  1.374561E+00
  1.707500E+03  1.373891E+00  1.373891E+00
  1.708500E+03  1.373220E+00  1.373220E+00
  1.709500E+03  1.372549E+00  1.372549E+00
  1.710500E+03  1.371878E+00  1.371878E+00
  1.711500E+03  1.371206E+00  1.371206E+00
  1.712500E+03  1.370533E+00  1.370533E+00
  1.713500E+03  1.369860E+00  1.369860E+00
  1.714500E+03  1.369187E+00  1.369187E+00
  1.715500E+03  1.368513E+00  1.368513E+00
  1.716500E+03  1.367838E+00  1.367838E+00
  1.717500E+03  1.367163E+00  1.367163E+00
  1.718500E+03  1.366488E+00  1.366488E+00
  1.719500E+03  1.365812E+00  1.365812E+00
  1.720500E+03  1.365135E+00  1.365135E+00
  1.721500E+03  1.364458E+00  1.364458E+00
  1.722500E+03  1.363781E+00  1.363781E+00
  1.723500E+03  1.363103E+00  1.363103E+00
  1.724500E+03  1.362424E+00  1.362424E+00
  1.725500E+03  1.361745E+00  1.361745E+00
  1.726500E+03  1.361065E+00  1.361065E+00
  1.727500E+03  1.360385E+00  1.360385E+00
  1.728500E+03  1.359705E+00  1.359705E+00
  1.729500E+03  1.359024E+00  1.359024E+00
  1.730500E+03  1.358342E+00  1.358342E+00
  1.731500E+03  1.357660E+00  1.357660E+00
  1.732500E+03  1.356977E+00  1.356977E+00
  1.733500E+03  1.356294E+00  1.356294E+00
  1.734500E+03  1.355611E+00  1.355611E+00
  1.735500E+03  1.354926E+00  1.354926E+00
  1.736500E+03  1.354242E+00  1.354242E+00
  1.737500E+03  1.353556E+00  1.353556E+00
  1.738500E+03  1.352871E+00  1.352871E+00
  1.739500E+03  1.352184E+00  1.352184E+00
  1.740500E+03  1.351498E+00  1.351498E+00
  1.741500E+03  1.350810E+00  1.350810E+00
  1.742500E+03  1.350122E+00  1.350122E+00
  1.743500E+03  1.349434E+00  1.349434E+00
  1.744500E+03  1.348745E+00  1.348745E+00
  1.745500E+03  1.348056E+00  1.348056E+00
  1.746500E+03  1.347366E+00  1.347366E+00
  1.747500E+03  1.346675E+00  1.346675E+00
  1.748500E+03  1.345984E+00  1.345984E+00
  1.749500E+03  1.345293E+00  1.345293E+00
  1.750500E+03  1.344600E+00  1.344600E+00
  1.751500E+03  1.343908E+00  1.343908E+00
  1.752500E+03  1.343215E+00  1.343215E+00
  1.753500E+03  1.342521E+00  1.342521E+00
  1.754500E+03  1.341827E+00  1.341827E+00
  1.755500E+03  1.341132E+00  1.341132E+00
  1.756500E+03  1.340437E+00  1.340437E+00
  1.757500E+03  1.339741E+00  1.339741E+00
  1.758500E+03  1.339044E+00  1.339044E+00
  1.759500E+03  1.338347E+00  1.338347E+00
  1.760500E+03  1.337650E+00  1.337650E+00
  1.761500E+03  1.336952E+00  1.336952E+00
  1.762500E+03  1.336253E+00  1.336253E+00
  1.763500E+03  1.335554E+00  1.335554E+00
  1.764500E+03  1.334854E+00  1.334854E+00
  1.765500E+03  1.334154E+00  1.334154E+00
  1.766500E+03  1.333453E+00  1.333453E+00
  1.767500E+03  1.332752E+00  1.332752E+00
  1.768500E+03  1.332050E+00  1.332050E+00
  1.769500E+03  1.331347E+00  1.331347E+00
  1.770500E+03  1.330644E+00  1.330644E+00
  1.771500E+03  1.329941E+00  1.329941E+00
  1.772500E+03  1.329237E+00  1.329237E+00
  1.773500E+03  1.328532E+00  1.328532E+00
  1.774500E+03  1.327827E+00  1.327827E+00
  1.775500E+03  1.327121E+00  1.327121E+00
  1.776500E+03  1.326414E+00  1.326414E+00
  1.777500E+03  1.325707E+00  1.325707E+00
  1.778500E+03  1.325000E+00  1.325000E+00
  1.779500E+03  1.324292E+00  1.324292E+00
  1.780500E+03  1.323583E+00  1.323583E+00
  1.781500E+03  1.322874E+00  1.322874E+00
  1.782500E+03  1.322164E+00  1.322164E+00
  1.783500E+03  1.321454E+00  1.321454E+00
  1.784500E+03  1.320743E+00  1.320743E+00
  1.785500E+03  1.320031E+00  1.320031E+00
  1.786500E+03  1.319319E+00  1.319319E+00
  1.787500E+03  1.318606E+00  1.318606E+00
  1.788500E+03  1.317893E+00  1.317893E+00
  1.789500E+03  1.317179E+00  1.317179E+00
  1.790500E+03  1.316465E+00  1.316465E+00
  1.791500E+03  1.315750E+00  1.315750E+00
  1.792500E+03  1.315034E+00  1.315034E+00
  1.793500E+03  1.314318E+00  1.314318E+00
  1.794500E+03  1.313601E+00  1.313601E+00
  1.795500E+03  1.312884E+00  1.312884E+00
  1.796500E+03  1.312166E+00  1.312166E+00
  1.797500E+03  1.311447E+00  1.311447E+00
  1.798500E+03  1.310728E+00  1.310728E+00
  1.799500E+03  1.310008E+00  1.310008E+00
  1.800500E+03  1.309288E+00  1.309288E+00
  1.801500E+03  1.308567E+00  1.308567E+00
  1.802500E+03  1.307845E+00  1.307845E+00
  1.803500E+03  1.307123E+00  1.307123E+00
  1.804500E+03  1.306400E+00  1.306400E+00
  1.805500E+03  1.305677E+00  1.305677E+00
  1.806500E+03  1.304953E+00  1.304953E+00
  1.807500E+03  1.304229E+00  1.304229E+00
  1.808500E+03  1.303503E+00  1.303503E+00
  1.809500E+03  1.302778E+00  1.302778E+00
  1.810500E+03  1.302051E+00  1.302051E+00
  1.811500E+03  1.301324E+00  1.301324E+00
  1.812500E+03  1.300597E+00  1.300597E+00
  1.813500E+03  1.299869E+00  1.299869E+00
  1.814500E+03  1.299140E+00  1.299140E+00
  1.815500E+03  1.298410E+00  1.298410E+00
  1.816500E+03  1.297680E+00  1.297680E+00
  1.817500E+03  1.296950E+00  1.296950E+00
  1.818500E+03  1.296218E+00  1.296218E+00
  1.819500E+03  1.295486E+00  1.295486E+00
  1.820500E+03  1.294754E+00  1.294754E+00
  1.821500E+03  1.294021E+00  1.294021E+00
  1.822500E+03  1.293287E+00  1.293287E+00
  1.823500E+03  1.292552E+00  1.292552E+00
  1.824500E+03  1.291817E+00  1.291817E+00
  1.825500E+03  1.291082E+00  1.291082E+00
  1.826500E+03  1.290345E+00  1.290345E+00
  1.827500E+03  1.289609E+00  1.289609E+00
  1.828500E+03  1.288871E+00  1.288871E+00
  1.829500E+03  1.288133E+00  1.288133E+00
  1.830500E+03  1.287394E+00  1.287394E+00
  1.831500E+03  1.286654E+00  1.286654E+00
  1.832500E+03  1.285914E+00  1.285914E+00
  1.833500E+03  1.285174E+00  1.285174E+00
  1.834500E+03  1.284432E+00  1.284432E+00
  1.835500E+03  1.283690E+00  1.283690E+00
  1.836500E+03  1.282947E+00  1.282947E+00
  1.837500E+03  1.282204E+00  1.282204E+00
  1.838500E+03  1.281460E+00  1.281460E+00
  1.839500E+03  1.280716E+00  1.280716E+00
  1.840500E+03  1.279970E+00  1.279970E+00
  1.841500E+03  1.279224E+00  1.279224E+00
  1.842500E+03  1.278478E+00  1.278478E+00
  1.843500E+03  1.277730E+00  1.277730E+00
  1.844500E+03  1.276983E+00  1.276983E+00
  1.845500E+03  1.276234E+00  1.276234E+00
  1.846500E+03  1.275485E+00  1.275485E+00
  1.847500E+03  1.274735E+00  1.274735E+00
  1.848500E+03  1.273984E+00  1.273984E+00
  1.849500E+03  1.273233E+00  1.273233E+00
  1.850500E+03  1.272481E+00  1.272481E+00
  1.851500E+03  1.271729E+00  1.271729E+00
  1.852500E+03  1.270975E+00  1.270975E+00
  1.853500E+03  1.270222E+00  1.270222E+00
  1.854500E+03  1.269467E+00  1.269467E+00
  1.855500E+03  1.268712E+00  1.268712E+00
  1.856500E+03  1.267956E+00  1.267956E+00
  1.857500E+03  1.267199E+00  1.267199E+00
  1.858500E+03  1.266442E+00  1.266442E+00
  1.859500E+03  1.265684E+00  1.265684E+00
  1.860500E+03  1.264925E+00  1.264925E+00
  1.861500E+03  1.264166E+00  1.264166E+00
  1.862500E+03  1.263406E+00  1.263406E+00
  1.863500E+03  1.262645E+00  1.262645E+00
  1.864500E+03  1.261884E+00  1.261884E+00
  1.865500E+03  1.261122E+00  1.261122E+00
  1.866500E+03  1.260359E+00  1.260359E+00
  1.867500E+03  1.259595E+00  1.259595E+00
  1.868500E+03  1.258831E+00  1.258831E+00
  1.869500E+03  1.258066E+00  1.258066E+00
  1.870500E+03  1.257301E+00  1.257301E+00
  1.871500E+03  1.256535E+00  1.256535E+00
  1.872500E+03  1.255768E+00  1.255768E+00
  1.873500E+03  1.255000E+00  1.255000E+00
  1.874500E+03  1.254232E+00  1.254232E+00
  1.875500E+03  1.253462E+00  1.253462E+00
  1.876500E+03  1.252693E+00  1.252693E+00
  1.877500E+03  1.251922E+00  1.251922E+00
  1.878500E+03  1.251151E+00  1.251151E+00
  1.879500E+03  1.250379E+00  1.250379E+00
  1.880500E+03  1.249606E+00  1.249606E+00
  1.881500E+03  1.248833E+00  1.248833E+00
  1.882500E+03  1.248059E+00  1.248059E+00
  1.883500E+03  1.247284E+00  1.247284E+00
  1.884500E+03  1.246508E+00  1.246508E+00
  1.885500E+03  1.245732E+00  1.245732E+00
  1.886500E+03  1.244955E+00  1.244955E+00
  1.887500E+03  1.244177E+00  1.244177E+00
  1.888500E+03  1.243399E+00  1.243399E+00
  1.889500E+03  1.242620E+00  1.242620E+00
  1.890500E+03  1.241840E+00  1.241840E+00
  1.891500E+03  1.241059E+00  1.241059E+00
  1.892500E+03  1.240278E+00  1.240278E+00
  1.893500E+03  1.239495E+00  1.239495E+00
  1.894500E+03  1.238713E+00  1.238713E+00
  1.895500E+03  1.237929E+00  1.237929E+00
  1.896500E+03  1.237145E+00  1.237145E+00
  1.897500E+03  1.236359E+00  1.236359E+00
  1.898500E+03  1.235575E+00  1.235575E+00
  1.899500E+03  1.234784E+00  1.234784E+00
  1.900500E+03  1.234008E+00  1.234008E+00
  1.901500E+03  1.233187E+00  1.233187E+00
  1.902500E+03  1.232493E+00  1.232493E+00
  1.903500E+03  1.231429E+00  1.231429E+00
