


  Parameter Estimation, Reach #  2
  --------------------------------

   M. Channel
   Decay Rate
  ---------------
  8.01128E-06
  8.01128E-06
  8.01128E-06
  8.01129E-06
  8.01129E-06
  8.01128E-06
  8.01140E-06
  8.01117E-06
  8.01133E-06
  8.01128E-06
  8.01133E-06
  8.01256E-06
  8.01451E-06
  8.01256E-06
  8.01451E-06


  Estimated Parameters, Reach #  2
  --------------------------------

   M. Channel
   Decay Rate
  ---------------
  8.01256E-06



  Parameter Estimation, Reach #  3
  --------------------------------

   M. Channel
   Decay Rate
  ---------------
  5.18514E-05
  5.18514E-05
  5.18514E-05
  5.18514E-05
  5.18514E-05
  5.18514E-05
  5.18521E-05
  5.18507E-05
  5.18516E-05
  5.18514E-05
  5.18516E-05
  5.18418E-05
  5.18420E-05
  5.18418E-05
  5.18420E-05


  Estimated Parameters, Reach #  3
  --------------------------------

   M. Channel
   Decay Rate
  ---------------
  5.18418E-05



  Parameter Estimation, Reach #  4
  --------------------------------

   M. Channel
   Decay Rate
  ---------------
  5.75068E-04
  5.75068E-04
  5.75068E-04
  5.75068E-04
  5.75068E-04
  5.75068E-04
  5.75076E-04
  5.75060E-04
  5.75069E-04
  5.75068E-04
  5.75069E-04
  5.75082E-04
  5.75083E-04
  5.75082E-04
  5.75083E-04


  Estimated Parameters, Reach #  4
  --------------------------------

   M. Channel
   Decay Rate
  ---------------
  5.75082E-04



  Parameter Estimation, Reach #  5
  --------------------------------

   M. Channel
   Decay Rate
  ---------------
  1.22950E-04
  1.22950E-04
  1.22950E-04
  1.22950E-04
  1.22950E-04
  1.22950E-04
  1.22951E-04
  1.22948E-04
  1.22950E-04
  1.22950E-04
  1.22950E-04
  1.22946E-04
  1.22946E-04
  1.22946E-04
  1.22946E-04


  Estimated Parameters, Reach #  5
  --------------------------------

   M. Channel
   Decay Rate
  ---------------
  1.22946E-04



  Parameter Estimation, Reach #  6
  --------------------------------

   M. Channel
   Decay Rate
  ---------------
  7.31308E-05
  7.31308E-05
  7.31308E-05
  7.31308E-05
  7.31308E-05
  7.31308E-05
  7.31318E-05
  7.31297E-05
  7.31308E-05
  7.31308E-05
  7.31308E-05
  7.31368E-05
  7.31368E-05
  7.31368E-05
  7.31368E-05


  Estimated Parameters, Reach #  6
  --------------------------------

   M. Channel
   Decay Rate
  ---------------
  7.31368E-05



  Parameter Estimation, Reach #  7
  --------------------------------

   M. Channel
   Decay Rate
  ---------------
  5.30023E-05
  5.30023E-05
  5.30023E-05
  5.30023E-05
  5.30023E-05
  5.30023E-05
  5.30030E-05
  5.30015E-05
  5.30024E-05
  5.30023E-05
  5.30024E-05
  5.29970E-05
  5.29974E-05
  5.29970E-05
  5.29974E-05


  Estimated Parameters, Reach #  7
  --------------------------------

   M. Channel
   Decay Rate
  ---------------
  5.29970E-05
