  5.000000E-01  6.399495E-01  6.399495E-01
  1.500000E+00  6.398485E-01  6.398485E-01
  2.500000E+00  6.397474E-01  6.397474E-01
  3.500000E+00  6.396465E-01  6.396465E-01
  4.500000E+00  6.395455E-01  6.395455E-01
  5.500000E+00  6.394445E-01  6.394445E-01
  6.500000E+00  6.393436E-01  6.393436E-01
  7.500000E+00  6.392426E-01  6.392426E-01
  8.500000E+00  6.391417E-01  6.391417E-01
  9.500000E+00  6.390408E-01  6.390408E-01
  1.050000E+01  6.389400E-01  6.389400E-01
  1.150000E+01  6.388391E-01  6.388391E-01
  1.250000E+01  6.387382E-01  6.387382E-01
  1.350000E+01  6.386374E-01  6.386374E-01
  1.450000E+01  6.385366E-01  6.385366E-01
  1.550000E+01  6.384358E-01  6.384358E-01
  1.650000E+01  6.383350E-01  6.383350E-01
  1.750000E+01  6.382342E-01  6.382342E-01
  1.850000E+01  6.381335E-01  6.381335E-01
  1.950000E+01  6.380328E-01  6.380328E-01
  2.050000E+01  6.379320E-01  6.379320E-01
  2.150000E+01  6.378313E-01  6.378313E-01
  2.250000E+01  6.377306E-01  6.377306E-01
  2.350000E+01  6.376301E-01  6.376301E-01
  2.450000E+01  6.375285E-01  6.375285E-01
  2.550000E+01  6.374358E-01  6.374358E-01
  2.650000E+01  6.373124E-01  6.373124E-01
  2.750000E+01  6.371835E-01  6.371835E-01
  2.850000E+01  6.370547E-01  6.370547E-01
  2.950000E+01  6.369262E-01  6.369262E-01
  3.050000E+01  6.367978E-01  6.367978E-01
  3.150000E+01  6.366696E-01  6.366696E-01
  3.250000E+01  6.365416E-01  6.365416E-01
  3.350000E+01  6.364137E-01  6.364137E-01
  3.450000E+01  6.362860E-01  6.362860E-01
  3.550000E+01  6.361585E-01  6.361585E-01
  3.650000E+01  6.360312E-01  6.360312E-01
  3.750000E+01  6.359040E-01  6.359040E-01
  3.850000E+01  6.357770E-01  6.357770E-01
  3.950000E+01  6.356502E-01  6.356502E-01
  4.050000E+01  6.355235E-01  6.355235E-01
  4.150000E+01  6.353970E-01  6.353970E-01
  4.250000E+01  6.352707E-01  6.352707E-01
  4.350000E+01  6.351446E-01  6.351446E-01
  4.450000E+01  6.350186E-01  6.350186E-01
  4.550000E+01  6.348928E-01  6.348928E-01
  4.650000E+01  6.347672E-01  6.347672E-01
  4.750000E+01  6.346417E-01  6.346417E-01
  4.850000E+01  6.345164E-01  6.345164E-01
  4.950000E+01  6.343913E-01  6.343913E-01
  5.050000E+01  6.342663E-01  6.342663E-01
  5.150000E+01  6.341416E-01  6.341416E-01
  5.250000E+01  6.340169E-01  6.340169E-01
  5.350000E+01  6.338925E-01  6.338925E-01
  5.450000E+01  6.337682E-01  6.337682E-01
  5.550000E+01  6.336441E-01  6.336441E-01
  5.650000E+01  6.335201E-01  6.335201E-01
  5.750000E+01  6.333963E-01  6.333963E-01
  5.850000E+01  6.332727E-01  6.332727E-01
  5.950000E+01  6.331492E-01  6.331492E-01
  6.050000E+01  6.330259E-01  6.330259E-01
  6.150000E+01  6.329028E-01  6.329028E-01
  6.250000E+01  6.327798E-01  6.327798E-01
  6.350000E+01  6.326570E-01  6.326570E-01
  6.450000E+01  6.325344E-01  6.325344E-01
  6.550000E+01  6.324119E-01  6.324119E-01
  6.650000E+01  6.322896E-01  6.322896E-01
  6.750000E+01  6.321674E-01  6.321674E-01
  6.850000E+01  6.320454E-01  6.320454E-01
  6.950000E+01  6.319236E-01  6.319236E-01
  7.050000E+01  6.318019E-01  6.318019E-01
  7.150000E+01  6.316804E-01  6.316804E-01
  7.250000E+01  6.315591E-01  6.315591E-01
  7.350000E+01  6.314379E-01  6.314379E-01
  7.450000E+01  6.313169E-01  6.313169E-01
  7.550000E+01  6.311960E-01  6.311960E-01
  7.650000E+01  6.310753E-01  6.310753E-01
  7.750000E+01  6.309547E-01  6.309547E-01
  7.850000E+01  6.308344E-01  6.308344E-01
  7.950000E+01  6.307141E-01  6.307141E-01
  8.050000E+01  6.305941E-01  6.305941E-01
  8.150000E+01  6.304742E-01  6.304742E-01
  8.250000E+01  6.303544E-01  6.303544E-01
  8.350000E+01  6.302348E-01  6.302348E-01
  8.450000E+01  6.301154E-01  6.301154E-01
  8.550000E+01  6.299961E-01  6.299961E-01
  8.650000E+01  6.298770E-01  6.298770E-01
  8.750000E+01  6.297580E-01  6.297580E-01
  8.850000E+01  6.296392E-01  6.296392E-01
  8.950000E+01  6.295205E-01  6.295205E-01
  9.050000E+01  6.294020E-01  6.294020E-01
  9.150000E+01  6.292837E-01  6.292837E-01
  9.250000E+01  6.291655E-01  6.291655E-01
  9.350000E+01  6.290474E-01  6.290474E-01
  9.450000E+01  6.289295E-01  6.289295E-01
  9.550000E+01  6.288118E-01  6.288118E-01
  9.650000E+01  6.286942E-01  6.286942E-01
  9.750000E+01  6.285768E-01  6.285768E-01
  9.850000E+01  6.284595E-01  6.284595E-01
  9.950000E+01  6.283424E-01  6.283424E-01
  1.005000E+02  6.282255E-01  6.282255E-01
  1.015000E+02  6.281086E-01  6.281086E-01
  1.025000E+02  6.279920E-01  6.279920E-01
  1.035000E+02  6.278755E-01  6.278755E-01
  1.045000E+02  6.277591E-01  6.277591E-01
  1.055000E+02  6.276429E-01  6.276429E-01
  1.065000E+02  6.275269E-01  6.275269E-01
  1.075000E+02  6.274110E-01  6.274110E-01
  1.085000E+02  6.272952E-01  6.272952E-01
  1.095000E+02  6.271796E-01  6.271796E-01
  1.105000E+02  6.270641E-01  6.270641E-01
  1.115000E+02  6.269488E-01  6.269488E-01
  1.125000E+02  6.268337E-01  6.268337E-01
  1.135000E+02  6.267187E-01  6.267187E-01
  1.145000E+02  6.266038E-01  6.266038E-01
  1.155000E+02  6.264891E-01  6.264891E-01
  1.165000E+02  6.263745E-01  6.263745E-01
  1.175000E+02  6.262601E-01  6.262601E-01
  1.185000E+02  6.261459E-01  6.261459E-01
  1.195000E+02  6.260317E-01  6.260317E-01
  1.205000E+02  6.259178E-01  6.259178E-01
  1.215000E+02  6.258039E-01  6.258039E-01
  1.225000E+02  6.256902E-01  6.256902E-01
  1.235000E+02  6.255767E-01  6.255767E-01
  1.245000E+02  6.254633E-01  6.254633E-01
  1.255000E+02  6.253501E-01  6.253501E-01
  1.265000E+02  6.252370E-01  6.252370E-01
  1.275000E+02  6.251240E-01  6.251240E-01
  1.285000E+02  6.250112E-01  6.250112E-01
  1.295000E+02  6.248986E-01  6.248986E-01
  1.305000E+02  6.247860E-01  6.247860E-01
  1.315000E+02  6.246737E-01  6.246737E-01
  1.325000E+02  6.245614E-01  6.245614E-01
  1.335000E+02  6.244493E-01  6.244493E-01
  1.345000E+02  6.243374E-01  6.243374E-01
  1.355000E+02  6.242256E-01  6.242256E-01
  1.365000E+02  6.241139E-01  6.241139E-01
  1.375000E+02  6.240024E-01  6.240024E-01
  1.385000E+02  6.238910E-01  6.238910E-01
  1.395000E+02  6.237798E-01  6.237798E-01
  1.405000E+02  6.236687E-01  6.236687E-01
  1.415000E+02  6.235577E-01  6.235577E-01
  1.425000E+02  6.234469E-01  6.234469E-01
  1.435000E+02  6.233363E-01  6.233363E-01
  1.445000E+02  6.232257E-01  6.232257E-01
  1.455000E+02  6.231153E-01  6.231153E-01
  1.465000E+02  6.230051E-01  6.230051E-01
  1.475000E+02  6.228950E-01  6.228950E-01
  1.485000E+02  6.227850E-01  6.227850E-01
  1.495000E+02  6.226752E-01  6.226752E-01
  1.505000E+02  6.225655E-01  6.225655E-01
  1.515000E+02  6.224559E-01  6.224559E-01
  1.525000E+02  6.223465E-01  6.223465E-01
  1.535000E+02  6.222372E-01  6.222372E-01
  1.545000E+02  6.221281E-01  6.221281E-01
  1.555000E+02  6.220191E-01  6.220191E-01
  1.565000E+02  6.219102E-01  6.219102E-01
  1.575000E+02  6.218015E-01  6.218015E-01
  1.585000E+02  6.216929E-01  6.216929E-01
  1.595000E+02  6.215845E-01  6.215845E-01
  1.605000E+02  6.214761E-01  6.214761E-01
  1.615000E+02  6.213680E-01  6.213680E-01
  1.625000E+02  6.212599E-01  6.212599E-01
  1.635000E+02  6.211520E-01  6.211520E-01
  1.645000E+02  6.210442E-01  6.210442E-01
  1.655000E+02  6.209366E-01  6.209366E-01
  1.665000E+02  6.208291E-01  6.208291E-01
  1.675000E+02  6.207217E-01  6.207217E-01
  1.685000E+02  6.206145E-01  6.206145E-01
  1.695000E+02  6.205074E-01  6.205074E-01
  1.705000E+02  6.204004E-01  6.204004E-01
  1.715000E+02  6.202936E-01  6.202936E-01
  1.725000E+02  6.201869E-01  6.201869E-01
  1.735000E+02  6.200803E-01  6.200803E-01
  1.745000E+02  6.199739E-01  6.199739E-01
  1.755000E+02  6.198676E-01  6.198676E-01
  1.765000E+02  6.197614E-01  6.197614E-01
  1.775000E+02  6.196554E-01  6.196554E-01
  1.785000E+02  6.195495E-01  6.195495E-01
  1.795000E+02  6.194437E-01  6.194437E-01
  1.805000E+02  6.193381E-01  6.193381E-01
  1.815000E+02  6.192325E-01  6.192325E-01
  1.825000E+02  6.191272E-01  6.191272E-01
  1.835000E+02  6.190219E-01  6.190219E-01
  1.845000E+02  6.189168E-01  6.189168E-01
  1.855000E+02  6.188118E-01  6.188118E-01
  1.865000E+02  6.187070E-01  6.187070E-01
  1.875000E+02  6.186022E-01  6.186022E-01
  1.885000E+02  6.184976E-01  6.184976E-01
  1.895000E+02  6.183932E-01  6.183932E-01
  1.905000E+02  6.182888E-01  6.182888E-01
  1.915000E+02  6.181846E-01  6.181846E-01
  1.925000E+02  6.180805E-01  6.180805E-01
  1.935000E+02  6.179766E-01  6.179766E-01
  1.945000E+02  6.178728E-01  6.178728E-01
  1.955000E+02  6.177691E-01  6.177691E-01
  1.965000E+02  6.176655E-01  6.176655E-01
  1.975000E+02  6.175621E-01  6.175621E-01
  1.985000E+02  6.174587E-01  6.174587E-01
  1.995000E+02  6.173556E-01  6.173556E-01
  2.005000E+02  6.172525E-01  6.172525E-01
  2.015000E+02  6.171496E-01  6.171496E-01
  2.025000E+02  6.170468E-01  6.170468E-01
  2.035000E+02  6.169441E-01  6.169441E-01
  2.045000E+02  6.168415E-01  6.168415E-01
  2.055000E+02  6.167391E-01  6.167391E-01
  2.065000E+02  6.166368E-01  6.166368E-01
  2.075000E+02  6.165346E-01  6.165346E-01
  2.085000E+02  6.164326E-01  6.164326E-01
  2.095000E+02  6.163306E-01  6.163306E-01
  2.105000E+02  6.162288E-01  6.162288E-01
  2.115000E+02  6.161271E-01  6.161271E-01
  2.125000E+02  6.160256E-01  6.160256E-01
  2.135000E+02  6.159242E-01  6.159242E-01
  2.145000E+02  6.158229E-01  6.158229E-01
  2.155000E+02  6.157217E-01  6.157217E-01
  2.165000E+02  6.156206E-01  6.156206E-01
  2.175000E+02  6.155197E-01  6.155197E-01
  2.185000E+02  6.154189E-01  6.154189E-01
  2.195000E+02  6.153182E-01  6.153182E-01
  2.205000E+02  6.152176E-01  6.152176E-01
  2.215000E+02  6.151171E-01  6.151171E-01
  2.225000E+02  6.150168E-01  6.150168E-01
  2.235000E+02  6.149166E-01  6.149166E-01
  2.245000E+02  6.148165E-01  6.148165E-01
  2.255000E+02  6.147166E-01  6.147166E-01
  2.265000E+02  6.146167E-01  6.146167E-01
  2.275000E+02  6.145170E-01  6.145170E-01
  2.285000E+02  6.144174E-01  6.144174E-01
  2.295000E+02  6.143179E-01  6.143179E-01
  2.305000E+02  6.142186E-01  6.142186E-01
  2.315000E+02  6.141194E-01  6.141194E-01
  2.325000E+02  6.140202E-01  6.140202E-01
  2.335000E+02  6.139212E-01  6.139212E-01
  2.345000E+02  6.138224E-01  6.138224E-01
  2.355000E+02  6.137236E-01  6.137236E-01
  2.365000E+02  6.136250E-01  6.136250E-01
  2.375000E+02  6.135264E-01  6.135264E-01
  2.385000E+02  6.134280E-01  6.134280E-01
  2.395000E+02  6.133298E-01  6.133298E-01
  2.405000E+02  6.132316E-01  6.132316E-01
  2.415000E+02  6.131336E-01  6.131336E-01
  2.425000E+02  6.130356E-01  6.130356E-01
  2.435000E+02  6.129378E-01  6.129378E-01
  2.445000E+02  6.128401E-01  6.128401E-01
  2.455000E+02  6.127425E-01  6.127425E-01
  2.465000E+02  6.126451E-01  6.126451E-01
  2.475000E+02  6.125477E-01  6.125477E-01
  2.485000E+02  6.124505E-01  6.124505E-01
  2.495000E+02  6.123534E-01  6.123534E-01
  2.505000E+02  6.122564E-01  6.122564E-01
  2.515000E+02  6.121595E-01  6.121595E-01
  2.525000E+02  6.120628E-01  6.120628E-01
  2.535000E+02  6.119661E-01  6.119661E-01
  2.545000E+02  6.118696E-01  6.118696E-01
  2.555000E+02  6.117732E-01  6.117732E-01
  2.565000E+02  6.116769E-01  6.116769E-01
  2.575000E+02  6.115807E-01  6.115807E-01
  2.585000E+02  6.114846E-01  6.114846E-01
  2.595000E+02  6.113887E-01  6.113887E-01
  2.605000E+02  6.112928E-01  6.112928E-01
  2.615000E+02  6.111971E-01  6.111971E-01
  2.625000E+02  6.111015E-01  6.111015E-01
  2.635000E+02  6.110060E-01  6.110060E-01
  2.645000E+02  6.109106E-01  6.109106E-01
  2.655000E+02  6.108153E-01  6.108153E-01
  2.665000E+02  6.107201E-01  6.107201E-01
  2.675000E+02  6.106251E-01  6.106251E-01
  2.685000E+02  6.105302E-01  6.105302E-01
  2.695000E+02  6.104353E-01  6.104353E-01
  2.705000E+02  6.103406E-01  6.103406E-01
  2.715000E+02  6.102460E-01  6.102460E-01
  2.725000E+02  6.101515E-01  6.101515E-01
  2.735000E+02  6.100572E-01  6.100572E-01
  2.745000E+02  6.099629E-01  6.099629E-01
  2.755000E+02  6.098687E-01  6.098687E-01
  2.765000E+02  6.097747E-01  6.097747E-01
  2.775000E+02  6.096808E-01  6.096808E-01
  2.785000E+02  6.095869E-01  6.095869E-01
  2.795000E+02  6.094932E-01  6.094932E-01
  2.805000E+02  6.093996E-01  6.093996E-01
  2.815000E+02  6.093061E-01  6.093061E-01
  2.825000E+02  6.092128E-01  6.092128E-01
  2.835000E+02  6.091195E-01  6.091195E-01
  2.845000E+02  6.090263E-01  6.090263E-01
  2.855000E+02  6.089333E-01  6.089333E-01
  2.865000E+02  6.088403E-01  6.088403E-01
  2.875000E+02  6.087475E-01  6.087475E-01
  2.885000E+02  6.086548E-01  6.086548E-01
  2.895000E+02  6.085622E-01  6.085622E-01
  2.905000E+02  6.084696E-01  6.084696E-01
  2.915000E+02  6.083772E-01  6.083772E-01
  2.925000E+02  6.082850E-01  6.082850E-01
  2.935000E+02  6.081928E-01  6.081928E-01
  2.945000E+02  6.081007E-01  6.081007E-01
  2.955000E+02  6.080087E-01  6.080087E-01
  2.965000E+02  6.079169E-01  6.079169E-01
  2.975000E+02  6.078251E-01  6.078251E-01
  2.985000E+02  6.077335E-01  6.077335E-01
  2.995000E+02  6.076419E-01  6.076419E-01
  3.005000E+02  6.075505E-01  6.075505E-01
  3.015000E+02  6.074592E-01  6.074592E-01
  3.025000E+02  6.073679E-01  6.073679E-01
  3.035000E+02  6.072768E-01  6.072768E-01
  3.045000E+02  6.071858E-01  6.071858E-01
  3.055000E+02  6.070949E-01  6.070949E-01
  3.065000E+02  6.070041E-01  6.070041E-01
  3.075000E+02  6.069134E-01  6.069134E-01
  3.085000E+02  6.068228E-01  6.068228E-01
  3.095000E+02  6.067324E-01  6.067324E-01
  3.105000E+02  6.066420E-01  6.066420E-01
  3.115000E+02  6.065517E-01  6.065517E-01
  3.125000E+02  6.064615E-01  6.064615E-01
  3.135000E+02  6.063715E-01  6.063715E-01
  3.145000E+02  6.062815E-01  6.062815E-01
  3.155000E+02  6.061917E-01  6.061917E-01
  3.165000E+02  6.061019E-01  6.061019E-01
  3.175000E+02  6.060123E-01  6.060123E-01
  3.185000E+02  6.059227E-01  6.059227E-01
  3.195000E+02  6.058333E-01  6.058333E-01
  3.205000E+02  6.057439E-01  6.057439E-01
  3.215000E+02  6.056547E-01  6.056547E-01
  3.225000E+02  6.055656E-01  6.055656E-01
  3.235000E+02  6.054765E-01  6.054765E-01
  3.245000E+02  6.053876E-01  6.053876E-01
  3.255000E+02  6.052988E-01  6.052988E-01
  3.265000E+02  6.052101E-01  6.052101E-01
  3.275000E+02  6.051214E-01  6.051214E-01
  3.285000E+02  6.050329E-01  6.050329E-01
  3.295000E+02  6.049445E-01  6.049445E-01
  3.305000E+02  6.048562E-01  6.048562E-01
  3.315000E+02  6.047680E-01  6.047680E-01
  3.325000E+02  6.046799E-01  6.046799E-01
  3.335000E+02  6.045918E-01  6.045918E-01
  3.345000E+02  6.045039E-01  6.045039E-01
  3.355000E+02  6.044161E-01  6.044161E-01
  3.365000E+02  6.043284E-01  6.043284E-01
  3.375000E+02  6.042408E-01  6.042408E-01
  3.385000E+02  6.041533E-01  6.041533E-01
  3.395000E+02  6.040659E-01  6.040659E-01
  3.405000E+02  6.039786E-01  6.039786E-01
  3.415000E+02  6.038913E-01  6.038913E-01
  3.425000E+02  6.038042E-01  6.038042E-01
  3.435000E+02  6.037172E-01  6.037172E-01
  3.445000E+02  6.036303E-01  6.036303E-01
  3.455000E+02  6.035435E-01  6.035435E-01
  3.465000E+02  6.034568E-01  6.034568E-01
  3.475000E+02  6.033701E-01  6.033701E-01
  3.485000E+02  6.032836E-01  6.032836E-01
  3.495000E+02  6.031972E-01  6.031972E-01
  3.505000E+02  6.031109E-01  6.031109E-01
  3.515000E+02  6.030247E-01  6.030247E-01
  3.525000E+02  6.029383E-01  6.029383E-01
  3.535000E+02  6.028532E-01  6.028532E-01
  3.545000E+02  6.027644E-01  6.027644E-01
  3.555000E+02  6.026878E-01  6.026878E-01
  3.565000E+02  6.025721E-01  6.025721E-01
  3.575000E+02  6.025831E-01  6.025831E-01
  3.585000E+02  6.021862E-01  6.021862E-01
  3.595000E+02  6.031035E-01  6.031035E-01
  3.605000E+02  5.997908E-01  5.997908E-01
  3.615000E+02  6.100857E-01  6.100857E-01
  3.625000E+02  5.766391E-01  5.766391E-01
  3.635000E+02  6.836966E-01  6.836966E-01
  3.645000E+02  7.905697E-01  7.905697E-01
  3.655000E+02  8.972589E-01  8.972589E-01
  3.665000E+02  1.003765E+00  1.003765E+00
  3.675000E+02  1.110087E+00  1.110087E+00
  3.685000E+02  1.216227E+00  1.216227E+00
  3.695000E+02  1.322185E+00  1.322185E+00
  3.705000E+02  1.427961E+00  1.427961E+00
  3.715000E+02  1.533555E+00  1.533555E+00
  3.725000E+02  1.638968E+00  1.638968E+00
  3.735000E+02  1.744201E+00  1.744201E+00
  3.745000E+02  1.849253E+00  1.849253E+00
  3.755000E+02  1.954126E+00  1.954126E+00
  3.765000E+02  2.058819E+00  2.058819E+00
  3.775000E+02  2.163333E+00  2.163333E+00
  3.785000E+02  2.267668E+00  2.267668E+00
  3.795000E+02  2.371825E+00  2.371825E+00
  3.805000E+02  2.475805E+00  2.475805E+00
  3.815000E+02  2.579606E+00  2.579606E+00
  3.825000E+02  2.683231E+00  2.683231E+00
  3.835000E+02  2.786679E+00  2.786679E+00
  3.845000E+02  2.889951E+00  2.889951E+00
  3.855000E+02  2.993046E+00  2.993046E+00
  3.865000E+02  3.095966E+00  3.095966E+00
  3.875000E+02  3.198711E+00  3.198711E+00
  3.885000E+02  3.301282E+00  3.301282E+00
  3.895000E+02  3.403678E+00  3.403678E+00
  3.905000E+02  3.505900E+00  3.505900E+00
  3.915000E+02  3.607948E+00  3.607948E+00
  3.925000E+02  3.709823E+00  3.709823E+00
  3.935000E+02  3.811525E+00  3.811525E+00
  3.945000E+02  3.913055E+00  3.913055E+00
  3.955000E+02  4.014413E+00  4.014413E+00
  3.965000E+02  4.115599E+00  4.115599E+00
  3.975000E+02  4.216614E+00  4.216614E+00
  3.985000E+02  4.317457E+00  4.317457E+00
  3.995000E+02  4.418131E+00  4.418131E+00
  4.005000E+02  4.518633E+00  4.518633E+00
  4.015000E+02  4.618967E+00  4.618967E+00
  4.025000E+02  4.719130E+00  4.719130E+00
  4.035000E+02  4.819125E+00  4.819125E+00
  4.045000E+02  4.918951E+00  4.918951E+00
  4.055000E+02  5.018608E+00  5.018608E+00
  4.065000E+02  5.118098E+00  5.118098E+00
  4.075000E+02  5.217420E+00  5.217420E+00
  4.085000E+02  5.316575E+00  5.316575E+00
  4.095000E+02  5.415562E+00  5.415562E+00
  4.105000E+02  5.514384E+00  5.514384E+00
  4.115000E+02  5.613039E+00  5.613039E+00
  4.125000E+02  5.711528E+00  5.711528E+00
  4.135000E+02  5.809852E+00  5.809852E+00
  4.145000E+02  5.908011E+00  5.908011E+00
  4.155000E+02  6.006005E+00  6.006005E+00
  4.165000E+02  6.103835E+00  6.103835E+00
  4.175000E+02  6.201501E+00  6.201501E+00
  4.185000E+02  6.299003E+00  6.299003E+00
  4.195000E+02  6.396342E+00  6.396342E+00
  4.205000E+02  6.493517E+00  6.493517E+00
  4.215000E+02  6.590531E+00  6.590531E+00
  4.225000E+02  6.687382E+00  6.687382E+00
  4.235000E+02  6.784071E+00  6.784071E+00
  4.245000E+02  6.880599E+00  6.880599E+00
  4.255000E+02  6.976965E+00  6.976965E+00
  4.265000E+02  7.073171E+00  7.073171E+00
  4.275000E+02  7.169216E+00  7.169216E+00
  4.285000E+02  7.265101E+00  7.265101E+00
  4.295000E+02  7.360827E+00  7.360827E+00
  4.305000E+02  7.456393E+00  7.456393E+00
  4.315000E+02  7.551799E+00  7.551799E+00
  4.325000E+02  7.647047E+00  7.647047E+00
  4.335000E+02  7.742137E+00  7.742137E+00
  4.345000E+02  7.837069E+00  7.837069E+00
  4.355000E+02  7.931842E+00  7.931842E+00
  4.365000E+02  8.026459E+00  8.026459E+00
  4.375000E+02  8.120918E+00  8.120918E+00
  4.385000E+02  8.215221E+00  8.215221E+00
  4.395000E+02  8.309367E+00  8.309367E+00
  4.405000E+02  8.403357E+00  8.403357E+00
  4.415000E+02  8.497192E+00  8.497192E+00
  4.425000E+02  8.590871E+00  8.590871E+00
  4.435000E+02  8.684395E+00  8.684395E+00
  4.445000E+02  8.777765E+00  8.777765E+00
  4.455000E+02  8.870980E+00  8.870980E+00
  4.465000E+02  8.964041E+00  8.964041E+00
  4.475000E+02  9.056948E+00  9.056948E+00
  4.485000E+02  9.149702E+00  9.149702E+00
  4.495000E+02  9.242303E+00  9.242303E+00
  4.505000E+02  9.334751E+00  9.334751E+00
  4.515000E+02  9.427046E+00  9.427046E+00
  4.525000E+02  9.519190E+00  9.519190E+00
  4.535000E+02  9.611182E+00  9.611182E+00
  4.545000E+02  9.703022E+00  9.703022E+00
  4.555000E+02  9.794712E+00  9.794712E+00
  4.565000E+02  9.886250E+00  9.886250E+00
  4.575000E+02  9.977638E+00  9.977638E+00
  4.585000E+02  1.006888E+01  1.006888E+01
  4.595000E+02  1.015996E+01  1.015996E+01
  4.605000E+02  1.025090E+01  1.025090E+01
  4.615000E+02  1.034169E+01  1.034169E+01
  4.625000E+02  1.043233E+01  1.043233E+01
  4.635000E+02  1.052283E+01  1.052283E+01
  4.645000E+02  1.061317E+01  1.061317E+01
  4.655000E+02  1.070336E+01  1.070336E+01
  4.665000E+02  1.079341E+01  1.079341E+01
  4.675000E+02  1.088331E+01  1.088331E+01
  4.685000E+02  1.097307E+01  1.097307E+01
  4.695000E+02  1.106268E+01  1.106268E+01
  4.705000E+02  1.115214E+01  1.115214E+01
  4.715000E+02  1.124145E+01  1.124145E+01
  4.725000E+02  1.133062E+01  1.133062E+01
  4.735000E+02  1.141965E+01  1.141965E+01
  4.745000E+02  1.150852E+01  1.150852E+01
  4.755000E+02  1.159727E+01  1.159727E+01
  4.765000E+02  1.168580E+01  1.168580E+01
  4.775000E+02  1.177444E+01  1.177444E+01
  4.785000E+02  1.186215E+01  1.186215E+01
  4.795000E+02  1.195206E+01  1.195206E+01
  4.805000E+02  1.203489E+01  1.203489E+01
  4.815000E+02  1.213811E+01  1.213811E+01
  4.825000E+02  1.218037E+01  1.218037E+01
  4.835000E+02  1.240256E+01  1.240256E+01
  4.845000E+02  1.201088E+01  1.201088E+01
  4.855000E+02  1.166153E+01  1.166153E+01
  4.865000E+02  1.132937E+01  1.132937E+01
  4.875000E+02  1.101324E+01  1.101324E+01
  4.885000E+02  1.071208E+01  1.071208E+01
  4.895000E+02  1.042492E+01  1.042492E+01
  4.905000E+02  1.015086E+01  1.015086E+01
  4.915000E+02  9.889090E+00  9.889090E+00
  4.925000E+02  9.638849E+00  9.638849E+00
  4.935000E+02  9.399439E+00  9.399439E+00
  4.945000E+02  9.170215E+00  9.170215E+00
  4.955000E+02  8.950582E+00  8.950582E+00
  4.965000E+02  8.739988E+00  8.739988E+00
  4.975000E+02  8.537920E+00  8.537920E+00
  4.985000E+02  8.343902E+00  8.343902E+00
  4.995000E+02  8.157495E+00  8.157495E+00
  5.005000E+02  7.978285E+00  7.978285E+00
  5.015000E+02  7.805889E+00  7.805889E+00
  5.025000E+02  7.639952E+00  7.639952E+00
  5.035000E+02  7.480138E+00  7.480138E+00
  5.045000E+02  7.326135E+00  7.326135E+00
  5.055000E+02  7.177653E+00  7.177653E+00
  5.065000E+02  7.034418E+00  7.034418E+00
  5.075000E+02  6.896174E+00  6.896174E+00
  5.085000E+02  6.762681E+00  6.762681E+00
  5.095000E+02  6.633712E+00  6.633712E+00
  5.105000E+02  6.509056E+00  6.509056E+00
  5.115000E+02  6.388514E+00  6.388514E+00
  5.125000E+02  6.271898E+00  6.271898E+00
  5.135000E+02  6.159029E+00  6.159029E+00
  5.145000E+02  6.049746E+00  6.049746E+00
  5.155000E+02  5.943879E+00  5.943879E+00
  5.165000E+02  5.841310E+00  5.841310E+00
  5.175000E+02  5.741825E+00  5.741825E+00
  5.185000E+02  5.645467E+00  5.645467E+00
  5.195000E+02  5.551689E+00  5.551689E+00
  5.205000E+02  5.461373E+00  5.461373E+00
  5.215000E+02  5.372058E+00  5.372058E+00
  5.225000E+02  5.289091E+00  5.289091E+00
  5.235000E+02  5.199835E+00  5.199835E+00
  5.245000E+02  5.132695E+00  5.132695E+00
  5.255000E+02  5.023463E+00  5.023463E+00
  5.265000E+02  5.013531E+00  5.013531E+00
  5.275000E+02  5.004147E+00  5.004147E+00
  5.285000E+02  4.994784E+00  4.994784E+00
  5.295000E+02  4.985442E+00  4.985442E+00
  5.305000E+02  4.976119E+00  4.976119E+00
  5.315000E+02  4.966817E+00  4.966817E+00
  5.325000E+02  4.957536E+00  4.957536E+00
  5.335000E+02  4.948274E+00  4.948274E+00
  5.345000E+02  4.939032E+00  4.939032E+00
  5.355000E+02  4.929811E+00  4.929811E+00
  5.365000E+02  4.920609E+00  4.920609E+00
  5.375000E+02  4.911428E+00  4.911428E+00
  5.385000E+02  4.902266E+00  4.902266E+00
  5.395000E+02  4.893125E+00  4.893125E+00
  5.405000E+02  4.884003E+00  4.884003E+00
  5.415000E+02  4.874901E+00  4.874901E+00
  5.425000E+02  4.865818E+00  4.865818E+00
  5.435000E+02  4.856756E+00  4.856756E+00
  5.445000E+02  4.847713E+00  4.847713E+00
  5.455000E+02  4.838689E+00  4.838689E+00
  5.465000E+02  4.829685E+00  4.829685E+00
  5.475000E+02  4.820701E+00  4.820701E+00
  5.485000E+02  4.811736E+00  4.811736E+00
  5.495000E+02  4.802790E+00  4.802790E+00
  5.505000E+02  4.793864E+00  4.793864E+00
  5.515000E+02  4.784957E+00  4.784957E+00
  5.525000E+02  4.776069E+00  4.776069E+00
  5.535000E+02  4.767201E+00  4.767201E+00
  5.545000E+02  4.758351E+00  4.758351E+00
  5.555000E+02  4.749521E+00  4.749521E+00
  5.565000E+02  4.740710E+00  4.740710E+00
  5.575000E+02  4.731918E+00  4.731918E+00
  5.585000E+02  4.723145E+00  4.723145E+00
  5.595000E+02  4.714390E+00  4.714390E+00
  5.605000E+02  4.705655E+00  4.705655E+00
  5.615000E+02  4.696939E+00  4.696939E+00
  5.625000E+02  4.688241E+00  4.688241E+00
  5.635000E+02  4.679562E+00  4.679562E+00
  5.645000E+02  4.670902E+00  4.670902E+00
  5.655000E+02  4.662260E+00  4.662260E+00
  5.665000E+02  4.653637E+00  4.653637E+00
  5.675000E+02  4.645033E+00  4.645033E+00
  5.685000E+02  4.636447E+00  4.636447E+00
  5.695000E+02  4.627879E+00  4.627879E+00
  5.705000E+02  4.619330E+00  4.619330E+00
  5.715000E+02  4.610799E+00  4.610799E+00
  5.725000E+02  4.602287E+00  4.602287E+00
  5.735000E+02  4.593793E+00  4.593793E+00
  5.745000E+02  4.585317E+00  4.585317E+00
  5.755000E+02  4.576860E+00  4.576860E+00
  5.765000E+02  4.568420E+00  4.568420E+00
  5.775000E+02  4.559999E+00  4.559999E+00
  5.785000E+02  4.551596E+00  4.551596E+00
  5.795000E+02  4.543211E+00  4.543211E+00
  5.805000E+02  4.534844E+00  4.534844E+00
  5.815000E+02  4.526494E+00  4.526494E+00
  5.825000E+02  4.518163E+00  4.518163E+00
  5.835000E+02  4.509850E+00  4.509850E+00
  5.845000E+02  4.501554E+00  4.501554E+00
  5.855000E+02  4.493276E+00  4.493276E+00
  5.865000E+02  4.485016E+00  4.485016E+00
  5.875000E+02  4.476774E+00  4.476774E+00
  5.885000E+02  4.468549E+00  4.468549E+00
  5.895000E+02  4.460341E+00  4.460341E+00
  5.905000E+02  4.452152E+00  4.452152E+00
  5.915000E+02  4.443980E+00  4.443980E+00
  5.925000E+02  4.435825E+00  4.435825E+00
  5.935000E+02  4.427688E+00  4.427688E+00
  5.945000E+02  4.419568E+00  4.419568E+00
  5.955000E+02  4.411465E+00  4.411465E+00
  5.965000E+02  4.403380E+00  4.403380E+00
  5.975000E+02  4.395312E+00  4.395312E+00
  5.985000E+02  4.387262E+00  4.387262E+00
  5.995000E+02  4.379228E+00  4.379228E+00
  6.005000E+02  4.371212E+00  4.371212E+00
  6.015000E+02  4.363213E+00  4.363213E+00
  6.025000E+02  4.355230E+00  4.355230E+00
  6.035000E+02  4.347265E+00  4.347265E+00
  6.045000E+02  4.339317E+00  4.339317E+00
  6.055000E+02  4.331386E+00  4.331386E+00
  6.065000E+02  4.323471E+00  4.323471E+00
  6.075000E+02  4.315574E+00  4.315574E+00
  6.085000E+02  4.307693E+00  4.307693E+00
  6.095000E+02  4.299829E+00  4.299829E+00
  6.105000E+02  4.291982E+00  4.291982E+00
  6.115000E+02  4.284151E+00  4.284151E+00
  6.125000E+02  4.276337E+00  4.276337E+00
  6.135000E+02  4.268540E+00  4.268540E+00
  6.145000E+02  4.260760E+00  4.260760E+00
  6.155000E+02  4.252995E+00  4.252995E+00
  6.165000E+02  4.245248E+00  4.245248E+00
  6.175000E+02  4.237517E+00  4.237517E+00
  6.185000E+02  4.229802E+00  4.229802E+00
  6.195000E+02  4.222103E+00  4.222103E+00
  6.205000E+02  4.214421E+00  4.214421E+00
  6.215000E+02  4.206756E+00  4.206756E+00
  6.225000E+02  4.199106E+00  4.199106E+00
  6.235000E+02  4.191473E+00  4.191473E+00
  6.245000E+02  4.183856E+00  4.183856E+00
  6.255000E+02  4.176255E+00  4.176255E+00
  6.265000E+02  4.168670E+00  4.168670E+00
  6.275000E+02  4.161101E+00  4.161101E+00
  6.285000E+02  4.153549E+00  4.153549E+00
  6.295000E+02  4.146012E+00  4.146012E+00
  6.305000E+02  4.138491E+00  4.138491E+00
  6.315000E+02  4.130986E+00  4.130986E+00
  6.325000E+02  4.123497E+00  4.123497E+00
  6.335000E+02  4.116024E+00  4.116024E+00
  6.345000E+02  4.108567E+00  4.108567E+00
  6.355000E+02  4.101125E+00  4.101125E+00
  6.365000E+02  4.093699E+00  4.093699E+00
  6.375000E+02  4.086289E+00  4.086289E+00
  6.385000E+02  4.078894E+00  4.078894E+00
  6.395000E+02  4.071516E+00  4.071516E+00
  6.405000E+02  4.064152E+00  4.064152E+00
  6.415000E+02  4.056804E+00  4.056804E+00
  6.425000E+02  4.049472E+00  4.049472E+00
  6.435000E+02  4.042155E+00  4.042155E+00
  6.445000E+02  4.034854E+00  4.034854E+00
  6.455000E+02  4.027568E+00  4.027568E+00
  6.465000E+02  4.020297E+00  4.020297E+00
  6.475000E+02  4.013042E+00  4.013042E+00
  6.485000E+02  4.005802E+00  4.005802E+00
  6.495000E+02  3.998577E+00  3.998577E+00
  6.505000E+02  3.991368E+00  3.991368E+00
  6.515000E+02  3.984173E+00  3.984173E+00
  6.525000E+02  3.976994E+00  3.976994E+00
  6.535000E+02  3.969830E+00  3.969830E+00
  6.545000E+02  3.962681E+00  3.962681E+00
  6.555000E+02  3.955547E+00  3.955547E+00
  6.565000E+02  3.948427E+00  3.948427E+00
  6.575000E+02  3.941323E+00  3.941323E+00
  6.585000E+02  3.934234E+00  3.934234E+00
  6.595000E+02  3.927160E+00  3.927160E+00
  6.605000E+02  3.920100E+00  3.920100E+00
  6.615000E+02  3.913056E+00  3.913056E+00
  6.625000E+02  3.906026E+00  3.906026E+00
  6.635000E+02  3.899011E+00  3.899011E+00
  6.645000E+02  3.892011E+00  3.892011E+00
  6.655000E+02  3.885025E+00  3.885025E+00
  6.665000E+02  3.878054E+00  3.878054E+00
  6.675000E+02  3.871097E+00  3.871097E+00
  6.685000E+02  3.864155E+00  3.864155E+00
  6.695000E+02  3.857228E+00  3.857228E+00
  6.705000E+02  3.850315E+00  3.850315E+00
  6.715000E+02  3.843417E+00  3.843417E+00
  6.725000E+02  3.836533E+00  3.836533E+00
  6.735000E+02  3.829664E+00  3.829664E+00
  6.745000E+02  3.822809E+00  3.822809E+00
  6.755000E+02  3.815968E+00  3.815968E+00
  6.765000E+02  3.809141E+00  3.809141E+00
  6.775000E+02  3.802329E+00  3.802329E+00
  6.785000E+02  3.795531E+00  3.795531E+00
  6.795000E+02  3.788747E+00  3.788747E+00
  6.805000E+02  3.781978E+00  3.781978E+00
  6.815000E+02  3.775222E+00  3.775222E+00
  6.825000E+02  3.768481E+00  3.768481E+00
  6.835000E+02  3.761754E+00  3.761754E+00
  6.845000E+02  3.755040E+00  3.755040E+00
  6.855000E+02  3.748341E+00  3.748341E+00
  6.865000E+02  3.741656E+00  3.741656E+00
  6.875000E+02  3.734985E+00  3.734985E+00
  6.885000E+02  3.728327E+00  3.728327E+00
  6.895000E+02  3.721684E+00  3.721684E+00
  6.905000E+02  3.715054E+00  3.715054E+00
  6.915000E+02  3.708438E+00  3.708438E+00
  6.925000E+02  3.701836E+00  3.701836E+00
  6.935000E+02  3.695248E+00  3.695248E+00
  6.945000E+02  3.688673E+00  3.688673E+00
  6.955000E+02  3.682112E+00  3.682112E+00
  6.965000E+02  3.675565E+00  3.675565E+00
  6.975000E+02  3.669031E+00  3.669031E+00
  6.985000E+02  3.662511E+00  3.662511E+00
  6.995000E+02  3.656004E+00  3.656004E+00
  7.005000E+02  3.649511E+00  3.649511E+00
  7.015000E+02  3.643032E+00  3.643032E+00
  7.025000E+02  3.636565E+00  3.636565E+00
  7.035000E+02  3.630113E+00  3.630113E+00
  7.045000E+02  3.623673E+00  3.623673E+00
  7.055000E+02  3.617247E+00  3.617247E+00
  7.065000E+02  3.610835E+00  3.610835E+00
  7.075000E+02  3.604436E+00  3.604436E+00
  7.085000E+02  3.598049E+00  3.598049E+00
  7.095000E+02  3.591677E+00  3.591677E+00
  7.105000E+02  3.585317E+00  3.585317E+00
  7.115000E+02  3.578971E+00  3.578971E+00
  7.125000E+02  3.572637E+00  3.572637E+00
  7.135000E+02  3.566317E+00  3.566317E+00
  7.145000E+02  3.560010E+00  3.560010E+00
  7.155000E+02  3.553716E+00  3.553716E+00
  7.165000E+02  3.547435E+00  3.547435E+00
  7.175000E+02  3.541167E+00  3.541167E+00
  7.185000E+02  3.534912E+00  3.534912E+00
  7.195000E+02  3.528670E+00  3.528670E+00
  7.205000E+02  3.522441E+00  3.522441E+00
  7.215000E+02  3.516224E+00  3.516224E+00
  7.225000E+02  3.510021E+00  3.510021E+00
  7.235000E+02  3.503830E+00  3.503830E+00
  7.245000E+02  3.497652E+00  3.497652E+00
  7.255000E+02  3.491487E+00  3.491487E+00
  7.265000E+02  3.485335E+00  3.485335E+00
  7.275000E+02  3.479195E+00  3.479195E+00
  7.285000E+02  3.473068E+00  3.473068E+00
  7.295000E+02  3.466954E+00  3.466954E+00
  7.305000E+02  3.460852E+00  3.460852E+00
  7.315000E+02  3.454763E+00  3.454763E+00
  7.325000E+02  3.448686E+00  3.448686E+00
  7.335000E+02  3.442622E+00  3.442622E+00
  7.345000E+02  3.436570E+00  3.436570E+00
  7.355000E+02  3.430531E+00  3.430531E+00
  7.365000E+02  3.424504E+00  3.424504E+00
  7.375000E+02  3.418490E+00  3.418490E+00
  7.385000E+02  3.412488E+00  3.412488E+00
  7.395000E+02  3.406498E+00  3.406498E+00
  7.405000E+02  3.400521E+00  3.400521E+00
  7.415000E+02  3.394556E+00  3.394556E+00
  7.425000E+02  3.388603E+00  3.388603E+00
  7.435000E+02  3.382662E+00  3.382662E+00
  7.445000E+02  3.376734E+00  3.376734E+00
  7.455000E+02  3.370818E+00  3.370818E+00
  7.465000E+02  3.364914E+00  3.364914E+00
  7.475000E+02  3.359022E+00  3.359022E+00
  7.485000E+02  3.353142E+00  3.353142E+00
  7.495000E+02  3.347274E+00  3.347274E+00
  7.505000E+02  3.341418E+00  3.341418E+00
  7.515000E+02  3.335575E+00  3.335575E+00
  7.525000E+02  3.329743E+00  3.329743E+00
  7.535000E+02  3.323923E+00  3.323923E+00
  7.545000E+02  3.318115E+00  3.318115E+00
  7.555000E+02  3.312319E+00  3.312319E+00
  7.565000E+02  3.306535E+00  3.306535E+00
  7.575000E+02  3.300763E+00  3.300763E+00
  7.585000E+02  3.295002E+00  3.295002E+00
  7.595000E+02  3.289254E+00  3.289254E+00
  7.605000E+02  3.283517E+00  3.283517E+00
  7.615000E+02  3.277792E+00  3.277792E+00
  7.625000E+02  3.272078E+00  3.272078E+00
  7.635000E+02  3.266376E+00  3.266376E+00
  7.645000E+02  3.260686E+00  3.260686E+00
  7.655000E+02  3.255008E+00  3.255008E+00
  7.665000E+02  3.249341E+00  3.249341E+00
  7.675000E+02  3.243686E+00  3.243686E+00
  7.685000E+02  3.238042E+00  3.238042E+00
  7.695000E+02  3.232410E+00  3.232410E+00
  7.705000E+02  3.226789E+00  3.226789E+00
  7.715000E+02  3.221179E+00  3.221179E+00
  7.725000E+02  3.215582E+00  3.215582E+00
  7.735000E+02  3.209995E+00  3.209995E+00
  7.745000E+02  3.204420E+00  3.204420E+00
  7.755000E+02  3.198856E+00  3.198856E+00
  7.765000E+02  3.193304E+00  3.193304E+00
  7.775000E+02  3.187763E+00  3.187763E+00
  7.785000E+02  3.182233E+00  3.182233E+00
  7.795000E+02  3.176715E+00  3.176715E+00
  7.805000E+02  3.171207E+00  3.171207E+00
  7.815000E+02  3.165711E+00  3.165711E+00
  7.825000E+02  3.160226E+00  3.160226E+00
  7.835000E+02  3.154753E+00  3.154753E+00
  7.845000E+02  3.149290E+00  3.149290E+00
  7.855000E+02  3.143838E+00  3.143838E+00
  7.865000E+02  3.138398E+00  3.138398E+00
  7.875000E+02  3.132969E+00  3.132969E+00
  7.885000E+02  3.127550E+00  3.127550E+00
  7.895000E+02  3.122143E+00  3.122143E+00
  7.905000E+02  3.116747E+00  3.116747E+00
  7.915000E+02  3.111361E+00  3.111361E+00
  7.925000E+02  3.105987E+00  3.105987E+00
  7.935000E+02  3.100623E+00  3.100623E+00
  7.945000E+02  3.095270E+00  3.095270E+00
  7.955000E+02  3.089928E+00  3.089928E+00
  7.965000E+02  3.084597E+00  3.084597E+00
  7.975000E+02  3.079277E+00  3.079277E+00
  7.985000E+02  3.073968E+00  3.073968E+00
  7.995000E+02  3.068669E+00  3.068669E+00
  8.005000E+02  3.063381E+00  3.063381E+00
  8.015000E+02  3.058104E+00  3.058104E+00
  8.025000E+02  3.052837E+00  3.052837E+00
  8.035000E+02  3.047581E+00  3.047581E+00
  8.045000E+02  3.042336E+00  3.042336E+00
  8.055000E+02  3.037101E+00  3.037101E+00
  8.065000E+02  3.031877E+00  3.031877E+00
  8.075000E+02  3.026664E+00  3.026664E+00
  8.085000E+02  3.021461E+00  3.021461E+00
  8.095000E+02  3.016268E+00  3.016268E+00
  8.105000E+02  3.011086E+00  3.011086E+00
  8.115000E+02  3.005914E+00  3.005914E+00
  8.125000E+02  3.000753E+00  3.000753E+00
  8.135000E+02  2.995603E+00  2.995603E+00
  8.145000E+02  2.990462E+00  2.990462E+00
  8.155000E+02  2.985332E+00  2.985332E+00
  8.165000E+02  2.980213E+00  2.980213E+00
  8.175000E+02  2.975104E+00  2.975104E+00
  8.185000E+02  2.970005E+00  2.970005E+00
  8.195000E+02  2.964916E+00  2.964916E+00
  8.205000E+02  2.959837E+00  2.959837E+00
  8.215000E+02  2.954769E+00  2.954769E+00
  8.225000E+02  2.949711E+00  2.949711E+00
  8.235000E+02  2.944663E+00  2.944663E+00
  8.245000E+02  2.939626E+00  2.939626E+00
  8.255000E+02  2.934598E+00  2.934598E+00
  8.265000E+02  2.929581E+00  2.929581E+00
  8.275000E+02  2.924573E+00  2.924573E+00
  8.285000E+02  2.919576E+00  2.919576E+00
  8.295000E+02  2.914589E+00  2.914589E+00
  8.305000E+02  2.909612E+00  2.909612E+00
  8.315000E+02  2.904645E+00  2.904645E+00
  8.325000E+02  2.899687E+00  2.899687E+00
  8.335000E+02  2.894740E+00  2.894740E+00
  8.345000E+02  2.889803E+00  2.889803E+00
  8.355000E+02  2.884875E+00  2.884875E+00
  8.365000E+02  2.879958E+00  2.879958E+00
  8.375000E+02  2.875050E+00  2.875050E+00
  8.385000E+02  2.870152E+00  2.870152E+00
  8.395000E+02  2.865264E+00  2.865264E+00
  8.405000E+02  2.860386E+00  2.860386E+00
  8.415000E+02  2.855518E+00  2.855518E+00
  8.425000E+02  2.850659E+00  2.850659E+00
  8.435000E+02  2.845810E+00  2.845810E+00
  8.445000E+02  2.840971E+00  2.840971E+00
  8.455000E+02  2.836141E+00  2.836141E+00
  8.465000E+02  2.831321E+00  2.831321E+00
  8.475000E+02  2.826511E+00  2.826511E+00
  8.485000E+02  2.821710E+00  2.821710E+00
  8.495000E+02  2.816919E+00  2.816919E+00
  8.505000E+02  2.812138E+00  2.812138E+00
  8.515000E+02  2.807366E+00  2.807366E+00
  8.525000E+02  2.802604E+00  2.802604E+00
  8.535000E+02  2.797851E+00  2.797851E+00
  8.545000E+02  2.793108E+00  2.793108E+00
  8.555000E+02  2.788374E+00  2.788374E+00
  8.565000E+02  2.783649E+00  2.783649E+00
  8.575000E+02  2.778934E+00  2.778934E+00
  8.585000E+02  2.774229E+00  2.774229E+00
  8.595000E+02  2.769533E+00  2.769533E+00
  8.605000E+02  2.764846E+00  2.764846E+00
  8.615000E+02  2.760168E+00  2.760168E+00
  8.625000E+02  2.755500E+00  2.755500E+00
  8.635000E+02  2.750841E+00  2.750841E+00
  8.645000E+02  2.746192E+00  2.746192E+00
  8.655000E+02  2.741551E+00  2.741551E+00
  8.665000E+02  2.736920E+00  2.736920E+00
  8.675000E+02  2.732298E+00  2.732298E+00
  8.685000E+02  2.727686E+00  2.727686E+00
  8.695000E+02  2.723082E+00  2.723082E+00
  8.705000E+02  2.718488E+00  2.718488E+00
  8.715000E+02  2.713903E+00  2.713903E+00
  8.725000E+02  2.709327E+00  2.709327E+00
  8.735000E+02  2.704760E+00  2.704760E+00
  8.745000E+02  2.700202E+00  2.700202E+00
  8.755000E+02  2.695653E+00  2.695653E+00
  8.765000E+02  2.691113E+00  2.691113E+00
  8.775000E+02  2.686582E+00  2.686582E+00
  8.785000E+02  2.682061E+00  2.682061E+00
  8.795000E+02  2.677548E+00  2.677548E+00
  8.805000E+02  2.673044E+00  2.673044E+00
  8.815000E+02  2.668549E+00  2.668549E+00
  8.825000E+02  2.664063E+00  2.664063E+00
  8.835000E+02  2.659586E+00  2.659586E+00
  8.845000E+02  2.655118E+00  2.655118E+00
  8.855000E+02  2.650658E+00  2.650658E+00
  8.865000E+02  2.646208E+00  2.646208E+00
  8.875000E+02  2.641766E+00  2.641766E+00
  8.885000E+02  2.637333E+00  2.637333E+00
  8.895000E+02  2.632909E+00  2.632909E+00
  8.905000E+02  2.628494E+00  2.628494E+00
  8.915000E+02  2.624087E+00  2.624087E+00
  8.925000E+02  2.619689E+00  2.619689E+00
  8.935000E+02  2.615300E+00  2.615300E+00
  8.945000E+02  2.610919E+00  2.610919E+00
  8.955000E+02  2.606547E+00  2.606547E+00
  8.965000E+02  2.602184E+00  2.602184E+00
  8.975000E+02  2.597829E+00  2.597829E+00
  8.985000E+02  2.593483E+00  2.593483E+00
  8.995000E+02  2.589146E+00  2.589146E+00
  9.005000E+02  2.584817E+00  2.584817E+00
  9.015000E+02  2.580497E+00  2.580497E+00
  9.025000E+02  2.576185E+00  2.576185E+00
  9.035000E+02  2.571882E+00  2.571882E+00
  9.045000E+02  2.567587E+00  2.567587E+00
  9.055000E+02  2.563300E+00  2.563300E+00
  9.065000E+02  2.559023E+00  2.559023E+00
  9.075000E+02  2.554753E+00  2.554753E+00
  9.085000E+02  2.550492E+00  2.550492E+00
  9.095000E+02  2.546239E+00  2.546239E+00
  9.105000E+02  2.541995E+00  2.541995E+00
  9.115000E+02  2.537759E+00  2.537759E+00
  9.125000E+02  2.533532E+00  2.533532E+00
  9.135000E+02  2.529312E+00  2.529312E+00
  9.145000E+02  2.525101E+00  2.525101E+00
  9.155000E+02  2.520899E+00  2.520899E+00
  9.165000E+02  2.516704E+00  2.516704E+00
  9.175000E+02  2.512518E+00  2.512518E+00
  9.185000E+02  2.508340E+00  2.508340E+00
  9.195000E+02  2.504170E+00  2.504170E+00
  9.205000E+02  2.500009E+00  2.500009E+00
  9.215000E+02  2.495855E+00  2.495855E+00
  9.225000E+02  2.491710E+00  2.491710E+00
  9.235000E+02  2.487573E+00  2.487573E+00
  9.245000E+02  2.483444E+00  2.483444E+00
  9.255000E+02  2.479323E+00  2.479323E+00
  9.265000E+02  2.475211E+00  2.475211E+00
  9.275000E+02  2.471106E+00  2.471106E+00
  9.285000E+02  2.467009E+00  2.467009E+00
  9.295000E+02  2.462921E+00  2.462921E+00
  9.305000E+02  2.458840E+00  2.458840E+00
  9.315000E+02  2.454768E+00  2.454768E+00
  9.325000E+02  2.450703E+00  2.450703E+00
  9.335000E+02  2.446646E+00  2.446646E+00
  9.345000E+02  2.442597E+00  2.442597E+00
  9.355000E+02  2.438557E+00  2.438557E+00
  9.365000E+02  2.434524E+00  2.434524E+00
  9.375000E+02  2.430499E+00  2.430499E+00
  9.385000E+02  2.426482E+00  2.426482E+00
  9.395000E+02  2.422472E+00  2.422472E+00
  9.405000E+02  2.418471E+00  2.418471E+00
  9.415000E+02  2.414476E+00  2.414476E+00
  9.425000E+02  2.410494E+00  2.410494E+00
  9.435000E+02  2.406507E+00  2.406507E+00
  9.445000E+02  2.402563E+00  2.402563E+00
  9.455000E+02  2.398525E+00  2.398525E+00
  9.465000E+02  2.394783E+00  2.394783E+00
  9.475000E+02  2.390237E+00  2.390237E+00
  9.485000E+02  2.388204E+00  2.388204E+00
  9.495000E+02  2.386089E+00  2.386089E+00
  9.505000E+02  2.383977E+00  2.383977E+00
  9.515000E+02  2.381868E+00  2.381868E+00
  9.525000E+02  2.379761E+00  2.379761E+00
  9.535000E+02  2.377657E+00  2.377657E+00
  9.545000E+02  2.375555E+00  2.375555E+00
  9.555000E+02  2.373456E+00  2.373456E+00
  9.565000E+02  2.371360E+00  2.371360E+00
  9.575000E+02  2.369266E+00  2.369266E+00
  9.585000E+02  2.367175E+00  2.367175E+00
  9.595000E+02  2.365086E+00  2.365086E+00
  9.605000E+02  2.363000E+00  2.363000E+00
  9.615000E+02  2.360917E+00  2.360917E+00
  9.625000E+02  2.358836E+00  2.358836E+00
  9.635000E+02  2.356758E+00  2.356758E+00
  9.645000E+02  2.354682E+00  2.354682E+00
  9.655000E+02  2.352609E+00  2.352609E+00
  9.665000E+02  2.350538E+00  2.350538E+00
  9.675000E+02  2.348470E+00  2.348470E+00
  9.685000E+02  2.346405E+00  2.346405E+00
  9.695000E+02  2.344342E+00  2.344342E+00
  9.705000E+02  2.342282E+00  2.342282E+00
  9.715000E+02  2.340224E+00  2.340224E+00
  9.725000E+02  2.338169E+00  2.338169E+00
  9.735000E+02  2.336116E+00  2.336116E+00
  9.745000E+02  2.334066E+00  2.334066E+00
  9.755000E+02  2.332018E+00  2.332018E+00
  9.765000E+02  2.329973E+00  2.329973E+00
  9.775000E+02  2.327930E+00  2.327930E+00
  9.785000E+02  2.325890E+00  2.325890E+00
  9.795000E+02  2.323853E+00  2.323853E+00
  9.805000E+02  2.321817E+00  2.321817E+00
  9.815000E+02  2.319785E+00  2.319785E+00
  9.825000E+02  2.317755E+00  2.317755E+00
  9.835000E+02  2.315727E+00  2.315727E+00
  9.845000E+02  2.313702E+00  2.313702E+00
  9.855000E+02  2.311679E+00  2.311679E+00
  9.865000E+02  2.309659E+00  2.309659E+00
  9.875000E+02  2.307642E+00  2.307642E+00
  9.885000E+02  2.305627E+00  2.305627E+00
  9.895000E+02  2.303614E+00  2.303614E+00
  9.905000E+02  2.301604E+00  2.301604E+00
  9.915000E+02  2.299596E+00  2.299596E+00
  9.925000E+02  2.297591E+00  2.297591E+00
  9.935000E+02  2.295588E+00  2.295588E+00
  9.945000E+02  2.293587E+00  2.293587E+00
  9.955000E+02  2.291590E+00  2.291590E+00
  9.965000E+02  2.289594E+00  2.289594E+00
  9.975000E+02  2.287601E+00  2.287601E+00
  9.985000E+02  2.285610E+00  2.285610E+00
  9.995000E+02  2.283622E+00  2.283622E+00
  1.000500E+03  2.281637E+00  2.281637E+00
  1.001500E+03  2.279653E+00  2.279653E+00
  1.002500E+03  2.277673E+00  2.277673E+00
  1.003500E+03  2.275694E+00  2.275694E+00
  1.004500E+03  2.273718E+00  2.273718E+00
  1.005500E+03  2.271744E+00  2.271744E+00
  1.006500E+03  2.269773E+00  2.269773E+00
  1.007500E+03  2.267805E+00  2.267805E+00
  1.008500E+03  2.265838E+00  2.265838E+00
  1.009500E+03  2.263874E+00  2.263874E+00
  1.010500E+03  2.261913E+00  2.261913E+00
  1.011500E+03  2.259953E+00  2.259953E+00
  1.012500E+03  2.257997E+00  2.257997E+00
  1.013500E+03  2.256042E+00  2.256042E+00
  1.014500E+03  2.254090E+00  2.254090E+00
  1.015500E+03  2.252141E+00  2.252141E+00
  1.016500E+03  2.250193E+00  2.250193E+00
  1.017500E+03  2.248248E+00  2.248248E+00
  1.018500E+03  2.246306E+00  2.246306E+00
  1.019500E+03  2.244366E+00  2.244366E+00
  1.020500E+03  2.242428E+00  2.242428E+00
  1.021500E+03  2.240493E+00  2.240493E+00
  1.022500E+03  2.238559E+00  2.238559E+00
  1.023500E+03  2.236629E+00  2.236629E+00
  1.024500E+03  2.234700E+00  2.234700E+00
  1.025500E+03  2.232774E+00  2.232774E+00
  1.026500E+03  2.230851E+00  2.230851E+00
  1.027500E+03  2.228929E+00  2.228929E+00
  1.028500E+03  2.227010E+00  2.227010E+00
  1.029500E+03  2.225094E+00  2.225094E+00
  1.030500E+03  2.223179E+00  2.223179E+00
  1.031500E+03  2.221267E+00  2.221267E+00
  1.032500E+03  2.219357E+00  2.219357E+00
  1.033500E+03  2.217450E+00  2.217450E+00
  1.034500E+03  2.215545E+00  2.215545E+00
  1.035500E+03  2.213642E+00  2.213642E+00
  1.036500E+03  2.211742E+00  2.211742E+00
  1.037500E+03  2.209843E+00  2.209843E+00
  1.038500E+03  2.207948E+00  2.207948E+00
  1.039500E+03  2.206054E+00  2.206054E+00
  1.040500E+03  2.204163E+00  2.204163E+00
  1.041500E+03  2.202274E+00  2.202274E+00
  1.042500E+03  2.200387E+00  2.200387E+00
  1.043500E+03  2.198502E+00  2.198502E+00
  1.044500E+03  2.196620E+00  2.196620E+00
  1.045500E+03  2.194740E+00  2.194740E+00
  1.046500E+03  2.192863E+00  2.192863E+00
  1.047500E+03  2.190987E+00  2.190987E+00
  1.048500E+03  2.189114E+00  2.189114E+00
  1.049500E+03  2.187244E+00  2.187244E+00
  1.050500E+03  2.185375E+00  2.185375E+00
  1.051500E+03  2.183509E+00  2.183509E+00
  1.052500E+03  2.181645E+00  2.181645E+00
  1.053500E+03  2.179783E+00  2.179783E+00
  1.054500E+03  2.177923E+00  2.177923E+00
  1.055500E+03  2.176066E+00  2.176066E+00
  1.056500E+03  2.174211E+00  2.174211E+00
  1.057500E+03  2.172358E+00  2.172358E+00
  1.058500E+03  2.170507E+00  2.170507E+00
  1.059500E+03  2.168659E+00  2.168659E+00
  1.060500E+03  2.166813E+00  2.166813E+00
  1.061500E+03  2.164969E+00  2.164969E+00
  1.062500E+03  2.163127E+00  2.163127E+00
  1.063500E+03  2.161288E+00  2.161288E+00
  1.064500E+03  2.159450E+00  2.159450E+00
  1.065500E+03  2.157615E+00  2.157615E+00
  1.066500E+03  2.155782E+00  2.155782E+00
  1.067500E+03  2.153952E+00  2.153952E+00
  1.068500E+03  2.152123E+00  2.152123E+00
  1.069500E+03  2.150297E+00  2.150297E+00
  1.070500E+03  2.148473E+00  2.148473E+00
  1.071500E+03  2.146651E+00  2.146651E+00
  1.072500E+03  2.144831E+00  2.144831E+00
  1.073500E+03  2.143014E+00  2.143014E+00
  1.074500E+03  2.141198E+00  2.141198E+00
  1.075500E+03  2.139385E+00  2.139385E+00
  1.076500E+03  2.137574E+00  2.137574E+00
  1.077500E+03  2.135765E+00  2.135765E+00
  1.078500E+03  2.133958E+00  2.133958E+00
  1.079500E+03  2.132154E+00  2.132154E+00
  1.080500E+03  2.130352E+00  2.130352E+00
  1.081500E+03  2.128551E+00  2.128551E+00
  1.082500E+03  2.126753E+00  2.126753E+00
  1.083500E+03  2.124957E+00  2.124957E+00
  1.084500E+03  2.123164E+00  2.123164E+00
  1.085500E+03  2.121372E+00  2.121372E+00
  1.086500E+03  2.119583E+00  2.119583E+00
  1.087500E+03  2.117795E+00  2.117795E+00
  1.088500E+03  2.116010E+00  2.116010E+00
  1.089500E+03  2.114227E+00  2.114227E+00
  1.090500E+03  2.112446E+00  2.112446E+00
  1.091500E+03  2.110667E+00  2.110667E+00
  1.092500E+03  2.108891E+00  2.108891E+00
  1.093500E+03  2.107116E+00  2.107116E+00
  1.094500E+03  2.105343E+00  2.105343E+00
  1.095500E+03  2.103573E+00  2.103573E+00
  1.096500E+03  2.101805E+00  2.101805E+00
  1.097500E+03  2.100039E+00  2.100039E+00
  1.098500E+03  2.098275E+00  2.098275E+00
  1.099500E+03  2.096513E+00  2.096513E+00
  1.100500E+03  2.094753E+00  2.094753E+00
  1.101500E+03  2.092995E+00  2.092995E+00
  1.102500E+03  2.091240E+00  2.091240E+00
  1.103500E+03  2.089486E+00  2.089486E+00
  1.104500E+03  2.087735E+00  2.087735E+00
  1.105500E+03  2.085985E+00  2.085985E+00
  1.106500E+03  2.084238E+00  2.084238E+00
  1.107500E+03  2.082493E+00  2.082493E+00
  1.108500E+03  2.080750E+00  2.080750E+00
  1.109500E+03  2.079008E+00  2.079008E+00
  1.110500E+03  2.077269E+00  2.077269E+00
  1.111500E+03  2.075532E+00  2.075532E+00
  1.112500E+03  2.073798E+00  2.073798E+00
  1.113500E+03  2.072065E+00  2.072065E+00
  1.114500E+03  2.070334E+00  2.070334E+00
  1.115500E+03  2.068605E+00  2.068605E+00
  1.116500E+03  2.066879E+00  2.066879E+00
  1.117500E+03  2.065154E+00  2.065154E+00
  1.118500E+03  2.063431E+00  2.063431E+00
  1.119500E+03  2.061711E+00  2.061711E+00
  1.120500E+03  2.059992E+00  2.059992E+00
  1.121500E+03  2.058276E+00  2.058276E+00
  1.122500E+03  2.056561E+00  2.056561E+00
  1.123500E+03  2.054849E+00  2.054849E+00
  1.124500E+03  2.053138E+00  2.053138E+00
  1.125500E+03  2.051430E+00  2.051430E+00
  1.126500E+03  2.049724E+00  2.049724E+00
  1.127500E+03  2.048019E+00  2.048019E+00
  1.128500E+03  2.046317E+00  2.046317E+00
  1.129500E+03  2.044617E+00  2.044617E+00
  1.130500E+03  2.042918E+00  2.042918E+00
  1.131500E+03  2.041222E+00  2.041222E+00
  1.132500E+03  2.039528E+00  2.039528E+00
  1.133500E+03  2.037835E+00  2.037835E+00
  1.134500E+03  2.036145E+00  2.036145E+00
  1.135500E+03  2.034457E+00  2.034457E+00
  1.136500E+03  2.032770E+00  2.032770E+00
  1.137500E+03  2.031086E+00  2.031086E+00
  1.138500E+03  2.029404E+00  2.029404E+00
  1.139500E+03  2.027723E+00  2.027723E+00
  1.140500E+03  2.026045E+00  2.026045E+00
  1.141500E+03  2.024368E+00  2.024368E+00
  1.142500E+03  2.022694E+00  2.022694E+00
  1.143500E+03  2.021022E+00  2.021022E+00
  1.144500E+03  2.019351E+00  2.019351E+00
  1.145500E+03  2.017682E+00  2.017682E+00
  1.146500E+03  2.016016E+00  2.016016E+00
  1.147500E+03  2.014351E+00  2.014351E+00
  1.148500E+03  2.012689E+00  2.012689E+00
  1.149500E+03  2.011028E+00  2.011028E+00
  1.150500E+03  2.009369E+00  2.009369E+00
  1.151500E+03  2.007712E+00  2.007712E+00
  1.152500E+03  2.006057E+00  2.006057E+00
  1.153500E+03  2.004404E+00  2.004404E+00
  1.154500E+03  2.002753E+00  2.002753E+00
  1.155500E+03  2.001104E+00  2.001104E+00
  1.156500E+03  1.999457E+00  1.999457E+00
  1.157500E+03  1.997812E+00  1.997812E+00
  1.158500E+03  1.996169E+00  1.996169E+00
  1.159500E+03  1.994527E+00  1.994527E+00
  1.160500E+03  1.992888E+00  1.992888E+00
  1.161500E+03  1.991250E+00  1.991250E+00
  1.162500E+03  1.989615E+00  1.989615E+00
  1.163500E+03  1.987981E+00  1.987981E+00
  1.164500E+03  1.986349E+00  1.986349E+00
  1.165500E+03  1.984719E+00  1.984719E+00
  1.166500E+03  1.983091E+00  1.983091E+00
  1.167500E+03  1.981465E+00  1.981465E+00
  1.168500E+03  1.979841E+00  1.979841E+00
  1.169500E+03  1.978219E+00  1.978219E+00
  1.170500E+03  1.976598E+00  1.976598E+00
  1.171500E+03  1.974980E+00  1.974980E+00
  1.172500E+03  1.973363E+00  1.973363E+00
  1.173500E+03  1.971749E+00  1.971749E+00
  1.174500E+03  1.970136E+00  1.970136E+00
  1.175500E+03  1.968525E+00  1.968525E+00
  1.176500E+03  1.966916E+00  1.966916E+00
  1.177500E+03  1.965309E+00  1.965309E+00
  1.178500E+03  1.963703E+00  1.963703E+00
  1.179500E+03  1.962100E+00  1.962100E+00
  1.180500E+03  1.960498E+00  1.960498E+00
  1.181500E+03  1.958899E+00  1.958899E+00
  1.182500E+03  1.957301E+00  1.957301E+00
  1.183500E+03  1.955705E+00  1.955705E+00
  1.184500E+03  1.954111E+00  1.954111E+00
  1.185500E+03  1.952518E+00  1.952518E+00
  1.186500E+03  1.950928E+00  1.950928E+00
  1.187500E+03  1.949339E+00  1.949339E+00
  1.188500E+03  1.947753E+00  1.947753E+00
  1.189500E+03  1.946168E+00  1.946168E+00
  1.190500E+03  1.944585E+00  1.944585E+00
  1.191500E+03  1.943003E+00  1.943003E+00
  1.192500E+03  1.941424E+00  1.941424E+00
  1.193500E+03  1.939846E+00  1.939846E+00
  1.194500E+03  1.938271E+00  1.938271E+00
  1.195500E+03  1.936697E+00  1.936697E+00
  1.196500E+03  1.935125E+00  1.935125E+00
  1.197500E+03  1.933555E+00  1.933555E+00
  1.198500E+03  1.931986E+00  1.931986E+00
  1.199500E+03  1.930420E+00  1.930420E+00
  1.200500E+03  1.928855E+00  1.928855E+00
  1.201500E+03  1.927292E+00  1.927292E+00
  1.202500E+03  1.925731E+00  1.925731E+00
  1.203500E+03  1.924171E+00  1.924171E+00
  1.204500E+03  1.922614E+00  1.922614E+00
  1.205500E+03  1.921058E+00  1.921058E+00
  1.206500E+03  1.919504E+00  1.919504E+00
  1.207500E+03  1.917952E+00  1.917952E+00
  1.208500E+03  1.916401E+00  1.916401E+00
  1.209500E+03  1.914853E+00  1.914853E+00
  1.210500E+03  1.913306E+00  1.913306E+00
  1.211500E+03  1.911761E+00  1.911761E+00
  1.212500E+03  1.910218E+00  1.910218E+00
  1.213500E+03  1.908676E+00  1.908676E+00
  1.214500E+03  1.907137E+00  1.907137E+00
  1.215500E+03  1.905599E+00  1.905599E+00
  1.216500E+03  1.904063E+00  1.904063E+00
  1.217500E+03  1.902528E+00  1.902528E+00
  1.218500E+03  1.900996E+00  1.900996E+00
  1.219500E+03  1.899465E+00  1.899465E+00
  1.220500E+03  1.897936E+00  1.897936E+00
  1.221500E+03  1.896409E+00  1.896409E+00
  1.222500E+03  1.894883E+00  1.894883E+00
  1.223500E+03  1.893359E+00  1.893359E+00
  1.224500E+03  1.891837E+00  1.891837E+00
  1.225500E+03  1.890317E+00  1.890317E+00
  1.226500E+03  1.888799E+00  1.888799E+00
  1.227500E+03  1.887282E+00  1.887282E+00
  1.228500E+03  1.885767E+00  1.885767E+00
  1.229500E+03  1.884253E+00  1.884253E+00
  1.230500E+03  1.882742E+00  1.882742E+00
  1.231500E+03  1.881232E+00  1.881232E+00
  1.232500E+03  1.879724E+00  1.879724E+00
  1.233500E+03  1.878218E+00  1.878218E+00
  1.234500E+03  1.876713E+00  1.876713E+00
  1.235500E+03  1.875210E+00  1.875210E+00
  1.236500E+03  1.873709E+00  1.873709E+00
  1.237500E+03  1.872210E+00  1.872210E+00
  1.238500E+03  1.870712E+00  1.870712E+00
  1.239500E+03  1.869216E+00  1.869216E+00
  1.240500E+03  1.867722E+00  1.867722E+00
  1.241500E+03  1.866229E+00  1.866229E+00
  1.242500E+03  1.864738E+00  1.864738E+00
  1.243500E+03  1.863249E+00  1.863249E+00
  1.244500E+03  1.861761E+00  1.861761E+00
  1.245500E+03  1.860276E+00  1.860276E+00
  1.246500E+03  1.858792E+00  1.858792E+00
  1.247500E+03  1.857309E+00  1.857309E+00
  1.248500E+03  1.855829E+00  1.855829E+00
  1.249500E+03  1.854350E+00  1.854350E+00
  1.250500E+03  1.852872E+00  1.852872E+00
  1.251500E+03  1.851397E+00  1.851397E+00
  1.252500E+03  1.849923E+00  1.849923E+00
  1.253500E+03  1.848451E+00  1.848451E+00
  1.254500E+03  1.846980E+00  1.846980E+00
  1.255500E+03  1.845511E+00  1.845511E+00
  1.256500E+03  1.844044E+00  1.844044E+00
  1.257500E+03  1.842578E+00  1.842578E+00
  1.258500E+03  1.841115E+00  1.841115E+00
  1.259500E+03  1.839652E+00  1.839652E+00
  1.260500E+03  1.838192E+00  1.838192E+00
  1.261500E+03  1.836733E+00  1.836733E+00
  1.262500E+03  1.835276E+00  1.835276E+00
  1.263500E+03  1.833820E+00  1.833820E+00
  1.264500E+03  1.832366E+00  1.832366E+00
  1.265500E+03  1.830914E+00  1.830914E+00
  1.266500E+03  1.829464E+00  1.829464E+00
  1.267500E+03  1.828015E+00  1.828015E+00
  1.268500E+03  1.826568E+00  1.826568E+00
  1.269500E+03  1.825122E+00  1.825122E+00
  1.270500E+03  1.823678E+00  1.823678E+00
  1.271500E+03  1.822236E+00  1.822236E+00
  1.272500E+03  1.820795E+00  1.820795E+00
  1.273500E+03  1.819356E+00  1.819356E+00
  1.274500E+03  1.817918E+00  1.817918E+00
  1.275500E+03  1.816483E+00  1.816483E+00
  1.276500E+03  1.815048E+00  1.815048E+00
  1.277500E+03  1.813616E+00  1.813616E+00
  1.278500E+03  1.812185E+00  1.812185E+00
  1.279500E+03  1.810756E+00  1.810756E+00
  1.280500E+03  1.809328E+00  1.809328E+00
  1.281500E+03  1.807902E+00  1.807902E+00
  1.282500E+03  1.806478E+00  1.806478E+00
  1.283500E+03  1.805055E+00  1.805055E+00
  1.284500E+03  1.803633E+00  1.803633E+00
  1.285500E+03  1.802214E+00  1.802214E+00
  1.286500E+03  1.800796E+00  1.800796E+00
  1.287500E+03  1.799380E+00  1.799380E+00
  1.288500E+03  1.797965E+00  1.797965E+00
  1.289500E+03  1.796552E+00  1.796552E+00
  1.290500E+03  1.795140E+00  1.795140E+00
  1.291500E+03  1.793730E+00  1.793730E+00
  1.292500E+03  1.792322E+00  1.792322E+00
  1.293500E+03  1.790915E+00  1.790915E+00
  1.294500E+03  1.789510E+00  1.789510E+00
  1.295500E+03  1.788106E+00  1.788106E+00
  1.296500E+03  1.786704E+00  1.786704E+00
  1.297500E+03  1.785303E+00  1.785303E+00
  1.298500E+03  1.783905E+00  1.783905E+00
  1.299500E+03  1.782507E+00  1.782507E+00
  1.300500E+03  1.781111E+00  1.781111E+00
  1.301500E+03  1.779717E+00  1.779717E+00
  1.302500E+03  1.778325E+00  1.778325E+00
  1.303500E+03  1.776934E+00  1.776934E+00
  1.304500E+03  1.775544E+00  1.775544E+00
  1.305500E+03  1.774156E+00  1.774156E+00
  1.306500E+03  1.772770E+00  1.772770E+00
  1.307500E+03  1.771385E+00  1.771385E+00
  1.308500E+03  1.770002E+00  1.770002E+00
  1.309500E+03  1.768620E+00  1.768620E+00
  1.310500E+03  1.767240E+00  1.767240E+00
  1.311500E+03  1.765862E+00  1.765862E+00
  1.312500E+03  1.764485E+00  1.764485E+00
  1.313500E+03  1.763109E+00  1.763109E+00
  1.314500E+03  1.761735E+00  1.761735E+00
  1.315500E+03  1.760363E+00  1.760363E+00
  1.316500E+03  1.758992E+00  1.758992E+00
  1.317500E+03  1.757623E+00  1.757623E+00
  1.318500E+03  1.756255E+00  1.756255E+00
  1.319500E+03  1.754889E+00  1.754889E+00
  1.320500E+03  1.753524E+00  1.753524E+00
  1.321500E+03  1.752161E+00  1.752161E+00
  1.322500E+03  1.750800E+00  1.750800E+00
  1.323500E+03  1.749440E+00  1.749440E+00
  1.324500E+03  1.748081E+00  1.748081E+00
  1.325500E+03  1.746724E+00  1.746724E+00
  1.326500E+03  1.745368E+00  1.745368E+00
  1.327500E+03  1.744015E+00  1.744015E+00
  1.328500E+03  1.742662E+00  1.742662E+00
  1.329500E+03  1.741311E+00  1.741311E+00
  1.330500E+03  1.739962E+00  1.739962E+00
  1.331500E+03  1.738614E+00  1.738614E+00
  1.332500E+03  1.737267E+00  1.737267E+00
  1.333500E+03  1.735922E+00  1.735922E+00
  1.334500E+03  1.734579E+00  1.734579E+00
  1.335500E+03  1.733237E+00  1.733237E+00
  1.336500E+03  1.731896E+00  1.731896E+00
  1.337500E+03  1.730558E+00  1.730558E+00
  1.338500E+03  1.729220E+00  1.729220E+00
  1.339500E+03  1.727884E+00  1.727884E+00
  1.340500E+03  1.726550E+00  1.726550E+00
  1.341500E+03  1.725217E+00  1.725217E+00
  1.342500E+03  1.723885E+00  1.723885E+00
  1.343500E+03  1.722555E+00  1.722555E+00
  1.344500E+03  1.721227E+00  1.721227E+00
  1.345500E+03  1.719900E+00  1.719900E+00
  1.346500E+03  1.718574E+00  1.718574E+00
  1.347500E+03  1.717250E+00  1.717250E+00
  1.348500E+03  1.715928E+00  1.715928E+00
  1.349500E+03  1.714606E+00  1.714606E+00
  1.350500E+03  1.713287E+00  1.713287E+00
  1.351500E+03  1.711969E+00  1.711969E+00
  1.352500E+03  1.710652E+00  1.710652E+00
  1.353500E+03  1.709337E+00  1.709337E+00
  1.354500E+03  1.708023E+00  1.708023E+00
  1.355500E+03  1.706710E+00  1.706710E+00
  1.356500E+03  1.705400E+00  1.705400E+00
  1.357500E+03  1.704090E+00  1.704090E+00
  1.358500E+03  1.702782E+00  1.702782E+00
  1.359500E+03  1.701476E+00  1.701476E+00
  1.360500E+03  1.700171E+00  1.700171E+00
  1.361500E+03  1.698867E+00  1.698867E+00
  1.362500E+03  1.697565E+00  1.697565E+00
  1.363500E+03  1.696264E+00  1.696264E+00
  1.364500E+03  1.694965E+00  1.694965E+00
  1.365500E+03  1.693667E+00  1.693667E+00
  1.366500E+03  1.692371E+00  1.692371E+00
  1.367500E+03  1.691076E+00  1.691076E+00
  1.368500E+03  1.689782E+00  1.689782E+00
  1.369500E+03  1.688490E+00  1.688490E+00
  1.370500E+03  1.687199E+00  1.687199E+00
  1.371500E+03  1.685910E+00  1.685910E+00
  1.372500E+03  1.684622E+00  1.684622E+00
  1.373500E+03  1.683336E+00  1.683336E+00
  1.374500E+03  1.682051E+00  1.682051E+00
  1.375500E+03  1.680767E+00  1.680767E+00
  1.376500E+03  1.679485E+00  1.679485E+00
  1.377500E+03  1.678205E+00  1.678205E+00
  1.378500E+03  1.676925E+00  1.676925E+00
  1.379500E+03  1.675648E+00  1.675648E+00
  1.380500E+03  1.674371E+00  1.674371E+00
  1.381500E+03  1.673096E+00  1.673096E+00
  1.382500E+03  1.671822E+00  1.671822E+00
  1.383500E+03  1.670550E+00  1.670550E+00
  1.384500E+03  1.669279E+00  1.669279E+00
  1.385500E+03  1.668010E+00  1.668010E+00
  1.386500E+03  1.666742E+00  1.666742E+00
  1.387500E+03  1.665475E+00  1.665475E+00
  1.388500E+03  1.664210E+00  1.664210E+00
  1.389500E+03  1.662946E+00  1.662946E+00
  1.390500E+03  1.661684E+00  1.661684E+00
  1.391500E+03  1.660423E+00  1.660423E+00
  1.392500E+03  1.659163E+00  1.659163E+00
  1.393500E+03  1.657905E+00  1.657905E+00
  1.394500E+03  1.656648E+00  1.656648E+00
  1.395500E+03  1.655392E+00  1.655392E+00
  1.396500E+03  1.654138E+00  1.654138E+00
  1.397500E+03  1.652885E+00  1.652885E+00
  1.398500E+03  1.651634E+00  1.651634E+00
  1.399500E+03  1.650384E+00  1.650384E+00
  1.400500E+03  1.649135E+00  1.649135E+00
  1.401500E+03  1.647888E+00  1.647888E+00
  1.402500E+03  1.646642E+00  1.646642E+00
  1.403500E+03  1.645398E+00  1.645398E+00
  1.404500E+03  1.644155E+00  1.644155E+00
  1.405500E+03  1.642913E+00  1.642913E+00
  1.406500E+03  1.641672E+00  1.641672E+00
  1.407500E+03  1.640433E+00  1.640433E+00
  1.408500E+03  1.639196E+00  1.639196E+00
  1.409500E+03  1.637959E+00  1.637959E+00
  1.410500E+03  1.636724E+00  1.636724E+00
  1.411500E+03  1.635491E+00  1.635491E+00
  1.412500E+03  1.634258E+00  1.634258E+00
  1.413500E+03  1.633027E+00  1.633027E+00
  1.414500E+03  1.631798E+00  1.631798E+00
  1.415500E+03  1.630570E+00  1.630570E+00
  1.416500E+03  1.629343E+00  1.629343E+00
  1.417500E+03  1.628117E+00  1.628117E+00
  1.418500E+03  1.626893E+00  1.626893E+00
  1.419500E+03  1.625670E+00  1.625670E+00
  1.420500E+03  1.624449E+00  1.624449E+00
  1.421500E+03  1.623228E+00  1.623228E+00
  1.422500E+03  1.622009E+00  1.622009E+00
  1.423500E+03  1.620792E+00  1.620792E+00
  1.424500E+03  1.619576E+00  1.619576E+00
  1.425500E+03  1.618361E+00  1.618361E+00
  1.426500E+03  1.617147E+00  1.617147E+00
  1.427500E+03  1.615935E+00  1.615935E+00
  1.428500E+03  1.614724E+00  1.614724E+00
  1.429500E+03  1.613515E+00  1.613515E+00
  1.430500E+03  1.612306E+00  1.612306E+00
  1.431500E+03  1.611099E+00  1.611099E+00
  1.432500E+03  1.609894E+00  1.609894E+00
  1.433500E+03  1.608689E+00  1.608689E+00
  1.434500E+03  1.607486E+00  1.607486E+00
  1.435500E+03  1.606285E+00  1.606285E+00
  1.436500E+03  1.605084E+00  1.605084E+00
  1.437500E+03  1.603885E+00  1.603885E+00
  1.438500E+03  1.602687E+00  1.602687E+00
  1.439500E+03  1.601491E+00  1.601491E+00
  1.440500E+03  1.600296E+00  1.600296E+00
  1.441500E+03  1.599102E+00  1.599102E+00
  1.442500E+03  1.597909E+00  1.597909E+00
  1.443500E+03  1.596718E+00  1.596718E+00
  1.444500E+03  1.595528E+00  1.595528E+00
  1.445500E+03  1.594339E+00  1.594339E+00
  1.446500E+03  1.593152E+00  1.593152E+00
  1.447500E+03  1.591966E+00  1.591966E+00
  1.448500E+03  1.590781E+00  1.590781E+00
  1.449500E+03  1.589598E+00  1.589598E+00
  1.450500E+03  1.588415E+00  1.588415E+00
  1.451500E+03  1.587234E+00  1.587234E+00
  1.452500E+03  1.586055E+00  1.586055E+00
  1.453500E+03  1.584876E+00  1.584876E+00
  1.454500E+03  1.583699E+00  1.583699E+00
  1.455500E+03  1.582523E+00  1.582523E+00
  1.456500E+03  1.581349E+00  1.581349E+00
  1.457500E+03  1.580175E+00  1.580175E+00
  1.458500E+03  1.579003E+00  1.579003E+00
  1.459500E+03  1.577833E+00  1.577833E+00
  1.460500E+03  1.576663E+00  1.576663E+00
  1.461500E+03  1.575495E+00  1.575495E+00
  1.462500E+03  1.574328E+00  1.574328E+00
  1.463500E+03  1.573162E+00  1.573162E+00
  1.464500E+03  1.571998E+00  1.571998E+00
  1.465500E+03  1.570834E+00  1.570834E+00
  1.466500E+03  1.569673E+00  1.569673E+00
  1.467500E+03  1.568512E+00  1.568512E+00
  1.468500E+03  1.567352E+00  1.567352E+00
  1.469500E+03  1.566194E+00  1.566194E+00
  1.470500E+03  1.565037E+00  1.565037E+00
  1.471500E+03  1.563882E+00  1.563882E+00
  1.472500E+03  1.562727E+00  1.562727E+00
  1.473500E+03  1.561574E+00  1.561574E+00
  1.474500E+03  1.560422E+00  1.560422E+00
  1.475500E+03  1.559271E+00  1.559271E+00
  1.476500E+03  1.558122E+00  1.558122E+00
  1.477500E+03  1.556974E+00  1.556974E+00
  1.478500E+03  1.555827E+00  1.555827E+00
  1.479500E+03  1.554681E+00  1.554681E+00
  1.480500E+03  1.553536E+00  1.553536E+00
  1.481500E+03  1.552393E+00  1.552393E+00
  1.482500E+03  1.551251E+00  1.551251E+00
  1.483500E+03  1.550110E+00  1.550110E+00
  1.484500E+03  1.548971E+00  1.548971E+00
  1.485500E+03  1.547832E+00  1.547832E+00
  1.486500E+03  1.546695E+00  1.546695E+00
  1.487500E+03  1.545559E+00  1.545559E+00
  1.488500E+03  1.544425E+00  1.544425E+00
  1.489500E+03  1.543291E+00  1.543291E+00
  1.490500E+03  1.542159E+00  1.542159E+00
  1.491500E+03  1.541028E+00  1.541028E+00
  1.492500E+03  1.539898E+00  1.539898E+00
  1.493500E+03  1.538769E+00  1.538769E+00
  1.494500E+03  1.537642E+00  1.537642E+00
  1.495500E+03  1.536516E+00  1.536516E+00
  1.496500E+03  1.535391E+00  1.535391E+00
  1.497500E+03  1.534267E+00  1.534267E+00
  1.498500E+03  1.533144E+00  1.533144E+00
  1.499500E+03  1.532023E+00  1.532023E+00
  1.500500E+03  1.530903E+00  1.530903E+00
  1.501500E+03  1.529784E+00  1.529784E+00
  1.502500E+03  1.528666E+00  1.528666E+00
  1.503500E+03  1.527550E+00  1.527550E+00
  1.504500E+03  1.526434E+00  1.526434E+00
  1.505500E+03  1.525320E+00  1.525320E+00
  1.506500E+03  1.524207E+00  1.524207E+00
  1.507500E+03  1.523095E+00  1.523095E+00
  1.508500E+03  1.521985E+00  1.521985E+00
  1.509500E+03  1.520875E+00  1.520875E+00
  1.510500E+03  1.519767E+00  1.519767E+00
  1.511500E+03  1.518660E+00  1.518660E+00
  1.512500E+03  1.517554E+00  1.517554E+00
  1.513500E+03  1.516449E+00  1.516449E+00
  1.514500E+03  1.515346E+00  1.515346E+00
  1.515500E+03  1.514243E+00  1.514243E+00
  1.516500E+03  1.513142E+00  1.513142E+00
  1.517500E+03  1.512042E+00  1.512042E+00
  1.518500E+03  1.510944E+00  1.510944E+00
  1.519500E+03  1.509846E+00  1.509846E+00
  1.520500E+03  1.508749E+00  1.508749E+00
  1.521500E+03  1.507654E+00  1.507654E+00
  1.522500E+03  1.506560E+00  1.506560E+00
  1.523500E+03  1.505467E+00  1.505467E+00
  1.524500E+03  1.504375E+00  1.504375E+00
  1.525500E+03  1.503285E+00  1.503285E+00
  1.526500E+03  1.502195E+00  1.502195E+00
  1.527500E+03  1.501107E+00  1.501107E+00
  1.528500E+03  1.500020E+00  1.500020E+00
  1.529500E+03  1.498934E+00  1.498934E+00
  1.530500E+03  1.497849E+00  1.497849E+00
  1.531500E+03  1.496765E+00  1.496765E+00
  1.532500E+03  1.495683E+00  1.495683E+00
  1.533500E+03  1.494601E+00  1.494601E+00
  1.534500E+03  1.493521E+00  1.493521E+00
  1.535500E+03  1.492442E+00  1.492442E+00
  1.536500E+03  1.491364E+00  1.491364E+00
  1.537500E+03  1.490287E+00  1.490287E+00
  1.538500E+03  1.489211E+00  1.489211E+00
  1.539500E+03  1.488137E+00  1.488137E+00
  1.540500E+03  1.487063E+00  1.487063E+00
  1.541500E+03  1.485991E+00  1.485991E+00
  1.542500E+03  1.484920E+00  1.484920E+00
  1.543500E+03  1.483850E+00  1.483850E+00
  1.544500E+03  1.482781E+00  1.482781E+00
  1.545500E+03  1.481714E+00  1.481714E+00
  1.546500E+03  1.480647E+00  1.480647E+00
  1.547500E+03  1.479582E+00  1.479582E+00
  1.548500E+03  1.478516E+00  1.478516E+00
  1.549500E+03  1.477456E+00  1.477456E+00
  1.550500E+03  1.476389E+00  1.476389E+00
  1.551500E+03  1.475337E+00  1.475337E+00
  1.552500E+03  1.474259E+00  1.474259E+00
  1.553500E+03  1.473235E+00  1.473235E+00
  1.554500E+03  1.472112E+00  1.472112E+00
  1.555500E+03  1.471180E+00  1.471180E+00
  1.556500E+03  1.469888E+00  1.469888E+00
  1.557500E+03  1.469282E+00  1.469282E+00
  1.558500E+03  1.468677E+00  1.468677E+00
  1.559500E+03  1.468071E+00  1.468071E+00
  1.560500E+03  1.467464E+00  1.467464E+00
  1.561500E+03  1.466858E+00  1.466858E+00
  1.562500E+03  1.466251E+00  1.466251E+00
  1.563500E+03  1.465643E+00  1.465643E+00
  1.564500E+03  1.465035E+00  1.465035E+00
  1.565500E+03  1.464427E+00  1.464427E+00
  1.566500E+03  1.463819E+00  1.463819E+00
  1.567500E+03  1.463210E+00  1.463210E+00
  1.568500E+03  1.462600E+00  1.462600E+00
  1.569500E+03  1.461990E+00  1.461990E+00
  1.570500E+03  1.461380E+00  1.461380E+00
  1.571500E+03  1.460770E+00  1.460770E+00
  1.572500E+03  1.460159E+00  1.460159E+00
  1.573500E+03  1.459548E+00  1.459548E+00
  1.574500E+03  1.458936E+00  1.458936E+00
  1.575500E+03  1.458324E+00  1.458324E+00
  1.576500E+03  1.457712E+00  1.457712E+00
  1.577500E+03  1.457099E+00  1.457099E+00
  1.578500E+03  1.456485E+00  1.456485E+00
  1.579500E+03  1.455872E+00  1.455872E+00
  1.580500E+03  1.455258E+00  1.455258E+00
  1.581500E+03  1.454644E+00  1.454644E+00
  1.582500E+03  1.454029E+00  1.454029E+00
  1.583500E+03  1.453414E+00  1.453414E+00
  1.584500E+03  1.452798E+00  1.452798E+00
  1.585500E+03  1.452182E+00  1.452182E+00
  1.586500E+03  1.451566E+00  1.451566E+00
  1.587500E+03  1.450949E+00  1.450949E+00
  1.588500E+03  1.450332E+00  1.450332E+00
  1.589500E+03  1.449714E+00  1.449714E+00
  1.590500E+03  1.449096E+00  1.449096E+00
  1.591500E+03  1.448478E+00  1.448478E+00
  1.592500E+03  1.447859E+00  1.447859E+00
  1.593500E+03  1.447240E+00  1.447240E+00
  1.594500E+03  1.446621E+00  1.446621E+00
  1.595500E+03  1.446001E+00  1.446001E+00
  1.596500E+03  1.445380E+00  1.445380E+00
  1.597500E+03  1.444760E+00  1.444760E+00
  1.598500E+03  1.444139E+00  1.444139E+00
  1.599500E+03  1.443517E+00  1.443517E+00
  1.600500E+03  1.442895E+00  1.442895E+00
  1.601500E+03  1.442273E+00  1.442273E+00
  1.602500E+03  1.441650E+00  1.441650E+00
  1.603500E+03  1.441027E+00  1.441027E+00
  1.604500E+03  1.440403E+00  1.440403E+00
  1.605500E+03  1.439779E+00  1.439779E+00
  1.606500E+03  1.439155E+00  1.439155E+00
  1.607500E+03  1.438530E+00  1.438530E+00
  1.608500E+03  1.437905E+00  1.437905E+00
  1.609500E+03  1.437280E+00  1.437280E+00
  1.610500E+03  1.436654E+00  1.436654E+00
  1.611500E+03  1.436027E+00  1.436027E+00
  1.612500E+03  1.435400E+00  1.435400E+00
  1.613500E+03  1.434773E+00  1.434773E+00
  1.614500E+03  1.434145E+00  1.434145E+00
  1.615500E+03  1.433517E+00  1.433517E+00
  1.616500E+03  1.432889E+00  1.432889E+00
  1.617500E+03  1.432260E+00  1.432260E+00
  1.618500E+03  1.431631E+00  1.431631E+00
  1.619500E+03  1.431001E+00  1.431001E+00
  1.620500E+03  1.430371E+00  1.430371E+00
  1.621500E+03  1.429740E+00  1.429740E+00
  1.622500E+03  1.429109E+00  1.429109E+00
  1.623500E+03  1.428478E+00  1.428478E+00
  1.624500E+03  1.427846E+00  1.427846E+00
  1.625500E+03  1.427214E+00  1.427214E+00
  1.626500E+03  1.426581E+00  1.426581E+00
  1.627500E+03  1.425948E+00  1.425948E+00
  1.628500E+03  1.425315E+00  1.425315E+00
  1.629500E+03  1.424681E+00  1.424681E+00
  1.630500E+03  1.424046E+00  1.424046E+00
  1.631500E+03  1.423412E+00  1.423412E+00
  1.632500E+03  1.422776E+00  1.422776E+00
  1.633500E+03  1.422141E+00  1.422141E+00
  1.634500E+03  1.421505E+00  1.421505E+00
  1.635500E+03  1.420868E+00  1.420868E+00
  1.636500E+03  1.420231E+00  1.420231E+00
  1.637500E+03  1.419594E+00  1.419594E+00
  1.638500E+03  1.418956E+00  1.418956E+00
  1.639500E+03  1.418318E+00  1.418318E+00
  1.640500E+03  1.417679E+00  1.417679E+00
  1.641500E+03  1.417040E+00  1.417040E+00
  1.642500E+03  1.416401E+00  1.416401E+00
  1.643500E+03  1.415761E+00  1.415761E+00
  1.644500E+03  1.415120E+00  1.415120E+00
  1.645500E+03  1.414480E+00  1.414480E+00
  1.646500E+03  1.413838E+00  1.413838E+00
  1.647500E+03  1.413197E+00  1.413197E+00
  1.648500E+03  1.412554E+00  1.412554E+00
  1.649500E+03  1.411912E+00  1.411912E+00
  1.650500E+03  1.411269E+00  1.411269E+00
  1.651500E+03  1.410625E+00  1.410625E+00
  1.652500E+03  1.409981E+00  1.409981E+00
  1.653500E+03  1.409337E+00  1.409337E+00
  1.654500E+03  1.408692E+00  1.408692E+00
  1.655500E+03  1.408047E+00  1.408047E+00
  1.656500E+03  1.407401E+00  1.407401E+00
  1.657500E+03  1.406755E+00  1.406755E+00
  1.658500E+03  1.406109E+00  1.406109E+00
  1.659500E+03  1.405462E+00  1.405462E+00
  1.660500E+03  1.404814E+00  1.404814E+00
  1.661500E+03  1.404166E+00  1.404166E+00
  1.662500E+03  1.403518E+00  1.403518E+00
  1.663500E+03  1.402869E+00  1.402869E+00
  1.664500E+03  1.402220E+00  1.402220E+00
  1.665500E+03  1.401570E+00  1.401570E+00
  1.666500E+03  1.400920E+00  1.400920E+00
  1.667500E+03  1.400269E+00  1.400269E+00
  1.668500E+03  1.399618E+00  1.399618E+00
  1.669500E+03  1.398967E+00  1.398967E+00
  1.670500E+03  1.398315E+00  1.398315E+00
  1.671500E+03  1.397662E+00  1.397662E+00
  1.672500E+03  1.397009E+00  1.397009E+00
  1.673500E+03  1.396356E+00  1.396356E+00
  1.674500E+03  1.395702E+00  1.395702E+00
  1.675500E+03  1.395048E+00  1.395048E+00
  1.676500E+03  1.394393E+00  1.394393E+00
  1.677500E+03  1.393738E+00  1.393738E+00
  1.678500E+03  1.393082E+00  1.393082E+00
  1.679500E+03  1.392426E+00  1.392426E+00
  1.680500E+03  1.391769E+00  1.391769E+00
  1.681500E+03  1.391112E+00  1.391112E+00
  1.682500E+03  1.390455E+00  1.390455E+00
  1.683500E+03  1.389797E+00  1.389797E+00
  1.684500E+03  1.389138E+00  1.389138E+00
  1.685500E+03  1.388479E+00  1.388479E+00
  1.686500E+03  1.387820E+00  1.387820E+00
  1.687500E+03  1.387160E+00  1.387160E+00
  1.688500E+03  1.386499E+00  1.386499E+00
  1.689500E+03  1.385839E+00  1.385839E+00
  1.690500E+03  1.385177E+00  1.385177E+00
  1.691500E+03  1.384515E+00  1.384515E+00
  1.692500E+03  1.383853E+00  1.383853E+00
  1.693500E+03  1.383190E+00  1.383190E+00
  1.694500E+03  1.382527E+00  1.382527E+00
  1.695500E+03  1.381863E+00  1.381863E+00
  1.696500E+03  1.381199E+00  1.381199E+00
  1.697500E+03  1.380535E+00  1.380535E+00
  1.698500E+03  1.379869E+00  1.379869E+00
  1.699500E+03  1.379204E+00  1.379204E+00
  1.700500E+03  1.378538E+00  1.378538E+00
  1.701500E+03  1.377871E+00  1.377871E+00
  1.702500E+03  1.377204E+00  1.377204E+00
  1.703500E+03  1.376536E+00  1.376536E+00
  1.704500E+03  1.375868E+00  1.375868E+00
  1.705500E+03  1.375200E+00  1.375200E+00
  1.706500E+03  1.374531E+00  1.374531E+00
  1.707500E+03  1.373861E+00  1.373861E+00
  1.708500E+03  1.373191E+00  1.373191E+00
  1.709500E+03  1.372521E+00  1.372521E+00
  1.710500E+03  1.371850E+00  1.371850E+00
  1.711500E+03  1.371178E+00  1.371178E+00
  1.712500E+03  1.370506E+00  1.370506E+00
  1.713500E+03  1.369833E+00  1.369833E+00
  1.714500E+03  1.369160E+00  1.369160E+00
  1.715500E+03  1.368487E+00  1.368487E+00
  1.716500E+03  1.367813E+00  1.367813E+00
  1.717500E+03  1.367138E+00  1.367138E+00
  1.718500E+03  1.366463E+00  1.366463E+00
  1.719500E+03  1.365788E+00  1.365788E+00
  1.720500E+03  1.365112E+00  1.365112E+00
  1.721500E+03  1.364435E+00  1.364435E+00
  1.722500E+03  1.363758E+00  1.363758E+00
  1.723500E+03  1.363081E+00  1.363081E+00
  1.724500E+03  1.362403E+00  1.362403E+00
  1.725500E+03  1.361724E+00  1.361724E+00
  1.726500E+03  1.361045E+00  1.361045E+00
  1.727500E+03  1.360366E+00  1.360366E+00
  1.728500E+03  1.359686E+00  1.359686E+00
  1.729500E+03  1.359005E+00  1.359005E+00
  1.730500E+03  1.358324E+00  1.358324E+00
  1.731500E+03  1.357642E+00  1.357642E+00
  1.732500E+03  1.356960E+00  1.356960E+00
  1.733500E+03  1.356278E+00  1.356278E+00
  1.734500E+03  1.355594E+00  1.355594E+00
  1.735500E+03  1.354911E+00  1.354911E+00
  1.736500E+03  1.354226E+00  1.354226E+00
  1.737500E+03  1.353542E+00  1.353542E+00
  1.738500E+03  1.352856E+00  1.352856E+00
  1.739500E+03  1.352171E+00  1.352171E+00
  1.740500E+03  1.351484E+00  1.351484E+00
  1.741500E+03  1.350798E+00  1.350798E+00
  1.742500E+03  1.350110E+00  1.350110E+00
  1.743500E+03  1.349422E+00  1.349422E+00
  1.744500E+03  1.348734E+00  1.348734E+00
  1.745500E+03  1.348045E+00  1.348045E+00
  1.746500E+03  1.347356E+00  1.347356E+00
  1.747500E+03  1.346666E+00  1.346666E+00
  1.748500E+03  1.345975E+00  1.345975E+00
  1.749500E+03  1.345284E+00  1.345284E+00
  1.750500E+03  1.344592E+00  1.344592E+00
  1.751500E+03  1.343900E+00  1.343900E+00
  1.752500E+03  1.343208E+00  1.343208E+00
  1.753500E+03  1.342514E+00  1.342514E+00
  1.754500E+03  1.341821E+00  1.341821E+00
  1.755500E+03  1.341126E+00  1.341126E+00
  1.756500E+03  1.340432E+00  1.340432E+00
  1.757500E+03  1.339736E+00  1.339736E+00
  1.758500E+03  1.339040E+00  1.339040E+00
  1.759500E+03  1.338344E+00  1.338344E+00
  1.760500E+03  1.337647E+00  1.337647E+00
  1.761500E+03  1.336949E+00  1.336949E+00
  1.762500E+03  1.336251E+00  1.336251E+00
  1.763500E+03  1.335552E+00  1.335552E+00
  1.764500E+03  1.334853E+00  1.334853E+00
  1.765500E+03  1.334154E+00  1.334154E+00
  1.766500E+03  1.333453E+00  1.333453E+00
  1.767500E+03  1.332752E+00  1.332752E+00
  1.768500E+03  1.332051E+00  1.332051E+00
  1.769500E+03  1.331349E+00  1.331349E+00
  1.770500E+03  1.330646E+00  1.330646E+00
  1.771500E+03  1.329943E+00  1.329943E+00
  1.772500E+03  1.329240E+00  1.329240E+00
  1.773500E+03  1.328536E+00  1.328536E+00
  1.774500E+03  1.327831E+00  1.327831E+00
  1.775500E+03  1.327125E+00  1.327125E+00
  1.776500E+03  1.326419E+00  1.326419E+00
  1.777500E+03  1.325713E+00  1.325713E+00
  1.778500E+03  1.325006E+00  1.325006E+00
  1.779500E+03  1.324298E+00  1.324298E+00
  1.780500E+03  1.323590E+00  1.323590E+00
  1.781500E+03  1.322881E+00  1.322881E+00
  1.782500E+03  1.322172E+00  1.322172E+00
  1.783500E+03  1.321462E+00  1.321462E+00
  1.784500E+03  1.320752E+00  1.320752E+00
  1.785500E+03  1.320041E+00  1.320041E+00
  1.786500E+03  1.319329E+00  1.319329E+00
  1.787500E+03  1.318617E+00  1.318617E+00
  1.788500E+03  1.317904E+00  1.317904E+00
  1.789500E+03  1.317191E+00  1.317191E+00
  1.790500E+03  1.316477E+00  1.316477E+00
  1.791500E+03  1.315762E+00  1.315762E+00
  1.792500E+03  1.315047E+00  1.315047E+00
  1.793500E+03  1.314332E+00  1.314332E+00
  1.794500E+03  1.313615E+00  1.313615E+00
  1.795500E+03  1.312898E+00  1.312898E+00
  1.796500E+03  1.312181E+00  1.312181E+00
  1.797500E+03  1.311463E+00  1.311463E+00
  1.798500E+03  1.310744E+00  1.310744E+00
  1.799500E+03  1.310025E+00  1.310025E+00
  1.800500E+03  1.309305E+00  1.309305E+00
  1.801500E+03  1.308585E+00  1.308585E+00
  1.802500E+03  1.307864E+00  1.307864E+00
  1.803500E+03  1.307142E+00  1.307142E+00
  1.804500E+03  1.306420E+00  1.306420E+00
  1.805500E+03  1.305697E+00  1.305697E+00
  1.806500E+03  1.304974E+00  1.304974E+00
  1.807500E+03  1.304250E+00  1.304250E+00
  1.808500E+03  1.303525E+00  1.303525E+00
  1.809500E+03  1.302800E+00  1.302800E+00
  1.810500E+03  1.302074E+00  1.302074E+00
  1.811500E+03  1.301347E+00  1.301347E+00
  1.812500E+03  1.300620E+00  1.300620E+00
  1.813500E+03  1.299893E+00  1.299893E+00
  1.814500E+03  1.299164E+00  1.299164E+00
  1.815500E+03  1.298435E+00  1.298435E+00
  1.816500E+03  1.297706E+00  1.297706E+00
  1.817500E+03  1.296976E+00  1.296976E+00
  1.818500E+03  1.296245E+00  1.296245E+00
  1.819500E+03  1.295513E+00  1.295513E+00
  1.820500E+03  1.294781E+00  1.294781E+00
  1.821500E+03  1.294049E+00  1.294049E+00
  1.822500E+03  1.293316E+00  1.293316E+00
  1.823500E+03  1.292582E+00  1.292582E+00
  1.824500E+03  1.291847E+00  1.291847E+00
  1.825500E+03  1.291112E+00  1.291112E+00
  1.826500E+03  1.290376E+00  1.290376E+00
  1.827500E+03  1.289640E+00  1.289640E+00
  1.828500E+03  1.288903E+00  1.288903E+00
  1.829500E+03  1.288165E+00  1.288165E+00
  1.830500E+03  1.287427E+00  1.287427E+00
  1.831500E+03  1.286688E+00  1.286688E+00
  1.832500E+03  1.285948E+00  1.285948E+00
  1.833500E+03  1.285208E+00  1.285208E+00
  1.834500E+03  1.284467E+00  1.284467E+00
  1.835500E+03  1.283726E+00  1.283726E+00
  1.836500E+03  1.282983E+00  1.282983E+00
  1.837500E+03  1.282241E+00  1.282241E+00
  1.838500E+03  1.281497E+00  1.281497E+00
  1.839500E+03  1.280753E+00  1.280753E+00
  1.840500E+03  1.280008E+00  1.280008E+00
  1.841500E+03  1.279263E+00  1.279263E+00
  1.842500E+03  1.278517E+00  1.278517E+00
  1.843500E+03  1.277770E+00  1.277770E+00
  1.844500E+03  1.277023E+00  1.277023E+00
  1.845500E+03  1.276275E+00  1.276275E+00
  1.846500E+03  1.275526E+00  1.275526E+00
  1.847500E+03  1.274777E+00  1.274777E+00
  1.848500E+03  1.274026E+00  1.274026E+00
  1.849500E+03  1.273276E+00  1.273276E+00
  1.850500E+03  1.272524E+00  1.272524E+00
  1.851500E+03  1.271772E+00  1.271772E+00
  1.852500E+03  1.271020E+00  1.271020E+00
  1.853500E+03  1.270266E+00  1.270266E+00
  1.854500E+03  1.269512E+00  1.269512E+00
  1.855500E+03  1.268758E+00  1.268758E+00
  1.856500E+03  1.268002E+00  1.268002E+00
  1.857500E+03  1.267246E+00  1.267246E+00
  1.858500E+03  1.266489E+00  1.266489E+00
  1.859500E+03  1.265732E+00  1.265732E+00
  1.860500E+03  1.264974E+00  1.264974E+00
  1.861500E+03  1.264215E+00  1.264215E+00
  1.862500E+03  1.263455E+00  1.263455E+00
  1.863500E+03  1.262695E+00  1.262695E+00
  1.864500E+03  1.261934E+00  1.261934E+00
  1.865500E+03  1.261173E+00  1.261173E+00
  1.866500E+03  1.260411E+00  1.260411E+00
  1.867500E+03  1.259648E+00  1.259648E+00
  1.868500E+03  1.258884E+00  1.258884E+00
  1.869500E+03  1.258120E+00  1.258120E+00
  1.870500E+03  1.257355E+00  1.257355E+00
  1.871500E+03  1.256589E+00  1.256589E+00
  1.872500E+03  1.255822E+00  1.255822E+00
  1.873500E+03  1.255055E+00  1.255055E+00
  1.874500E+03  1.254287E+00  1.254287E+00
  1.875500E+03  1.253519E+00  1.253519E+00
  1.876500E+03  1.252749E+00  1.252749E+00
  1.877500E+03  1.251979E+00  1.251979E+00
  1.878500E+03  1.251209E+00  1.251209E+00
  1.879500E+03  1.250437E+00  1.250437E+00
  1.880500E+03  1.249665E+00  1.249665E+00
  1.881500E+03  1.248892E+00  1.248892E+00
  1.882500E+03  1.248119E+00  1.248119E+00
  1.883500E+03  1.247344E+00  1.247344E+00
  1.884500E+03  1.246569E+00  1.246569E+00
  1.885500E+03  1.245794E+00  1.245794E+00
  1.886500E+03  1.245017E+00  1.245017E+00
  1.887500E+03  1.244240E+00  1.244240E+00
  1.888500E+03  1.243462E+00  1.243462E+00
  1.889500E+03  1.242683E+00  1.242683E+00
  1.890500E+03  1.241904E+00  1.241904E+00
  1.891500E+03  1.241124E+00  1.241124E+00
  1.892500E+03  1.240343E+00  1.240343E+00
  1.893500E+03  1.239561E+00  1.239561E+00
  1.894500E+03  1.238779E+00  1.238779E+00
  1.895500E+03  1.237996E+00  1.237996E+00
  1.896500E+03  1.237212E+00  1.237212E+00
  1.897500E+03  1.236427E+00  1.236427E+00
  1.898500E+03  1.235643E+00  1.235643E+00
  1.899500E+03  1.234853E+00  1.234853E+00
  1.900500E+03  1.234077E+00  1.234077E+00
  1.901500E+03  1.233256E+00  1.233256E+00
  1.902500E+03  1.232564E+00  1.232564E+00
  1.903500E+03  1.231500E+00  1.231500E+00
