


  Parameter Estimation, Reach #  2
  --------------------------------

   M. Channel
   Decay Rate
  ---------------
  0.00000E+00
  0.00000E+00
  0.00000E+00
  0.00000E+00
  0.00000E+00
  0.00000E+00
  1.44225E-05
  5.26635E-13
  5.26635E-12
  1.00000E-10
  0.00000E+00
  1.00000E-10
  7.89093E-06
  7.89093E-06
  8.05212E-06
  8.05212E-06
  8.05210E-06
  8.05210E-06
  8.05210E-06
  8.05210E-06


  Estimated Parameters, Reach #  2
  --------------------------------

   M. Channel
   Decay Rate
  ---------------
  8.05210E-06



  Parameter Estimation, Reach #  3
  --------------------------------

   M. Channel
   Decay Rate
  ---------------
  0.00000E+00
  0.00000E+00
  0.00000E+00
  0.00000E+00
  0.00000E+00
  0.00000E+00
  1.44225E-05
  5.26634E-13
  5.26634E-12
  1.00000E-10
  0.00000E+00
  1.00000E-10
  4.97807E-05
  4.97807E-05
  5.33884E-05
  5.33884E-05
  5.35213E-05
  5.35213E-05
  5.35213E-05
  5.35213E-05


  Estimated Parameters, Reach #  3
  --------------------------------

   M. Channel
   Decay Rate
  ---------------
  5.35213E-05



  Parameter Estimation, Reach #  4
  --------------------------------

   M. Channel
   Decay Rate
  ---------------
  0.00000E+00
  0.00000E+00
  0.00000E+00
  0.00000E+00
  0.00000E+00
  0.00000E+00
  1.44225E-05
  5.26634E-13
  5.26634E-12
  1.00000E-10
  0.00000E+00
  1.00000E-10
  2.56359E-04
  2.56359E-04
  5.49316E-04
  5.49316E-04
  5.73141E-04
  5.73141E-04
  5.73200E-04
  5.73200E-04
  5.73200E-04
  5.73200E-04


  Estimated Parameters, Reach #  4
  --------------------------------

   M. Channel
   Decay Rate
  ---------------
  5.73200E-04



  Parameter Estimation, Reach #  5
  --------------------------------

   M. Channel
   Decay Rate
  ---------------
  0.00000E+00
  0.00000E+00
  0.00000E+00
  0.00000E+00
  0.00000E+00
  0.00000E+00
  1.44225E-05
  5.26635E-13
  5.26635E-12
  1.00000E-10
  0.00000E+00
  1.00000E-10
  2.25581E-05
  7.52651E-05
  7.52651E-05
  1.20409E-04
  1.20409E-04
  1.22950E-04
  1.22950E-04
  1.22858E-04
  1.22858E-04
  1.22858E-04
  1.22858E-04


  Estimated Parameters, Reach #  5
  --------------------------------

   M. Channel
   Decay Rate
  ---------------
  1.22858E-04



  Parameter Estimation, Reach #  6
  --------------------------------

   M. Channel
   Decay Rate
  ---------------
  0.00000E+00
  0.00000E+00
  0.00000E+00
  0.00000E+00
  0.00000E+00
  0.00000E+00
  1.44225E-05
  5.26635E-13
  5.26635E-12
  1.00000E-10
  0.00000E+00
  1.00000E-10
  4.72679E-05
  4.72679E-05
  7.21653E-05
  7.21653E-05
  7.31892E-05
  7.31892E-05
  7.31793E-05
  7.31793E-05
  7.31793E-05
  7.31793E-05


  Estimated Parameters, Reach #  6
  --------------------------------

   M. Channel
   Decay Rate
  ---------------
  7.31793E-05



  Parameter Estimation, Reach #  7
  --------------------------------

   M. Channel
   Decay Rate
  ---------------
  0.00000E+00
  0.00000E+00
  0.00000E+00
  0.00000E+00
  0.00000E+00
  0.00000E+00
  1.44225E-05
  5.26635E-13
  5.26635E-12
  1.00000E-10
  0.00000E+00
  1.00000E-10
  4.98469E-05
  4.98469E-05
  5.29192E-05
  5.29192E-05
  5.29586E-05
  5.29586E-05
  5.29586E-05
  5.29586E-05


  Estimated Parameters, Reach #  7
  --------------------------------

   M. Channel
   Decay Rate
  ---------------
  5.29586E-05
