


  Parameter Estimation, Reach #  1
  --------------------------------

   Dispersion      X-sect.      Storage       Storage  
     Coeff.         Area       Zone Area        Rate   
  ------------------------------------------------------------
  1.92799E+00   3.03999E+01   7.04185E+00   2.05800E-04
  1.92799E+00   3.03999E+01   7.04185E+00   2.05800E-04
  1.92799E+00   3.03999E+01   7.04185E+00   2.05800E-04
  1.92799E+00   3.03999E+01   7.04185E+00   2.05800E-04
  1.92799E+00   3.03999E+01   7.04185E+00   2.05800E-04
  1.92799E+00   3.03999E+01   7.04185E+00   2.05800E-04
  1.92827E+00   3.03999E+01   7.04185E+00   2.05800E-04
  1.92771E+00   3.03999E+01   7.04185E+00   2.05800E-04
  1.92804E+00   3.03999E+01   7.04185E+00   2.05800E-04
  1.92799E+00   3.04043E+01   7.04185E+00   2.05800E-04
  1.92799E+00   3.03955E+01   7.04185E+00   2.05800E-04
  1.92799E+00   3.03999E+01   7.04185E+00   2.05800E-04
  1.92799E+00   3.03999E+01   7.04287E+00   2.05800E-04
  1.92799E+00   3.03999E+01   7.04084E+00   2.05800E-04
  1.92799E+00   3.03999E+01   7.04187E+00   2.05800E-04
  1.92799E+00   3.03999E+01   7.04185E+00   2.05830E-04
  1.92799E+00   3.03999E+01   7.04185E+00   2.05771E-04
  1.92799E+00   3.03999E+01   7.04185E+00   2.05801E-04
  1.92799E+00   3.03999E+01   7.04185E+00   2.05800E-04
  1.92804E+00   3.03999E+01   7.04185E+00   2.05800E-04
  1.92799E+00   3.03999E+01   7.04185E+00   2.05800E-04
  1.92799E+00   3.03999E+01   7.04187E+00   2.05800E-04
  1.92799E+00   3.03999E+01   7.04185E+00   2.05801E-04
  1.99129E+00   3.03940E+01   7.00720E+00   2.06461E-04
  1.99135E+00   3.03940E+01   7.00720E+00   2.06461E-04
  1.99129E+00   3.03940E+01   7.00720E+00   2.06461E-04
  1.99129E+00   3.03940E+01   7.00722E+00   2.06461E-04
  1.99129E+00   3.03940E+01   7.00720E+00   2.06462E-04
  1.99700E+00   3.03968E+01   7.00654E+00   2.06252E-04
  1.99706E+00   3.03968E+01   7.00654E+00   2.06252E-04
  1.99700E+00   3.03969E+01   7.00654E+00   2.06252E-04
  1.99700E+00   3.03968E+01   7.00657E+00   2.06252E-04
  1.99700E+00   3.03968E+01   7.00654E+00   2.06252E-04
  1.99700E+00   3.03968E+01   7.00654E+00   2.06252E-04
  1.99706E+00   3.03968E+01   7.00654E+00   2.06252E-04
  1.99700E+00   3.03969E+01   7.00654E+00   2.06252E-04
  1.99700E+00   3.03968E+01   7.00657E+00   2.06252E-04
  1.99700E+00   3.03968E+01   7.00654E+00   2.06252E-04


  Estimated Parameters, Reach #  1
  --------------------------------

   Dispersion      X-sect.      Storage       Storage  
     Coeff.         Area       Zone Area        Rate   
  ------------------------------------------------------------
  1.99700E+00   3.03968E+01   7.00654E+00   2.06252E-04



  Parameter Estimation, Reach #  2
  --------------------------------

   Dispersion      X-sect.      Storage       Storage  
     Coeff.         Area       Zone Area        Rate   
  ------------------------------------------------------------
  1.73865E+00   5.02315E+01   1.31413E+01   9.58814E-05
  1.73865E+00   5.02315E+01   1.31413E+01   9.58814E-05
  1.73866E+00   5.02315E+01   1.31413E+01   9.58814E-05
  1.73866E+00   5.02315E+01   1.31413E+01   9.58814E-05
  1.73866E+00   5.02315E+01   1.31413E+01   9.58814E-05
  1.73866E+00   5.02315E+01   1.31413E+01   9.58814E-05
  1.73891E+00   5.02315E+01   1.31413E+01   9.58814E-05
  1.73840E+00   5.02315E+01   1.31413E+01   9.58814E-05
  1.73872E+00   5.02315E+01   1.31413E+01   9.58814E-05
  1.73866E+00   5.02388E+01   1.31413E+01   9.58814E-05
  1.73866E+00   5.02243E+01   1.31413E+01   9.58814E-05
  1.73866E+00   5.02315E+01   1.31413E+01   9.58814E-05
  1.73866E+00   5.02315E+01   1.31432E+01   9.58814E-05
  1.73866E+00   5.02315E+01   1.31394E+01   9.58814E-05
  1.73866E+00   5.02315E+01   1.31413E+01   9.58814E-05
  1.73866E+00   5.02315E+01   1.31413E+01   9.58952E-05
  1.73866E+00   5.02315E+01   1.31413E+01   9.58676E-05
  1.73866E+00   5.02315E+01   1.31413E+01   9.58817E-05
  1.73866E+00   5.02315E+01   1.31413E+01   9.58814E-05
  1.73872E+00   5.02315E+01   1.31413E+01   9.58814E-05
  1.73866E+00   5.02315E+01   1.31413E+01   9.58814E-05
  1.73866E+00   5.02315E+01   1.31413E+01   9.58814E-05
  1.73866E+00   5.02315E+01   1.31413E+01   9.58817E-05
  2.37216E+00   4.98036E+01   1.27802E+01   1.09695E-04
  2.37226E+00   4.98036E+01   1.27802E+01   1.09695E-04
  2.37216E+00   4.98036E+01   1.27802E+01   1.09695E-04
  2.37216E+00   4.98036E+01   1.27803E+01   1.09695E-04
  2.37216E+00   4.98036E+01   1.27802E+01   1.09695E-04
  2.10741E+00   4.87543E+01   1.30203E+01   1.38002E-04
  2.10751E+00   4.87543E+01   1.30203E+01   1.38002E-04
  2.10741E+00   4.87543E+01   1.30203E+01   1.38002E-04
  2.10741E+00   4.87543E+01   1.30203E+01   1.38002E-04
  2.10741E+00   4.87543E+01   1.30203E+01   1.38003E-04
  8.30250E-01   4.79323E+01   1.41436E+01   1.67209E-04
  8.30366E-01   4.79323E+01   1.41436E+01   1.67209E-04
  8.30250E-01   4.79323E+01   1.41436E+01   1.67209E-04
  8.30250E-01   4.79323E+01   1.41436E+01   1.67209E-04
  8.30250E-01   4.79323E+01   1.41436E+01   1.67209E-04
  5.20047E-01   4.80587E+01   1.43356E+01   1.68183E-04
  5.20148E-01   4.80587E+01   1.43356E+01   1.68183E-04
  5.20047E-01   4.80587E+01   1.43356E+01   1.68183E-04
  5.20047E-01   4.80587E+01   1.43357E+01   1.68183E-04
  5.20047E-01   4.80587E+01   1.43356E+01   1.68183E-04
  3.33578E-01   4.81523E+01   1.44334E+01   1.67558E-04
  3.33671E-01   4.81523E+01   1.44334E+01   1.67558E-04
  3.33578E-01   4.81523E+01   1.44334E+01   1.67558E-04
  3.33578E-01   4.81523E+01   1.44334E+01   1.67558E-04
  3.33578E-01   4.81523E+01   1.44334E+01   1.67559E-04
  5.13141E-01   4.81588E+01   1.43228E+01   1.65671E-04
  4.34191E-01   4.81521E+01   1.43767E+01   1.66580E-04
  4.34273E-01   4.81521E+01   1.43767E+01   1.66580E-04
  4.34191E-01   4.81521E+01   1.43767E+01   1.66580E-04
  4.34191E-01   4.81521E+01   1.43768E+01   1.66580E-04
  4.34191E-01   4.81521E+01   1.43767E+01   1.66581E-04
  4.10447E-01   4.81492E+01   1.43949E+01   1.66822E-04
  4.10533E-01   4.81492E+01   1.43949E+01   1.66822E-04
  4.10447E-01   4.81493E+01   1.43949E+01   1.66822E-04
  4.10447E-01   4.81492E+01   1.43949E+01   1.66822E-04
  4.10447E-01   4.81492E+01   1.43949E+01   1.66822E-04
  4.01942E-01   4.81516E+01   1.43998E+01   1.66837E-04
  4.02021E-01   4.81516E+01   1.43998E+01   1.66837E-04
  4.01942E-01   4.81516E+01   1.43998E+01   1.66837E-04
  4.01942E-01   4.81516E+01   1.43998E+01   1.66837E-04
  4.01942E-01   4.81516E+01   1.43998E+01   1.66838E-04
  4.02711E-01   4.81515E+01   1.43993E+01   1.66832E-04
  4.02794E-01   4.81515E+01   1.43993E+01   1.66832E-04
  4.02711E-01   4.81515E+01   1.43993E+01   1.66832E-04
  4.02711E-01   4.81515E+01   1.43993E+01   1.66832E-04
  4.02711E-01   4.81515E+01   1.43993E+01   1.66833E-04
  4.02711E-01   4.81515E+01   1.43993E+01   1.66832E-04
  4.02793E-01   4.81515E+01   1.43993E+01   1.66832E-04
  4.02711E-01   4.81515E+01   1.43993E+01   1.66832E-04
  4.02711E-01   4.81515E+01   1.43993E+01   1.66832E-04
  4.02711E-01   4.81515E+01   1.43993E+01   1.66833E-04


  Estimated Parameters, Reach #  2
  --------------------------------

   Dispersion      X-sect.      Storage       Storage  
     Coeff.         Area       Zone Area        Rate   
  ------------------------------------------------------------
  4.02711E-01   4.81515E+01   1.43993E+01   1.66832E-04
