  1.009000E+01  0.000000E+00  0.000000E+00  0.000000E+00  0.000000E+00
  1.019000E+01  4.231450E-35  6.088071E-96  1.392676E-36  1.226346E-97
  1.029000E+01  1.543847E-28  1.706973E-87  5.455826E-30  3.541487E-89
  1.039000E+01  2.951216E-23  2.840485E-80  1.126002E-24  6.074085E-82
  1.049000E+01  8.004030E-19  7.667929E-74  3.318704E-20  1.691289E-75
  1.059000E+01  4.838553E-15  5.331190E-68  2.197440E-16  1.213828E-69
  1.069000E+01  8.424087E-12  1.247759E-62  4.230906E-13  2.935089E-64
  1.079000E+01  4.970916E-09  1.171105E-57  2.793712E-10  2.848605E-59
  1.089000E+01  1.111164E-06  4.986003E-53  7.090747E-08  1.255310E-54
  1.099000E+01  1.020493E-04  1.055121E-48  7.528543E-06  2.752389E-50
  1.109000E+01  4.105308E-03  1.190715E-44  3.579861E-04  3.221857E-46
  1.119000E+01  7.637535E-02  7.576537E-41  8.094052E-03  2.129026E-42
  1.129000E+01  6.877948E-01  2.843650E-37  9.192298E-02  8.309282E-39
  1.139000E+01  3.114467E+00  6.533499E-34  5.523475E-01  1.988045E-35
  1.149000E+01  7.526533E+00  9.478287E-31  1.873741E+00  3.007996E-32
  1.159000E+01  1.127369E+01  8.911817E-28  4.008955E+00  2.954753E-29
  1.169000E+01  1.276184E+01  5.552486E-25  6.263663E+00  1.926937E-26
  1.179000E+01  1.222595E+01  2.336258E-22  7.987725E+00  8.504198E-24
  1.189000E+01  1.102664E+01  6.747055E-20  8.960203E+00  2.582094E-21
  1.199000E+01  9.830363E+00  1.356147E-17  9.329940E+00  5.470754E-19
  1.209000E+01  8.673429E+00  1.919805E-15  9.275776E+00  8.187778E-17
  1.219000E+01  7.378410E+00  1.933473E-13  8.900371E+00  8.747456E-15
  1.229000E+01  6.124038E+00  1.397028E-11  8.271995E+00  6.730844E-13
  1.239000E+01  5.114869E+00  7.291829E-10  7.506666E+00  3.758213E-11
  1.249000E+01  4.292778E+00  2.764093E-08  6.707079E+00  1.532085E-09
  1.259000E+01  3.599116E+00  7.638530E-07  5.920819E+00  4.582193E-08
  1.269000E+01  3.045761E+00  1.542313E-05  5.183989E+00  1.009013E-06
  1.279000E+01  2.551097E+00  2.276501E-04  4.509162E+00  1.639638E-05
  1.289000E+01  2.125975E+00  2.453216E-03  3.894802E+00  1.968339E-04
  1.299000E+01  1.789786E+00  1.924047E-02  3.347374E+00  1.745769E-03
  1.309000E+01  1.502395E+00  1.093103E-01  2.867654E+00  1.143476E-02
  1.319000E+01  1.247241E+00  4.475071E-01  2.446486E+00  5.532713E-02
  1.329000E+01  1.039197E+00  1.316525E+00  2.078828E+00  1.984242E-01
  1.339000E+01  8.700366E-01  2.801901E+00  1.762067E+00  5.332705E-01
  1.349000E+01  7.294375E-01  4.441696E+00  1.490950E+00  1.100908E+00
  1.359000E+01  6.150366E-01  5.596713E+00  1.260382E+00  1.822833E+00
  1.369000E+01  5.196972E-01  6.132943E+00  1.065293E+00  2.561082E+00
  1.379000E+01  4.394392E-01  6.298630E+00  9.004088E-01  3.221652E+00
  1.389000E+01  3.714258E-01  6.315831E+00  7.610888E-01  3.774342E+00
  1.399000E+01  3.130630E-01  6.236675E+00  6.432044E-01  4.219549E+00
  1.409000E+01  2.625289E-01  6.029251E+00  5.431784E-01  4.556243E+00
  1.419000E+01  2.187786E-01  5.725386E+00  4.580310E-01  4.783193E+00
  1.429000E+01  1.814119E-01  5.391241E+00  3.854384E-01  4.909242E+00
  1.439000E+01  1.490976E-01  5.062408E+00  3.235058E-01  4.951812E+00
  1.449000E+01  1.203287E-01  4.728573E+00  2.704206E-01  4.926393E+00
  1.459000E+01  9.466027E-02  4.396171E+00  2.246182E-01  4.844967E+00
  1.469000E+01  7.287086E-02  4.069524E+00  1.850005E-01  4.718763E+00
  1.479000E+01  5.677151E-02  3.746803E+00  1.511959E-01  4.556809E+00
  1.489000E+01  4.512686E-02  3.438717E+00  1.230652E-01  4.367306E+00
  1.499000E+01  3.573332E-02  3.147732E+00  9.988874E-02  4.158501E+00
  1.509000E+01  2.825813E-02  2.869150E+00  8.085159E-02  3.936531E+00
  1.519000E+01  2.230611E-02  2.606807E+00  6.527407E-02  3.706351E+00
  1.529000E+01  1.758082E-02  2.364307E+00  5.257011E-02  3.472847E+00
  1.539000E+01  1.383578E-02  2.140028E+00  4.224196E-02  3.240122E+00
  1.549000E+01  1.087284E-02  1.933225E+00  3.386969E-02  3.011239E+00
  1.559000E+01  8.532622E-03  1.743536E+00  2.710131E-02  2.788650E+00
  1.569000E+01  6.687216E-03  1.569517E+00  2.164345E-02  2.574170E+00
  1.579000E+01  5.234219E-03  1.410224E+00  1.725285E-02  2.369052E+00
  1.589000E+01  4.091860E-03  1.264719E+00  1.372876E-02  2.174162E+00
  1.599000E+01  3.194984E-03  1.131948E+00  1.090616E-02  1.990014E+00
  1.609000E+01  2.491787E-03  1.011090E+00  8.649954E-03  1.816862E+00
  1.619000E+01  1.941159E-03  9.013625E-01  6.849933E-03  1.654766E+00
  1.629000E+01  1.510536E-03  8.019017E-01  5.416463E-03  1.503630E+00
  1.639000E+01  1.174173E-03  7.117181E-01  4.276874E-03  1.363203E+00
  1.649000E+01  9.117441E-04  6.300456E-01  3.372411E-03  1.233117E+00
  1.659000E+01  7.072325E-04  5.565317E-01  2.655697E-03  1.112970E+00
  1.669000E+01  5.480328E-04  4.909953E-01  2.088619E-03  1.002395E+00
  1.679000E+01  4.242399E-04  4.329392E-01  1.640589E-03  9.010356E-01
  1.689000E+01  3.280813E-04  3.813779E-01  1.287112E-03  8.084609E-01
  1.699000E+01  2.534659E-04  3.355007E-01  1.008608E-03  7.241467E-01
  1.709000E+01  1.956264E-04  2.948236E-01  7.894635E-04  6.475544E-01
  1.719000E+01  1.508363E-04  2.588050E-01  6.172434E-04  5.781538E-01
  1.729000E+01  1.161860E-04  2.269528E-01  4.820659E-04  5.154160E-01
  1.739000E+01  8.940659E-05  1.988284E-01  3.760896E-04  4.588270E-01
  1.749000E+01  6.873041E-05  1.740255E-01  2.931027E-04  4.078903E-01
  1.759000E+01  5.278215E-05  1.521802E-01  2.281912E-04  3.621314E-01
  1.769000E+01  4.049273E-05  1.329623E-01  1.774741E-04  3.211006E-01
  1.779000E+01  3.103205E-05  1.160749E-01  1.378901E-04  2.843741E-01
  1.789000E+01  2.375618E-05  1.012514E-01  1.070280E-04  2.515556E-01
  1.799000E+01  1.816615E-05  8.825286E-02  8.299098E-05  2.222758E-01
  1.809000E+01  1.387569E-05  7.686590E-02  6.428883E-05  1.961929E-01
