




     STARPAC output for Reach #  1



                                                                                                         STARPAC 2.08D (03/15/90)
+**********************************************************************************
 *  NONLINEAR LEAST SQUARES ESTIMATION WITH NUMERICALLY APPROXIMATED DERIVATIVES  *
 **********************************************************************************


 SUMMARY OF INITIAL CONDITIONS
 ------------------------------


                                                  STEP SIZE FOR    OBSERVATIONS FAILING STEP SIZE SELECTION CRITERIA
                                                  APPROXIMATING                     *
       PARAMETER STARTING VALUE      SCALE          DERIVATIVE       COUNT     NOTES     ROW NUMBER
 INDEX  FIXED      (PAR)            (SCALE)           (STP)                     F C

   1      NO    1.9279930           DEFAULT      0.26830895E-04         0          
   2      NO    30.399930           DEFAULT      0.61244126E-06         0          
   3      NO    7.0418520           DEFAULT      0.31306509E-05         0          
   4      NO   0.20580040E-03       DEFAULT      0.33734176E-05         0          
   5     YES   0.88500000E-05         ---              ---              -
   6     YES   0.88500000E-05         ---              ---              -
   7     YES           0.             ---              ---              -
   8     YES           0.             ---              ---              -
   9     YES           0.             ---              ---              -
  10     YES           0.             ---              ---              -


 *  NOTES.  A PLUS (+) IN THE COLUMNS HEADED F OR C HAS THE FOLLOWING MEANING.

    F - NUMBER OF OBSERVATIONS FAILING STEP SIZE SELECTION CRITERIA EXCEEDS
        NUMBER OF EXEMPTIONS ALLOWED.

    C - HIGH CURVATURE IN THE MODEL IS SUSPECTED AS THE CAUSE OF
        ALL FAILURES NOTED.

 NUMBER OF RELIABLE DIGITS IN MODEL RESULTS                         (NETA)    12

 PROPORTION OF OBSERVATIONS EXEMPTED FROM SELECTION CRITERIA       (EXMPT)  0.1000

 NUMBER OF OBSERVATIONS EXEMPTED FROM SELECTION CRITERIA                       2

 NUMBER OF OBSERVATIONS                                                (N)    27

 NUMBER OF NON ZERO WEIGHTED OBSERVATIONS                           (NNZW)    27

 NUMBER OF INDEPENDENT VARIABLES                                       (M)     1

 MAXIMUM NUMBER OF ITERATIONS ALLOWED                                (MIT)   100

 MAXIMUM NUMBER OF MODEL SUBROUTINE CALLS ALLOWED                            200

 CONVERGENCE CRITERION FOR TEST BASED ON THE

      FORECASTED RELATIVE CHANGE IN RESIDUAL SUM OF SQUARES       (STOPSS)  0.1000E-04
      MAXIMUM SCALED RELATIVE CHANGE IN THE PARAMETERS             (STOPP)  0.1000E-04


 MAXIMUM CHANGE ALLOWED IN THE PARAMETERS AT THE FIRST ITERATION   (DELTA)   1.000    

 RESIDUAL SUM OF SQUARES FOR INPUT PARAMETER VALUES                          1.285    

 RESIDUAL STANDARD DEVIATION FOR INPUT PARAMETER VALUES              (RSD)  0.2363    
1
                                                                                                         STARPAC 2.08D (03/15/90)
+NONLINEAR LEAST SQUARES ESTIMATION WITH NUMERICALLY APPROXIMATED DERIVATIVES, CONTINUED


 ITERATION NUMBER    1
 ----------------------
     MODEL                                                     FORECASTED
     CALLS         RSD             RSS        REL CHNG RSS    REL CHNG RSS    REL CHNG PAR
                                                              VALUE   CHKD    VALUE   CHKD
         2      0.2361           1.282          0.2066E-02  0.2126E-02   Y  0.2387E-03   Y

      CURRENT PARAMETER VALUES (ONLY UNFIXED PARAMETERS ARE LISTED)
          INDEX    1              2              3              4
          VALUE   1.991294       30.39399       7.007201      0.2064611E-03


 ITERATION NUMBER    2
 ----------------------
     MODEL                                                     FORECASTED
     CALLS         RSD             RSS        REL CHNG RSS    REL CHNG RSS    REL CHNG PAR
                                                              VALUE   CHKD    VALUE   CHKD
         3      0.2361           1.282          0.1085E-04  0.9445E-05   Y  0.4691E-04   Y

      CURRENT PARAMETER VALUES (ONLY UNFIXED PARAMETERS ARE LISTED)
          INDEX    1              2              3              4
          VALUE   1.997002       30.39684       7.006543      0.2062516E-03

 ***** RESIDUAL SUM OF SQUARES CONVERGENCE *****
1
                                                                                                         STARPAC 2.08D (03/15/90)
+NONLINEAR LEAST SQUARES ESTIMATION WITH NUMERICALLY APPROXIMATED DERIVATIVES, CONTINUED


 RESULTS FROM LEAST SQUARES FIT
 -------------------------------

                                                     DEPENDENT       PREDICTED      STD DEV OF                         STD 
  ROW             PREDICTOR VALUES                    VARIABLE         VALUE        PRED VALUE        RESIDUAL         RES    WEIGHT
 
    1                 11.000000                             0.      0.16138357E-03  0.10617380E-03 -0.16138357E-03    0.00 0.100E+01
    2                 11.250000                     0.23000000      0.30709024      0.63180248E-01 -0.77090237E-01   -0.34 0.100E+01
    3                 11.330000                      1.1000000       1.3525935      0.14412139     -0.25259349       -1.35 0.100E+01
    4                 11.420000                      4.4100000       4.3054224      0.15943098      0.10457764        0.60 0.100E+01
    5                 11.500000                      8.1900000       7.9592087      0.16439015      0.23079131        1.36 0.100E+01
    6                 11.580000                      11.000000       10.974437      0.13889607      0.25563203E-01    0.13 0.100E+01
    7                 11.670000                      12.350000       12.648892      0.11386304     -0.29889228       -1.45 0.100E+01
    8                 11.700000                      12.880000       12.770277      0.11237157      0.10972290        0.53 0.100E+01
    9                 11.750000                      12.490000       12.603936      0.11652847     -0.11393552       -0.55 0.100E+01
   10                 11.830000                      12.060000       11.756830      0.12272192      0.30317017        1.50 0.100E+01
   11                 11.920000                      11.380000       10.662928      0.10193818      0.71707181        3.37 0.100E+01
   12                 12.000000                      9.5600000       9.7165654      0.10267725     -0.15656543       -0.74 0.100E+01
   13                 12.080000                      8.3800000       8.7957891      0.10629934     -0.41578910       -1.97 0.100E+01
   14                 12.170000                      7.4500000       7.6503968      0.93009714E-01 -0.20039683       -0.92 0.100E+01
   15                 12.250000                      6.5900000       6.6081353      0.80575567E-01 -0.18135331E-01   -0.08 0.100E+01
   16                 12.330000                      5.7000000       5.6920095      0.70632975E-01  0.79905151E-02    0.04 0.100E+01
   17                 12.420000                      5.1100000       4.8624513      0.64962422E-01  0.24754871        1.09 0.100E+01
   18                 12.500000                      4.3200000       4.2223974      0.51454819E-01  0.97602593E-01    0.42 0.100E+01
   19                 12.580000                      3.7200000       3.6665306      0.41474458E-01  0.53469432E-01    0.23 0.100E+01
   20                 12.670000                      3.2300000       3.1543602      0.40632157E-01  0.75639771E-01    0.33 0.100E+01
   21                 12.750000                      2.8800000       2.7475817      0.39760592E-01  0.13241827        0.57 0.100E+01
   22                 12.830000                      2.5000000       2.3739446      0.39942219E-01  0.12605540        0.54 0.100E+01
   23                 12.920000                      2.1500000       2.0203807      0.41190414E-01  0.12961928        0.56 0.100E+01
   24                 13.000000                      1.8600000       1.7627312      0.42289853E-01  0.97268798E-01    0.42 0.100E+01
   25                 13.250000                      1.2000000       1.1185610      0.41001073E-01  0.81439033E-01    0.35 0.100E+01
   26                 13.500000                     0.89000000      0.71802861      0.34672711E-01  0.17197139        0.74 0.100E+01
   27                 14.500000                             0.      0.11746394      0.96513189E-02 -0.11746394       -0.50 0.100E+01
1
                                                                                                         STARPAC 2.08D (03/15/90)
+NONLINEAR LEAST SQUARES ESTIMATION WITH NUMERICALLY APPROXIMATED DERIVATIVES, CONTINUED

                     STD RES VS ROW NUMBER                                     STD RES VS PREDICTED VALUES 
  3.75++---------+---------+----+----+---------+---------++    3.75++---------+---------+----+----+---------+---------++
      -                                                   -        -                                                   -
      -                   *                               -        -                                          *        -
      -                                                   -        -                                                   -
      -                                                   -        -                                                   -
  2.25+                                                   +    2.25+                                                   +
      -                                                   -        -                                                   -
      -                                                   -        -                                                   -
      -        *        *                                 -        -                               *              *    -
      -                               *                   -        -                   *                               -
  0.75+                                                   +    0.75+                                                   +
      -      *      *                        * * *     *  -        -   *    ** *     *                                *-
      -                                 * * *      * *    -        -    *  *    * *  *                                 -
      -*         *                * *                     -        -*                     *   *                *       -
      -  *                                                -        - *                                                 -
 -0.75+               *     *                            *+   -0.75+*                                     *          * +
      -                         *                         -        -                              *                    -
      -                                                   -        -                                                   -
      -    *       *                                      -        -     *                                            *-
      -                                                   -        -                                                   -
 -2.25+                       *                           +   -2.25+                                  *                +
      -                                                   -        -                                                   -
      -                                                   -        -                                                   -
      -                                                   -        -                                                   -
      -                                                   -        -                                                   -
 -3.75++---------+---------+----+----+---------+---------++   -3.75++---------+---------+----+----+---------+---------++
      1.0                     14.0                     27.0     0.1614E-03                6.385                12.77    

             AUTOCORRELATION FUNCTION OF RESIDUALS                        NORMAL PROBABILITY PLOT OF STD RES 
     1++---------+---------+----******---------+---------++    3.75++---------+---------+----+----+---------+---------++
      -                  ********                         -        -                                                   -
      -                    ******                         -        -                                             *     -
      -                     *****                         -        -                                                   -
      -                         **                        -        -                                                   -
     6+                         **********                +    2.25+                                                   +
      -                         ***                       -        -                                                   -
      -                   *******                         -        -                                                   -
      -                        **                         -        -                                      * *          -
      -                         *                         -        -                                    *              -
    11+                         ***                       +    0.75+                                                   +
      -                         ***                       -        -                            **** **                -
      -                         **                        -        -                         ***                       -
      -                         *                         -        -                     ****                          -
      -                         ***                       -        -                    *                              -
    16+                         *                         +   -0.75+                ** *                               +
      -                        **                         -        -              *                                    -
      -                         *                         -        -                                                   -
      -                        **                         -        -          * *                                      -
      -                         *                         -        -                                                   -
    21+                         *                         +   -2.25+     *                                             +
      -                         *                         -        -                                                   -
      -                        **                         -        -                                                   -
      -                         *                         -        -                                                   -
      -                         *                         -        -                                                   -
    26++---------+---------+----*----+---------+---------++   -3.75++---------+---------+----+----+---------+---------++
    -1.00                      0.0                     1.00     -2.5                       0.0                      2.5
1
                                                                                                         STARPAC 2.08D (03/15/90)
+NONLINEAR LEAST SQUARES ESTIMATION WITH NUMERICALLY APPROXIMATED DERIVATIVES, CONTINUED



 VARIANCE-COVARIANCE AND CORRELATION MATRICES OF THE ESTIMATED (UNFIXED) PARAMETERS
 ----------------------------------------------------------------------------------

    - APPROXIMATION BASED ON ASSUMPTION THAT RESIDUALS ARE SMALL
    - COVARIANCES ARE ABOVE THE DIAGONAL
    - VARIANCES ARE ON THE DIAGONAL
    - CORRELATION COEFFICIENTS ARE BELOW THE DIAGONAL

 COLUMN         1                2                3                4
 
      1     0.4880025        0.1030550       -0.1061914       -0.8409025E-05
      2     0.7289366        0.4095783E-01   -0.2142566E-01   -0.3036520E-05
      3    -0.6804140       -0.4738717        0.4991256E-01    0.1662495E-05
      4    -0.7540118       -0.9398340        0.4661214        0.2548666E-09



 ESTIMATES FROM LEAST SQUARES FIT
 ---------------------------------


                                                                     APPROXIMATE
                                                             95 PERCENT CONFIDENCE LIMITS
 INDEX  FIXED   PARAMETER        SD OF PAR       RATIO            LOWER            UPPER

   1      NO    1.9970022       0.69857172       2.859       0.55186084        3.4421435    
   2      NO    30.396838       0.20238041       150.2        29.978172        30.815504    
   3      NO    7.0065433       0.22341120       31.36        6.5443707        7.4687160    
   4      NO   0.20625163E-03   0.15964542E-04   12.92       0.17322565E-03   0.23927762E-03
   5     YES   0.88500000E-05          ---        ---               ---              ---
   6     YES   0.88500000E-05          ---        ---               ---              ---
   7     YES           0.              ---        ---               ---              ---
   8     YES           0.              ---        ---               ---              ---
   9     YES           0.              ---        ---               ---              ---
  10     YES           0.              ---        ---               ---              ---


 RESIDUAL SUM OF SQUARES                  1.282085    

 RESIDUAL STANDARD DEVIATION             0.2360992    
 BASED ON DEGREES OF FREEDOM       27 -   4 =   23

 APPROXIMATE CONDITION NUMBER             135003.1    





     STARPAC output for Reach #  2



                                                                                                         STARPAC 2.08D (03/15/90)
+**********************************************************************************
 *  NONLINEAR LEAST SQUARES ESTIMATION WITH NUMERICALLY APPROXIMATED DERIVATIVES  *
 **********************************************************************************


 SUMMARY OF INITIAL CONDITIONS
 ------------------------------


                                                  STEP SIZE FOR    OBSERVATIONS FAILING STEP SIZE SELECTION CRITERIA
                                                  APPROXIMATING                     *
       PARAMETER STARTING VALUE      SCALE          DERIVATIVE       COUNT     NOTES     ROW NUMBER
 INDEX  FIXED      (PAR)            (SCALE)           (STP)                     F C

   1      NO    1.7386550           DEFAULT      0.40245642E-04         0          
   2      NO    50.231520           DEFAULT      0.59460506E-06         0          
   3      NO    13.141260           DEFAULT      0.34730780E-05         0          
   4      NO   0.95881410E-04       DEFAULT      0.34432145E-05         0          
   5     YES   0.88500000E-05         ---              ---              -
   6     YES   0.88500000E-05         ---              ---              -
   7     YES           0.             ---              ---              -
   8     YES           0.             ---              ---              -
   9     YES           0.             ---              ---              -
  10     YES           0.             ---              ---              -


 *  NOTES.  A PLUS (+) IN THE COLUMNS HEADED F OR C HAS THE FOLLOWING MEANING.

    F - NUMBER OF OBSERVATIONS FAILING STEP SIZE SELECTION CRITERIA EXCEEDS
        NUMBER OF EXEMPTIONS ALLOWED.

    C - HIGH CURVATURE IN THE MODEL IS SUSPECTED AS THE CAUSE OF
        ALL FAILURES NOTED.

 NUMBER OF RELIABLE DIGITS IN MODEL RESULTS                         (NETA)    12

 PROPORTION OF OBSERVATIONS EXEMPTED FROM SELECTION CRITERIA       (EXMPT)  0.1000

 NUMBER OF OBSERVATIONS EXEMPTED FROM SELECTION CRITERIA                       1

 NUMBER OF OBSERVATIONS                                                (N)    18

 NUMBER OF NON ZERO WEIGHTED OBSERVATIONS                           (NNZW)    18

 NUMBER OF INDEPENDENT VARIABLES                                       (M)     1

 MAXIMUM NUMBER OF ITERATIONS ALLOWED                                (MIT)   100

 MAXIMUM NUMBER OF MODEL SUBROUTINE CALLS ALLOWED                            200

 CONVERGENCE CRITERION FOR TEST BASED ON THE

      FORECASTED RELATIVE CHANGE IN RESIDUAL SUM OF SQUARES       (STOPSS)  0.1000E-04
      MAXIMUM SCALED RELATIVE CHANGE IN THE PARAMETERS             (STOPP)  0.1000E-04


 MAXIMUM CHANGE ALLOWED IN THE PARAMETERS AT THE FIRST ITERATION   (DELTA)   1.000    

 RESIDUAL SUM OF SQUARES FOR INPUT PARAMETER VALUES                          1.677    

 RESIDUAL STANDARD DEVIATION FOR INPUT PARAMETER VALUES              (RSD)  0.3461    
1
                                                                                                         STARPAC 2.08D (03/15/90)
+NONLINEAR LEAST SQUARES ESTIMATION WITH NUMERICALLY APPROXIMATED DERIVATIVES, CONTINUED


 ITERATION NUMBER    1
 ----------------------
     MODEL                                                     FORECASTED
     CALLS         RSD             RSS        REL CHNG RSS    REL CHNG RSS    REL CHNG PAR
                                                              VALUE   CHKD    VALUE   CHKD
         2      0.2565          0.9209          0.4508      0.8605       Y  0.6156E-02   N

      CURRENT PARAMETER VALUES (ONLY UNFIXED PARAMETERS ARE LISTED)
          INDEX    1              2              3              4
          VALUE   2.372161       49.80362       12.78024      0.1096951E-03


 ITERATION NUMBER    2
 ----------------------
     MODEL                                                     FORECASTED
     CALLS         RSD             RSS        REL CHNG RSS    REL CHNG RSS    REL CHNG PAR
                                                              VALUE   CHKD    VALUE   CHKD
         3      0.1854          0.4812          0.4774      0.7527       Y  0.1202E-01   N

      CURRENT PARAMETER VALUES (ONLY UNFIXED PARAMETERS ARE LISTED)
          INDEX    1              2              3              4
          VALUE   2.107407       48.75426       13.02030      0.1380022E-03


 ITERATION NUMBER    3
 ----------------------
     MODEL                                                     FORECASTED
     CALLS         RSD             RSS        REL CHNG RSS    REL CHNG RSS    REL CHNG PAR
                                                              VALUE   CHKD    VALUE   CHKD
         4      0.1588          0.3530          0.2664      0.3697       Y  0.1169E-01   N

      CURRENT PARAMETER VALUES (ONLY UNFIXED PARAMETERS ARE LISTED)
          INDEX    1              2              3              4
          VALUE  0.8302502       47.93231       14.14357      0.1672086E-03


 ITERATION NUMBER    4
 ----------------------
     MODEL                                                     FORECASTED
     CALLS         RSD             RSS        REL CHNG RSS    REL CHNG RSS    REL CHNG PAR
                                                              VALUE   CHKD    VALUE   CHKD
         5      0.1564          0.3426          0.2945E-01  0.2362E-01   Y  0.1401E-02   Y

      CURRENT PARAMETER VALUES (ONLY UNFIXED PARAMETERS ARE LISTED)
          INDEX    1              2              3              4
          VALUE  0.5200474       48.05867       14.33562      0.1681826E-03
1
                                                                                                         STARPAC 2.08D (03/15/90)
+NONLINEAR LEAST SQUARES ESTIMATION WITH NUMERICALLY APPROXIMATED DERIVATIVES, CONTINUED


 ITERATION NUMBER    5
 ----------------------
     MODEL                                                     FORECASTED
     CALLS         RSD             RSS        REL CHNG RSS    REL CHNG RSS    REL CHNG PAR
                                                              VALUE   CHKD    VALUE   CHKD
         6      0.1563          0.3418          0.2419E-02  0.3842E-02   Y  0.9729E-03   Y

      CURRENT PARAMETER VALUES (ONLY UNFIXED PARAMETERS ARE LISTED)
          INDEX    1              2              3              4
          VALUE  0.3335780       48.15227       14.43338      0.1675581E-03


 ITERATION NUMBER    6
 ----------------------
     MODEL                                                     FORECASTED
     CALLS         RSD             RSS        REL CHNG RSS    REL CHNG RSS    REL CHNG PAR
                                                              VALUE   CHKD    VALUE   CHKD
         8      0.1562          0.3415          0.8787E-03  0.1618E-02   Y  0.5181E-03   Y

      CURRENT PARAMETER VALUES (ONLY UNFIXED PARAMETERS ARE LISTED)
          INDEX    1              2              3              4
          VALUE  0.4341906       48.15206       14.37672      0.1665801E-03


 ITERATION NUMBER    7
 ----------------------
     MODEL                                                     FORECASTED
     CALLS         RSD             RSS        REL CHNG RSS    REL CHNG RSS    REL CHNG PAR
                                                              VALUE   CHKD    VALUE   CHKD
         9      0.1562          0.3415          0.1638E-03  0.1353E-03   Y  0.1210E-03   Y

      CURRENT PARAMETER VALUES (ONLY UNFIXED PARAMETERS ARE LISTED)
          INDEX    1              2              3              4
          VALUE  0.4104475       48.14924       14.39489      0.1668216E-03


 ITERATION NUMBER    8
 ----------------------
     MODEL                                                     FORECASTED
     CALLS         RSD             RSS        REL CHNG RSS    REL CHNG RSS    REL CHNG PAR
                                                              VALUE   CHKD    VALUE   CHKD
        10      0.1562          0.3415          0.9449E-05  0.1040E-04   Y  0.4624E-04   Y

      CURRENT PARAMETER VALUES (ONLY UNFIXED PARAMETERS ARE LISTED)
          INDEX    1              2              3              4
          VALUE  0.4019417       48.15157       14.39980      0.1668375E-03
1
                                                                                                         STARPAC 2.08D (03/15/90)
+NONLINEAR LEAST SQUARES ESTIMATION WITH NUMERICALLY APPROXIMATED DERIVATIVES, CONTINUED


 ITERATION NUMBER    9
 ----------------------
     MODEL                                                     FORECASTED
     CALLS         RSD             RSS        REL CHNG RSS    REL CHNG RSS    REL CHNG PAR
                                                              VALUE   CHKD    VALUE   CHKD
        11      0.1562          0.3415          0.1004E-06  0.9725E-07   Y  0.3997E-05   Y

      CURRENT PARAMETER VALUES (ONLY UNFIXED PARAMETERS ARE LISTED)
          INDEX    1              2              3              4
          VALUE  0.4027109       48.15150       14.39927      0.1668325E-03

 ***** PARAMETER AND RESIDUAL SUM OF SQUARES CONVERGENCE *****
1
                                                                                                         STARPAC 2.08D (03/15/90)
+NONLINEAR LEAST SQUARES ESTIMATION WITH NUMERICALLY APPROXIMATED DERIVATIVES, CONTINUED


 RESULTS FROM LEAST SQUARES FIT
 -------------------------------

                                                     DEPENDENT       PREDICTED      STD DEV OF                         STD 
  ROW             PREDICTOR VALUES                    VARIABLE         VALUE        PRED VALUE        RESIDUAL         RES    WEIGHT
 
    1                 12.750000                             0.      0.80533320E-04  0.17970936E-03 -0.80533320E-04    0.00 0.100E+01
    2                 13.030000                     0.37000000      0.40080087E-01  0.44179152E-01  0.32991991        2.20 0.100E+01
    3                 13.470000                      4.0700000       4.1366525      0.13739155     -0.66652516E-01   -0.90 0.100E+01
    4                 13.550000                      5.2300000       5.2155780      0.11676295      0.14421978E-01    0.14 0.100E+01
    5                 13.630000                      6.0000000       5.8743391      0.10297774      0.12566090        1.07 0.100E+01
    6                 13.750000                      6.3300000       6.2595347      0.10848441      0.70465315E-01    0.63 0.100E+01
    7                 14.000000                      6.0300000       6.2210635      0.81381651E-01 -0.19106351       -1.43 0.100E+01
    8                 14.250000                      5.4400000       5.5246082      0.83811383E-01 -0.84608237E-01   -0.64 0.100E+01
    9                 14.500000                      4.6800000       4.6950813      0.81469471E-01 -0.15081341E-01   -0.11 0.100E+01
   10                 14.750000                      4.0200000       3.8749290      0.70024808E-01  0.14507100        1.04 0.100E+01
   11                 15.000000                      3.2800000       3.1193683      0.58086145E-01  0.16063174        1.11 0.100E+01
   12                 15.250000                      2.4000000       2.4589823      0.47946606E-01 -0.58982275E-01   -0.40 0.100E+01
   13                 15.500000                      2.0600000       1.9135929      0.45190596E-01  0.14640706        0.98 0.100E+01
   14                 15.750000                      1.5200000       1.4722236      0.44779686E-01  0.47776377E-01    0.32 0.100E+01
   15                 16.000000                      1.0100000       1.1193984      0.44010510E-01 -0.10939845       -0.73 0.100E+01
   16                 16.250000                     0.79000000      0.84051747      0.41902537E-01 -0.50517475E-01   -0.34 0.100E+01
   17                 16.500000                     0.49000000      0.62237079      0.38541957E-01 -0.13237079       -0.87 0.100E+01
   18                 17.250000                             0.      0.23922184      0.25257427E-01 -0.23922184       -1.55 0.100E+01
1
                                                                                                         STARPAC 2.08D (03/15/90)
+NONLINEAR LEAST SQUARES ESTIMATION WITH NUMERICALLY APPROXIMATED DERIVATIVES, CONTINUED

                     STD RES VS ROW NUMBER                                     STD RES VS PREDICTED VALUES 
  3.75++---------+---------+----+----+---------+---------++    3.75++---------+---------+----+----+---------+---------++
      -                                                   -        -                                                   -
      -                                                   -        -                                                   -
      -                                                   -        -                                                   -
      -                                                   -        -                                                   -
  2.25+                                                   +    2.25+                                                   +
      -   *                                               -        -*                                                  -
      -                                                   -        -                                                   -
      -                                                   -        -                                                   -
      -            *                *                     -        -                         *                     *   -
  0.75+                          *        *               +    0.75+               *               *                   +
      -               *                                   -        -                                                  *-
      -                                      *            -        -            *                                      -
      -*        *              *                          -        -*                                     *   *        -
      -                                *           *      -        -       *            *                              -
 -0.75+                     *                   *         +   -0.75+         *                                  *      +
      -      *                                        *   -        -     *                           *                 -
      -                                                   -        -                                                   -
      -                  *                               *-        -  *                                               *-
      -                                                   -        -                                                   -
 -2.25+                                                   +   -2.25+                                                   +
      -                                                   -        -                                                   -
      -                                                   -        -                                                   -
      -                                                   -        -                                                   -
      -                                                   -        -                                                   -
 -3.75++---------+---------+----+----+---------+---------++   -3.75++---------+---------+----+----+---------+---------++
      1.0                      9.5                     18.0     0.8053E-04                3.130                6.260    

             AUTOCORRELATION FUNCTION OF RESIDUALS                        NORMAL PROBABILITY PLOT OF STD RES 
     1++---------+---------+----***--+---------+---------++    3.75++---------+---------+----+----+---------+---------++
      -                        **                         -        -                                                   -
      -                         ***                       -        -                                                   -
      -                        **                         -        -                                                   -
      -                    ******                         -        -                                                   -
     6+                      ****                         +    2.25+                                                   +
      -                     *****                         -        -                                           *       -
      -                         ****                      -        -                                                   -
      -                         ******                    -        -                                                   -
      -                         *                         -        -                                   *  *            -
    11+                         ******                    +    0.75+                               * *                 +
      -                         *                         -        -                              *                    -
      -                     *****                         -        -                            *                      -
      -                         *                         -        -                         * *                       -
      -                       ***                         -        -                      **                           -
    16+                    ******                         +   -0.75+                   **                              +
      -                         *                         -        -               * *                                 -
      -                                                   -        -                                                   -
      -                                                   -        -       *    *                                      -
      -                                                   -        -                                                   -
    21+                                                   +   -2.25+                                                   +
      -                                                   -        -                                                   -
      -                                                   -        -                                                   -
      -                                                   -        -                                                   -
      -                                                   -        -                                                   -
    26++---------+---------+----+----+---------+---------++   -3.75++---------+---------+----+----+---------+---------++
    -1.00                      0.0                     1.00     -2.5                       0.0                      2.5
1
                                                                                                         STARPAC 2.08D (03/15/90)
+NONLINEAR LEAST SQUARES ESTIMATION WITH NUMERICALLY APPROXIMATED DERIVATIVES, CONTINUED



 VARIANCE-COVARIANCE AND CORRELATION MATRICES OF THE ESTIMATED (UNFIXED) PARAMETERS
 ----------------------------------------------------------------------------------

    - APPROXIMATION BASED ON ASSUMPTION THAT RESIDUALS ARE SMALL
    - COVARIANCES ARE ABOVE THE DIAGONAL
    - VARIANCES ARE ON THE DIAGONAL
    - CORRELATION COEFFICIENTS ARE BELOW THE DIAGONAL

 COLUMN         1                2                3                4
 
      1     0.8442242       -0.2503194E-01   -0.5192231       -0.6768890E-05
      2    -0.6252450E-01    0.1898588       -0.7215013E-02   -0.4724061E-05
      3    -0.7834062       -0.2295534E-01    0.5203267        0.4144343E-05
      4    -0.5137345       -0.7560495        0.4006524        0.2056363E-09



 ESTIMATES FROM LEAST SQUARES FIT
 ---------------------------------


                                                                     APPROXIMATE
                                                             95 PERCENT CONFIDENCE LIMITS
 INDEX  FIXED   PARAMETER        SD OF PAR       RATIO            LOWER            UPPER

   1      NO   0.40271086       0.91881675      0.4383       -1.5682959        2.3737176    
   2      NO    48.151496       0.43572795       110.5        47.216791        49.086201    
   3      NO    14.399268       0.72133676       19.96        12.851887        15.946649    
   4      NO   0.16683246E-03   0.14340024E-04   11.63       0.13607085E-03   0.19759408E-03
   5     YES   0.88500000E-05          ---        ---               ---              ---
   6     YES   0.88500000E-05          ---        ---               ---              ---
   7     YES           0.              ---        ---               ---              ---
   8     YES           0.              ---        ---               ---              ---
   9     YES           0.              ---        ---               ---              ---
  10     YES           0.              ---        ---               ---              ---


 RESIDUAL SUM OF SQUARES                 0.3414588    

 RESIDUAL STANDARD DEVIATION             0.1561727    
 BASED ON DEGREES OF FREEDOM       18 -   4 =   14

 APPROXIMATE CONDITION NUMBER             199283.9    
