  8.250000E+00  3.700000E+00  3.700000E+00  3.700000E+00  3.700000E+00  3.700000E+00  0.000000E+00  0.000000E+00  3.700000E+00  3.700000E+00  3.700000E+00
  8.350000E+00  3.700000E+00  3.700000E+00  3.700000E+00  3.700000E+00  3.700000E+00  0.000000E+00  0.000000E+00  3.700000E+00  3.700000E+00  3.700000E+00
  8.450000E+00  3.708952E+00  3.700000E+00  3.700000E+00  3.700000E+00  3.700000E+00  0.000000E+00  0.000000E+00  3.700000E+00  3.700000E+00  3.700000E+00
  8.550000E+00  4.178709E+00  3.700009E+00  3.700000E+00  3.700000E+00  3.700000E+00  0.000000E+00  0.000000E+00  3.700000E+00  3.700000E+00  3.700000E+00
  8.650000E+00  6.622530E+00  3.700494E+00  3.700000E+00  3.700000E+00  3.700000E+00  0.000000E+00  0.000000E+00  3.700000E+00  3.700000E+00  3.700000E+00
  8.750000E+00  9.404507E+00  3.709000E+00  3.700000E+00  3.700000E+00  3.700000E+00  0.000000E+00  0.000000E+00  3.700000E+00  3.700000E+00  3.700000E+00
  8.850000E+00  1.062146E+01  3.775749E+00  3.700000E+00  3.700000E+00  3.700000E+00  0.000000E+00  0.000000E+00  3.700000E+00  3.700000E+00  3.700000E+00
  8.950000E+00  1.108673E+01  4.049694E+00  3.700000E+00  3.700000E+00  3.700000E+00  0.000000E+00  0.000000E+00  3.700000E+00  3.700000E+00  3.700000E+00
  9.050000E+00  1.126638E+01  4.711365E+00  3.700000E+00  3.700000E+00  3.700000E+00  0.000000E+00  0.000000E+00  3.700000E+00  3.700000E+00  3.700000E+00
  9.150000E+00  1.133971E+01  5.764144E+00  3.700002E+00  3.700000E+00  3.700000E+00  0.000000E+00  0.000000E+00  3.700000E+00  3.700000E+00  3.700000E+00
  9.250000E+00  1.137159E+01  6.998687E+00  3.700018E+00  3.700000E+00  3.700000E+00  0.000000E+00  0.000000E+00  3.700000E+00  3.700000E+00  3.700000E+00
  9.350000E+00  1.138619E+01  8.173663E+00  3.700133E+00  3.700000E+00  3.700000E+00  0.000000E+00  0.000000E+00  3.700001E+00  3.700000E+00  3.700000E+00
  9.450000E+00  1.139313E+01  9.146133E+00  3.700759E+00  3.700000E+00  3.700000E+00  0.000000E+00  0.000000E+00  3.700005E+00  3.700000E+00  3.700000E+00
  9.550000E+00  1.139653E+01  9.878388E+00  3.703402E+00  3.700000E+00  3.700000E+00  0.000000E+00  0.000000E+00  3.700025E+00  3.700000E+00  3.700000E+00
  9.650000E+00  1.139822E+01  1.039491E+01  3.712278E+00  3.700000E+00  3.700000E+00  0.000000E+00  0.000000E+00  3.700102E+00  3.700000E+00  3.700000E+00
  9.750000E+00  1.139907E+01  1.074286E+01  3.736558E+00  3.700001E+00  3.700000E+00  0.000000E+00  0.000000E+00  3.700349E+00  3.700000E+00  3.700000E+00
  9.850000E+00  1.139951E+01  1.096964E+01  3.791915E+00  3.700003E+00  3.700000E+00  0.000000E+00  0.000000E+00  3.701008E+00  3.700000E+00  3.700000E+00
  9.950000E+00  1.139974E+01  1.111393E+01  3.899434E+00  3.700017E+00  3.700000E+00  0.000000E+00  0.000000E+00  3.702520E+00  3.700000E+00  3.700000E+00
  1.005000E+01  1.139986E+01  1.120416E+01  4.081016E+00  3.700071E+00  3.700000E+00  0.000000E+00  0.000000E+00  3.705556E+00  3.700000E+00  3.700000E+00
  1.015000E+01  1.139993E+01  1.125987E+01  4.352700E+00  3.700265E+00  3.700000E+00  0.000000E+00  0.000000E+00  3.710987E+00  3.700001E+00  3.700000E+00
  1.025000E+01  1.139996E+01  1.129397E+01  4.718899E+00  3.700861E+00  3.700000E+00  0.000000E+00  0.000000E+00  3.719787E+00  3.700003E+00  3.700000E+00
  1.035000E+01  1.139998E+01  1.131474E+01  5.170129E+00  3.702471E+00  3.700000E+00  0.000000E+00  0.000000E+00  3.732895E+00  3.700008E+00  3.700000E+00
  1.045000E+01  1.139999E+01  1.132738E+01  5.684892E+00  3.706333E+00  3.700000E+00  0.000000E+00  0.000000E+00  3.751069E+00  3.700023E+00  3.700000E+00
  1.055000E+01  1.139999E+01  1.133510E+01  6.234499E+00  3.714655E+00  3.700000E+00  0.000000E+00  0.000000E+00  3.774785E+00  3.700060E+00  3.700000E+00
  1.065000E+01  1.140000E+01  1.133985E+01  6.788795E+00  3.730911E+00  3.700001E+00  0.000000E+00  0.000000E+00  3.804194E+00  3.700139E+00  3.700000E+00
  1.075000E+01  1.140000E+01  1.134283E+01  7.321014E+00  3.759965E+00  3.700002E+00  0.000000E+00  0.000000E+00  3.839140E+00  3.700298E+00  3.700000E+00
  1.085000E+01  1.140000E+01  1.134475E+01  7.810805E+00  3.807885E+00  3.700008E+00  0.000000E+00  0.000000E+00  3.879210E+00  3.700594E+00  3.700000E+00
  1.095000E+01  1.140000E+01  1.134604E+01  8.245317E+00  3.881396E+00  3.700023E+00  0.000000E+00  0.000000E+00  3.923819E+00  3.701105E+00  3.700000E+00
  1.105000E+01  1.140000E+01  1.134695E+01  8.618767E+00  3.987031E+00  3.700063E+00  0.000000E+00  0.000000E+00  3.972290E+00  3.701935E+00  3.700000E+00
  1.115000E+01  1.140000E+01  1.134764E+01  8.931092E+00  4.130143E+00  3.700161E+00  0.000000E+00  0.000000E+00  4.023922E+00  3.703208E+00  3.700001E+00
  1.125000E+01  1.140000E+01  1.134819E+01  9.186263E+00  4.314013E+00  3.700382E+00  0.000000E+00  0.000000E+00  4.078044E+00  3.705063E+00  3.700002E+00
  1.135000E+01  1.140000E+01  1.134866E+01  9.390662E+00  4.539220E+00  3.700849E+00  0.000000E+00  0.000000E+00  4.134047E+00  3.707647E+00  3.700005E+00
  1.145000E+01  1.139105E+01  1.134909E+01  9.551742E+00  4.803423E+00  3.701770E+00  0.000000E+00  0.000000E+00  4.191406E+00  3.711102E+00  3.700012E+00
  1.155000E+01  1.092129E+01  1.134947E+01  9.677058E+00  5.101559E+00  3.703480E+00  0.000000E+00  0.000000E+00  4.249681E+00  3.715556E+00  3.700026E+00
  1.165000E+01  8.477470E+00  1.134936E+01  9.773644E+00  5.426389E+00  3.706479E+00  0.000000E+00  0.000000E+00  4.308518E+00  3.721116E+00  3.700052E+00
  1.175000E+01  5.695493E+00  1.134121E+01  9.847673E+00  5.769263E+00  3.711476E+00  0.000000E+00  0.000000E+00  4.367636E+00  3.727857E+00  3.700099E+00
  1.185000E+01  4.478540E+00  1.127481E+01  9.904336E+00  6.120970E+00  3.719407E+00  0.000000E+00  0.000000E+00  4.426817E+00  3.735824E+00  3.700181E+00
  1.195000E+01  4.013267E+00  1.100121E+01  9.947852E+00  6.472520E+00  3.731444E+00  0.000000E+00  0.000000E+00  4.485897E+00  3.745028E+00  3.700315E+00
  1.205000E+01  3.833625E+00  1.033988E+01  9.981556E+00  6.815787E+00  3.748974E+00  0.000000E+00  0.000000E+00  4.544756E+00  3.755449E+00  3.700528E+00
  1.215000E+01  3.760289E+00  9.287434E+00  1.000802E+01  7.143954E+00  3.773546E+00  0.000000E+00  0.000000E+00  4.603304E+00  3.767041E+00  3.700853E+00
  1.225000E+01  3.728413E+00  8.053221E+00  1.002920E+01  7.451754E+00  3.806792E+00  0.000000E+00  0.000000E+00  4.661478E+00  3.779734E+00  3.701330E+00
  1.235000E+01  3.713814E+00  6.878571E+00  1.004645E+01  7.735529E+00  3.850323E+00  0.000000E+00  0.000000E+00  4.719233E+00  3.793445E+00  3.702012E+00
  1.245000E+01  3.706868E+00  5.906422E+00  1.006044E+01  7.993140E+00  3.905618E+00  0.000000E+00  0.000000E+00  4.776535E+00  3.808081E+00  3.702955E+00
  1.255000E+01  3.703473E+00  5.174486E+00  1.007044E+01  8.223786E+00  3.973909E+00  0.000000E+00  0.000000E+00  4.833351E+00  3.823540E+00  3.704226E+00
  1.265000E+01  3.701782E+00  4.658279E+00  1.007280E+01  8.427763E+00  4.056084E+00  0.000000E+00  0.000000E+00  4.889628E+00  3.839725E+00  3.705895E+00
  1.275000E+01  3.700925E+00  4.310641E+00  1.005876E+01  8.606207E+00  4.152604E+00  0.000000E+00  0.000000E+00  4.945245E+00  3.856539E+00  3.708037E+00
  1.285000E+01  3.700485E+00  4.084173E+00  1.001290E+01  8.760845E+00  4.263461E+00  0.000000E+00  0.000000E+00  4.999955E+00  3.873890E+00  3.710725E+00
  1.295000E+01  3.700257E+00  3.940181E+00  9.914366E+00  8.893766E+00  4.388165E+00  0.000000E+00  0.000000E+00  5.053316E+00  3.891695E+00  3.714033E+00
  1.305000E+01  3.700137E+00  3.850259E+00  9.741377E+00  9.007222E+00  4.525762E+00  0.000000E+00  0.000000E+00  5.104660E+00  3.909878E+00  3.718030E+00
  1.315000E+01  3.700073E+00  3.794848E+00  9.477998E+00  9.103439E+00  4.674888E+00  0.000000E+00  0.000000E+00  5.153114E+00  3.928372E+00  3.722778E+00
  1.325000E+01  3.700040E+00  3.761039E+00  9.119881E+00  9.184411E+00  4.833836E+00  0.000000E+00  0.000000E+00  5.197708E+00  3.947118E+00  3.728331E+00
  1.335000E+01  3.700021E+00  3.740557E+00  8.676557E+00  9.251643E+00  5.000650E+00  0.000000E+00  0.000000E+00  5.237506E+00  3.966062E+00  3.734732E+00
  1.345000E+01  3.700012E+00  3.728206E+00  8.169558E+00  9.305828E+00  5.173219E+00  0.000000E+00  0.000000E+00  5.271755E+00  3.985156E+00  3.742013E+00
  1.355000E+01  3.700006E+00  3.720777E+00  7.627593E+00  9.346482E+00  5.349369E+00  0.000000E+00  0.000000E+00  5.299982E+00  4.004352E+00  3.750194E+00
  1.365000E+01  3.700003E+00  3.716308E+00  7.080834E+00  9.371645E+00  5.526954E+00  0.000000E+00  0.000000E+00  5.322038E+00  4.023599E+00  3.759285E+00
  1.375000E+01  3.700002E+00  3.713609E+00  6.556056E+00  9.377756E+00  5.703931E+00  0.000000E+00  0.000000E+00  5.338086E+00  4.042833E+00  3.769282E+00
  1.385000E+01  3.700001E+00  3.711967E+00  6.073620E+00  9.359858E+00  5.878420E+00  0.000000E+00  0.000000E+00  5.348541E+00  4.061978E+00  3.780172E+00
  1.395000E+01  3.700001E+00  3.710954E+00  5.646380E+00  9.312163E+00  6.048751E+00  0.000000E+00  0.000000E+00  5.353992E+00  4.080937E+00  3.791933E+00
  1.405000E+01  3.700000E+00  3.710313E+00  5.280123E+00  9.228920E+00  6.213486E+00  0.000000E+00  0.000000E+00  5.355121E+00  4.099595E+00  3.804533E+00
  1.415000E+01  3.700000E+00  3.709894E+00  4.974917E+00  9.105419E+00  6.371426E+00  0.000000E+00  0.000000E+00  5.352634E+00  4.117815E+00  3.817934E+00
  1.425000E+01  3.700000E+00  3.709605E+00  4.726792E+00  8.938911E+00  6.521597E+00  0.000000E+00  0.000000E+00  5.347206E+00  4.135448E+00  3.832093E+00
  1.435000E+01  3.700000E+00  3.709395E+00  4.529368E+00  8.729249E+00  6.663224E+00  0.000000E+00  0.000000E+00  5.339448E+00  4.152342E+00  3.846962E+00
  1.445000E+01  3.700000E+00  3.709232E+00  4.375193E+00  8.479124E+00  6.795673E+00  0.000000E+00  0.000000E+00  5.329890E+00  4.168349E+00  3.862489E+00
  1.455000E+01  3.700000E+00  3.709096E+00  4.256711E+00  8.193882E+00  6.918399E+00  0.000000E+00  0.000000E+00  5.318976E+00  4.183334E+00  3.878620E+00
  1.465000E+01  3.700000E+00  3.708977E+00  4.166894E+00  7.880991E+00  7.030870E+00  0.000000E+00  0.000000E+00  5.307066E+00  4.197189E+00  3.895297E+00
  1.475000E+01  3.700000E+00  3.708869E+00  4.099565E+00  7.549280E+00  7.132509E+00  0.000000E+00  0.000000E+00  5.294443E+00  4.209833E+00  3.912461E+00
  1.485000E+01  3.700000E+00  3.708767E+00  4.049536E+00  7.208109E+00  7.222633E+00  0.000000E+00  0.000000E+00  5.281328E+00  4.221222E+00  3.930049E+00
  1.495000E+01  3.700000E+00  3.708669E+00  4.012588E+00  6.866583E+00  7.300424E+00  0.000000E+00  0.000000E+00  5.267890E+00  4.231340E+00  3.947995E+00
  1.505000E+01  3.700000E+00  3.708575E+00  3.985388E+00  6.532920E+00  7.364925E+00  0.000000E+00  0.000000E+00  5.254254E+00  4.240208E+00  3.966228E+00
  1.515000E+01  3.700000E+00  3.708482E+00  3.965359E+00  6.214009E+00  7.415069E+00  0.000000E+00  0.000000E+00  5.240512E+00  4.247869E+00  3.984672E+00
  1.525000E+01  3.700000E+00  3.708391E+00  3.950546E+00  5.915177E+00  7.449736E+00  0.000000E+00  0.000000E+00  5.226732E+00  4.254393E+00  4.003245E+00
  1.535000E+01  3.700000E+00  3.708301E+00  3.939493E+00  5.640129E+00  7.467844E+00  0.000000E+00  0.000000E+00  5.212962E+00  4.259861E+00  4.021860E+00
  1.545000E+01  3.700000E+00  3.708213E+00  3.931128E+00  5.391038E+00  7.468444E+00  0.000000E+00  0.000000E+00  5.199236E+00  4.264367E+00  4.040426E+00
  1.555000E+01  3.700000E+00  3.708125E+00  3.924671E+00  5.168736E+00  7.450822E+00  0.000000E+00  0.000000E+00  5.185578E+00  4.268010E+00  4.058846E+00
  1.565000E+01  3.700000E+00  3.708039E+00  3.919561E+00  4.972948E+00  7.414595E+00  0.000000E+00  0.000000E+00  5.172005E+00  4.270889E+00  4.077022E+00
  1.575000E+01  3.700000E+00  3.707954E+00  3.915398E+00  4.802558E+00  7.359776E+00  0.000000E+00  0.000000E+00  5.158529E+00  4.273100E+00  4.094855E+00
  1.585000E+01  3.700000E+00  3.707869E+00  3.911901E+00  4.655852E+00  7.286820E+00  0.000000E+00  0.000000E+00  5.145156E+00  4.274734E+00  4.112247E+00
  1.595000E+01  3.700000E+00  3.707786E+00  3.908871E+00  4.530744E+00  7.196636E+00  0.000000E+00  0.000000E+00  5.131892E+00  4.275874E+00  4.129106E+00
  1.605000E+01  3.700000E+00  3.707703E+00  3.906168E+00  4.424960E+00  7.090559E+00  0.000000E+00  0.000000E+00  5.118739E+00  4.276596E+00  4.145346E+00
  1.615000E+01  3.700000E+00  3.707621E+00  3.903697E+00  4.336183E+00  6.970303E+00  0.000000E+00  0.000000E+00  5.105701E+00  4.276966E+00  4.160887E+00
  1.625000E+01  3.700000E+00  3.707540E+00  3.901390E+00  4.262164E+00  6.837892E+00  0.000000E+00  0.000000E+00  5.092776E+00  4.277042E+00  4.175664E+00
  1.635000E+01  3.700000E+00  3.707460E+00  3.899202E+00  4.200790E+00  6.695566E+00  0.000000E+00  0.000000E+00  5.079967E+00  4.276876E+00  4.189621E+00
  1.645000E+01  3.700000E+00  3.707381E+00  3.897101E+00  4.150135E+00  6.545692E+00  0.000000E+00  0.000000E+00  5.067272E+00  4.276509E+00  4.202715E+00
  1.655000E+01  3.700000E+00  3.707303E+00  3.895066E+00  4.108476E+00  6.390672E+00  0.000000E+00  0.000000E+00  5.054691E+00  4.275978E+00  4.214917E+00
  1.665000E+01  3.700000E+00  3.707225E+00  3.893081E+00  4.074306E+00  6.232851E+00  0.000000E+00  0.000000E+00  5.042223E+00  4.275313E+00  4.226209E+00
  1.675000E+01  3.700000E+00  3.707148E+00  3.891136E+00  4.046320E+00  6.074449E+00  0.000000E+00  0.000000E+00  5.029869E+00  4.274540E+00  4.236589E+00
  1.685000E+01  3.700000E+00  3.707073E+00  3.889225E+00  4.023410E+00  5.917499E+00  0.000000E+00  0.000000E+00  5.017627E+00  4.273677E+00  4.246063E+00
  1.695000E+01  3.700000E+00  3.706997E+00  3.887342E+00  4.004642E+00  5.763801E+00  0.000000E+00  0.000000E+00  5.005495E+00  4.272743E+00  4.254649E+00
  1.705000E+01  3.700000E+00  3.706923E+00  3.885484E+00  3.989236E+00  5.614897E+00  0.000000E+00  0.000000E+00  4.993474E+00  4.271751E+00  4.262373E+00
  1.715000E+01  3.700000E+00  3.706850E+00  3.883649E+00  3.976547E+00  5.472056E+00  0.000000E+00  0.000000E+00  4.981562E+00  4.270713E+00  4.269270E+00
  1.725000E+01  3.700000E+00  3.706777E+00  3.881835E+00  3.966047E+00  5.336273E+00  0.000000E+00  0.000000E+00  4.969759E+00  4.269636E+00  4.275379E+00
  1.735000E+01  3.700000E+00  3.706705E+00  3.880041E+00  3.957305E+00  5.208283E+00  0.000000E+00  0.000000E+00  4.958063E+00  4.268529E+00  4.280745E+00
  1.745000E+01  3.700000E+00  3.706634E+00  3.878266E+00  3.949970E+00  5.088573E+00  0.000000E+00  0.000000E+00  4.946473E+00  4.267398E+00  4.285415E+00
  1.755000E+01  3.700000E+00  3.706563E+00  3.876510E+00  3.943761E+00  4.977414E+00  0.000000E+00  0.000000E+00  4.934989E+00  4.266246E+00  4.289438E+00
  1.765000E+01  3.700000E+00  3.706494E+00  3.874771E+00  3.938451E+00  4.874882E+00  0.000000E+00  0.000000E+00  4.923610E+00  4.265077E+00  4.292864E+00
  1.775000E+01  3.700000E+00  3.706425E+00  3.873050E+00  3.933858E+00  4.780892E+00  0.000000E+00  0.000000E+00  4.912334E+00  4.263895E+00  4.295742E+00
  1.785000E+01  3.700000E+00  3.706357E+00  3.871347E+00  3.929837E+00  4.695225E+00  0.000000E+00  0.000000E+00  4.901161E+00  4.262701E+00  4.298121E+00
  1.795000E+01  3.700000E+00  3.706289E+00  3.869660E+00  3.926273E+00  4.617557E+00  0.000000E+00  0.000000E+00  4.890090E+00  4.261499E+00  4.300048E+00
  1.805000E+01  3.700000E+00  3.706222E+00  3.867990E+00  3.923075E+00  4.547484E+00  0.000000E+00  0.000000E+00  4.879119E+00  4.260288E+00  4.301567E+00
  1.815000E+01  3.700000E+00  3.706156E+00  3.866337E+00  3.920169E+00  4.484547E+00  0.000000E+00  0.000000E+00  4.868249E+00  4.259071E+00  4.302719E+00
  1.825000E+01  3.700000E+00  3.706091E+00  3.864700E+00  3.917498E+00  4.428252E+00  0.000000E+00  0.000000E+00  4.857478E+00  4.257849E+00  4.303544E+00
  1.835000E+01  3.700000E+00  3.706026E+00  3.863080E+00  3.915016E+00  4.378087E+00  0.000000E+00  0.000000E+00  4.846805E+00  4.256621E+00  4.304079E+00
  1.845000E+01  3.700000E+00  3.705962E+00  3.861475E+00  3.912688E+00  4.333535E+00  0.000000E+00  0.000000E+00  4.836229E+00  4.255389E+00  4.304356E+00
  1.855000E+01  3.700000E+00  3.705899E+00  3.859886E+00  3.910484E+00  4.294088E+00  0.000000E+00  0.000000E+00  4.825750E+00  4.254154E+00  4.304405E+00
  1.865000E+01  3.700000E+00  3.705836E+00  3.858313E+00  3.908382E+00  4.259254E+00  0.000000E+00  0.000000E+00  4.815366E+00  4.252915E+00  4.304254E+00
  1.875000E+01  3.700000E+00  3.705774E+00  3.856756E+00  3.906364E+00  4.228566E+00  0.000000E+00  0.000000E+00  4.805077E+00  4.251673E+00  4.303928E+00
  1.885000E+01  3.700000E+00  3.705713E+00  3.855213E+00  3.904416E+00  4.201581E+00  0.000000E+00  0.000000E+00  4.794882E+00  4.250429E+00  4.303448E+00
  1.895000E+01  3.700000E+00  3.705653E+00  3.853686E+00  3.902527E+00  4.177891E+00  0.000000E+00  0.000000E+00  4.784780E+00  4.249182E+00  4.302834E+00
  1.905000E+01  3.700000E+00  3.705593E+00  3.852175E+00  3.900687E+00  4.157116E+00  0.000000E+00  0.000000E+00  4.774770E+00  4.247933E+00  4.302105E+00
  1.915000E+01  3.700000E+00  3.705533E+00  3.850678E+00  3.898891E+00  4.138913E+00  0.000000E+00  0.000000E+00  4.764851E+00  4.246682E+00  4.301274E+00
  1.925000E+01  3.700000E+00  3.705474E+00  3.849195E+00  3.897131E+00  4.122968E+00  0.000000E+00  0.000000E+00  4.755023E+00  4.245429E+00  4.300356E+00
  1.935000E+01  3.700000E+00  3.705416E+00  3.847728E+00  3.895404E+00  4.108999E+00  0.000000E+00  0.000000E+00  4.745285E+00  4.244174E+00  4.299362E+00
  1.945000E+01  3.700000E+00  3.705359E+00  3.846275E+00  3.893706E+00  4.096754E+00  0.000000E+00  0.000000E+00  4.735636E+00  4.242918E+00  4.298303E+00
  1.955000E+01  3.700000E+00  3.705302E+00  3.844836E+00  3.892034E+00  4.086007E+00  0.000000E+00  0.000000E+00  4.726075E+00  4.241660E+00  4.297189E+00
  1.965000E+01  3.700000E+00  3.705246E+00  3.843411E+00  3.890385E+00  4.076560E+00  0.000000E+00  0.000000E+00  4.716601E+00  4.240401E+00  4.296025E+00
  1.975000E+01  3.700000E+00  3.705190E+00  3.842001E+00  3.888758E+00  4.068237E+00  0.000000E+00  0.000000E+00  4.707213E+00  4.239140E+00  4.294821E+00
  1.985000E+01  3.700000E+00  3.705135E+00  3.840604E+00  3.887152E+00  4.060885E+00  0.000000E+00  0.000000E+00  4.697912E+00  4.237878E+00  4.293580E+00
  1.995000E+01  3.700000E+00  3.705080E+00  3.839221E+00  3.885565E+00  4.054368E+00  0.000000E+00  0.000000E+00  4.688695E+00  4.236615E+00  4.292309E+00
  2.005000E+01  3.700000E+00  3.705026E+00  3.837852E+00  3.883995E+00  4.048569E+00  0.000000E+00  0.000000E+00  4.679563E+00  4.235350E+00  4.291012E+00
  2.015000E+01  3.700000E+00  3.704973E+00  3.836497E+00  3.882443E+00  4.043387E+00  0.000000E+00  0.000000E+00  4.670514E+00  4.234085E+00  4.289692E+00
  2.025000E+01  3.700000E+00  3.704920E+00  3.835154E+00  3.880908E+00  4.038732E+00  0.000000E+00  0.000000E+00  4.661548E+00  4.232819E+00  4.288353E+00
  2.035000E+01  3.700000E+00  3.704868E+00  3.833825E+00  3.879388E+00  4.034528E+00  0.000000E+00  0.000000E+00  4.652664E+00  4.231551E+00  4.286997E+00
  2.045000E+01  3.700000E+00  3.704816E+00  3.832509E+00  3.877884E+00  4.030711E+00  0.000000E+00  0.000000E+00  4.643861E+00  4.230283E+00  4.285627E+00
  2.055000E+01  3.700000E+00  3.704765E+00  3.831206E+00  3.876394E+00  4.027223E+00  0.000000E+00  0.000000E+00  4.635138E+00  4.229014E+00  4.284245E+00
  2.065000E+01  3.700000E+00  3.704715E+00  3.829916E+00  3.874919E+00  4.024016E+00  0.000000E+00  0.000000E+00  4.626496E+00  4.227744E+00  4.282852E+00
  2.075000E+01  3.700000E+00  3.704665E+00  3.828639E+00  3.873458E+00  4.021050E+00  0.000000E+00  0.000000E+00  4.617932E+00  4.226474E+00  4.281450E+00
  2.085000E+01  3.700000E+00  3.704615E+00  3.827374E+00  3.872012E+00  4.018287E+00  0.000000E+00  0.000000E+00  4.609447E+00  4.225202E+00  4.280040E+00
  2.095000E+01  3.700000E+00  3.704566E+00  3.826122E+00  3.870579E+00  4.015700E+00  0.000000E+00  0.000000E+00  4.601039E+00  4.223931E+00  4.278623E+00
  2.105000E+01  3.700000E+00  3.704518E+00  3.824882E+00  3.869159E+00  4.013261E+00  0.000000E+00  0.000000E+00  4.592708E+00  4.222658E+00  4.277201E+00
  2.115000E+01  3.700000E+00  3.704470E+00  3.823654E+00  3.867753E+00  4.010949E+00  0.000000E+00  0.000000E+00  4.584454E+00  4.221385E+00  4.275773E+00
  2.125000E+01  3.700000E+00  3.704422E+00  3.822438E+00  3.866360E+00  4.008746E+00  0.000000E+00  0.000000E+00  4.576275E+00  4.220112E+00  4.274341E+00
  2.135000E+01  3.700000E+00  3.704375E+00  3.821235E+00  3.864980E+00  4.006637E+00  0.000000E+00  0.000000E+00  4.568170E+00  4.218838E+00  4.272905E+00
  2.145000E+01  3.700000E+00  3.704329E+00  3.820043E+00  3.863613E+00  4.004607E+00  0.000000E+00  0.000000E+00  4.560140E+00  4.217564E+00  4.271465E+00
  2.155000E+01  3.700000E+00  3.704283E+00  3.818863E+00  3.862258E+00  4.002646E+00  0.000000E+00  0.000000E+00  4.552184E+00  4.216290E+00  4.270023E+00
  2.165000E+01  3.700000E+00  3.704237E+00  3.817695E+00  3.860915E+00  4.000745E+00  0.000000E+00  0.000000E+00  4.544300E+00  4.215015E+00  4.268578E+00
  2.175000E+01  3.700000E+00  3.704192E+00  3.816538E+00  3.859585E+00  3.998895E+00  0.000000E+00  0.000000E+00  4.536489E+00  4.213741E+00  4.267131E+00
  2.185000E+01  3.700000E+00  3.704148E+00  3.815393E+00  3.858268E+00  3.997089E+00  0.000000E+00  0.000000E+00  4.528749E+00  4.212466E+00  4.265681E+00
  2.195000E+01  3.700000E+00  3.704104E+00  3.814259E+00  3.856962E+00  3.995323E+00  0.000000E+00  0.000000E+00  4.521080E+00  4.211190E+00  4.264230E+00
  2.205000E+01  3.700000E+00  3.704060E+00  3.813136E+00  3.855668E+00  3.993592E+00  0.000000E+00  0.000000E+00  4.513482E+00  4.209915E+00  4.262777E+00
  2.215000E+01  3.700000E+00  3.704017E+00  3.812024E+00  3.854386E+00  3.991890E+00  0.000000E+00  0.000000E+00  4.505953E+00  4.208640E+00  4.261323E+00
  2.225000E+01  3.700000E+00  3.703975E+00  3.810923E+00  3.853116E+00  3.990216E+00  0.000000E+00  0.000000E+00  4.498493E+00  4.207364E+00  4.259867E+00
  2.235000E+01  3.700000E+00  3.703932E+00  3.809833E+00  3.851857E+00  3.988566E+00  0.000000E+00  0.000000E+00  4.491101E+00  4.206089E+00  4.258410E+00
  2.245000E+01  3.700000E+00  3.703891E+00  3.808754E+00  3.850609E+00  3.986938E+00  0.000000E+00  0.000000E+00  4.483777E+00  4.204814E+00  4.256953E+00
  2.255000E+01  3.700000E+00  3.703849E+00  3.807685E+00  3.849373E+00  3.985329E+00  0.000000E+00  0.000000E+00  4.476520E+00  4.203539E+00  4.255494E+00
  2.265000E+01  3.700000E+00  3.703808E+00  3.806627E+00  3.848148E+00  3.983739E+00  0.000000E+00  0.000000E+00  4.469330E+00  4.202264E+00  4.254035E+00
  2.275000E+01  3.700000E+00  3.703768E+00  3.805579E+00  3.846935E+00  3.982165E+00  0.000000E+00  0.000000E+00  4.462206E+00  4.200989E+00  4.252575E+00
  2.285000E+01  3.700000E+00  3.703728E+00  3.804542E+00  3.845732E+00  3.980607E+00  0.000000E+00  0.000000E+00  4.455147E+00  4.199715E+00  4.251115E+00
  2.295000E+01  3.700000E+00  3.703688E+00  3.803515E+00  3.844540E+00  3.979064E+00  0.000000E+00  0.000000E+00  4.448152E+00  4.198441E+00  4.249654E+00
  2.305000E+01  3.700000E+00  3.703649E+00  3.802498E+00  3.843359E+00  3.977534E+00  0.000000E+00  0.000000E+00  4.441222E+00  4.197167E+00  4.248192E+00
  2.315000E+01  3.700000E+00  3.703611E+00  3.801491E+00  3.842189E+00  3.976017E+00  0.000000E+00  0.000000E+00  4.434356E+00  4.195893E+00  4.246731E+00
  2.325000E+01  3.700000E+00  3.703572E+00  3.800494E+00  3.841029E+00  3.974513E+00  0.000000E+00  0.000000E+00  4.427552E+00  4.194620E+00  4.245269E+00
  2.335000E+01  3.700000E+00  3.703534E+00  3.799507E+00  3.839880E+00  3.973020E+00  0.000000E+00  0.000000E+00  4.420811E+00  4.193347E+00  4.243807E+00
  2.345000E+01  3.700000E+00  3.703497E+00  3.798530E+00  3.838741E+00  3.971538E+00  0.000000E+00  0.000000E+00  4.414132E+00  4.192075E+00  4.242344E+00
  2.355000E+01  3.700000E+00  3.703460E+00  3.797562E+00  3.837613E+00  3.970068E+00  0.000000E+00  0.000000E+00  4.407514E+00  4.190803E+00  4.240882E+00
  2.365000E+01  3.700000E+00  3.703423E+00  3.796604E+00  3.836494E+00  3.968608E+00  0.000000E+00  0.000000E+00  4.400957E+00  4.189532E+00  4.239419E+00
  2.375000E+01  3.700000E+00  3.703387E+00  3.795655E+00  3.835386E+00  3.967159E+00  0.000000E+00  0.000000E+00  4.394460E+00  4.188262E+00  4.237957E+00
  2.385000E+01  3.700000E+00  3.703351E+00  3.794716E+00  3.834288E+00  3.965719E+00  0.000000E+00  0.000000E+00  4.388022E+00  4.186992E+00  4.236495E+00
  2.395000E+01  3.700000E+00  3.703315E+00  3.793786E+00  3.833199E+00  3.964290E+00  0.000000E+00  0.000000E+00  4.381644E+00  4.185722E+00  4.235033E+00
  2.405000E+01  3.700000E+00  3.703280E+00  3.792865E+00  3.832121E+00  3.962870E+00  0.000000E+00  0.000000E+00  4.375324E+00  4.184453E+00  4.233571E+00
  2.415000E+01  3.700000E+00  3.703245E+00  3.791953E+00  3.831052E+00  3.961460E+00  0.000000E+00  0.000000E+00  4.369063E+00  4.183185E+00  4.232109E+00
