  5.000000E-01  6.399497E-01  6.399497E-01
  1.500000E+00  6.398492E-01  6.398492E-01
  2.500000E+00  6.397487E-01  6.397487E-01
  3.500000E+00  6.396482E-01  6.396482E-01
  4.500000E+00  6.395478E-01  6.395478E-01
  5.500000E+00  6.394473E-01  6.394473E-01
  6.500000E+00  6.393469E-01  6.393469E-01
  7.500000E+00  6.392465E-01  6.392465E-01
  8.500000E+00  6.391461E-01  6.391461E-01
  9.500000E+00  6.390457E-01  6.390457E-01
  1.050000E+01  6.389453E-01  6.389453E-01
  1.150000E+01  6.388450E-01  6.388450E-01
  1.250000E+01  6.387446E-01  6.387446E-01
  1.350000E+01  6.386443E-01  6.386443E-01
  1.450000E+01  6.385440E-01  6.385440E-01
  1.550000E+01  6.384437E-01  6.384437E-01
  1.650000E+01  6.383434E-01  6.383434E-01
  1.750000E+01  6.382432E-01  6.382432E-01
  1.850000E+01  6.381429E-01  6.381429E-01
  1.950000E+01  6.380427E-01  6.380427E-01
  2.050000E+01  6.379425E-01  6.379425E-01
  2.150000E+01  6.378423E-01  6.378423E-01
  2.250000E+01  6.377421E-01  6.377421E-01
  2.350000E+01  6.376421E-01  6.376421E-01
  2.450000E+01  6.375409E-01  6.375409E-01
  2.550000E+01  6.374488E-01  6.374488E-01
  2.650000E+01  6.373257E-01  6.373257E-01
  2.750000E+01  6.371972E-01  6.371972E-01
  2.850000E+01  6.370689E-01  6.370689E-01
  2.950000E+01  6.369408E-01  6.369408E-01
  3.050000E+01  6.368128E-01  6.368128E-01
  3.150000E+01  6.366850E-01  6.366850E-01
  3.250000E+01  6.365573E-01  6.365573E-01
  3.350000E+01  6.364299E-01  6.364299E-01
  3.450000E+01  6.363026E-01  6.363026E-01
  3.550000E+01  6.361755E-01  6.361755E-01
  3.650000E+01  6.360485E-01  6.360485E-01
  3.750000E+01  6.359218E-01  6.359218E-01
  3.850000E+01  6.357952E-01  6.357952E-01
  3.950000E+01  6.356687E-01  6.356687E-01
  4.050000E+01  6.355425E-01  6.355425E-01
  4.150000E+01  6.354164E-01  6.354164E-01
  4.250000E+01  6.352905E-01  6.352905E-01
  4.350000E+01  6.351647E-01  6.351647E-01
  4.450000E+01  6.350391E-01  6.350391E-01
  4.550000E+01  6.349137E-01  6.349137E-01
  4.650000E+01  6.347885E-01  6.347885E-01
  4.750000E+01  6.346634E-01  6.346634E-01
  4.850000E+01  6.345385E-01  6.345385E-01
  4.950000E+01  6.344138E-01  6.344138E-01
  5.050000E+01  6.342892E-01  6.342892E-01
  5.150000E+01  6.341648E-01  6.341648E-01
  5.250000E+01  6.340406E-01  6.340406E-01
  5.350000E+01  6.339165E-01  6.339165E-01
  5.450000E+01  6.337926E-01  6.337926E-01
  5.550000E+01  6.336688E-01  6.336688E-01
  5.650000E+01  6.335453E-01  6.335453E-01
  5.750000E+01  6.334219E-01  6.334219E-01
  5.850000E+01  6.332986E-01  6.332986E-01
  5.950000E+01  6.331755E-01  6.331755E-01
  6.050000E+01  6.330526E-01  6.330526E-01
  6.150000E+01  6.329299E-01  6.329299E-01
  6.250000E+01  6.328073E-01  6.328073E-01
  6.350000E+01  6.326849E-01  6.326849E-01
  6.450000E+01  6.325626E-01  6.325626E-01
  6.550000E+01  6.324405E-01  6.324405E-01
  6.650000E+01  6.323186E-01  6.323186E-01
  6.750000E+01  6.321968E-01  6.321968E-01
  6.850000E+01  6.320752E-01  6.320752E-01
  6.950000E+01  6.319537E-01  6.319537E-01
  7.050000E+01  6.318324E-01  6.318324E-01
  7.150000E+01  6.317113E-01  6.317113E-01
  7.250000E+01  6.315903E-01  6.315903E-01
  7.350000E+01  6.314695E-01  6.314695E-01
  7.450000E+01  6.313488E-01  6.313488E-01
  7.550000E+01  6.312284E-01  6.312284E-01
  7.650000E+01  6.311080E-01  6.311080E-01
  7.750000E+01  6.309878E-01  6.309878E-01
  7.850000E+01  6.308678E-01  6.308678E-01
  7.950000E+01  6.307480E-01  6.307480E-01
  8.050000E+01  6.306283E-01  6.306283E-01
  8.150000E+01  6.305087E-01  6.305087E-01
  8.250000E+01  6.303893E-01  6.303893E-01
  8.350000E+01  6.302701E-01  6.302701E-01
  8.450000E+01  6.301510E-01  6.301510E-01
  8.550000E+01  6.300321E-01  6.300321E-01
  8.650000E+01  6.299134E-01  6.299134E-01
  8.750000E+01  6.297948E-01  6.297948E-01
  8.850000E+01  6.296763E-01  6.296763E-01
  8.950000E+01  6.295580E-01  6.295580E-01
  9.050000E+01  6.294399E-01  6.294399E-01
  9.150000E+01  6.293219E-01  6.293219E-01
  9.250000E+01  6.292041E-01  6.292041E-01
  9.350000E+01  6.290864E-01  6.290864E-01
  9.450000E+01  6.289689E-01  6.289689E-01
  9.550000E+01  6.288515E-01  6.288515E-01
  9.650000E+01  6.287343E-01  6.287343E-01
  9.750000E+01  6.286172E-01  6.286172E-01
  9.850000E+01  6.285003E-01  6.285003E-01
  9.950000E+01  6.283836E-01  6.283836E-01
  1.005000E+02  6.282670E-01  6.282670E-01
  1.015000E+02  6.281505E-01  6.281505E-01
  1.025000E+02  6.280342E-01  6.280342E-01
  1.035000E+02  6.279180E-01  6.279180E-01
  1.045000E+02  6.278020E-01  6.278020E-01
  1.055000E+02  6.276862E-01  6.276862E-01
  1.065000E+02  6.275705E-01  6.275705E-01
  1.075000E+02  6.274549E-01  6.274549E-01
  1.085000E+02  6.273395E-01  6.273395E-01
  1.095000E+02  6.272243E-01  6.272243E-01
  1.105000E+02  6.271092E-01  6.271092E-01
  1.115000E+02  6.269942E-01  6.269942E-01
  1.125000E+02  6.268794E-01  6.268794E-01
  1.135000E+02  6.267648E-01  6.267648E-01
  1.145000E+02  6.266503E-01  6.266503E-01
  1.155000E+02  6.265359E-01  6.265359E-01
  1.165000E+02  6.264217E-01  6.264217E-01
  1.175000E+02  6.263076E-01  6.263076E-01
  1.185000E+02  6.261937E-01  6.261937E-01
  1.195000E+02  6.260799E-01  6.260799E-01
  1.205000E+02  6.259663E-01  6.259663E-01
  1.215000E+02  6.258528E-01  6.258528E-01
  1.225000E+02  6.257395E-01  6.257395E-01
  1.235000E+02  6.256263E-01  6.256263E-01
  1.245000E+02  6.255133E-01  6.255133E-01
  1.255000E+02  6.254004E-01  6.254004E-01
  1.265000E+02  6.252876E-01  6.252876E-01
  1.275000E+02  6.251750E-01  6.251750E-01
  1.285000E+02  6.250626E-01  6.250626E-01
  1.295000E+02  6.249502E-01  6.249502E-01
  1.305000E+02  6.248381E-01  6.248381E-01
  1.315000E+02  6.247260E-01  6.247260E-01
  1.325000E+02  6.246141E-01  6.246141E-01
  1.335000E+02  6.245024E-01  6.245024E-01
  1.345000E+02  6.243908E-01  6.243908E-01
  1.355000E+02  6.242793E-01  6.242793E-01
  1.365000E+02  6.241680E-01  6.241680E-01
  1.375000E+02  6.240568E-01  6.240568E-01
  1.385000E+02  6.239458E-01  6.239458E-01
  1.395000E+02  6.238349E-01  6.238349E-01
  1.405000E+02  6.237241E-01  6.237241E-01
  1.415000E+02  6.236135E-01  6.236135E-01
  1.425000E+02  6.235030E-01  6.235030E-01
  1.435000E+02  6.233927E-01  6.233927E-01
  1.445000E+02  6.232825E-01  6.232825E-01
  1.455000E+02  6.231725E-01  6.231725E-01
  1.465000E+02  6.230625E-01  6.230625E-01
  1.475000E+02  6.229528E-01  6.229528E-01
  1.485000E+02  6.228431E-01  6.228431E-01
  1.495000E+02  6.227336E-01  6.227336E-01
  1.505000E+02  6.226243E-01  6.226243E-01
  1.515000E+02  6.225150E-01  6.225150E-01
  1.525000E+02  6.224060E-01  6.224060E-01
  1.535000E+02  6.222970E-01  6.222970E-01
  1.545000E+02  6.221882E-01  6.221882E-01
  1.555000E+02  6.220795E-01  6.220795E-01
  1.565000E+02  6.219710E-01  6.219710E-01
  1.575000E+02  6.218626E-01  6.218626E-01
  1.585000E+02  6.217543E-01  6.217543E-01
  1.595000E+02  6.216462E-01  6.216462E-01
  1.605000E+02  6.215382E-01  6.215382E-01
  1.615000E+02  6.214304E-01  6.214304E-01
  1.625000E+02  6.213227E-01  6.213227E-01
  1.635000E+02  6.212151E-01  6.212151E-01
  1.645000E+02  6.211076E-01  6.211076E-01
  1.655000E+02  6.210003E-01  6.210003E-01
  1.665000E+02  6.208931E-01  6.208931E-01
  1.675000E+02  6.207861E-01  6.207861E-01
  1.685000E+02  6.206792E-01  6.206792E-01
  1.695000E+02  6.205724E-01  6.205724E-01
  1.705000E+02  6.204658E-01  6.204658E-01
  1.715000E+02  6.203593E-01  6.203593E-01
  1.725000E+02  6.202529E-01  6.202529E-01
  1.735000E+02  6.201466E-01  6.201466E-01
  1.745000E+02  6.200405E-01  6.200405E-01
  1.755000E+02  6.199345E-01  6.199345E-01
  1.765000E+02  6.198287E-01  6.198287E-01
  1.775000E+02  6.197230E-01  6.197230E-01
  1.785000E+02  6.196174E-01  6.196174E-01
  1.795000E+02  6.195119E-01  6.195119E-01
  1.805000E+02  6.194066E-01  6.194066E-01
  1.815000E+02  6.193014E-01  6.193014E-01
  1.825000E+02  6.191964E-01  6.191964E-01
  1.835000E+02  6.190914E-01  6.190914E-01
  1.845000E+02  6.189866E-01  6.189866E-01
  1.855000E+02  6.188820E-01  6.188820E-01
  1.865000E+02  6.187774E-01  6.187774E-01
  1.875000E+02  6.186730E-01  6.186730E-01
  1.885000E+02  6.185687E-01  6.185687E-01
  1.895000E+02  6.184646E-01  6.184646E-01
  1.905000E+02  6.183606E-01  6.183606E-01
  1.915000E+02  6.182567E-01  6.182567E-01
  1.925000E+02  6.181529E-01  6.181529E-01
  1.935000E+02  6.180493E-01  6.180493E-01
  1.945000E+02  6.179457E-01  6.179457E-01
  1.955000E+02  6.178424E-01  6.178424E-01
  1.965000E+02  6.177391E-01  6.177391E-01
  1.975000E+02  6.176360E-01  6.176360E-01
  1.985000E+02  6.175330E-01  6.175330E-01
  1.995000E+02  6.174301E-01  6.174301E-01
  2.005000E+02  6.173273E-01  6.173273E-01
  2.015000E+02  6.172247E-01  6.172247E-01
  2.025000E+02  6.171222E-01  6.171222E-01
  2.035000E+02  6.170199E-01  6.170199E-01
  2.045000E+02  6.169176E-01  6.169176E-01
  2.055000E+02  6.168155E-01  6.168155E-01
  2.065000E+02  6.167135E-01  6.167135E-01
  2.075000E+02  6.166116E-01  6.166116E-01
  2.085000E+02  6.165099E-01  6.165099E-01
  2.095000E+02  6.164083E-01  6.164083E-01
  2.105000E+02  6.163068E-01  6.163068E-01
  2.115000E+02  6.162054E-01  6.162054E-01
  2.125000E+02  6.161041E-01  6.161041E-01
  2.135000E+02  6.160030E-01  6.160030E-01
  2.145000E+02  6.159020E-01  6.159020E-01
  2.155000E+02  6.158011E-01  6.158011E-01
  2.165000E+02  6.157004E-01  6.157004E-01
  2.175000E+02  6.155997E-01  6.155997E-01
  2.185000E+02  6.154992E-01  6.154992E-01
  2.195000E+02  6.153988E-01  6.153988E-01
  2.205000E+02  6.152986E-01  6.152986E-01
  2.215000E+02  6.151984E-01  6.151984E-01
  2.225000E+02  6.150984E-01  6.150984E-01
  2.235000E+02  6.149985E-01  6.149985E-01
  2.245000E+02  6.148987E-01  6.148987E-01
  2.255000E+02  6.147990E-01  6.147990E-01
  2.265000E+02  6.146995E-01  6.146995E-01
  2.275000E+02  6.146001E-01  6.146001E-01
  2.285000E+02  6.145008E-01  6.145008E-01
  2.295000E+02  6.144016E-01  6.144016E-01
  2.305000E+02  6.143026E-01  6.143026E-01
  2.315000E+02  6.142036E-01  6.142036E-01
  2.325000E+02  6.141048E-01  6.141048E-01
  2.335000E+02  6.140061E-01  6.140061E-01
  2.345000E+02  6.139075E-01  6.139075E-01
  2.355000E+02  6.138090E-01  6.138090E-01
  2.365000E+02  6.137107E-01  6.137107E-01
  2.375000E+02  6.136125E-01  6.136125E-01
  2.385000E+02  6.135144E-01  6.135144E-01
  2.395000E+02  6.134164E-01  6.134164E-01
  2.405000E+02  6.133185E-01  6.133185E-01
  2.415000E+02  6.132208E-01  6.132208E-01
  2.425000E+02  6.131231E-01  6.131231E-01
  2.435000E+02  6.130256E-01  6.130256E-01
  2.445000E+02  6.129282E-01  6.129282E-01
  2.455000E+02  6.128309E-01  6.128309E-01
  2.465000E+02  6.127337E-01  6.127337E-01
  2.475000E+02  6.126367E-01  6.126367E-01
  2.485000E+02  6.125398E-01  6.125398E-01
  2.495000E+02  6.124429E-01  6.124429E-01
  2.505000E+02  6.123462E-01  6.123462E-01
  2.515000E+02  6.122496E-01  6.122496E-01
  2.525000E+02  6.121532E-01  6.121532E-01
  2.535000E+02  6.120568E-01  6.120568E-01
  2.545000E+02  6.119606E-01  6.119606E-01
  2.555000E+02  6.118644E-01  6.118644E-01
  2.565000E+02  6.117684E-01  6.117684E-01
  2.575000E+02  6.116725E-01  6.116725E-01
  2.585000E+02  6.115767E-01  6.115767E-01
  2.595000E+02  6.114811E-01  6.114811E-01
  2.605000E+02  6.113855E-01  6.113855E-01
  2.615000E+02  6.112901E-01  6.112901E-01
  2.625000E+02  6.111947E-01  6.111947E-01
  2.635000E+02  6.110995E-01  6.110995E-01
  2.645000E+02  6.110044E-01  6.110044E-01
  2.655000E+02  6.109094E-01  6.109094E-01
  2.665000E+02  6.108145E-01  6.108145E-01
  2.675000E+02  6.107198E-01  6.107198E-01
  2.685000E+02  6.106251E-01  6.106251E-01
  2.695000E+02  6.105306E-01  6.105306E-01
  2.705000E+02  6.104361E-01  6.104361E-01
  2.715000E+02  6.103418E-01  6.103418E-01
  2.725000E+02  6.102476E-01  6.102476E-01
  2.735000E+02  6.101535E-01  6.101535E-01
  2.745000E+02  6.100595E-01  6.100595E-01
  2.755000E+02  6.099657E-01  6.099657E-01
  2.765000E+02  6.098719E-01  6.098719E-01
  2.775000E+02  6.097782E-01  6.097782E-01
  2.785000E+02  6.096847E-01  6.096847E-01
  2.795000E+02  6.095913E-01  6.095913E-01
  2.805000E+02  6.094979E-01  6.094979E-01
  2.815000E+02  6.094047E-01  6.094047E-01
  2.825000E+02  6.093116E-01  6.093116E-01
  2.835000E+02  6.092186E-01  6.092186E-01
  2.845000E+02  6.091257E-01  6.091257E-01
  2.855000E+02  6.090330E-01  6.090330E-01
  2.865000E+02  6.089403E-01  6.089403E-01
  2.875000E+02  6.088477E-01  6.088477E-01
  2.885000E+02  6.087553E-01  6.087553E-01
  2.895000E+02  6.086629E-01  6.086629E-01
  2.905000E+02  6.085707E-01  6.085707E-01
  2.915000E+02  6.084786E-01  6.084786E-01
  2.925000E+02  6.083866E-01  6.083866E-01
  2.935000E+02  6.082947E-01  6.082947E-01
  2.945000E+02  6.082028E-01  6.082028E-01
  2.955000E+02  6.081112E-01  6.081112E-01
  2.965000E+02  6.080196E-01  6.080196E-01
  2.975000E+02  6.079281E-01  6.079281E-01
  2.985000E+02  6.078367E-01  6.078367E-01
  2.995000E+02  6.077454E-01  6.077454E-01
  3.005000E+02  6.076543E-01  6.076543E-01
  3.015000E+02  6.075632E-01  6.075632E-01
  3.025000E+02  6.074723E-01  6.074723E-01
  3.035000E+02  6.073814E-01  6.073814E-01
  3.045000E+02  6.072907E-01  6.072907E-01
  3.055000E+02  6.072000E-01  6.072000E-01
  3.065000E+02  6.071095E-01  6.071095E-01
  3.075000E+02  6.070191E-01  6.070191E-01
  3.085000E+02  6.069288E-01  6.069288E-01
  3.095000E+02  6.068386E-01  6.068386E-01
  3.105000E+02  6.067484E-01  6.067484E-01
  3.115000E+02  6.066584E-01  6.066584E-01
  3.125000E+02  6.065685E-01  6.065685E-01
  3.135000E+02  6.064787E-01  6.064787E-01
  3.145000E+02  6.063890E-01  6.063890E-01
  3.155000E+02  6.062994E-01  6.062994E-01
  3.165000E+02  6.062100E-01  6.062100E-01
  3.175000E+02  6.061206E-01  6.061206E-01
  3.185000E+02  6.060313E-01  6.060313E-01
  3.195000E+02  6.059421E-01  6.059421E-01
  3.205000E+02  6.058530E-01  6.058530E-01
  3.215000E+02  6.057641E-01  6.057641E-01
  3.225000E+02  6.056752E-01  6.056752E-01
  3.235000E+02  6.055864E-01  6.055864E-01
  3.245000E+02  6.054978E-01  6.054978E-01
  3.255000E+02  6.054092E-01  6.054092E-01
  3.265000E+02  6.053207E-01  6.053207E-01
  3.275000E+02  6.052324E-01  6.052324E-01
  3.285000E+02  6.051441E-01  6.051441E-01
  3.295000E+02  6.050560E-01  6.050560E-01
  3.305000E+02  6.049679E-01  6.049679E-01
  3.315000E+02  6.048799E-01  6.048799E-01
  3.325000E+02  6.047921E-01  6.047921E-01
  3.335000E+02  6.047043E-01  6.047043E-01
  3.345000E+02  6.046167E-01  6.046167E-01
  3.355000E+02  6.045291E-01  6.045291E-01
  3.365000E+02  6.044417E-01  6.044417E-01
  3.375000E+02  6.043543E-01  6.043543E-01
  3.385000E+02  6.042671E-01  6.042671E-01
  3.395000E+02  6.041799E-01  6.041799E-01
  3.405000E+02  6.040928E-01  6.040928E-01
  3.415000E+02  6.040059E-01  6.040059E-01
  3.425000E+02  6.039190E-01  6.039190E-01
  3.435000E+02  6.038323E-01  6.038323E-01
  3.445000E+02  6.037456E-01  6.037456E-01
  3.455000E+02  6.036590E-01  6.036590E-01
  3.465000E+02  6.035726E-01  6.035726E-01
  3.475000E+02  6.034862E-01  6.034862E-01
  3.485000E+02  6.034000E-01  6.034000E-01
  3.495000E+02  6.033138E-01  6.033138E-01
  3.505000E+02  6.032277E-01  6.032277E-01
  3.515000E+02  6.031418E-01  6.031418E-01
  3.525000E+02  6.030557E-01  6.030557E-01
  3.535000E+02  6.029708E-01  6.029708E-01
  3.545000E+02  6.028822E-01  6.028822E-01
  3.555000E+02  6.028059E-01  6.028059E-01
  3.565000E+02  6.026905E-01  6.026905E-01
  3.575000E+02  6.027017E-01  6.027017E-01
  3.585000E+02  6.023050E-01  6.023050E-01
  3.595000E+02  6.032226E-01  6.032226E-01
  3.605000E+02  5.999098E-01  5.999098E-01
  3.615000E+02  6.102063E-01  6.102063E-01
  3.625000E+02  5.767556E-01  5.767556E-01
  3.635000E+02  6.838273E-01  6.838273E-01
  3.645000E+02  7.907170E-01  7.907170E-01
  3.655000E+02  8.974252E-01  8.974252E-01
  3.665000E+02  1.003952E+00  1.003952E+00
  3.675000E+02  1.110298E+00  1.110298E+00
  3.685000E+02  1.216464E+00  1.216464E+00
  3.695000E+02  1.322450E+00  1.322450E+00
  3.705000E+02  1.428256E+00  1.428256E+00
  3.715000E+02  1.533883E+00  1.533883E+00
  3.725000E+02  1.639331E+00  1.639331E+00
  3.735000E+02  1.744600E+00  1.744600E+00
  3.745000E+02  1.849692E+00  1.849692E+00
  3.755000E+02  1.954606E+00  1.954606E+00
  3.765000E+02  2.059343E+00  2.059343E+00
  3.775000E+02  2.163902E+00  2.163902E+00
  3.785000E+02  2.268286E+00  2.268286E+00
  3.795000E+02  2.372493E+00  2.372493E+00
  3.805000E+02  2.476525E+00  2.476525E+00
  3.815000E+02  2.580381E+00  2.580381E+00
  3.825000E+02  2.684062E+00  2.684062E+00
  3.835000E+02  2.787569E+00  2.787569E+00
  3.845000E+02  2.890902E+00  2.890902E+00
  3.855000E+02  2.994060E+00  2.994060E+00
  3.865000E+02  3.097046E+00  3.097046E+00
  3.875000E+02  3.199858E+00  3.199858E+00
  3.885000E+02  3.302498E+00  3.302498E+00
  3.895000E+02  3.404966E+00  3.404966E+00
  3.905000E+02  3.507261E+00  3.507261E+00
  3.915000E+02  3.609385E+00  3.609385E+00
  3.925000E+02  3.711338E+00  3.711338E+00
  3.935000E+02  3.813120E+00  3.813120E+00
  3.945000E+02  3.914732E+00  3.914732E+00
  3.955000E+02  4.016174E+00  4.016174E+00
  3.965000E+02  4.117446E+00  4.117446E+00
  3.975000E+02  4.218548E+00  4.218548E+00
  3.985000E+02  4.319482E+00  4.319482E+00
  3.995000E+02  4.420247E+00  4.420247E+00
  4.005000E+02  4.520844E+00  4.520844E+00
  4.015000E+02  4.621274E+00  4.621274E+00
  4.025000E+02  4.721535E+00  4.721535E+00
  4.035000E+02  4.821630E+00  4.821630E+00
  4.045000E+02  4.921558E+00  4.921558E+00
  4.055000E+02  5.021319E+00  5.021319E+00
  4.065000E+02  5.120915E+00  5.120915E+00
  4.075000E+02  5.220345E+00  5.220345E+00
  4.085000E+02  5.319609E+00  5.319609E+00
  4.095000E+02  5.418709E+00  5.418709E+00
  4.105000E+02  5.517644E+00  5.517644E+00
  4.115000E+02  5.616414E+00  5.616414E+00
  4.125000E+02  5.715021E+00  5.715021E+00
  4.135000E+02  5.813465E+00  5.813465E+00
  4.145000E+02  5.911745E+00  5.911745E+00
  4.155000E+02  6.009862E+00  6.009862E+00
  4.165000E+02  6.107817E+00  6.107817E+00
  4.175000E+02  6.205610E+00  6.205610E+00
  4.185000E+02  6.303241E+00  6.303241E+00
  4.195000E+02  6.400710E+00  6.400710E+00
  4.205000E+02  6.498019E+00  6.498019E+00
  4.215000E+02  6.595166E+00  6.595166E+00
  4.225000E+02  6.692154E+00  6.692154E+00
  4.235000E+02  6.788981E+00  6.788981E+00
  4.245000E+02  6.885648E+00  6.885648E+00
  4.255000E+02  6.982157E+00  6.982157E+00
  4.265000E+02  7.078506E+00  7.078506E+00
  4.275000E+02  7.174696E+00  7.174696E+00
  4.285000E+02  7.270729E+00  7.270729E+00
  4.295000E+02  7.366603E+00  7.366603E+00
  4.305000E+02  7.462319E+00  7.462319E+00
  4.315000E+02  7.557878E+00  7.557878E+00
  4.325000E+02  7.653281E+00  7.653281E+00
  4.335000E+02  7.748526E+00  7.748526E+00
  4.345000E+02  7.843615E+00  7.843615E+00
  4.355000E+02  7.938549E+00  7.938549E+00
  4.365000E+02  8.033326E+00  8.033326E+00
  4.375000E+02  8.127948E+00  8.127948E+00
  4.385000E+02  8.222416E+00  8.222416E+00
  4.395000E+02  8.316728E+00  8.316728E+00
  4.405000E+02  8.410887E+00  8.410887E+00
  4.415000E+02  8.504891E+00  8.504891E+00
  4.425000E+02  8.598741E+00  8.598741E+00
  4.435000E+02  8.692439E+00  8.692439E+00
  4.445000E+02  8.785983E+00  8.785983E+00
  4.455000E+02  8.879374E+00  8.879374E+00
  4.465000E+02  8.972613E+00  8.972613E+00
  4.475000E+02  9.065701E+00  9.065701E+00
  4.485000E+02  9.158636E+00  9.158636E+00
  4.495000E+02  9.251420E+00  9.251420E+00
  4.505000E+02  9.344053E+00  9.344053E+00
  4.515000E+02  9.436535E+00  9.436535E+00
  4.525000E+02  9.528866E+00  9.528866E+00
  4.535000E+02  9.621048E+00  9.621048E+00
  4.545000E+02  9.713080E+00  9.713080E+00
  4.555000E+02  9.804962E+00  9.804962E+00
  4.565000E+02  9.896695E+00  9.896695E+00
  4.575000E+02  9.988279E+00  9.988279E+00
  4.585000E+02  1.007971E+01  1.007971E+01
  4.595000E+02  1.017100E+01  1.017100E+01
  4.605000E+02  1.026214E+01  1.026214E+01
  4.615000E+02  1.035313E+01  1.035313E+01
  4.625000E+02  1.044398E+01  1.044398E+01
  4.635000E+02  1.053467E+01  1.053467E+01
  4.645000E+02  1.062523E+01  1.062523E+01
  4.655000E+02  1.071563E+01  1.071563E+01
  4.665000E+02  1.080589E+01  1.080589E+01
  4.675000E+02  1.089600E+01  1.089600E+01
  4.685000E+02  1.098597E+01  1.098597E+01
  4.695000E+02  1.107579E+01  1.107579E+01
  4.705000E+02  1.116547E+01  1.116547E+01
  4.715000E+02  1.125500E+01  1.125500E+01
  4.725000E+02  1.134439E+01  1.134439E+01
  4.735000E+02  1.143363E+01  1.143363E+01
  4.745000E+02  1.152273E+01  1.152273E+01
  4.755000E+02  1.161171E+01  1.161171E+01
  4.765000E+02  1.170045E+01  1.170045E+01
  4.775000E+02  1.178932E+01  1.178932E+01
  4.785000E+02  1.187726E+01  1.187726E+01
  4.795000E+02  1.196740E+01  1.196740E+01
  4.805000E+02  1.205045E+01  1.205045E+01
  4.815000E+02  1.215395E+01  1.215395E+01
  4.825000E+02  1.219632E+01  1.219632E+01
  4.835000E+02  1.241909E+01  1.241909E+01
  4.845000E+02  1.202646E+01  1.202646E+01
  4.855000E+02  1.167628E+01  1.167628E+01
  4.865000E+02  1.134333E+01  1.134333E+01
  4.875000E+02  1.102647E+01  1.102647E+01
  4.885000E+02  1.072462E+01  1.072462E+01
  4.895000E+02  1.043681E+01  1.043681E+01
  4.905000E+02  1.016214E+01  1.016214E+01
  4.915000E+02  9.899790E+00  9.899790E+00
  4.925000E+02  9.649003E+00  9.649003E+00
  4.935000E+02  9.409078E+00  9.409078E+00
  4.945000E+02  9.179366E+00  9.179366E+00
  4.955000E+02  8.959272E+00  8.959272E+00
  4.965000E+02  8.748240E+00  8.748240E+00
  4.975000E+02  8.545757E+00  8.545757E+00
  4.985000E+02  8.351347E+00  8.351347E+00
  4.995000E+02  8.164566E+00  8.164566E+00
  5.005000E+02  7.985002E+00  7.985002E+00
  5.015000E+02  7.812269E+00  7.812269E+00
  5.025000E+02  7.646011E+00  7.646011E+00
  5.035000E+02  7.485892E+00  7.485892E+00
  5.045000E+02  7.331600E+00  7.331600E+00
  5.055000E+02  7.182841E+00  7.182841E+00
  5.065000E+02  7.039343E+00  7.039343E+00
  5.075000E+02  6.900847E+00  6.900847E+00
  5.085000E+02  6.767113E+00  6.767113E+00
  5.095000E+02  6.637915E+00  6.637915E+00
  5.105000E+02  6.513041E+00  6.513041E+00
  5.115000E+02  6.392289E+00  6.392289E+00
  5.125000E+02  6.275473E+00  6.275473E+00
  5.135000E+02  6.162413E+00  6.162413E+00
  5.145000E+02  6.052947E+00  6.052947E+00
  5.155000E+02  5.946905E+00  5.946905E+00
  5.165000E+02  5.844167E+00  5.844167E+00
  5.175000E+02  5.744522E+00  5.744522E+00
  5.185000E+02  5.648009E+00  5.648009E+00
  5.195000E+02  5.554084E+00  5.554084E+00
  5.205000E+02  5.463626E+00  5.463626E+00
  5.215000E+02  5.374173E+00  5.374173E+00
  5.225000E+02  5.291079E+00  5.291079E+00
  5.235000E+02  5.201690E+00  5.201690E+00
  5.245000E+02  5.134449E+00  5.134449E+00
  5.255000E+02  5.025055E+00  5.025055E+00
  5.265000E+02  5.015114E+00  5.015114E+00
  5.275000E+02  5.005721E+00  5.005721E+00
  5.285000E+02  4.996349E+00  4.996349E+00
  5.295000E+02  4.986997E+00  4.986997E+00
  5.305000E+02  4.977666E+00  4.977666E+00
  5.315000E+02  4.968355E+00  4.968355E+00
  5.325000E+02  4.959064E+00  4.959064E+00
  5.335000E+02  4.949794E+00  4.949794E+00
  5.345000E+02  4.940543E+00  4.940543E+00
  5.355000E+02  4.931313E+00  4.931313E+00
  5.365000E+02  4.922103E+00  4.922103E+00
  5.375000E+02  4.912912E+00  4.912912E+00
  5.385000E+02  4.903742E+00  4.903742E+00
  5.395000E+02  4.894592E+00  4.894592E+00
  5.405000E+02  4.885461E+00  4.885461E+00
  5.415000E+02  4.876350E+00  4.876350E+00
  5.425000E+02  4.867259E+00  4.867259E+00
  5.435000E+02  4.858188E+00  4.858188E+00
  5.445000E+02  4.849137E+00  4.849137E+00
  5.455000E+02  4.840105E+00  4.840105E+00
  5.465000E+02  4.831092E+00  4.831092E+00
  5.475000E+02  4.822099E+00  4.822099E+00
  5.485000E+02  4.813126E+00  4.813126E+00
  5.495000E+02  4.804172E+00  4.804172E+00
  5.505000E+02  4.795237E+00  4.795237E+00
  5.515000E+02  4.786322E+00  4.786322E+00
  5.525000E+02  4.777426E+00  4.777426E+00
  5.535000E+02  4.768549E+00  4.768549E+00
  5.545000E+02  4.759691E+00  4.759691E+00
  5.555000E+02  4.750853E+00  4.750853E+00
  5.565000E+02  4.742034E+00  4.742034E+00
  5.575000E+02  4.733233E+00  4.733233E+00
  5.585000E+02  4.724452E+00  4.724452E+00
  5.595000E+02  4.715690E+00  4.715690E+00
  5.605000E+02  4.706946E+00  4.706946E+00
  5.615000E+02  4.698222E+00  4.698222E+00
  5.625000E+02  4.689516E+00  4.689516E+00
  5.635000E+02  4.680829E+00  4.680829E+00
  5.645000E+02  4.672161E+00  4.672161E+00
  5.655000E+02  4.663511E+00  4.663511E+00
  5.665000E+02  4.654880E+00  4.654880E+00
  5.675000E+02  4.646268E+00  4.646268E+00
  5.685000E+02  4.637674E+00  4.637674E+00
  5.695000E+02  4.629099E+00  4.629099E+00
  5.705000E+02  4.620542E+00  4.620542E+00
  5.715000E+02  4.612003E+00  4.612003E+00
  5.725000E+02  4.603483E+00  4.603483E+00
  5.735000E+02  4.594981E+00  4.594981E+00
  5.745000E+02  4.586498E+00  4.586498E+00
  5.755000E+02  4.578033E+00  4.578033E+00
  5.765000E+02  4.569586E+00  4.569586E+00
  5.775000E+02  4.561157E+00  4.561157E+00
  5.785000E+02  4.552746E+00  4.552746E+00
  5.795000E+02  4.544353E+00  4.544353E+00
  5.805000E+02  4.535979E+00  4.535979E+00
  5.815000E+02  4.527622E+00  4.527622E+00
  5.825000E+02  4.519283E+00  4.519283E+00
  5.835000E+02  4.510962E+00  4.510962E+00
  5.845000E+02  4.502659E+00  4.502659E+00
  5.855000E+02  4.494374E+00  4.494374E+00
  5.865000E+02  4.486106E+00  4.486106E+00
  5.875000E+02  4.477856E+00  4.477856E+00
  5.885000E+02  4.469624E+00  4.469624E+00
  5.895000E+02  4.461410E+00  4.461410E+00
  5.905000E+02  4.453213E+00  4.453213E+00
  5.915000E+02  4.445033E+00  4.445033E+00
  5.925000E+02  4.436871E+00  4.436871E+00
  5.935000E+02  4.428727E+00  4.428727E+00
  5.945000E+02  4.420600E+00  4.420600E+00
  5.955000E+02  4.412490E+00  4.412490E+00
  5.965000E+02  4.404398E+00  4.404398E+00
  5.975000E+02  4.396323E+00  4.396323E+00
  5.985000E+02  4.388265E+00  4.388265E+00
  5.995000E+02  4.380224E+00  4.380224E+00
  6.005000E+02  4.372201E+00  4.372201E+00
  6.015000E+02  4.364195E+00  4.364195E+00
  6.025000E+02  4.356205E+00  4.356205E+00
  6.035000E+02  4.348233E+00  4.348233E+00
  6.045000E+02  4.340278E+00  4.340278E+00
  6.055000E+02  4.332340E+00  4.332340E+00
  6.065000E+02  4.324419E+00  4.324419E+00
  6.075000E+02  4.316514E+00  4.316514E+00
  6.085000E+02  4.308627E+00  4.308627E+00
  6.095000E+02  4.300756E+00  4.300756E+00
  6.105000E+02  4.292902E+00  4.292902E+00
  6.115000E+02  4.285065E+00  4.285065E+00
  6.125000E+02  4.277244E+00  4.277244E+00
  6.135000E+02  4.269440E+00  4.269440E+00
  6.145000E+02  4.261653E+00  4.261653E+00
  6.155000E+02  4.253882E+00  4.253882E+00
  6.165000E+02  4.246127E+00  4.246127E+00
  6.175000E+02  4.238390E+00  4.238390E+00
  6.185000E+02  4.230668E+00  4.230668E+00
  6.195000E+02  4.222963E+00  4.222963E+00
  6.205000E+02  4.215275E+00  4.215275E+00
  6.215000E+02  4.207602E+00  4.207602E+00
  6.225000E+02  4.199946E+00  4.199946E+00
  6.235000E+02  4.192307E+00  4.192307E+00
  6.245000E+02  4.184683E+00  4.184683E+00
  6.255000E+02  4.177076E+00  4.177076E+00
  6.265000E+02  4.169484E+00  4.169484E+00
  6.275000E+02  4.161909E+00  4.161909E+00
  6.285000E+02  4.154350E+00  4.154350E+00
  6.295000E+02  4.146807E+00  4.146807E+00
  6.305000E+02  4.139280E+00  4.139280E+00
  6.315000E+02  4.131769E+00  4.131769E+00
  6.325000E+02  4.124273E+00  4.124273E+00
  6.335000E+02  4.116794E+00  4.116794E+00
  6.345000E+02  4.109330E+00  4.109330E+00
  6.355000E+02  4.101882E+00  4.101882E+00
  6.365000E+02  4.094450E+00  4.094450E+00
  6.375000E+02  4.087034E+00  4.087034E+00
  6.385000E+02  4.079633E+00  4.079633E+00
  6.395000E+02  4.072248E+00  4.072248E+00
  6.405000E+02  4.064879E+00  4.064879E+00
  6.415000E+02  4.057525E+00  4.057525E+00
  6.425000E+02  4.050186E+00  4.050186E+00
  6.435000E+02  4.042864E+00  4.042864E+00
  6.445000E+02  4.035556E+00  4.035556E+00
  6.455000E+02  4.028264E+00  4.028264E+00
  6.465000E+02  4.020987E+00  4.020987E+00
  6.475000E+02  4.013726E+00  4.013726E+00
  6.485000E+02  4.006480E+00  4.006480E+00
  6.495000E+02  3.999249E+00  3.999249E+00
  6.505000E+02  3.992034E+00  3.992034E+00
  6.515000E+02  3.984834E+00  3.984834E+00
  6.525000E+02  3.977648E+00  3.977648E+00
  6.535000E+02  3.970478E+00  3.970478E+00
  6.545000E+02  3.963324E+00  3.963324E+00
  6.555000E+02  3.956184E+00  3.956184E+00
  6.565000E+02  3.949059E+00  3.949059E+00
  6.575000E+02  3.941949E+00  3.941949E+00
  6.585000E+02  3.934854E+00  3.934854E+00
  6.595000E+02  3.927774E+00  3.927774E+00
  6.605000E+02  3.920709E+00  3.920709E+00
  6.615000E+02  3.913659E+00  3.913659E+00
  6.625000E+02  3.906623E+00  3.906623E+00
  6.635000E+02  3.899602E+00  3.899602E+00
  6.645000E+02  3.892596E+00  3.892596E+00
  6.655000E+02  3.885605E+00  3.885605E+00
  6.665000E+02  3.878628E+00  3.878628E+00
  6.675000E+02  3.871666E+00  3.871666E+00
  6.685000E+02  3.864719E+00  3.864719E+00
  6.695000E+02  3.857786E+00  3.857786E+00
  6.705000E+02  3.850868E+00  3.850868E+00
  6.715000E+02  3.843964E+00  3.843964E+00
  6.725000E+02  3.837075E+00  3.837075E+00
  6.735000E+02  3.830200E+00  3.830200E+00
  6.745000E+02  3.823339E+00  3.823339E+00
  6.755000E+02  3.816493E+00  3.816493E+00
  6.765000E+02  3.809661E+00  3.809661E+00
  6.775000E+02  3.802844E+00  3.802844E+00
  6.785000E+02  3.796040E+00  3.796040E+00
  6.795000E+02  3.789251E+00  3.789251E+00
  6.805000E+02  3.782476E+00  3.782476E+00
  6.815000E+02  3.775716E+00  3.775716E+00
  6.825000E+02  3.768969E+00  3.768969E+00
  6.835000E+02  3.762236E+00  3.762236E+00
  6.845000E+02  3.755518E+00  3.755518E+00
  6.855000E+02  3.748813E+00  3.748813E+00
  6.865000E+02  3.742123E+00  3.742123E+00
  6.875000E+02  3.735446E+00  3.735446E+00
  6.885000E+02  3.728784E+00  3.728784E+00
  6.895000E+02  3.722135E+00  3.722135E+00
  6.905000E+02  3.715500E+00  3.715500E+00
  6.915000E+02  3.708879E+00  3.708879E+00
  6.925000E+02  3.702272E+00  3.702272E+00
  6.935000E+02  3.695679E+00  3.695679E+00
  6.945000E+02  3.689099E+00  3.689099E+00
  6.955000E+02  3.682533E+00  3.682533E+00
  6.965000E+02  3.675981E+00  3.675981E+00
  6.975000E+02  3.669442E+00  3.669442E+00
  6.985000E+02  3.662917E+00  3.662917E+00
  6.995000E+02  3.656405E+00  3.656405E+00
  7.005000E+02  3.649907E+00  3.649907E+00
  7.015000E+02  3.643423E+00  3.643423E+00
  7.025000E+02  3.636952E+00  3.636952E+00
  7.035000E+02  3.630494E+00  3.630494E+00
  7.045000E+02  3.624050E+00  3.624050E+00
  7.055000E+02  3.617619E+00  3.617619E+00
  7.065000E+02  3.611202E+00  3.611202E+00
  7.075000E+02  3.604797E+00  3.604797E+00
  7.085000E+02  3.598407E+00  3.598407E+00
  7.095000E+02  3.592029E+00  3.592029E+00
  7.105000E+02  3.585665E+00  3.585665E+00
  7.115000E+02  3.579313E+00  3.579313E+00
  7.125000E+02  3.572975E+00  3.572975E+00
  7.135000E+02  3.566651E+00  3.566651E+00
  7.145000E+02  3.560339E+00  3.560339E+00
  7.155000E+02  3.554040E+00  3.554040E+00
  7.165000E+02  3.547754E+00  3.547754E+00
  7.175000E+02  3.541482E+00  3.541482E+00
  7.185000E+02  3.535222E+00  3.535222E+00
  7.195000E+02  3.528975E+00  3.528975E+00
  7.205000E+02  3.522742E+00  3.522742E+00
  7.215000E+02  3.516521E+00  3.516521E+00
  7.225000E+02  3.510313E+00  3.510313E+00
  7.235000E+02  3.504117E+00  3.504117E+00
  7.245000E+02  3.497935E+00  3.497935E+00
  7.255000E+02  3.491765E+00  3.491765E+00
  7.265000E+02  3.485608E+00  3.485608E+00
  7.275000E+02  3.479464E+00  3.479464E+00
  7.285000E+02  3.473333E+00  3.473333E+00
  7.295000E+02  3.467214E+00  3.467214E+00
  7.305000E+02  3.461107E+00  3.461107E+00
  7.315000E+02  3.455014E+00  3.455014E+00
  7.325000E+02  3.448933E+00  3.448933E+00
  7.335000E+02  3.442864E+00  3.442864E+00
  7.345000E+02  3.436808E+00  3.436808E+00
  7.355000E+02  3.430765E+00  3.430765E+00
  7.365000E+02  3.424733E+00  3.424733E+00
  7.375000E+02  3.418715E+00  3.418715E+00
  7.385000E+02  3.412708E+00  3.412708E+00
  7.395000E+02  3.406714E+00  3.406714E+00
  7.405000E+02  3.400733E+00  3.400733E+00
  7.415000E+02  3.394763E+00  3.394763E+00
  7.425000E+02  3.388806E+00  3.388806E+00
  7.435000E+02  3.382862E+00  3.382862E+00
  7.445000E+02  3.376929E+00  3.376929E+00
  7.455000E+02  3.371009E+00  3.371009E+00
  7.465000E+02  3.365100E+00  3.365100E+00
  7.475000E+02  3.359204E+00  3.359204E+00
  7.485000E+02  3.353320E+00  3.353320E+00
  7.495000E+02  3.347448E+00  3.347448E+00
  7.505000E+02  3.341589E+00  3.341589E+00
  7.515000E+02  3.335741E+00  3.335741E+00
  7.525000E+02  3.329905E+00  3.329905E+00
  7.535000E+02  3.324081E+00  3.324081E+00
  7.545000E+02  3.318269E+00  3.318269E+00
  7.555000E+02  3.312469E+00  3.312469E+00
  7.565000E+02  3.306681E+00  3.306681E+00
  7.575000E+02  3.300905E+00  3.300905E+00
  7.585000E+02  3.295140E+00  3.295140E+00
  7.595000E+02  3.289387E+00  3.289387E+00
  7.605000E+02  3.283647E+00  3.283647E+00
  7.615000E+02  3.277917E+00  3.277917E+00
  7.625000E+02  3.272200E+00  3.272200E+00
  7.635000E+02  3.266494E+00  3.266494E+00
  7.645000E+02  3.260800E+00  3.260800E+00
  7.655000E+02  3.255118E+00  3.255118E+00
  7.665000E+02  3.249447E+00  3.249447E+00
  7.675000E+02  3.243788E+00  3.243788E+00
  7.685000E+02  3.238140E+00  3.238140E+00
  7.695000E+02  3.232504E+00  3.232504E+00
  7.705000E+02  3.226880E+00  3.226880E+00
  7.715000E+02  3.221266E+00  3.221266E+00
  7.725000E+02  3.215665E+00  3.215665E+00
  7.735000E+02  3.210074E+00  3.210074E+00
  7.745000E+02  3.204496E+00  3.204496E+00
  7.755000E+02  3.198928E+00  3.198928E+00
  7.765000E+02  3.193372E+00  3.193372E+00
  7.775000E+02  3.187827E+00  3.187827E+00
  7.785000E+02  3.182294E+00  3.182294E+00
  7.795000E+02  3.176772E+00  3.176772E+00
  7.805000E+02  3.171261E+00  3.171261E+00
  7.815000E+02  3.165761E+00  3.165761E+00
  7.825000E+02  3.160272E+00  3.160272E+00
  7.835000E+02  3.154795E+00  3.154795E+00
  7.845000E+02  3.149329E+00  3.149329E+00
  7.855000E+02  3.143873E+00  3.143873E+00
  7.865000E+02  3.138429E+00  3.138429E+00
  7.875000E+02  3.132996E+00  3.132996E+00
  7.885000E+02  3.127574E+00  3.127574E+00
  7.895000E+02  3.122163E+00  3.122163E+00
  7.905000E+02  3.116764E+00  3.116764E+00
  7.915000E+02  3.111375E+00  3.111375E+00
  7.925000E+02  3.105997E+00  3.105997E+00
  7.935000E+02  3.100629E+00  3.100629E+00
  7.945000E+02  3.095273E+00  3.095273E+00
  7.955000E+02  3.089928E+00  3.089928E+00
  7.965000E+02  3.084593E+00  3.084593E+00
  7.975000E+02  3.079270E+00  3.079270E+00
  7.985000E+02  3.073957E+00  3.073957E+00
  7.995000E+02  3.068655E+00  3.068655E+00
  8.005000E+02  3.063363E+00  3.063363E+00
  8.015000E+02  3.058083E+00  3.058083E+00
  8.025000E+02  3.052813E+00  3.052813E+00
  8.035000E+02  3.047553E+00  3.047553E+00
  8.045000E+02  3.042305E+00  3.042305E+00
  8.055000E+02  3.037066E+00  3.037066E+00
  8.065000E+02  3.031839E+00  3.031839E+00
  8.075000E+02  3.026622E+00  3.026622E+00
  8.085000E+02  3.021416E+00  3.021416E+00
  8.095000E+02  3.016220E+00  3.016220E+00
  8.105000E+02  3.011035E+00  3.011035E+00
  8.115000E+02  3.005860E+00  3.005860E+00
  8.125000E+02  3.000695E+00  3.000695E+00
  8.135000E+02  2.995542E+00  2.995542E+00
  8.145000E+02  2.990398E+00  2.990398E+00
  8.155000E+02  2.985265E+00  2.985265E+00
  8.165000E+02  2.980142E+00  2.980142E+00
  8.175000E+02  2.975029E+00  2.975029E+00
  8.185000E+02  2.969927E+00  2.969927E+00
  8.195000E+02  2.964835E+00  2.964835E+00
  8.205000E+02  2.959754E+00  2.959754E+00
  8.215000E+02  2.954682E+00  2.954682E+00
  8.225000E+02  2.949621E+00  2.949621E+00
  8.235000E+02  2.944570E+00  2.944570E+00
  8.245000E+02  2.939530E+00  2.939530E+00
  8.255000E+02  2.934499E+00  2.934499E+00
  8.265000E+02  2.929478E+00  2.929478E+00
  8.275000E+02  2.924468E+00  2.924468E+00
  8.285000E+02  2.919468E+00  2.919468E+00
  8.295000E+02  2.914477E+00  2.914477E+00
  8.305000E+02  2.909497E+00  2.909497E+00
  8.315000E+02  2.904527E+00  2.904527E+00
  8.325000E+02  2.899567E+00  2.899567E+00
  8.335000E+02  2.894616E+00  2.894616E+00
  8.345000E+02  2.889676E+00  2.889676E+00
  8.355000E+02  2.884746E+00  2.884746E+00
  8.365000E+02  2.879825E+00  2.879825E+00
  8.375000E+02  2.874914E+00  2.874914E+00
  8.385000E+02  2.870014E+00  2.870014E+00
  8.395000E+02  2.865123E+00  2.865123E+00
  8.405000E+02  2.860241E+00  2.860241E+00
  8.415000E+02  2.855370E+00  2.855370E+00
  8.425000E+02  2.850508E+00  2.850508E+00
  8.435000E+02  2.845657E+00  2.845657E+00
  8.445000E+02  2.840814E+00  2.840814E+00
  8.455000E+02  2.835982E+00  2.835982E+00
  8.465000E+02  2.831159E+00  2.831159E+00
  8.475000E+02  2.826346E+00  2.826346E+00
  8.485000E+02  2.821543E+00  2.821543E+00
  8.495000E+02  2.816749E+00  2.816749E+00
  8.505000E+02  2.811965E+00  2.811965E+00
  8.515000E+02  2.807190E+00  2.807190E+00
  8.525000E+02  2.802425E+00  2.802425E+00
  8.535000E+02  2.797669E+00  2.797669E+00
  8.545000E+02  2.792923E+00  2.792923E+00
  8.555000E+02  2.788186E+00  2.788186E+00
  8.565000E+02  2.783459E+00  2.783459E+00
  8.575000E+02  2.778741E+00  2.778741E+00
  8.585000E+02  2.774033E+00  2.774033E+00
  8.595000E+02  2.769334E+00  2.769334E+00
  8.605000E+02  2.764645E+00  2.764645E+00
  8.615000E+02  2.759964E+00  2.759964E+00
  8.625000E+02  2.755293E+00  2.755293E+00
  8.635000E+02  2.750632E+00  2.750632E+00
  8.645000E+02  2.745980E+00  2.745980E+00
  8.655000E+02  2.741337E+00  2.741337E+00
  8.665000E+02  2.736703E+00  2.736703E+00
  8.675000E+02  2.732078E+00  2.732078E+00
  8.685000E+02  2.727463E+00  2.727463E+00
  8.695000E+02  2.722857E+00  2.722857E+00
  8.705000E+02  2.718260E+00  2.718260E+00
  8.715000E+02  2.713672E+00  2.713672E+00
  8.725000E+02  2.709094E+00  2.709094E+00
  8.735000E+02  2.704524E+00  2.704524E+00
  8.745000E+02  2.699964E+00  2.699964E+00
  8.755000E+02  2.695412E+00  2.695412E+00
  8.765000E+02  2.690870E+00  2.690870E+00
  8.775000E+02  2.686337E+00  2.686337E+00
  8.785000E+02  2.681812E+00  2.681812E+00
  8.795000E+02  2.677297E+00  2.677297E+00
  8.805000E+02  2.672791E+00  2.672791E+00
  8.815000E+02  2.668293E+00  2.668293E+00
  8.825000E+02  2.663805E+00  2.663805E+00
  8.835000E+02  2.659325E+00  2.659325E+00
  8.845000E+02  2.654854E+00  2.654854E+00
  8.855000E+02  2.650393E+00  2.650393E+00
  8.865000E+02  2.645940E+00  2.645940E+00
  8.875000E+02  2.641495E+00  2.641495E+00
  8.885000E+02  2.637060E+00  2.637060E+00
  8.895000E+02  2.632633E+00  2.632633E+00
  8.905000E+02  2.628216E+00  2.628216E+00
  8.915000E+02  2.623807E+00  2.623807E+00
  8.925000E+02  2.619406E+00  2.619406E+00
  8.935000E+02  2.615015E+00  2.615015E+00
  8.945000E+02  2.610632E+00  2.610632E+00
  8.955000E+02  2.606257E+00  2.606257E+00
  8.965000E+02  2.601892E+00  2.601892E+00
  8.975000E+02  2.597535E+00  2.597535E+00
  8.985000E+02  2.593186E+00  2.593186E+00
  8.995000E+02  2.588847E+00  2.588847E+00
  9.005000E+02  2.584515E+00  2.584515E+00
  9.015000E+02  2.580193E+00  2.580193E+00
  9.025000E+02  2.575879E+00  2.575879E+00
  9.035000E+02  2.571573E+00  2.571573E+00
  9.045000E+02  2.567276E+00  2.567276E+00
  9.055000E+02  2.562987E+00  2.562987E+00
  9.065000E+02  2.558707E+00  2.558707E+00
  9.075000E+02  2.554435E+00  2.554435E+00
  9.085000E+02  2.550172E+00  2.550172E+00
  9.095000E+02  2.545917E+00  2.545917E+00
  9.105000E+02  2.541671E+00  2.541671E+00
  9.115000E+02  2.537432E+00  2.537432E+00
  9.125000E+02  2.533203E+00  2.533203E+00
  9.135000E+02  2.528981E+00  2.528981E+00
  9.145000E+02  2.524768E+00  2.524768E+00
  9.155000E+02  2.520563E+00  2.520563E+00
  9.165000E+02  2.516367E+00  2.516367E+00
  9.175000E+02  2.512178E+00  2.512178E+00
  9.185000E+02  2.507998E+00  2.507998E+00
  9.195000E+02  2.503826E+00  2.503826E+00
  9.205000E+02  2.499663E+00  2.499663E+00
  9.215000E+02  2.495507E+00  2.495507E+00
  9.225000E+02  2.491360E+00  2.491360E+00
  9.235000E+02  2.487221E+00  2.487221E+00
  9.245000E+02  2.483090E+00  2.483090E+00
  9.255000E+02  2.478967E+00  2.478967E+00
  9.265000E+02  2.474852E+00  2.474852E+00
  9.275000E+02  2.470745E+00  2.470745E+00
  9.285000E+02  2.466646E+00  2.466646E+00
  9.295000E+02  2.462556E+00  2.462556E+00
  9.305000E+02  2.458473E+00  2.458473E+00
  9.315000E+02  2.454398E+00  2.454398E+00
  9.325000E+02  2.450332E+00  2.450332E+00
  9.335000E+02  2.446273E+00  2.446273E+00
  9.345000E+02  2.442222E+00  2.442222E+00
  9.355000E+02  2.438179E+00  2.438179E+00
  9.365000E+02  2.434145E+00  2.434145E+00
  9.375000E+02  2.430117E+00  2.430117E+00
  9.385000E+02  2.426098E+00  2.426098E+00
  9.395000E+02  2.422087E+00  2.422087E+00
  9.405000E+02  2.418084E+00  2.418084E+00
  9.415000E+02  2.414087E+00  2.414087E+00
  9.425000E+02  2.410103E+00  2.410103E+00
  9.435000E+02  2.406113E+00  2.406113E+00
  9.445000E+02  2.402168E+00  2.402168E+00
  9.455000E+02  2.398128E+00  2.398128E+00
  9.465000E+02  2.394384E+00  2.394384E+00
  9.475000E+02  2.389835E+00  2.389835E+00
  9.485000E+02  2.387803E+00  2.387803E+00
  9.495000E+02  2.385690E+00  2.385690E+00
  9.505000E+02  2.383580E+00  2.383580E+00
  9.515000E+02  2.381472E+00  2.381472E+00
  9.525000E+02  2.379366E+00  2.379366E+00
  9.535000E+02  2.377263E+00  2.377263E+00
  9.545000E+02  2.375163E+00  2.375163E+00
  9.555000E+02  2.373066E+00  2.373066E+00
  9.565000E+02  2.370971E+00  2.370971E+00
  9.575000E+02  2.368878E+00  2.368878E+00
  9.585000E+02  2.366789E+00  2.366789E+00
  9.595000E+02  2.364701E+00  2.364701E+00
  9.605000E+02  2.362617E+00  2.362617E+00
  9.615000E+02  2.360535E+00  2.360535E+00
  9.625000E+02  2.358455E+00  2.358455E+00
  9.635000E+02  2.356379E+00  2.356379E+00
  9.645000E+02  2.354304E+00  2.354304E+00
  9.655000E+02  2.352233E+00  2.352233E+00
  9.665000E+02  2.350163E+00  2.350163E+00
  9.675000E+02  2.348097E+00  2.348097E+00
  9.685000E+02  2.346033E+00  2.346033E+00
  9.695000E+02  2.343971E+00  2.343971E+00
  9.705000E+02  2.341912E+00  2.341912E+00
  9.715000E+02  2.339856E+00  2.339856E+00
  9.725000E+02  2.337802E+00  2.337802E+00
  9.735000E+02  2.335751E+00  2.335751E+00
  9.745000E+02  2.333702E+00  2.333702E+00
  9.755000E+02  2.331655E+00  2.331655E+00
  9.765000E+02  2.329612E+00  2.329612E+00
  9.775000E+02  2.327570E+00  2.327570E+00
  9.785000E+02  2.325532E+00  2.325532E+00
  9.795000E+02  2.323495E+00  2.323495E+00
  9.805000E+02  2.321462E+00  2.321462E+00
  9.815000E+02  2.319430E+00  2.319430E+00
  9.825000E+02  2.317402E+00  2.317402E+00
  9.835000E+02  2.315375E+00  2.315375E+00
  9.845000E+02  2.313352E+00  2.313352E+00
  9.855000E+02  2.311330E+00  2.311330E+00
  9.865000E+02  2.309312E+00  2.309312E+00
  9.875000E+02  2.307295E+00  2.307295E+00
  9.885000E+02  2.305282E+00  2.305282E+00
  9.895000E+02  2.303270E+00  2.303270E+00
  9.905000E+02  2.301261E+00  2.301261E+00
  9.915000E+02  2.299255E+00  2.299255E+00
  9.925000E+02  2.297251E+00  2.297251E+00
  9.935000E+02  2.295249E+00  2.295249E+00
  9.945000E+02  2.293250E+00  2.293250E+00
  9.955000E+02  2.291254E+00  2.291254E+00
  9.965000E+02  2.289260E+00  2.289260E+00
  9.975000E+02  2.287268E+00  2.287268E+00
  9.985000E+02  2.285279E+00  2.285279E+00
  9.995000E+02  2.283292E+00  2.283292E+00
  1.000500E+03  2.281307E+00  2.281307E+00
  1.001500E+03  2.279325E+00  2.279325E+00
  1.002500E+03  2.277346E+00  2.277346E+00
  1.003500E+03  2.275369E+00  2.275369E+00
  1.004500E+03  2.273394E+00  2.273394E+00
  1.005500E+03  2.271422E+00  2.271422E+00
  1.006500E+03  2.269452E+00  2.269452E+00
  1.007500E+03  2.267484E+00  2.267484E+00
  1.008500E+03  2.265519E+00  2.265519E+00
  1.009500E+03  2.263557E+00  2.263557E+00
  1.010500E+03  2.261596E+00  2.261596E+00
  1.011500E+03  2.259638E+00  2.259638E+00
  1.012500E+03  2.257683E+00  2.257683E+00
  1.013500E+03  2.255730E+00  2.255730E+00
  1.014500E+03  2.253779E+00  2.253779E+00
  1.015500E+03  2.251831E+00  2.251831E+00
  1.016500E+03  2.249885E+00  2.249885E+00
  1.017500E+03  2.247941E+00  2.247941E+00
  1.018500E+03  2.246000E+00  2.246000E+00
  1.019500E+03  2.244061E+00  2.244061E+00
  1.020500E+03  2.242124E+00  2.242124E+00
  1.021500E+03  2.240190E+00  2.240190E+00
  1.022500E+03  2.238258E+00  2.238258E+00
  1.023500E+03  2.236329E+00  2.236329E+00
  1.024500E+03  2.234402E+00  2.234402E+00
  1.025500E+03  2.232477E+00  2.232477E+00
  1.026500E+03  2.230554E+00  2.230554E+00
  1.027500E+03  2.228634E+00  2.228634E+00
  1.028500E+03  2.226716E+00  2.226716E+00
  1.029500E+03  2.224801E+00  2.224801E+00
  1.030500E+03  2.222888E+00  2.222888E+00
  1.031500E+03  2.220977E+00  2.220977E+00
  1.032500E+03  2.219068E+00  2.219068E+00
  1.033500E+03  2.217162E+00  2.217162E+00
  1.034500E+03  2.215258E+00  2.215258E+00
  1.035500E+03  2.213357E+00  2.213357E+00
  1.036500E+03  2.211458E+00  2.211458E+00
  1.037500E+03  2.209561E+00  2.209561E+00
  1.038500E+03  2.207666E+00  2.207666E+00
  1.039500E+03  2.205774E+00  2.205774E+00
  1.040500E+03  2.203883E+00  2.203883E+00
  1.041500E+03  2.201996E+00  2.201996E+00
  1.042500E+03  2.200110E+00  2.200110E+00
  1.043500E+03  2.198227E+00  2.198227E+00
  1.044500E+03  2.196346E+00  2.196346E+00
  1.045500E+03  2.194467E+00  2.194467E+00
  1.046500E+03  2.192591E+00  2.192591E+00
  1.047500E+03  2.190717E+00  2.190717E+00
  1.048500E+03  2.188845E+00  2.188845E+00
  1.049500E+03  2.186975E+00  2.186975E+00
  1.050500E+03  2.185108E+00  2.185108E+00
  1.051500E+03  2.183243E+00  2.183243E+00
  1.052500E+03  2.181380E+00  2.181380E+00
  1.053500E+03  2.179519E+00  2.179519E+00
  1.054500E+03  2.177661E+00  2.177661E+00
  1.055500E+03  2.175805E+00  2.175805E+00
  1.056500E+03  2.173951E+00  2.173951E+00
  1.057500E+03  2.172099E+00  2.172099E+00
  1.058500E+03  2.170250E+00  2.170250E+00
  1.059500E+03  2.168402E+00  2.168402E+00
  1.060500E+03  2.166557E+00  2.166557E+00
  1.061500E+03  2.164714E+00  2.164714E+00
  1.062500E+03  2.162874E+00  2.162874E+00
  1.063500E+03  2.161036E+00  2.161036E+00
  1.064500E+03  2.159199E+00  2.159199E+00
  1.065500E+03  2.157365E+00  2.157365E+00
  1.066500E+03  2.155534E+00  2.155534E+00
  1.067500E+03  2.153704E+00  2.153704E+00
  1.068500E+03  2.151877E+00  2.151877E+00
  1.069500E+03  2.150052E+00  2.150052E+00
  1.070500E+03  2.148229E+00  2.148229E+00
  1.071500E+03  2.146408E+00  2.146408E+00
  1.072500E+03  2.144589E+00  2.144589E+00
  1.073500E+03  2.142773E+00  2.142773E+00
  1.074500E+03  2.140959E+00  2.140959E+00
  1.075500E+03  2.139147E+00  2.139147E+00
  1.076500E+03  2.137337E+00  2.137337E+00
  1.077500E+03  2.135529E+00  2.135529E+00
  1.078500E+03  2.133723E+00  2.133723E+00
  1.079500E+03  2.131920E+00  2.131920E+00
  1.080500E+03  2.130119E+00  2.130119E+00
  1.081500E+03  2.128320E+00  2.128320E+00
  1.082500E+03  2.126523E+00  2.126523E+00
  1.083500E+03  2.124728E+00  2.124728E+00
  1.084500E+03  2.122935E+00  2.122935E+00
  1.085500E+03  2.121145E+00  2.121145E+00
  1.086500E+03  2.119357E+00  2.119357E+00
  1.087500E+03  2.117570E+00  2.117570E+00
  1.088500E+03  2.115786E+00  2.115786E+00
  1.089500E+03  2.114004E+00  2.114004E+00
  1.090500E+03  2.112224E+00  2.112224E+00
  1.091500E+03  2.110447E+00  2.110447E+00
  1.092500E+03  2.108671E+00  2.108671E+00
  1.093500E+03  2.106898E+00  2.106898E+00
  1.094500E+03  2.105126E+00  2.105126E+00
  1.095500E+03  2.103357E+00  2.103357E+00
  1.096500E+03  2.101590E+00  2.101590E+00
  1.097500E+03  2.099825E+00  2.099825E+00
  1.098500E+03  2.098062E+00  2.098062E+00
  1.099500E+03  2.096301E+00  2.096301E+00
  1.100500E+03  2.094542E+00  2.094542E+00
  1.101500E+03  2.092786E+00  2.092786E+00
  1.102500E+03  2.091031E+00  2.091031E+00
  1.103500E+03  2.089279E+00  2.089279E+00
  1.104500E+03  2.087528E+00  2.087528E+00
  1.105500E+03  2.085780E+00  2.085780E+00
  1.106500E+03  2.084034E+00  2.084034E+00
  1.107500E+03  2.082289E+00  2.082289E+00
  1.108500E+03  2.080547E+00  2.080547E+00
  1.109500E+03  2.078807E+00  2.078807E+00
  1.110500E+03  2.077069E+00  2.077069E+00
  1.111500E+03  2.075333E+00  2.075333E+00
  1.112500E+03  2.073600E+00  2.073600E+00
  1.113500E+03  2.071868E+00  2.071868E+00
  1.114500E+03  2.070138E+00  2.070138E+00
  1.115500E+03  2.068410E+00  2.068410E+00
  1.116500E+03  2.066685E+00  2.066685E+00
  1.117500E+03  2.064961E+00  2.064961E+00
  1.118500E+03  2.063240E+00  2.063240E+00
  1.119500E+03  2.061520E+00  2.061520E+00
  1.120500E+03  2.059803E+00  2.059803E+00
  1.121500E+03  2.058087E+00  2.058087E+00
  1.122500E+03  2.056374E+00  2.056374E+00
  1.123500E+03  2.054662E+00  2.054662E+00
  1.124500E+03  2.052953E+00  2.052953E+00
  1.125500E+03  2.051246E+00  2.051246E+00
  1.126500E+03  2.049540E+00  2.049540E+00
  1.127500E+03  2.047837E+00  2.047837E+00
  1.128500E+03  2.046136E+00  2.046136E+00
  1.129500E+03  2.044436E+00  2.044436E+00
  1.130500E+03  2.042739E+00  2.042739E+00
  1.131500E+03  2.041044E+00  2.041044E+00
  1.132500E+03  2.039350E+00  2.039350E+00
  1.133500E+03  2.037659E+00  2.037659E+00
  1.134500E+03  2.035970E+00  2.035970E+00
  1.135500E+03  2.034282E+00  2.034282E+00
  1.136500E+03  2.032597E+00  2.032597E+00
  1.137500E+03  2.030914E+00  2.030914E+00
  1.138500E+03  2.029232E+00  2.029232E+00
  1.139500E+03  2.027553E+00  2.027553E+00
  1.140500E+03  2.025876E+00  2.025876E+00
  1.141500E+03  2.024200E+00  2.024200E+00
  1.142500E+03  2.022527E+00  2.022527E+00
  1.143500E+03  2.020855E+00  2.020855E+00
  1.144500E+03  2.019186E+00  2.019186E+00
  1.145500E+03  2.017518E+00  2.017518E+00
  1.146500E+03  2.015853E+00  2.015853E+00
  1.147500E+03  2.014189E+00  2.014189E+00
  1.148500E+03  2.012527E+00  2.012527E+00
  1.149500E+03  2.010867E+00  2.010867E+00
  1.150500E+03  2.009210E+00  2.009210E+00
  1.151500E+03  2.007554E+00  2.007554E+00
  1.152500E+03  2.005900E+00  2.005900E+00
  1.153500E+03  2.004248E+00  2.004248E+00
  1.154500E+03  2.002598E+00  2.002598E+00
  1.155500E+03  2.000950E+00  2.000950E+00
  1.156500E+03  1.999304E+00  1.999304E+00
  1.157500E+03  1.997659E+00  1.997659E+00
  1.158500E+03  1.996017E+00  1.996017E+00
  1.159500E+03  1.994377E+00  1.994377E+00
  1.160500E+03  1.992738E+00  1.992738E+00
  1.161500E+03  1.991102E+00  1.991102E+00
  1.162500E+03  1.989467E+00  1.989467E+00
  1.163500E+03  1.987834E+00  1.987834E+00
  1.164500E+03  1.986203E+00  1.986203E+00
  1.165500E+03  1.984575E+00  1.984575E+00
  1.166500E+03  1.982947E+00  1.982947E+00
  1.167500E+03  1.981322E+00  1.981322E+00
  1.168500E+03  1.979699E+00  1.979699E+00
  1.169500E+03  1.978078E+00  1.978078E+00
  1.170500E+03  1.976458E+00  1.976458E+00
  1.171500E+03  1.974841E+00  1.974841E+00
  1.172500E+03  1.973225E+00  1.973225E+00
  1.173500E+03  1.971611E+00  1.971611E+00
  1.174500E+03  1.970000E+00  1.970000E+00
  1.175500E+03  1.968390E+00  1.968390E+00
  1.176500E+03  1.966781E+00  1.966781E+00
  1.177500E+03  1.965175E+00  1.965175E+00
  1.178500E+03  1.963571E+00  1.963571E+00
  1.179500E+03  1.961968E+00  1.961968E+00
  1.180500E+03  1.960368E+00  1.960368E+00
  1.181500E+03  1.958769E+00  1.958769E+00
  1.182500E+03  1.957172E+00  1.957172E+00
  1.183500E+03  1.955577E+00  1.955577E+00
  1.184500E+03  1.953984E+00  1.953984E+00
  1.185500E+03  1.952392E+00  1.952392E+00
  1.186500E+03  1.950803E+00  1.950803E+00
  1.187500E+03  1.949215E+00  1.949215E+00
  1.188500E+03  1.947629E+00  1.947629E+00
  1.189500E+03  1.946045E+00  1.946045E+00
  1.190500E+03  1.944463E+00  1.944463E+00
  1.191500E+03  1.942883E+00  1.942883E+00
  1.192500E+03  1.941304E+00  1.941304E+00
  1.193500E+03  1.939728E+00  1.939728E+00
  1.194500E+03  1.938153E+00  1.938153E+00
  1.195500E+03  1.936580E+00  1.936580E+00
  1.196500E+03  1.935009E+00  1.935009E+00
  1.197500E+03  1.933439E+00  1.933439E+00
  1.198500E+03  1.931872E+00  1.931872E+00
  1.199500E+03  1.930306E+00  1.930306E+00
  1.200500E+03  1.928742E+00  1.928742E+00
  1.201500E+03  1.927180E+00  1.927180E+00
  1.202500E+03  1.925620E+00  1.925620E+00
  1.203500E+03  1.924061E+00  1.924061E+00
  1.204500E+03  1.922505E+00  1.922505E+00
  1.205500E+03  1.920950E+00  1.920950E+00
  1.206500E+03  1.919397E+00  1.919397E+00
  1.207500E+03  1.917845E+00  1.917845E+00
  1.208500E+03  1.916296E+00  1.916296E+00
  1.209500E+03  1.914748E+00  1.914748E+00
  1.210500E+03  1.913202E+00  1.913202E+00
  1.211500E+03  1.911658E+00  1.911658E+00
  1.212500E+03  1.910116E+00  1.910116E+00
  1.213500E+03  1.908575E+00  1.908575E+00
  1.214500E+03  1.907036E+00  1.907036E+00
  1.215500E+03  1.905499E+00  1.905499E+00
  1.216500E+03  1.903964E+00  1.903964E+00
  1.217500E+03  1.902431E+00  1.902431E+00
  1.218500E+03  1.900899E+00  1.900899E+00
  1.219500E+03  1.899369E+00  1.899369E+00
  1.220500E+03  1.897841E+00  1.897841E+00
  1.221500E+03  1.896314E+00  1.896314E+00
  1.222500E+03  1.894790E+00  1.894790E+00
  1.223500E+03  1.893267E+00  1.893267E+00
  1.224500E+03  1.891746E+00  1.891746E+00
  1.225500E+03  1.890226E+00  1.890226E+00
  1.226500E+03  1.888709E+00  1.888709E+00
  1.227500E+03  1.887193E+00  1.887193E+00
  1.228500E+03  1.885679E+00  1.885679E+00
  1.229500E+03  1.884166E+00  1.884166E+00
  1.230500E+03  1.882655E+00  1.882655E+00
  1.231500E+03  1.881146E+00  1.881146E+00
  1.232500E+03  1.879639E+00  1.879639E+00
  1.233500E+03  1.878134E+00  1.878134E+00
  1.234500E+03  1.876630E+00  1.876630E+00
  1.235500E+03  1.875128E+00  1.875128E+00
  1.236500E+03  1.873628E+00  1.873628E+00
  1.237500E+03  1.872129E+00  1.872129E+00
  1.238500E+03  1.870632E+00  1.870632E+00
  1.239500E+03  1.869137E+00  1.869137E+00
  1.240500E+03  1.867643E+00  1.867643E+00
  1.241500E+03  1.866152E+00  1.866152E+00
  1.242500E+03  1.864662E+00  1.864662E+00
  1.243500E+03  1.863173E+00  1.863173E+00
  1.244500E+03  1.861687E+00  1.861687E+00
  1.245500E+03  1.860202E+00  1.860202E+00
  1.246500E+03  1.858718E+00  1.858718E+00
  1.247500E+03  1.857237E+00  1.857237E+00
  1.248500E+03  1.855757E+00  1.855757E+00
  1.249500E+03  1.854279E+00  1.854279E+00
  1.250500E+03  1.852802E+00  1.852802E+00
  1.251500E+03  1.851328E+00  1.851328E+00
  1.252500E+03  1.849855E+00  1.849855E+00
  1.253500E+03  1.848383E+00  1.848383E+00
  1.254500E+03  1.846913E+00  1.846913E+00
  1.255500E+03  1.845445E+00  1.845445E+00
  1.256500E+03  1.843979E+00  1.843979E+00
  1.257500E+03  1.842514E+00  1.842514E+00
  1.258500E+03  1.841051E+00  1.841051E+00
  1.259500E+03  1.839590E+00  1.839590E+00
  1.260500E+03  1.838130E+00  1.838130E+00
  1.261500E+03  1.836672E+00  1.836672E+00
  1.262500E+03  1.835216E+00  1.835216E+00
  1.263500E+03  1.833761E+00  1.833761E+00
  1.264500E+03  1.832308E+00  1.832308E+00
  1.265500E+03  1.830856E+00  1.830856E+00
  1.266500E+03  1.829407E+00  1.829407E+00
  1.267500E+03  1.827958E+00  1.827958E+00
  1.268500E+03  1.826512E+00  1.826512E+00
  1.269500E+03  1.825067E+00  1.825067E+00
  1.270500E+03  1.823624E+00  1.823624E+00
  1.271500E+03  1.822182E+00  1.822182E+00
  1.272500E+03  1.820742E+00  1.820742E+00
  1.273500E+03  1.819304E+00  1.819304E+00
  1.274500E+03  1.817868E+00  1.817868E+00
  1.275500E+03  1.816433E+00  1.816433E+00
  1.276500E+03  1.814999E+00  1.814999E+00
  1.277500E+03  1.813567E+00  1.813567E+00
  1.278500E+03  1.812137E+00  1.812137E+00
  1.279500E+03  1.810709E+00  1.810709E+00
  1.280500E+03  1.809282E+00  1.809282E+00
  1.281500E+03  1.807857E+00  1.807857E+00
  1.282500E+03  1.806433E+00  1.806433E+00
  1.283500E+03  1.805011E+00  1.805011E+00
  1.284500E+03  1.803590E+00  1.803590E+00
  1.285500E+03  1.802172E+00  1.802172E+00
  1.286500E+03  1.800754E+00  1.800754E+00
  1.287500E+03  1.799339E+00  1.799339E+00
  1.288500E+03  1.797925E+00  1.797925E+00
  1.289500E+03  1.796512E+00  1.796512E+00
  1.290500E+03  1.795101E+00  1.795101E+00
  1.291500E+03  1.793692E+00  1.793692E+00
  1.292500E+03  1.792284E+00  1.792284E+00
  1.293500E+03  1.790878E+00  1.790878E+00
  1.294500E+03  1.789474E+00  1.789474E+00
  1.295500E+03  1.788071E+00  1.788071E+00
  1.296500E+03  1.786670E+00  1.786670E+00
  1.297500E+03  1.785270E+00  1.785270E+00
  1.298500E+03  1.783872E+00  1.783872E+00
  1.299500E+03  1.782475E+00  1.782475E+00
  1.300500E+03  1.781080E+00  1.781080E+00
  1.301500E+03  1.779687E+00  1.779687E+00
  1.302500E+03  1.778295E+00  1.778295E+00
  1.303500E+03  1.776905E+00  1.776905E+00
  1.304500E+03  1.775516E+00  1.775516E+00
  1.305500E+03  1.774129E+00  1.774129E+00
  1.306500E+03  1.772743E+00  1.772743E+00
  1.307500E+03  1.771359E+00  1.771359E+00
  1.308500E+03  1.769977E+00  1.769977E+00
  1.309500E+03  1.768596E+00  1.768596E+00
  1.310500E+03  1.767217E+00  1.767217E+00
  1.311500E+03  1.765839E+00  1.765839E+00
  1.312500E+03  1.764462E+00  1.764462E+00
  1.313500E+03  1.763088E+00  1.763088E+00
  1.314500E+03  1.761715E+00  1.761715E+00
  1.315500E+03  1.760343E+00  1.760343E+00
  1.316500E+03  1.758973E+00  1.758973E+00
  1.317500E+03  1.757604E+00  1.757604E+00
  1.318500E+03  1.756237E+00  1.756237E+00
  1.319500E+03  1.754872E+00  1.754872E+00
  1.320500E+03  1.753508E+00  1.753508E+00
  1.321500E+03  1.752145E+00  1.752145E+00
  1.322500E+03  1.750785E+00  1.750785E+00
  1.323500E+03  1.749425E+00  1.749425E+00
  1.324500E+03  1.748067E+00  1.748067E+00
  1.325500E+03  1.746711E+00  1.746711E+00
  1.326500E+03  1.745356E+00  1.745356E+00
  1.327500E+03  1.744003E+00  1.744003E+00
  1.328500E+03  1.742651E+00  1.742651E+00
  1.329500E+03  1.741301E+00  1.741301E+00
  1.330500E+03  1.739952E+00  1.739952E+00
  1.331500E+03  1.738605E+00  1.738605E+00
  1.332500E+03  1.737259E+00  1.737259E+00
  1.333500E+03  1.735915E+00  1.735915E+00
  1.334500E+03  1.734572E+00  1.734572E+00
  1.335500E+03  1.733231E+00  1.733231E+00
  1.336500E+03  1.731891E+00  1.731891E+00
  1.337500E+03  1.730553E+00  1.730553E+00
  1.338500E+03  1.729216E+00  1.729216E+00
  1.339500E+03  1.727881E+00  1.727881E+00
  1.340500E+03  1.726547E+00  1.726547E+00
  1.341500E+03  1.725215E+00  1.725215E+00
  1.342500E+03  1.723884E+00  1.723884E+00
  1.343500E+03  1.722555E+00  1.722555E+00
  1.344500E+03  1.721227E+00  1.721227E+00
  1.345500E+03  1.719901E+00  1.719901E+00
  1.346500E+03  1.718576E+00  1.718576E+00
  1.347500E+03  1.717252E+00  1.717252E+00
  1.348500E+03  1.715930E+00  1.715930E+00
  1.349500E+03  1.714610E+00  1.714610E+00
  1.350500E+03  1.713291E+00  1.713291E+00
  1.351500E+03  1.711973E+00  1.711973E+00
  1.352500E+03  1.710657E+00  1.710657E+00
  1.353500E+03  1.709343E+00  1.709343E+00
  1.354500E+03  1.708030E+00  1.708030E+00
  1.355500E+03  1.706718E+00  1.706718E+00
  1.356500E+03  1.705408E+00  1.705408E+00
  1.357500E+03  1.704099E+00  1.704099E+00
  1.358500E+03  1.702792E+00  1.702792E+00
  1.359500E+03  1.701486E+00  1.701486E+00
  1.360500E+03  1.700181E+00  1.700181E+00
  1.361500E+03  1.698879E+00  1.698879E+00
  1.362500E+03  1.697577E+00  1.697577E+00
  1.363500E+03  1.696277E+00  1.696277E+00
  1.364500E+03  1.694978E+00  1.694978E+00
  1.365500E+03  1.693681E+00  1.693681E+00
  1.366500E+03  1.692385E+00  1.692385E+00
  1.367500E+03  1.691091E+00  1.691091E+00
  1.368500E+03  1.689798E+00  1.689798E+00
  1.369500E+03  1.688507E+00  1.688507E+00
  1.370500E+03  1.687217E+00  1.687217E+00
  1.371500E+03  1.685928E+00  1.685928E+00
  1.372500E+03  1.684641E+00  1.684641E+00
  1.373500E+03  1.683355E+00  1.683355E+00
  1.374500E+03  1.682071E+00  1.682071E+00
  1.375500E+03  1.680788E+00  1.680788E+00
  1.376500E+03  1.679507E+00  1.679507E+00
  1.377500E+03  1.678227E+00  1.678227E+00
  1.378500E+03  1.676948E+00  1.676948E+00
  1.379500E+03  1.675671E+00  1.675671E+00
  1.380500E+03  1.674395E+00  1.674395E+00
  1.381500E+03  1.673120E+00  1.673120E+00
  1.382500E+03  1.671847E+00  1.671847E+00
  1.383500E+03  1.670576E+00  1.670576E+00
  1.384500E+03  1.669306E+00  1.669306E+00
  1.385500E+03  1.668037E+00  1.668037E+00
  1.386500E+03  1.666769E+00  1.666769E+00
  1.387500E+03  1.665503E+00  1.665503E+00
  1.388500E+03  1.664239E+00  1.664239E+00
  1.389500E+03  1.662976E+00  1.662976E+00
  1.390500E+03  1.661714E+00  1.661714E+00
  1.391500E+03  1.660453E+00  1.660453E+00
  1.392500E+03  1.659194E+00  1.659194E+00
  1.393500E+03  1.657937E+00  1.657937E+00
  1.394500E+03  1.656680E+00  1.656680E+00
  1.395500E+03  1.655426E+00  1.655426E+00
  1.396500E+03  1.654172E+00  1.654172E+00
  1.397500E+03  1.652920E+00  1.652920E+00
  1.398500E+03  1.651669E+00  1.651669E+00
  1.399500E+03  1.650420E+00  1.650420E+00
  1.400500E+03  1.649172E+00  1.649172E+00
  1.401500E+03  1.647925E+00  1.647925E+00
  1.402500E+03  1.646680E+00  1.646680E+00
  1.403500E+03  1.645436E+00  1.645436E+00
  1.404500E+03  1.644193E+00  1.644193E+00
  1.405500E+03  1.642952E+00  1.642952E+00
  1.406500E+03  1.641712E+00  1.641712E+00
  1.407500E+03  1.640474E+00  1.640474E+00
  1.408500E+03  1.639237E+00  1.639237E+00
  1.409500E+03  1.638001E+00  1.638001E+00
  1.410500E+03  1.636767E+00  1.636767E+00
  1.411500E+03  1.635534E+00  1.635534E+00
  1.412500E+03  1.634302E+00  1.634302E+00
  1.413500E+03  1.633072E+00  1.633072E+00
  1.414500E+03  1.631843E+00  1.631843E+00
  1.415500E+03  1.630615E+00  1.630615E+00
  1.416500E+03  1.629389E+00  1.629389E+00
  1.417500E+03  1.628164E+00  1.628164E+00
  1.418500E+03  1.626940E+00  1.626940E+00
  1.419500E+03  1.625718E+00  1.625718E+00
  1.420500E+03  1.624497E+00  1.624497E+00
  1.421500E+03  1.623277E+00  1.623277E+00
  1.422500E+03  1.622059E+00  1.622059E+00
  1.423500E+03  1.620842E+00  1.620842E+00
  1.424500E+03  1.619626E+00  1.619626E+00
  1.425500E+03  1.618412E+00  1.618412E+00
  1.426500E+03  1.617199E+00  1.617199E+00
  1.427500E+03  1.615987E+00  1.615987E+00
  1.428500E+03  1.614777E+00  1.614777E+00
  1.429500E+03  1.613568E+00  1.613568E+00
  1.430500E+03  1.612360E+00  1.612360E+00
  1.431500E+03  1.611154E+00  1.611154E+00
  1.432500E+03  1.609949E+00  1.609949E+00
  1.433500E+03  1.608745E+00  1.608745E+00
  1.434500E+03  1.607543E+00  1.607543E+00
  1.435500E+03  1.606342E+00  1.606342E+00
  1.436500E+03  1.605142E+00  1.605142E+00
  1.437500E+03  1.603943E+00  1.603943E+00
  1.438500E+03  1.602746E+00  1.602746E+00
  1.439500E+03  1.601550E+00  1.601550E+00
  1.440500E+03  1.600356E+00  1.600356E+00
  1.441500E+03  1.599162E+00  1.599162E+00
  1.442500E+03  1.597970E+00  1.597970E+00
  1.443500E+03  1.596780E+00  1.596780E+00
  1.444500E+03  1.595590E+00  1.595590E+00
  1.445500E+03  1.594402E+00  1.594402E+00
  1.446500E+03  1.593215E+00  1.593215E+00
  1.447500E+03  1.592030E+00  1.592030E+00
  1.448500E+03  1.590845E+00  1.590845E+00
  1.449500E+03  1.589662E+00  1.589662E+00
  1.450500E+03  1.588481E+00  1.588481E+00
  1.451500E+03  1.587300E+00  1.587300E+00
  1.452500E+03  1.586121E+00  1.586121E+00
  1.453500E+03  1.584943E+00  1.584943E+00
  1.454500E+03  1.583767E+00  1.583767E+00
  1.455500E+03  1.582592E+00  1.582592E+00
  1.456500E+03  1.581417E+00  1.581417E+00
  1.457500E+03  1.580245E+00  1.580245E+00
  1.458500E+03  1.579073E+00  1.579073E+00
  1.459500E+03  1.577903E+00  1.577903E+00
  1.460500E+03  1.576734E+00  1.576734E+00
  1.461500E+03  1.575566E+00  1.575566E+00
  1.462500E+03  1.574400E+00  1.574400E+00
  1.463500E+03  1.573235E+00  1.573235E+00
  1.464500E+03  1.572071E+00  1.572071E+00
  1.465500E+03  1.570908E+00  1.570908E+00
  1.466500E+03  1.569747E+00  1.569747E+00
  1.467500E+03  1.568587E+00  1.568587E+00
  1.468500E+03  1.567428E+00  1.567428E+00
  1.469500E+03  1.566270E+00  1.566270E+00
  1.470500E+03  1.565114E+00  1.565114E+00
  1.471500E+03  1.563959E+00  1.563959E+00
  1.472500E+03  1.562805E+00  1.562805E+00
  1.473500E+03  1.561652E+00  1.561652E+00
  1.474500E+03  1.560501E+00  1.560501E+00
  1.475500E+03  1.559351E+00  1.559351E+00
  1.476500E+03  1.558202E+00  1.558202E+00
  1.477500E+03  1.557054E+00  1.557054E+00
  1.478500E+03  1.555907E+00  1.555907E+00
  1.479500E+03  1.554762E+00  1.554762E+00
  1.480500E+03  1.553618E+00  1.553618E+00
  1.481500E+03  1.552476E+00  1.552476E+00
  1.482500E+03  1.551334E+00  1.551334E+00
  1.483500E+03  1.550194E+00  1.550194E+00
  1.484500E+03  1.549055E+00  1.549055E+00
  1.485500E+03  1.547917E+00  1.547917E+00
  1.486500E+03  1.546780E+00  1.546780E+00
  1.487500E+03  1.545645E+00  1.545645E+00
  1.488500E+03  1.544511E+00  1.544511E+00
  1.489500E+03  1.543378E+00  1.543378E+00
  1.490500E+03  1.542246E+00  1.542246E+00
  1.491500E+03  1.541115E+00  1.541115E+00
  1.492500E+03  1.539986E+00  1.539986E+00
  1.493500E+03  1.538858E+00  1.538858E+00
  1.494500E+03  1.537731E+00  1.537731E+00
  1.495500E+03  1.536605E+00  1.536605E+00
  1.496500E+03  1.535481E+00  1.535481E+00
  1.497500E+03  1.534358E+00  1.534358E+00
  1.498500E+03  1.533236E+00  1.533236E+00
  1.499500E+03  1.532115E+00  1.532115E+00
  1.500500E+03  1.530995E+00  1.530995E+00
  1.501500E+03  1.529877E+00  1.529877E+00
  1.502500E+03  1.528759E+00  1.528759E+00
  1.503500E+03  1.527643E+00  1.527643E+00
  1.504500E+03  1.526528E+00  1.526528E+00
  1.505500E+03  1.525415E+00  1.525415E+00
  1.506500E+03  1.524302E+00  1.524302E+00
  1.507500E+03  1.523191E+00  1.523191E+00
  1.508500E+03  1.522081E+00  1.522081E+00
  1.509500E+03  1.520972E+00  1.520972E+00
  1.510500E+03  1.519864E+00  1.519864E+00
  1.511500E+03  1.518757E+00  1.518757E+00
  1.512500E+03  1.517652E+00  1.517652E+00
  1.513500E+03  1.516548E+00  1.516548E+00
  1.514500E+03  1.515445E+00  1.515445E+00
  1.515500E+03  1.514343E+00  1.514343E+00
  1.516500E+03  1.513242E+00  1.513242E+00
  1.517500E+03  1.512143E+00  1.512143E+00
  1.518500E+03  1.511045E+00  1.511045E+00
  1.519500E+03  1.509947E+00  1.509947E+00
  1.520500E+03  1.508851E+00  1.508851E+00
  1.521500E+03  1.507757E+00  1.507757E+00
  1.522500E+03  1.506663E+00  1.506663E+00
  1.523500E+03  1.505570E+00  1.505570E+00
  1.524500E+03  1.504479E+00  1.504479E+00
  1.525500E+03  1.503389E+00  1.503389E+00
  1.526500E+03  1.502300E+00  1.502300E+00
  1.527500E+03  1.501212E+00  1.501212E+00
  1.528500E+03  1.500125E+00  1.500125E+00
  1.529500E+03  1.499040E+00  1.499040E+00
  1.530500E+03  1.497956E+00  1.497956E+00
  1.531500E+03  1.496872E+00  1.496872E+00
  1.532500E+03  1.495790E+00  1.495790E+00
  1.533500E+03  1.494709E+00  1.494709E+00
  1.534500E+03  1.493630E+00  1.493630E+00
  1.535500E+03  1.492551E+00  1.492551E+00
  1.536500E+03  1.491474E+00  1.491474E+00
  1.537500E+03  1.490397E+00  1.490397E+00
  1.538500E+03  1.489322E+00  1.489322E+00
  1.539500E+03  1.488248E+00  1.488248E+00
  1.540500E+03  1.487175E+00  1.487175E+00
  1.541500E+03  1.486103E+00  1.486103E+00
  1.542500E+03  1.485033E+00  1.485033E+00
  1.543500E+03  1.483963E+00  1.483963E+00
  1.544500E+03  1.482895E+00  1.482895E+00
  1.545500E+03  1.481828E+00  1.481828E+00
  1.546500E+03  1.480761E+00  1.480761E+00
  1.547500E+03  1.479697E+00  1.479697E+00
  1.548500E+03  1.478632E+00  1.478632E+00
  1.549500E+03  1.477572E+00  1.477572E+00
  1.550500E+03  1.476505E+00  1.476505E+00
  1.551500E+03  1.475454E+00  1.475454E+00
  1.552500E+03  1.474376E+00  1.474376E+00
  1.553500E+03  1.473353E+00  1.473353E+00
  1.554500E+03  1.472230E+00  1.472230E+00
  1.555500E+03  1.471299E+00  1.471299E+00
  1.556500E+03  1.470007E+00  1.470007E+00
  1.557500E+03  1.469401E+00  1.469401E+00
  1.558500E+03  1.468795E+00  1.468795E+00
  1.559500E+03  1.468188E+00  1.468188E+00
  1.560500E+03  1.467582E+00  1.467582E+00
  1.561500E+03  1.466974E+00  1.466974E+00
  1.562500E+03  1.466367E+00  1.466367E+00
  1.563500E+03  1.465759E+00  1.465759E+00
  1.564500E+03  1.465150E+00  1.465150E+00
  1.565500E+03  1.464542E+00  1.464542E+00
  1.566500E+03  1.463932E+00  1.463932E+00
  1.567500E+03  1.463323E+00  1.463323E+00
  1.568500E+03  1.462713E+00  1.462713E+00
  1.569500E+03  1.462103E+00  1.462103E+00
  1.570500E+03  1.461492E+00  1.461492E+00
  1.571500E+03  1.460881E+00  1.460881E+00
  1.572500E+03  1.460270E+00  1.460270E+00
  1.573500E+03  1.459658E+00  1.459658E+00
  1.574500E+03  1.459045E+00  1.459045E+00
  1.575500E+03  1.458433E+00  1.458433E+00
  1.576500E+03  1.457820E+00  1.457820E+00
  1.577500E+03  1.457206E+00  1.457206E+00
  1.578500E+03  1.456593E+00  1.456593E+00
  1.579500E+03  1.455979E+00  1.455979E+00
  1.580500E+03  1.455364E+00  1.455364E+00
  1.581500E+03  1.454749E+00  1.454749E+00
  1.582500E+03  1.454134E+00  1.454134E+00
  1.583500E+03  1.453518E+00  1.453518E+00
  1.584500E+03  1.452902E+00  1.452902E+00
  1.585500E+03  1.452285E+00  1.452285E+00
  1.586500E+03  1.451669E+00  1.451669E+00
  1.587500E+03  1.451051E+00  1.451051E+00
  1.588500E+03  1.450434E+00  1.450434E+00
  1.589500E+03  1.449815E+00  1.449815E+00
  1.590500E+03  1.449197E+00  1.449197E+00
  1.591500E+03  1.448578E+00  1.448578E+00
  1.592500E+03  1.447959E+00  1.447959E+00
  1.593500E+03  1.447339E+00  1.447339E+00
  1.594500E+03  1.446719E+00  1.446719E+00
  1.595500E+03  1.446099E+00  1.446099E+00
  1.596500E+03  1.445478E+00  1.445478E+00
  1.597500E+03  1.444856E+00  1.444856E+00
  1.598500E+03  1.444235E+00  1.444235E+00
  1.599500E+03  1.443613E+00  1.443613E+00
  1.600500E+03  1.442990E+00  1.442990E+00
  1.601500E+03  1.442367E+00  1.442367E+00
  1.602500E+03  1.441744E+00  1.441744E+00
  1.603500E+03  1.441120E+00  1.441120E+00
  1.604500E+03  1.440496E+00  1.440496E+00
  1.605500E+03  1.439872E+00  1.439872E+00
  1.606500E+03  1.439247E+00  1.439247E+00
  1.607500E+03  1.438622E+00  1.438622E+00
  1.608500E+03  1.437996E+00  1.437996E+00
  1.609500E+03  1.437370E+00  1.437370E+00
  1.610500E+03  1.436743E+00  1.436743E+00
  1.611500E+03  1.436116E+00  1.436116E+00
  1.612500E+03  1.435489E+00  1.435489E+00
  1.613500E+03  1.434861E+00  1.434861E+00
  1.614500E+03  1.434233E+00  1.434233E+00
  1.615500E+03  1.433604E+00  1.433604E+00
  1.616500E+03  1.432975E+00  1.432975E+00
  1.617500E+03  1.432346E+00  1.432346E+00
  1.618500E+03  1.431716E+00  1.431716E+00
  1.619500E+03  1.431086E+00  1.431086E+00
  1.620500E+03  1.430455E+00  1.430455E+00
  1.621500E+03  1.429824E+00  1.429824E+00
  1.622500E+03  1.429192E+00  1.429192E+00
  1.623500E+03  1.428560E+00  1.428560E+00
  1.624500E+03  1.427928E+00  1.427928E+00
  1.625500E+03  1.427295E+00  1.427295E+00
  1.626500E+03  1.426662E+00  1.426662E+00
  1.627500E+03  1.426028E+00  1.426028E+00
  1.628500E+03  1.425394E+00  1.425394E+00
  1.629500E+03  1.424760E+00  1.424760E+00
  1.630500E+03  1.424125E+00  1.424125E+00
  1.631500E+03  1.423489E+00  1.423489E+00
  1.632500E+03  1.422854E+00  1.422854E+00
  1.633500E+03  1.422217E+00  1.422217E+00
  1.634500E+03  1.421581E+00  1.421581E+00
  1.635500E+03  1.420944E+00  1.420944E+00
  1.636500E+03  1.420306E+00  1.420306E+00
  1.637500E+03  1.419668E+00  1.419668E+00
  1.638500E+03  1.419030E+00  1.419030E+00
  1.639500E+03  1.418391E+00  1.418391E+00
  1.640500E+03  1.417752E+00  1.417752E+00
  1.641500E+03  1.417112E+00  1.417112E+00
  1.642500E+03  1.416472E+00  1.416472E+00
  1.643500E+03  1.415832E+00  1.415832E+00
  1.644500E+03  1.415191E+00  1.415191E+00
  1.645500E+03  1.414550E+00  1.414550E+00
  1.646500E+03  1.413908E+00  1.413908E+00
  1.647500E+03  1.413265E+00  1.413265E+00
  1.648500E+03  1.412623E+00  1.412623E+00
  1.649500E+03  1.411980E+00  1.411980E+00
  1.650500E+03  1.411336E+00  1.411336E+00
  1.651500E+03  1.410692E+00  1.410692E+00
  1.652500E+03  1.410048E+00  1.410048E+00
  1.653500E+03  1.409403E+00  1.409403E+00
  1.654500E+03  1.408757E+00  1.408757E+00
  1.655500E+03  1.408111E+00  1.408111E+00
  1.656500E+03  1.407465E+00  1.407465E+00
  1.657500E+03  1.406819E+00  1.406819E+00
  1.658500E+03  1.406171E+00  1.406171E+00
  1.659500E+03  1.405524E+00  1.405524E+00
  1.660500E+03  1.404876E+00  1.404876E+00
  1.661500E+03  1.404227E+00  1.404227E+00
  1.662500E+03  1.403578E+00  1.403578E+00
  1.663500E+03  1.402929E+00  1.402929E+00
  1.664500E+03  1.402279E+00  1.402279E+00
  1.665500E+03  1.401629E+00  1.401629E+00
  1.666500E+03  1.400978E+00  1.400978E+00
  1.667500E+03  1.400327E+00  1.400327E+00
  1.668500E+03  1.399675E+00  1.399675E+00
  1.669500E+03  1.399023E+00  1.399023E+00
  1.670500E+03  1.398371E+00  1.398371E+00
  1.671500E+03  1.397718E+00  1.397718E+00
  1.672500E+03  1.397064E+00  1.397064E+00
  1.673500E+03  1.396410E+00  1.396410E+00
  1.674500E+03  1.395756E+00  1.395756E+00
  1.675500E+03  1.395101E+00  1.395101E+00
  1.676500E+03  1.394446E+00  1.394446E+00
  1.677500E+03  1.393790E+00  1.393790E+00
  1.678500E+03  1.393134E+00  1.393134E+00
  1.679500E+03  1.392477E+00  1.392477E+00
  1.680500E+03  1.391820E+00  1.391820E+00
  1.681500E+03  1.391162E+00  1.391162E+00
  1.682500E+03  1.390504E+00  1.390504E+00
  1.683500E+03  1.389845E+00  1.389845E+00
  1.684500E+03  1.389186E+00  1.389186E+00
  1.685500E+03  1.388527E+00  1.388527E+00
  1.686500E+03  1.387867E+00  1.387867E+00
  1.687500E+03  1.387206E+00  1.387206E+00
  1.688500E+03  1.386545E+00  1.386545E+00
  1.689500E+03  1.385884E+00  1.385884E+00
  1.690500E+03  1.385222E+00  1.385222E+00
  1.691500E+03  1.384560E+00  1.384560E+00
  1.692500E+03  1.383897E+00  1.383897E+00
  1.693500E+03  1.383233E+00  1.383233E+00
  1.694500E+03  1.382570E+00  1.382570E+00
  1.695500E+03  1.381905E+00  1.381905E+00
  1.696500E+03  1.381241E+00  1.381241E+00
  1.697500E+03  1.380575E+00  1.380575E+00
  1.698500E+03  1.379910E+00  1.379910E+00
  1.699500E+03  1.379243E+00  1.379243E+00
  1.700500E+03  1.378577E+00  1.378577E+00
  1.701500E+03  1.377909E+00  1.377909E+00
  1.702500E+03  1.377242E+00  1.377242E+00
  1.703500E+03  1.376574E+00  1.376574E+00
  1.704500E+03  1.375905E+00  1.375905E+00
  1.705500E+03  1.375236E+00  1.375236E+00
  1.706500E+03  1.374566E+00  1.374566E+00
  1.707500E+03  1.373896E+00  1.373896E+00
  1.708500E+03  1.373225E+00  1.373225E+00
  1.709500E+03  1.372554E+00  1.372554E+00
  1.710500E+03  1.371883E+00  1.371883E+00
  1.711500E+03  1.371211E+00  1.371211E+00
  1.712500E+03  1.370538E+00  1.370538E+00
  1.713500E+03  1.369865E+00  1.369865E+00
  1.714500E+03  1.369191E+00  1.369191E+00
  1.715500E+03  1.368517E+00  1.368517E+00
  1.716500E+03  1.367843E+00  1.367843E+00
  1.717500E+03  1.367168E+00  1.367168E+00
  1.718500E+03  1.366492E+00  1.366492E+00
  1.719500E+03  1.365816E+00  1.365816E+00
  1.720500E+03  1.365140E+00  1.365140E+00
  1.721500E+03  1.364462E+00  1.364462E+00
  1.722500E+03  1.363785E+00  1.363785E+00
  1.723500E+03  1.363107E+00  1.363107E+00
  1.724500E+03  1.362428E+00  1.362428E+00
  1.725500E+03  1.361749E+00  1.361749E+00
  1.726500E+03  1.361069E+00  1.361069E+00
  1.727500E+03  1.360389E+00  1.360389E+00
  1.728500E+03  1.359709E+00  1.359709E+00
  1.729500E+03  1.359027E+00  1.359027E+00
  1.730500E+03  1.358346E+00  1.358346E+00
  1.731500E+03  1.357664E+00  1.357664E+00
  1.732500E+03  1.356981E+00  1.356981E+00
  1.733500E+03  1.356298E+00  1.356298E+00
  1.734500E+03  1.355614E+00  1.355614E+00
  1.735500E+03  1.354930E+00  1.354930E+00
  1.736500E+03  1.354245E+00  1.354245E+00
  1.737500E+03  1.353560E+00  1.353560E+00
  1.738500E+03  1.352874E+00  1.352874E+00
  1.739500E+03  1.352187E+00  1.352187E+00
  1.740500E+03  1.351501E+00  1.351501E+00
  1.741500E+03  1.350813E+00  1.350813E+00
  1.742500E+03  1.350125E+00  1.350125E+00
  1.743500E+03  1.349437E+00  1.349437E+00
  1.744500E+03  1.348748E+00  1.348748E+00
  1.745500E+03  1.348058E+00  1.348058E+00
  1.746500E+03  1.347368E+00  1.347368E+00
  1.747500E+03  1.346678E+00  1.346678E+00
  1.748500E+03  1.345987E+00  1.345987E+00
  1.749500E+03  1.345295E+00  1.345295E+00
  1.750500E+03  1.344603E+00  1.344603E+00
  1.751500E+03  1.343910E+00  1.343910E+00
  1.752500E+03  1.343217E+00  1.343217E+00
  1.753500E+03  1.342523E+00  1.342523E+00
  1.754500E+03  1.341829E+00  1.341829E+00
  1.755500E+03  1.341134E+00  1.341134E+00
  1.756500E+03  1.340438E+00  1.340438E+00
  1.757500E+03  1.339743E+00  1.339743E+00
  1.758500E+03  1.339046E+00  1.339046E+00
  1.759500E+03  1.338349E+00  1.338349E+00
  1.760500E+03  1.337651E+00  1.337651E+00
  1.761500E+03  1.336953E+00  1.336953E+00
  1.762500E+03  1.336255E+00  1.336255E+00
  1.763500E+03  1.335555E+00  1.335555E+00
  1.764500E+03  1.334856E+00  1.334856E+00
  1.765500E+03  1.334155E+00  1.334155E+00
  1.766500E+03  1.333454E+00  1.333454E+00
  1.767500E+03  1.332753E+00  1.332753E+00
  1.768500E+03  1.332051E+00  1.332051E+00
  1.769500E+03  1.331348E+00  1.331348E+00
  1.770500E+03  1.330645E+00  1.330645E+00
  1.771500E+03  1.329942E+00  1.329942E+00
  1.772500E+03  1.329237E+00  1.329237E+00
  1.773500E+03  1.328533E+00  1.328533E+00
  1.774500E+03  1.327827E+00  1.327827E+00
  1.775500E+03  1.327121E+00  1.327121E+00
  1.776500E+03  1.326415E+00  1.326415E+00
  1.777500E+03  1.325708E+00  1.325708E+00
  1.778500E+03  1.325000E+00  1.325000E+00
  1.779500E+03  1.324292E+00  1.324292E+00
  1.780500E+03  1.323583E+00  1.323583E+00
  1.781500E+03  1.322874E+00  1.322874E+00
  1.782500E+03  1.322164E+00  1.322164E+00
  1.783500E+03  1.321454E+00  1.321454E+00
  1.784500E+03  1.320742E+00  1.320742E+00
  1.785500E+03  1.320031E+00  1.320031E+00
  1.786500E+03  1.319319E+00  1.319319E+00
  1.787500E+03  1.318606E+00  1.318606E+00
  1.788500E+03  1.317893E+00  1.317893E+00
  1.789500E+03  1.317179E+00  1.317179E+00
  1.790500E+03  1.316464E+00  1.316464E+00
  1.791500E+03  1.315749E+00  1.315749E+00
  1.792500E+03  1.315033E+00  1.315033E+00
  1.793500E+03  1.314317E+00  1.314317E+00
  1.794500E+03  1.313600E+00  1.313600E+00
  1.795500E+03  1.312883E+00  1.312883E+00
  1.796500E+03  1.312165E+00  1.312165E+00
  1.797500E+03  1.311446E+00  1.311446E+00
  1.798500E+03  1.310727E+00  1.310727E+00
  1.799500E+03  1.310007E+00  1.310007E+00
  1.800500E+03  1.309287E+00  1.309287E+00
  1.801500E+03  1.308566E+00  1.308566E+00
  1.802500E+03  1.307844E+00  1.307844E+00
  1.803500E+03  1.307122E+00  1.307122E+00
  1.804500E+03  1.306399E+00  1.306399E+00
  1.805500E+03  1.305675E+00  1.305675E+00
  1.806500E+03  1.304951E+00  1.304951E+00
  1.807500E+03  1.304227E+00  1.304227E+00
  1.808500E+03  1.303502E+00  1.303502E+00
  1.809500E+03  1.302776E+00  1.302776E+00
  1.810500E+03  1.302049E+00  1.302049E+00
  1.811500E+03  1.301322E+00  1.301322E+00
  1.812500E+03  1.300595E+00  1.300595E+00
  1.813500E+03  1.299866E+00  1.299866E+00
  1.814500E+03  1.299137E+00  1.299137E+00
  1.815500E+03  1.298408E+00  1.298408E+00
  1.816500E+03  1.297678E+00  1.297678E+00
  1.817500E+03  1.296947E+00  1.296947E+00
  1.818500E+03  1.296216E+00  1.296216E+00
  1.819500E+03  1.295484E+00  1.295484E+00
  1.820500E+03  1.294751E+00  1.294751E+00
  1.821500E+03  1.294018E+00  1.294018E+00
  1.822500E+03  1.293284E+00  1.293284E+00
  1.823500E+03  1.292550E+00  1.292550E+00
  1.824500E+03  1.291814E+00  1.291814E+00
  1.825500E+03  1.291079E+00  1.291079E+00
  1.826500E+03  1.290342E+00  1.290342E+00
  1.827500E+03  1.289605E+00  1.289605E+00
  1.828500E+03  1.288868E+00  1.288868E+00
  1.829500E+03  1.288129E+00  1.288129E+00
  1.830500E+03  1.287391E+00  1.287391E+00
  1.831500E+03  1.286651E+00  1.286651E+00
  1.832500E+03  1.285911E+00  1.285911E+00
  1.833500E+03  1.285170E+00  1.285170E+00
  1.834500E+03  1.284429E+00  1.284429E+00
  1.835500E+03  1.283686E+00  1.283686E+00
  1.836500E+03  1.282944E+00  1.282944E+00
  1.837500E+03  1.282200E+00  1.282200E+00
  1.838500E+03  1.281456E+00  1.281456E+00
  1.839500E+03  1.280712E+00  1.280712E+00
  1.840500E+03  1.279966E+00  1.279966E+00
  1.841500E+03  1.279220E+00  1.279220E+00
  1.842500E+03  1.278473E+00  1.278473E+00
  1.843500E+03  1.277726E+00  1.277726E+00
  1.844500E+03  1.276978E+00  1.276978E+00
  1.845500E+03  1.276230E+00  1.276230E+00
  1.846500E+03  1.275480E+00  1.275480E+00
  1.847500E+03  1.274730E+00  1.274730E+00
  1.848500E+03  1.273980E+00  1.273980E+00
  1.849500E+03  1.273228E+00  1.273228E+00
  1.850500E+03  1.272476E+00  1.272476E+00
  1.851500E+03  1.271724E+00  1.271724E+00
  1.852500E+03  1.270970E+00  1.270970E+00
  1.853500E+03  1.270217E+00  1.270217E+00
  1.854500E+03  1.269462E+00  1.269462E+00
  1.855500E+03  1.268707E+00  1.268707E+00
  1.856500E+03  1.267951E+00  1.267951E+00
  1.857500E+03  1.267194E+00  1.267194E+00
  1.858500E+03  1.266437E+00  1.266437E+00
  1.859500E+03  1.265678E+00  1.265678E+00
  1.860500E+03  1.264920E+00  1.264920E+00
  1.861500E+03  1.264160E+00  1.264160E+00
  1.862500E+03  1.263400E+00  1.263400E+00
  1.863500E+03  1.262640E+00  1.262640E+00
  1.864500E+03  1.261878E+00  1.261878E+00
  1.865500E+03  1.261116E+00  1.261116E+00
  1.866500E+03  1.260353E+00  1.260353E+00
  1.867500E+03  1.259589E+00  1.259589E+00
  1.868500E+03  1.258825E+00  1.258825E+00
  1.869500E+03  1.258060E+00  1.258060E+00
  1.870500E+03  1.257295E+00  1.257295E+00
  1.871500E+03  1.256528E+00  1.256528E+00
  1.872500E+03  1.255761E+00  1.255761E+00
  1.873500E+03  1.254993E+00  1.254993E+00
  1.874500E+03  1.254225E+00  1.254225E+00
  1.875500E+03  1.253456E+00  1.253456E+00
  1.876500E+03  1.252686E+00  1.252686E+00
  1.877500E+03  1.251915E+00  1.251915E+00
  1.878500E+03  1.251144E+00  1.251144E+00
  1.879500E+03  1.250372E+00  1.250372E+00
  1.880500E+03  1.249599E+00  1.249599E+00
  1.881500E+03  1.248826E+00  1.248826E+00
  1.882500E+03  1.248052E+00  1.248052E+00
  1.883500E+03  1.247277E+00  1.247277E+00
  1.884500E+03  1.246501E+00  1.246501E+00
  1.885500E+03  1.245725E+00  1.245725E+00
  1.886500E+03  1.244948E+00  1.244948E+00
  1.887500E+03  1.244170E+00  1.244170E+00
  1.888500E+03  1.243391E+00  1.243391E+00
  1.889500E+03  1.242612E+00  1.242612E+00
  1.890500E+03  1.241832E+00  1.241832E+00
  1.891500E+03  1.241051E+00  1.241051E+00
  1.892500E+03  1.240270E+00  1.240270E+00
  1.893500E+03  1.239488E+00  1.239488E+00
  1.894500E+03  1.238705E+00  1.238705E+00
  1.895500E+03  1.237921E+00  1.237921E+00
  1.896500E+03  1.237137E+00  1.237137E+00
  1.897500E+03  1.236351E+00  1.236351E+00
  1.898500E+03  1.235566E+00  1.235566E+00
  1.899500E+03  1.234776E+00  1.234776E+00
  1.900500E+03  1.234000E+00  1.234000E+00
  1.901500E+03  1.233178E+00  1.233178E+00
  1.902500E+03  1.232485E+00  1.232485E+00
  1.903500E+03  1.231420E+00  1.231420E+00
