


  Parameter Estimation, Reach #  2
  --------------------------------

   M. Channel
   Decay Rate
  ---------------
  8.05210E-06
  8.05210E-06
  8.05210E-06
  8.05210E-06
  8.05210E-06
  8.05210E-06
  8.05235E-06
  8.05185E-06
  8.05222E-06
  8.05210E-06
  8.05222E-06
  8.01126E-06
  8.01653E-06
  8.01129E-06
  8.01655E-06
  8.01129E-06
  8.01655E-06


  Estimated Parameters, Reach #  2
  --------------------------------

   M. Channel
   Decay Rate
  ---------------
  8.01129E-06



  Parameter Estimation, Reach #  3
  --------------------------------

   M. Channel
   Decay Rate
  ---------------
  5.35213E-05
  5.35213E-05
  5.35213E-05
  5.35213E-05
  5.35213E-05
  5.35213E-05
  5.35221E-05
  5.35205E-05
  5.35215E-05
  5.35213E-05
  5.35215E-05
  5.19278E-05
  5.19280E-05
  5.18514E-05
  5.18516E-05
  5.18514E-05
  5.18516E-05


  Estimated Parameters, Reach #  3
  --------------------------------

   M. Channel
   Decay Rate
  ---------------
  5.18514E-05



  Parameter Estimation, Reach #  4
  --------------------------------

   M. Channel
   Decay Rate
  ---------------
  5.73200E-04
  5.73200E-04
  5.73200E-04
  5.73200E-04
  5.73200E-04
  5.73200E-04
  5.73208E-04
  5.73192E-04
  5.73201E-04
  5.73200E-04
  5.73201E-04
  5.75074E-04
  5.75075E-04
  5.75068E-04
  5.75069E-04
  5.75068E-04
  5.75069E-04


  Estimated Parameters, Reach #  4
  --------------------------------

   M. Channel
   Decay Rate
  ---------------
  5.75068E-04



  Parameter Estimation, Reach #  5
  --------------------------------

   M. Channel
   Decay Rate
  ---------------
  1.22858E-04
  1.22858E-04
  1.22858E-04
  1.22858E-04
  1.22858E-04
  1.22858E-04
  1.22860E-04
  1.22857E-04
  1.22858E-04
  1.22858E-04
  1.22858E-04
  1.22950E-04
  1.22950E-04
  1.22950E-04
  1.22950E-04


  Estimated Parameters, Reach #  5
  --------------------------------

   M. Channel
   Decay Rate
  ---------------
  1.22950E-04



  Parameter Estimation, Reach #  6
  --------------------------------

   M. Channel
   Decay Rate
  ---------------
  7.31793E-05
  7.31793E-05
  7.31793E-05
  7.31793E-05
  7.31793E-05
  7.31793E-05
  7.31804E-05
  7.31783E-05
  7.31794E-05
  7.31793E-05
  7.31794E-05
  7.31308E-05
  7.31308E-05
  7.31308E-05
  7.31308E-05


  Estimated Parameters, Reach #  6
  --------------------------------

   M. Channel
   Decay Rate
  ---------------
  7.31308E-05



  Parameter Estimation, Reach #  7
  --------------------------------

   M. Channel
   Decay Rate
  ---------------
  5.29586E-05
  5.29586E-05
  5.29586E-05
  5.29586E-05
  5.29586E-05
  5.29586E-05
  5.29594E-05
  5.29578E-05
  5.29587E-05
  5.29586E-05
  5.29587E-05
  5.30023E-05
  5.30026E-05
  5.30023E-05
  5.30026E-05


  Estimated Parameters, Reach #  7
  --------------------------------

   M. Channel
   Decay Rate
  ---------------
  5.30023E-05
