  8.250000E+00  9.100000E-06  9.100000E-06  9.100000E-06  9.100000E-06  9.100000E-06
  8.350000E+00  9.100000E-06  9.100000E-06  9.100000E-06  9.100000E-06  9.100000E-06
  8.450000E+00  9.100610E-06  9.100000E-06  9.100000E-06  9.100000E-06  9.100000E-06
  8.550000E+00  9.146611E-06  9.100001E-06  9.100000E-06  9.100000E-06  9.100000E-06
  8.650000E+00  9.561848E-06  9.100042E-06  9.100000E-06  9.100000E-06  9.100000E-06
  8.750000E+00  1.070604E-05  9.100928E-06  9.100000E-06  9.100000E-06  9.100000E-06
  8.850000E+00  1.231847E-05  9.109630E-06  9.100000E-06  9.100000E-06  9.100000E-06
  8.950000E+00  1.409008E-05  9.156358E-06  9.100000E-06  9.100000E-06  9.100000E-06
  9.050000E+00  1.589937E-05  9.311069E-06  9.100000E-06  9.100000E-06  9.100000E-06
  9.150000E+00  1.770356E-05  9.662692E-06  9.100000E-06  9.100000E-06  9.100000E-06
  9.250000E+00  1.948734E-05  1.026844E-05  9.100002E-06  9.100000E-06  9.100000E-06
  9.350000E+00  2.124503E-05  1.112897E-05  9.100015E-06  9.100000E-06  9.100000E-06
  9.450000E+00  2.297458E-05  1.220328E-05  9.100093E-06  9.100000E-06  9.100000E-06
  9.550000E+00  2.467537E-05  1.343526E-05  9.100466E-06  9.100000E-06  9.100000E-06
  9.650000E+00  2.634739E-05  1.477205E-05  9.101884E-06  9.100000E-06  9.100000E-06
  9.750000E+00  2.799089E-05  1.617182E-05  9.106310E-06  9.100000E-06  9.100000E-06
  9.850000E+00  2.960624E-05  1.760459E-05  9.117911E-06  9.100000E-06  9.100000E-06
  9.950000E+00  3.119388E-05  1.905025E-05  9.143987E-06  9.100002E-06  9.100000E-06
  1.005000E+01  3.275423E-05  2.049593E-05  9.195265E-06  9.100009E-06  9.100000E-06
  1.015000E+01  3.428776E-05  2.193367E-05  9.285128E-06  9.100034E-06  9.100000E-06
  1.025000E+01  3.579491E-05  2.335871E-05  9.427822E-06  9.100120E-06  9.100000E-06
  1.035000E+01  3.727613E-05  2.476825E-05  9.636189E-06  9.100372E-06  9.100000E-06
  1.045000E+01  3.873185E-05  2.616077E-05  9.919648E-06  9.101032E-06  9.100000E-06
  1.055000E+01  4.016252E-05  2.753544E-05  1.028297E-05  9.102584E-06  9.100000E-06
  1.065000E+01  4.156855E-05  2.889188E-05  1.072606E-05  9.105906E-06  9.100000E-06
  1.075000E+01  4.295037E-05  3.022998E-05  1.124453E-05  9.112421E-06  9.100000E-06
  1.085000E+01  4.430838E-05  3.154978E-05  1.183086E-05  9.124239E-06  9.100001E-06
  1.095000E+01  4.564300E-05  3.285137E-05  1.247564E-05  9.144218E-06  9.100002E-06
  1.105000E+01  4.695463E-05  3.413493E-05  1.316879E-05  9.175925E-06  9.100007E-06
  1.115000E+01  4.824364E-05  3.540066E-05  1.390044E-05  9.223474E-06  9.100018E-06
  1.125000E+01  4.951044E-05  3.664874E-05  1.466159E-05  9.291262E-06  9.100044E-06
  1.135000E+01  5.075540E-05  3.787941E-05  1.544440E-05  9.383635E-06  9.100103E-06
  1.145000E+01  5.197828E-05  3.909287E-05  1.624236E-05  9.504543E-06  9.100226E-06
  1.155000E+01  5.313467E-05  4.028934E-05  1.705018E-05  9.657243E-06  9.100465E-06
  1.165000E+01  5.390109E-05  4.146900E-05  1.786374E-05  9.844065E-06  9.100907E-06
  1.175000E+01  5.391816E-05  4.263126E-05  1.867986E-05  1.006631E-05  9.101683E-06
  1.185000E+01  5.344695E-05  4.376936E-05  1.949615E-05  1.032421E-05  9.102982E-06
  1.195000E+01  5.279687E-05  4.485330E-05  2.031087E-05  1.061703E-05  9.105064E-06
  1.205000E+01  5.208976E-05  4.581334E-05  2.112272E-05  1.094320E-05  9.108266E-06
  1.215000E+01  5.136870E-05  4.656075E-05  2.193077E-05  1.130050E-05  9.113011E-06
  1.225000E+01  5.064936E-05  4.703852E-05  2.273438E-05  1.168627E-05  9.119802E-06
  1.235000E+01  4.993773E-05  4.724621E-05  2.353306E-05  1.209755E-05  9.129219E-06
  1.245000E+01  4.923616E-05  4.722500E-05  2.432644E-05  1.253133E-05  9.141901E-06
  1.255000E+01  4.854560E-05  4.703122E-05  2.511406E-05  1.298462E-05  9.158524E-06
  1.265000E+01  4.786635E-05  4.671791E-05  2.589501E-05  1.345455E-05  9.179781E-06
  1.275000E+01  4.719846E-05  4.632711E-05  2.666723E-05  1.393852E-05  9.206355E-06
  1.285000E+01  4.654185E-05  4.588898E-05  2.742646E-05  1.443413E-05  9.238888E-06
  1.295000E+01  4.589639E-05  4.542381E-05  2.816536E-05  1.493929E-05  9.277963E-06
  1.305000E+01  4.526191E-05  4.494467E-05  2.887316E-05  1.545216E-05  9.324080E-06
  1.315000E+01  4.463826E-05  4.445971E-05  2.953647E-05  1.597117E-05  9.377643E-06
  1.325000E+01  4.402524E-05  4.397387E-05  3.014101E-05  1.649494E-05  9.438950E-06
  1.335000E+01  4.342268E-05  4.349010E-05  3.067394E-05  1.702226E-05  9.508191E-06
  1.345000E+01  4.283041E-05  4.301015E-05  3.112583E-05  1.755197E-05  9.585449E-06
  1.355000E+01  4.224826E-05  4.253499E-05  3.149192E-05  1.808281E-05  9.670706E-06
  1.365000E+01  4.167606E-05  4.206518E-05  3.177230E-05  1.861329E-05  9.763852E-06
  1.375000E+01  4.111364E-05  4.160101E-05  3.197135E-05  1.914146E-05  9.864700E-06
  1.385000E+01  4.056083E-05  4.114262E-05  3.209661E-05  1.966479E-05  9.973000E-06
  1.395000E+01  4.001747E-05  4.069006E-05  3.215750E-05  2.018007E-05  1.008845E-05
  1.405000E+01  3.948340E-05  4.024333E-05  3.216409E-05  2.068346E-05  1.021071E-05
  1.415000E+01  3.895847E-05  3.980241E-05  3.212628E-05  2.117060E-05  1.033941E-05
  1.425000E+01  3.844252E-05  3.936726E-05  3.205307E-05  2.163690E-05  1.047417E-05
  1.435000E+01  3.793540E-05  3.893781E-05  3.195231E-05  2.207785E-05  1.061460E-05
  1.445000E+01  3.743696E-05  3.851401E-05  3.183054E-05  2.248934E-05  1.076030E-05
  1.455000E+01  3.694705E-05  3.809581E-05  3.169304E-05  2.286800E-05  1.091086E-05
  1.465000E+01  3.646553E-05  3.768313E-05  3.154397E-05  2.321140E-05  1.106584E-05
  1.475000E+01  3.599226E-05  3.727592E-05  3.138652E-05  2.351814E-05  1.122481E-05
  1.485000E+01  3.552709E-05  3.687412E-05  3.122307E-05  2.378789E-05  1.138726E-05
  1.495000E+01  3.506990E-05  3.647765E-05  3.105542E-05  2.402132E-05  1.155268E-05
  1.505000E+01  3.462054E-05  3.608647E-05  3.088487E-05  2.421992E-05  1.172047E-05
  1.515000E+01  3.417888E-05  3.570050E-05  3.071236E-05  2.438584E-05  1.188997E-05
  1.525000E+01  3.374479E-05  3.531969E-05  3.053857E-05  2.452170E-05  1.206048E-05
  1.535000E+01  3.331814E-05  3.494398E-05  3.036398E-05  2.463036E-05  1.223124E-05
  1.545000E+01  3.289882E-05  3.457329E-05  3.018894E-05  2.471482E-05  1.240143E-05
  1.555000E+01  3.248668E-05  3.420759E-05  3.001370E-05  2.477800E-05  1.257024E-05
  1.565000E+01  3.208162E-05  3.384680E-05  2.983845E-05  2.482270E-05  1.273682E-05
  1.575000E+01  3.168351E-05  3.349087E-05  2.966331E-05  2.485150E-05  1.290038E-05
  1.585000E+01  3.129223E-05  3.313973E-05  2.948839E-05  2.486674E-05  1.306017E-05
  1.595000E+01  3.090766E-05  3.279334E-05  2.931377E-05  2.487046E-05  1.321549E-05
  1.605000E+01  3.052970E-05  3.245163E-05  2.913949E-05  2.486447E-05  1.336578E-05
  1.615000E+01  3.015824E-05  3.211456E-05  2.896562E-05  2.485027E-05  1.351052E-05
  1.625000E+01  2.979315E-05  3.178205E-05  2.879219E-05  2.482915E-05  1.364936E-05
  1.635000E+01  2.943433E-05  3.145406E-05  2.861925E-05  2.480220E-05  1.378204E-05
  1.645000E+01  2.908168E-05  3.113052E-05  2.844682E-05  2.477029E-05  1.390840E-05
  1.655000E+01  2.873509E-05  3.081140E-05  2.827493E-05  2.473416E-05  1.402841E-05
  1.665000E+01  2.839446E-05  3.049663E-05  2.810362E-05  2.469440E-05  1.414211E-05
  1.675000E+01  2.805969E-05  3.018615E-05  2.793290E-05  2.465149E-05  1.424964E-05
  1.685000E+01  2.773067E-05  2.987993E-05  2.776280E-05  2.460582E-05  1.435120E-05
  1.695000E+01  2.740731E-05  2.957789E-05  2.759335E-05  2.455771E-05  1.444705E-05
  1.705000E+01  2.708952E-05  2.928000E-05  2.742456E-05  2.450741E-05  1.453747E-05
  1.715000E+01  2.677719E-05  2.898620E-05  2.725646E-05  2.445514E-05  1.462278E-05
  1.725000E+01  2.647024E-05  2.869644E-05  2.708907E-05  2.440106E-05  1.470331E-05
  1.735000E+01  2.616857E-05  2.841067E-05  2.692240E-05  2.434532E-05  1.477939E-05
  1.745000E+01  2.587210E-05  2.812883E-05  2.675647E-05  2.428803E-05  1.485136E-05
  1.755000E+01  2.558072E-05  2.785089E-05  2.659131E-05  2.422930E-05  1.491952E-05
  1.765000E+01  2.529437E-05  2.757679E-05  2.642693E-05  2.416921E-05  1.498418E-05
  1.775000E+01  2.501295E-05  2.730648E-05  2.626334E-05  2.410784E-05  1.504563E-05
  1.785000E+01  2.473638E-05  2.703991E-05  2.610056E-05  2.404525E-05  1.510411E-05
  1.795000E+01  2.446458E-05  2.677704E-05  2.593861E-05  2.398149E-05  1.515987E-05
  1.805000E+01  2.419746E-05  2.651783E-05  2.577750E-05  2.391663E-05  1.521312E-05
  1.815000E+01  2.393494E-05  2.626221E-05  2.561724E-05  2.385072E-05  1.526405E-05
  1.825000E+01  2.367695E-05  2.601016E-05  2.545785E-05  2.378379E-05  1.531284E-05
  1.835000E+01  2.342341E-05  2.576162E-05  2.529933E-05  2.371589E-05  1.535962E-05
  1.845000E+01  2.317424E-05  2.551655E-05  2.514171E-05  2.364707E-05  1.540455E-05
  1.855000E+01  2.292937E-05  2.527490E-05  2.498498E-05  2.357735E-05  1.544773E-05
  1.865000E+01  2.268872E-05  2.503663E-05  2.482917E-05  2.350679E-05  1.548926E-05
  1.875000E+01  2.245223E-05  2.480169E-05  2.467428E-05  2.343541E-05  1.552923E-05
  1.885000E+01  2.221982E-05  2.457005E-05  2.452032E-05  2.336325E-05  1.556772E-05
  1.895000E+01  2.199142E-05  2.434166E-05  2.436730E-05  2.329034E-05  1.560479E-05
  1.905000E+01  2.176696E-05  2.411648E-05  2.421523E-05  2.321672E-05  1.564051E-05
  1.915000E+01  2.154638E-05  2.389447E-05  2.406412E-05  2.314242E-05  1.567492E-05
  1.925000E+01  2.132961E-05  2.367558E-05  2.391397E-05  2.306746E-05  1.570806E-05
  1.935000E+01  2.111658E-05  2.345978E-05  2.376479E-05  2.299189E-05  1.573998E-05
  1.945000E+01  2.090724E-05  2.324703E-05  2.361659E-05  2.291572E-05  1.577071E-05
  1.955000E+01  2.070151E-05  2.303727E-05  2.346938E-05  2.283899E-05  1.580028E-05
  1.965000E+01  2.049934E-05  2.283049E-05  2.332316E-05  2.276173E-05  1.582871E-05
  1.975000E+01  2.030066E-05  2.262663E-05  2.317793E-05  2.268397E-05  1.585603E-05
  1.985000E+01  2.010542E-05  2.242566E-05  2.303370E-05  2.260572E-05  1.588225E-05
  1.995000E+01  1.991355E-05  2.222754E-05  2.289048E-05  2.252702E-05  1.590742E-05
  2.005000E+01  1.972500E-05  2.203224E-05  2.274827E-05  2.244790E-05  1.593153E-05
  2.015000E+01  1.953972E-05  2.183971E-05  2.260707E-05  2.236837E-05  1.595460E-05
  2.025000E+01  1.935764E-05  2.164992E-05  2.246689E-05  2.228847E-05  1.597666E-05
  2.035000E+01  1.917871E-05  2.146283E-05  2.232772E-05  2.220821E-05  1.599772E-05
  2.045000E+01  1.900287E-05  2.127841E-05  2.218959E-05  2.212763E-05  1.601779E-05
  2.055000E+01  1.883008E-05  2.109663E-05  2.205247E-05  2.204674E-05  1.603688E-05
  2.065000E+01  1.866028E-05  2.091744E-05  2.191638E-05  2.196556E-05  1.605502E-05
  2.075000E+01  1.849342E-05  2.074081E-05  2.178133E-05  2.188413E-05  1.607221E-05
  2.085000E+01  1.832945E-05  2.056671E-05  2.164730E-05  2.180245E-05  1.608847E-05
  2.095000E+01  1.816832E-05  2.039510E-05  2.151430E-05  2.172056E-05  1.610380E-05
  2.105000E+01  1.800999E-05  2.022595E-05  2.138234E-05  2.163847E-05  1.611823E-05
  2.115000E+01  1.785439E-05  2.005924E-05  2.125141E-05  2.155620E-05  1.613176E-05
  2.125000E+01  1.770149E-05  1.989491E-05  2.112152E-05  2.147377E-05  1.614441E-05
  2.135000E+01  1.755124E-05  1.973295E-05  2.099266E-05  2.139120E-05  1.615619E-05
  2.145000E+01  1.740360E-05  1.957333E-05  2.086483E-05  2.130851E-05  1.616711E-05
  2.155000E+01  1.725852E-05  1.941600E-05  2.073804E-05  2.122572E-05  1.617717E-05
  2.165000E+01  1.711595E-05  1.926094E-05  2.061228E-05  2.114284E-05  1.618641E-05
  2.175000E+01  1.697585E-05  1.910811E-05  2.048755E-05  2.105989E-05  1.619481E-05
  2.185000E+01  1.683819E-05  1.895750E-05  2.036385E-05  2.097690E-05  1.620241E-05
  2.195000E+01  1.670291E-05  1.880906E-05  2.024118E-05  2.089387E-05  1.620920E-05
  2.205000E+01  1.656998E-05  1.866277E-05  2.011954E-05  2.081082E-05  1.621520E-05
  2.215000E+01  1.643936E-05  1.851860E-05  1.999893E-05  2.072777E-05  1.622042E-05
  2.225000E+01  1.631100E-05  1.837651E-05  1.987934E-05  2.064473E-05  1.622487E-05
  2.235000E+01  1.618487E-05  1.823649E-05  1.976077E-05  2.056172E-05  1.622857E-05
  2.245000E+01  1.606093E-05  1.809851E-05  1.964322E-05  2.047875E-05  1.623152E-05
  2.255000E+01  1.593915E-05  1.796252E-05  1.952670E-05  2.039584E-05  1.623373E-05
  2.265000E+01  1.581948E-05  1.782852E-05  1.941118E-05  2.031299E-05  1.623522E-05
  2.275000E+01  1.570188E-05  1.769647E-05  1.929668E-05  2.023023E-05  1.623600E-05
  2.285000E+01  1.558633E-05  1.756634E-05  1.918319E-05  2.014757E-05  1.623608E-05
  2.295000E+01  1.547279E-05  1.743810E-05  1.907070E-05  2.006502E-05  1.623546E-05
  2.305000E+01  1.536122E-05  1.731174E-05  1.895922E-05  1.998259E-05  1.623416E-05
  2.315000E+01  1.525159E-05  1.718722E-05  1.884873E-05  1.990029E-05  1.623219E-05
  2.325000E+01  1.514387E-05  1.706453E-05  1.873925E-05  1.981813E-05  1.622956E-05
  2.335000E+01  1.503802E-05  1.694363E-05  1.863075E-05  1.973614E-05  1.622628E-05
  2.345000E+01  1.493401E-05  1.682449E-05  1.852325E-05  1.965431E-05  1.622237E-05
  2.355000E+01  1.483181E-05  1.670711E-05  1.841672E-05  1.957266E-05  1.621782E-05
  2.365000E+01  1.473138E-05  1.659144E-05  1.831118E-05  1.949120E-05  1.621266E-05
  2.375000E+01  1.463271E-05  1.647747E-05  1.820662E-05  1.940993E-05  1.620688E-05
  2.385000E+01  1.453575E-05  1.636518E-05  1.810302E-05  1.932888E-05  1.620051E-05
  2.395000E+01  1.444047E-05  1.625453E-05  1.800040E-05  1.924805E-05  1.619355E-05
  2.405000E+01  1.434686E-05  1.614552E-05  1.789873E-05  1.916744E-05  1.618602E-05
  2.415000E+01  1.425487E-05  1.603810E-05  1.779803E-05  1.908707E-05  1.617791E-05
