  8.250000E+00  1.300000E-01  1.300000E-01  1.300000E-01  1.300000E-01  1.300000E-01  1.300000E-01  1.300000E-01  1.300000E-01  1.300000E-01  1.300000E-01
  8.350000E+00  1.300000E-01  1.300000E-01  1.300000E-01  1.300000E-01  1.300000E-01  1.300000E-01  1.300000E-01  1.300000E-01  1.300000E-01  1.300000E-01
  8.450000E+00  1.317382E-01  1.300000E-01  1.300000E-01  1.300000E-01  1.300000E-01  1.300000E-01  1.300000E-01  1.300000E-01  1.300000E-01  1.300000E-01
  8.550000E+00  2.219810E-01  1.300017E-01  1.300000E-01  1.300000E-01  1.300000E-01  1.300000E-01  1.300000E-01  1.300000E-01  1.300000E-01  1.300000E-01
  8.650000E+00  6.828405E-01  1.300887E-01  1.300000E-01  1.300000E-01  1.300000E-01  1.300000E-01  1.300000E-01  1.300000E-01  1.300000E-01  1.300000E-01
  8.750000E+00  1.188843E+00  1.315995E-01  1.300000E-01  1.300000E-01  1.300000E-01  1.300000E-01  1.300000E-01  1.300000E-01  1.300000E-01  1.300000E-01
  8.850000E+00  1.399390E+00  1.432791E-01  1.300000E-01  1.300000E-01  1.300000E-01  1.300000E-01  1.300000E-01  1.300000E-01  1.300000E-01  1.300000E-01
  8.950000E+00  1.478741E+00  1.903191E-01  1.300000E-01  1.300000E-01  1.300000E-01  1.300000E-01  1.300000E-01  1.300000E-01  1.300000E-01  1.300000E-01
  9.050000E+00  1.510559E+00  3.013492E-01  1.300000E-01  1.300000E-01  1.300000E-01  1.300000E-01  1.300000E-01  1.300000E-01  1.300000E-01  1.300000E-01
  9.150000E+00  1.525309E+00  4.733926E-01  1.300003E-01  1.300000E-01  1.300000E-01  1.300000E-01  1.300000E-01  1.300000E-01  1.300000E-01  1.300000E-01
  9.250000E+00  1.533583E+00  6.696436E-01  1.300026E-01  1.300000E-01  1.300000E-01  1.300000E-01  1.300000E-01  1.300000E-01  1.300000E-01  1.300000E-01
  9.350000E+00  1.539199E+00  8.516453E-01  1.300195E-01  1.300000E-01  1.300000E-01  1.300000E-01  1.300000E-01  1.300000E-01  1.300000E-01  1.300000E-01
  9.450000E+00  1.543633E+00  9.990536E-01  1.301100E-01  1.300000E-01  1.300000E-01  1.300000E-01  1.300000E-01  1.300000E-01  1.300000E-01  1.300000E-01
  9.550000E+00  1.547498E+00  1.108450E+00  1.304851E-01  1.300000E-01  1.300000E-01  1.300000E-01  1.300000E-01  1.300000E-01  1.300000E-01  1.300000E-01
  9.650000E+00  1.551064E+00  1.185354E+00  1.317201E-01  1.300000E-01  1.300000E-01  1.300000E-01  1.300000E-01  1.300001E-01  1.300000E-01  1.300000E-01
  9.750000E+00  1.554457E+00  1.237870E+00  1.350278E-01  1.300001E-01  1.300000E-01  1.300000E-01  1.300000E-01  1.300002E-01  1.300000E-01  1.300000E-01
  9.850000E+00  1.557734E+00  1.273464E+00  1.424024E-01  1.300004E-01  1.300000E-01  1.300000E-01  1.300000E-01  1.300004E-01  1.300000E-01  1.300000E-01
  9.950000E+00  1.560926E+00  1.297901E+00  1.563962E-01  1.300021E-01  1.300000E-01  1.300000E-01  1.300000E-01  1.300008E-01  1.300000E-01  1.300000E-01
  1.005000E+01  1.564047E+00  1.315227E+00  1.794723E-01  1.300087E-01  1.300000E-01  1.300000E-01  1.300000E-01  1.300015E-01  1.300000E-01  1.300000E-01
  1.015000E+01  1.567103E+00  1.328119E+00  2.131784E-01  1.300317E-01  1.300000E-01  1.300000E-01  1.300000E-01  1.300025E-01  1.300000E-01  1.300000E-01
  1.025000E+01  1.570100E+00  1.338282E+00  2.575411E-01  1.301008E-01  1.300000E-01  1.300000E-01  1.300000E-01  1.300038E-01  1.300000E-01  1.300000E-01
  1.035000E+01  1.573041E+00  1.346773E+00  3.109549E-01  1.302836E-01  1.300000E-01  1.300000E-01  1.300000E-01  1.300054E-01  1.300000E-01  1.300000E-01
  1.045000E+01  1.575927E+00  1.354234E+00  3.705667E-01  1.307125E-01  1.300000E-01  1.300000E-01  1.300000E-01  1.300072E-01  1.300000E-01  1.300000E-01
  1.055000E+01  1.578759E+00  1.361049E+00  4.329418E-01  1.316154E-01  1.300000E-01  1.300000E-01  1.300000E-01  1.300091E-01  1.300000E-01  1.300000E-01
  1.065000E+01  1.581539E+00  1.367446E+00  4.947436E-01  1.333380E-01  1.300001E-01  1.300000E-01  1.300000E-01  1.300109E-01  1.300000E-01  1.300000E-01
  1.075000E+01  1.584268E+00  1.373560E+00  5.532351E-01  1.363436E-01  1.300002E-01  1.300000E-01  1.300000E-01  1.300127E-01  1.300001E-01  1.300000E-01
  1.085000E+01  1.586947E+00  1.379471E+00  6.065283E-01  1.411825E-01  1.300006E-01  1.300000E-01  1.300000E-01  1.300143E-01  1.300001E-01  1.300000E-01
  1.095000E+01  1.589577E+00  1.385224E+00  6.536093E-01  1.484279E-01  1.300018E-01  1.300000E-01  1.300000E-01  1.300157E-01  1.300002E-01  1.300000E-01
  1.105000E+01  1.592158E+00  1.390848E+00  6.942107E-01  1.585917E-01  1.300048E-01  1.300000E-01  1.300000E-01  1.300169E-01  1.300003E-01  1.300000E-01
  1.115000E+01  1.594692E+00  1.396360E+00  7.286144E-01  1.720383E-01  1.300121E-01  1.300000E-01  1.300000E-01  1.300180E-01  1.300004E-01  1.300000E-01
  1.125000E+01  1.597179E+00  1.401768E+00  7.574453E-01  1.889180E-01  1.300279E-01  1.300000E-01  1.300000E-01  1.300188E-01  1.300006E-01  1.300000E-01
  1.135000E+01  1.599621E+00  1.407080E+00  7.814956E-01  2.091332E-01  1.300603E-01  1.300000E-01  1.300000E-01  1.300195E-01  1.300008E-01  1.300000E-01
  1.145000E+01  1.600280E+00  1.412300E+00  8.015945E-01  2.323448E-01  1.301223E-01  1.300000E-01  1.300000E-01  1.300201E-01  1.300010E-01  1.300000E-01
  1.155000E+01  1.512390E+00  1.417430E+00  8.185231E-01  2.580132E-01  1.302339E-01  1.300000E-01  1.300000E-01  1.300207E-01  1.300013E-01  1.300000E-01
  1.165000E+01  1.053840E+00  1.422387E+00  8.329684E-01  2.854633E-01  1.304237E-01  1.300000E-01  1.300000E-01  1.300211E-01  1.300016E-01  1.300000E-01
  1.175000E+01  5.501050E-01  1.425837E+00  8.455052E-01  3.139583E-01  1.307300E-01  1.300000E-01  1.300000E-01  1.300215E-01  1.300018E-01  1.300000E-01
  1.185000E+01  3.417838E-01  1.419034E+00  8.565963E-01  3.427715E-01  1.312011E-01  1.300000E-01  1.300000E-01  1.300218E-01  1.300021E-01  1.300000E-01
  1.195000E+01  2.646179E-01  1.376790E+00  8.666032E-01  3.712437E-01  1.318941E-01  1.300000E-01  1.300000E-01  1.300221E-01  1.300024E-01  1.300000E-01
  1.205000E+01  2.349448E-01  1.270476E+00  8.758012E-01  3.988236E-01  1.328721E-01  1.300000E-01  1.300000E-01  1.300224E-01  1.300027E-01  1.300000E-01
  1.215000E+01  2.222997E-01  1.103070E+00  8.843957E-01  4.250886E-01  1.342009E-01  1.300000E-01  1.300000E-01  1.300226E-01  1.300030E-01  1.300001E-01
  1.225000E+01  2.160928E-01  9.113789E-01  8.925353E-01  4.497491E-01  1.359443E-01  1.300000E-01  1.300000E-01  1.300229E-01  1.300032E-01  1.300001E-01
  1.235000E+01  2.125058E-01  7.338613E-01  9.003165E-01  4.726398E-01  1.381589E-01  1.300000E-01  1.300000E-01  1.300231E-01  1.300034E-01  1.300001E-01
  1.245000E+01  2.100636E-01  5.908625E-01  9.077582E-01  4.937025E-01  1.408895E-01  1.300000E-01  1.300000E-01  1.300233E-01  1.300036E-01  1.300002E-01
  1.255000E+01  2.081538E-01  4.858021E-01  9.147041E-01  5.129646E-01  1.441655E-01  1.300000E-01  1.300000E-01  1.300235E-01  1.300038E-01  1.300002E-01
  1.265000E+01  2.065064E-01  4.131619E-01  9.206178E-01  5.305166E-01  1.479981E-01  1.300000E-01  1.300000E-01  1.300237E-01  1.300040E-01  1.300003E-01
  1.275000E+01  2.049977E-01  3.648387E-01  9.243133E-01  5.464909E-01  1.523794E-01  1.300000E-01  1.300000E-01  1.300238E-01  1.300042E-01  1.300003E-01
  1.285000E+01  2.035692E-01  3.333672E-01  9.238155E-01  5.610440E-01  1.572831E-01  1.300000E-01  1.300000E-01  1.300238E-01  1.300043E-01  1.300004E-01
  1.295000E+01  2.021927E-01  3.129845E-01  9.165849E-01  5.743410E-01  1.626660E-01  1.300000E-01  1.300000E-01  1.300236E-01  1.300044E-01  1.300005E-01
  1.305000E+01  2.008542E-01  2.996457E-01  9.001678E-01  5.865431E-01  1.684717E-01  1.300000E-01  1.300000E-01  1.300231E-01  1.300046E-01  1.300006E-01
  1.315000E+01  1.995468E-01  2.906738E-01  8.730231E-01  5.977950E-01  1.746333E-01  1.300000E-01  1.300000E-01  1.300223E-01  1.300047E-01  1.300007E-01
  1.325000E+01  1.982666E-01  2.843651E-01  8.351288E-01  6.082096E-01  1.810787E-01  1.300000E-01  1.300000E-01  1.300212E-01  1.300048E-01  1.300008E-01
  1.335000E+01  1.970116E-01  2.796643E-01  7.880940E-01  6.178462E-01  1.877331E-01  1.300000E-01  1.300000E-01  1.300197E-01  1.300049E-01  1.300009E-01
  1.345000E+01  1.957805E-01  2.759309E-01  7.347744E-01  6.266823E-01  1.945238E-01  1.300000E-01  1.300000E-01  1.300181E-01  1.300050E-01  1.300010E-01
  1.355000E+01  1.945724E-01  2.727811E-01  6.786069E-01  6.345837E-01  2.013824E-01  1.300000E-01  1.300000E-01  1.300165E-01  1.300050E-01  1.300011E-01
  1.365000E+01  1.933867E-01  2.699878E-01  6.229297E-01  6.412838E-01  2.082471E-01  1.300000E-01  1.300000E-01  1.300148E-01  1.300051E-01  1.300012E-01
  1.375000E+01  1.922229E-01  2.674172E-01  5.704813E-01  6.463838E-01  2.150646E-01  1.300000E-01  1.300000E-01  1.300132E-01  1.300052E-01  1.300013E-01
  1.385000E+01  1.910804E-01  2.649911E-01  5.231510E-01  6.493868E-01  2.217904E-01  1.300000E-01  1.300000E-01  1.300118E-01  1.300052E-01  1.300014E-01
  1.395000E+01  1.899590E-01  2.626640E-01  4.819540E-01  6.497627E-01  2.283892E-01  1.300000E-01  1.300000E-01  1.300106E-01  1.300052E-01  1.300015E-01
  1.405000E+01  1.888581E-01  2.604091E-01  4.471585E-01  6.470340E-01  2.348339E-01  1.300000E-01  1.300000E-01  1.300095E-01  1.300052E-01  1.300016E-01
  1.415000E+01  1.877773E-01  2.582109E-01  4.184840E-01  6.408636E-01  2.411047E-01  1.300000E-01  1.300000E-01  1.300087E-01  1.300051E-01  1.300017E-01
  1.425000E+01  1.867164E-01  2.560600E-01  3.953063E-01  6.311230E-01  2.471870E-01  1.300000E-01  1.300000E-01  1.300080E-01  1.300050E-01  1.300018E-01
  1.435000E+01  1.856750E-01  2.539511E-01  3.768342E-01  6.179269E-01  2.530691E-01  1.300000E-01  1.300000E-01  1.300074E-01  1.300049E-01  1.300018E-01
  1.445000E+01  1.846526E-01  2.518805E-01  3.622396E-01  6.016276E-01  2.587394E-01  1.300000E-01  1.300000E-01  1.300070E-01  1.300047E-01  1.300019E-01
  1.455000E+01  1.836490E-01  2.498463E-01  3.507423E-01  5.827752E-01  2.641833E-01  1.300000E-01  1.300000E-01  1.300066E-01  1.300045E-01  1.300020E-01
  1.465000E+01  1.826638E-01  2.478467E-01  3.416562E-01  5.620530E-01  2.693809E-01  1.300000E-01  1.300000E-01  1.300064E-01  1.300043E-01  1.300021E-01
  1.475000E+01  1.816966E-01  2.458809E-01  3.344074E-01  5.402039E-01  2.743045E-01  1.300000E-01  1.300000E-01  1.300061E-01  1.300041E-01  1.300022E-01
  1.485000E+01  1.807472E-01  2.439479E-01  3.285338E-01  5.179597E-01  2.789179E-01  1.300000E-01  1.300000E-01  1.300060E-01  1.300039E-01  1.300022E-01
  1.495000E+01  1.798152E-01  2.420470E-01  3.236750E-01  4.959833E-01  2.831768E-01  1.300000E-01  1.300000E-01  1.300058E-01  1.300037E-01  1.300023E-01
  1.505000E+01  1.789003E-01  2.401776E-01  3.195564E-01  4.748292E-01  2.870307E-01  1.300000E-01  1.300000E-01  1.300057E-01  1.300034E-01  1.300024E-01
  1.515000E+01  1.780021E-01  2.383392E-01  3.159734E-01  4.549224E-01  2.904264E-01  1.300000E-01  1.300000E-01  1.300056E-01  1.300032E-01  1.300024E-01
  1.525000E+01  1.771204E-01  2.365311E-01  3.127762E-01  4.365543E-01  2.933123E-01  1.300000E-01  1.300000E-01  1.300055E-01  1.300031E-01  1.300024E-01
  1.535000E+01  1.762549E-01  2.347530E-01  3.098568E-01  4.198917E-01  2.956427E-01  1.300000E-01  1.300000E-01  1.300054E-01  1.300029E-01  1.300025E-01
  1.545000E+01  1.754053E-01  2.330042E-01  3.071381E-01  4.049942E-01  2.973833E-01  1.300000E-01  1.300000E-01  1.300053E-01  1.300028E-01  1.300025E-01
  1.555000E+01  1.745712E-01  2.312844E-01  3.045660E-01  3.918353E-01  2.985138E-01  1.300000E-01  1.300000E-01  1.300052E-01  1.300026E-01  1.300025E-01
  1.565000E+01  1.737525E-01  2.295929E-01  3.021027E-01  3.803256E-01  2.990314E-01  1.300000E-01  1.300000E-01  1.300052E-01  1.300025E-01  1.300025E-01
  1.575000E+01  1.729487E-01  2.279295E-01  2.997219E-01  3.703332E-01  2.989513E-01  1.300000E-01  1.300000E-01  1.300051E-01  1.300024E-01  1.300025E-01
  1.585000E+01  1.721597E-01  2.262935E-01  2.974057E-01  3.617023E-01  2.983062E-01  1.300000E-01  1.300000E-01  1.300050E-01  1.300023E-01  1.300025E-01
  1.595000E+01  1.713852E-01  2.246846E-01  2.951416E-01  3.542672E-01  2.971448E-01  1.300000E-01  1.300000E-01  1.300050E-01  1.300022E-01  1.300025E-01
  1.605000E+01  1.706248E-01  2.231023E-01  2.929213E-01  3.478637E-01  2.955283E-01  1.300000E-01  1.300000E-01  1.300049E-01  1.300022E-01  1.300025E-01
  1.615000E+01  1.698784E-01  2.215462E-01  2.907388E-01  3.423361E-01  2.935274E-01  1.300000E-01  1.300000E-01  1.300048E-01  1.300021E-01  1.300025E-01
  1.625000E+01  1.691457E-01  2.200158E-01  2.885903E-01  3.375424E-01  2.912180E-01  1.300000E-01  1.300000E-01  1.300048E-01  1.300021E-01  1.300024E-01
  1.635000E+01  1.684265E-01  2.185108E-01  2.864730E-01  3.333563E-01  2.886772E-01  1.300000E-01  1.300000E-01  1.300047E-01  1.300020E-01  1.300024E-01
  1.645000E+01  1.677204E-01  2.170307E-01  2.843849E-01  3.296682E-01  2.859804E-01  1.300000E-01  1.300000E-01  1.300046E-01  1.300020E-01  1.300023E-01
  1.655000E+01  1.670273E-01  2.155751E-01  2.823248E-01  3.263847E-01  2.831979E-01  1.300000E-01  1.300000E-01  1.300046E-01  1.300020E-01  1.300023E-01
  1.665000E+01  1.663469E-01  2.141435E-01  2.802915E-01  3.234276E-01  2.803927E-01  1.300000E-01  1.300000E-01  1.300045E-01  1.300019E-01  1.300023E-01
  1.675000E+01  1.656790E-01  2.127357E-01  2.782844E-01  3.207323E-01  2.776196E-01  1.300000E-01  1.300000E-01  1.300044E-01  1.300019E-01  1.300022E-01
  1.685000E+01  1.650233E-01  2.113513E-01  2.763028E-01  3.182461E-01  2.749238E-01  1.300000E-01  1.300000E-01  1.300044E-01  1.300019E-01  1.300022E-01
  1.695000E+01  1.643797E-01  2.099897E-01  2.743463E-01  3.159264E-01  2.723408E-01  1.300000E-01  1.300000E-01  1.300043E-01  1.300019E-01  1.300021E-01
  1.705000E+01  1.637479E-01  2.086508E-01  2.724144E-01  3.137391E-01  2.698973E-01  1.300000E-01  1.300000E-01  1.300043E-01  1.300018E-01  1.300021E-01
  1.715000E+01  1.631277E-01  2.073340E-01  2.705068E-01  3.116574E-01  2.676111E-01  1.300000E-01  1.300000E-01  1.300042E-01  1.300018E-01  1.300021E-01
  1.725000E+01  1.625188E-01  2.060391E-01  2.686232E-01  3.096598E-01  2.654927E-01  1.300000E-01  1.300000E-01  1.300042E-01  1.300018E-01  1.300020E-01
  1.735000E+01  1.619211E-01  2.047656E-01  2.667633E-01  3.077298E-01  2.635461E-01  1.300000E-01  1.300000E-01  1.300041E-01  1.300018E-01  1.300020E-01
  1.745000E+01  1.613344E-01  2.035133E-01  2.649268E-01  3.058544E-01  2.617700E-01  1.300000E-01  1.300000E-01  1.300040E-01  1.300018E-01  1.300020E-01
  1.755000E+01  1.607585E-01  2.022817E-01  2.631133E-01  3.040237E-01  2.601589E-01  1.300000E-01  1.300000E-01  1.300040E-01  1.300017E-01  1.300020E-01
  1.765000E+01  1.601931E-01  2.010706E-01  2.613227E-01  3.022298E-01  2.587043E-01  1.300000E-01  1.300000E-01  1.300039E-01  1.300017E-01  1.300019E-01
  1.775000E+01  1.596381E-01  1.998795E-01  2.595547E-01  3.004671E-01  2.573953E-01  1.300000E-01  1.300000E-01  1.300039E-01  1.300017E-01  1.300019E-01
  1.785000E+01  1.590933E-01  1.987083E-01  2.578089E-01  2.987308E-01  2.562200E-01  1.300000E-01  1.300000E-01  1.300038E-01  1.300017E-01  1.300019E-01
  1.795000E+01  1.585585E-01  1.975565E-01  2.560853E-01  2.970176E-01  2.551654E-01  1.300000E-01  1.300000E-01  1.300038E-01  1.300017E-01  1.300019E-01
  1.805000E+01  1.580335E-01  1.964238E-01  2.543834E-01  2.953248E-01  2.542187E-01  1.300000E-01  1.300000E-01  1.300037E-01  1.300017E-01  1.300019E-01
  1.815000E+01  1.575181E-01  1.953099E-01  2.527031E-01  2.936505E-01  2.533671E-01  1.300000E-01  1.300000E-01  1.300037E-01  1.300016E-01  1.300019E-01
  1.825000E+01  1.570122E-01  1.942145E-01  2.510441E-01  2.919932E-01  2.525985E-01  1.300000E-01  1.300000E-01  1.300036E-01  1.300016E-01  1.300018E-01
  1.835000E+01  1.565156E-01  1.931374E-01  2.494061E-01  2.903516E-01  2.519016E-01  1.300000E-01  1.300000E-01  1.300036E-01  1.300016E-01  1.300018E-01
  1.845000E+01  1.560281E-01  1.920781E-01  2.477890E-01  2.887251E-01  2.512659E-01  1.300000E-01  1.300000E-01  1.300035E-01  1.300016E-01  1.300018E-01
  1.855000E+01  1.555495E-01  1.910364E-01  2.461925E-01  2.871128E-01  2.506820E-01  1.300000E-01  1.300000E-01  1.300035E-01  1.300016E-01  1.300018E-01
  1.865000E+01  1.550798E-01  1.900121E-01  2.446164E-01  2.855144E-01  2.501414E-01  1.300000E-01  1.300000E-01  1.300034E-01  1.300016E-01  1.300018E-01
  1.875000E+01  1.546186E-01  1.890048E-01  2.430603E-01  2.839293E-01  2.496366E-01  1.300000E-01  1.300000E-01  1.300034E-01  1.300015E-01  1.300018E-01
  1.885000E+01  1.541659E-01  1.880142E-01  2.415241E-01  2.823574E-01  2.491610E-01  1.300000E-01  1.300000E-01  1.300033E-01  1.300015E-01  1.300018E-01
  1.895000E+01  1.537216E-01  1.870401E-01  2.400076E-01  2.807985E-01  2.487090E-01  1.300000E-01  1.300000E-01  1.300033E-01  1.300015E-01  1.300018E-01
  1.905000E+01  1.532854E-01  1.860823E-01  2.385106E-01  2.792522E-01  2.482757E-01  1.300000E-01  1.300000E-01  1.300033E-01  1.300015E-01  1.300018E-01
  1.915000E+01  1.528571E-01  1.851403E-01  2.370327E-01  2.777186E-01  2.478568E-01  1.300000E-01  1.300000E-01  1.300032E-01  1.300015E-01  1.300018E-01
  1.925000E+01  1.524368E-01  1.842141E-01  2.355738E-01  2.761975E-01  2.474488E-01  1.300000E-01  1.300000E-01  1.300032E-01  1.300015E-01  1.300018E-01
  1.935000E+01  1.520242E-01  1.833032E-01  2.341337E-01  2.746887E-01  2.470488E-01  1.300000E-01  1.300000E-01  1.300031E-01  1.300014E-01  1.300018E-01
  1.945000E+01  1.516191E-01  1.824076E-01  2.327121E-01  2.731923E-01  2.466543E-01  1.300000E-01  1.300000E-01  1.300031E-01  1.300014E-01  1.300017E-01
  1.955000E+01  1.512215E-01  1.815268E-01  2.313088E-01  2.717082E-01  2.462631E-01  1.300000E-01  1.300000E-01  1.300030E-01  1.300014E-01  1.300017E-01
  1.965000E+01  1.508312E-01  1.806607E-01  2.299236E-01  2.702362E-01  2.458737E-01  1.300000E-01  1.300000E-01  1.300030E-01  1.300014E-01  1.300017E-01
  1.975000E+01  1.504481E-01  1.798091E-01  2.285564E-01  2.687764E-01  2.454846E-01  1.300000E-01  1.300000E-01  1.300030E-01  1.300014E-01  1.300017E-01
  1.985000E+01  1.500720E-01  1.789716E-01  2.272068E-01  2.673287E-01  2.450948E-01  1.300000E-01  1.300000E-01  1.300029E-01  1.300014E-01  1.300017E-01
  1.995000E+01  1.497028E-01  1.781481E-01  2.258747E-01  2.658931E-01  2.447033E-01  1.300000E-01  1.300000E-01  1.300029E-01  1.300014E-01  1.300017E-01
  2.005000E+01  1.493404E-01  1.773383E-01  2.245599E-01  2.644695E-01  2.443093E-01  1.300000E-01  1.300000E-01  1.300028E-01  1.300013E-01  1.300017E-01
  2.015000E+01  1.489846E-01  1.765420E-01  2.232621E-01  2.630578E-01  2.439125E-01  1.300000E-01  1.300000E-01  1.300028E-01  1.300013E-01  1.300017E-01
  2.025000E+01  1.486354E-01  1.757590E-01  2.219812E-01  2.616580E-01  2.435122E-01  1.300000E-01  1.300000E-01  1.300028E-01  1.300013E-01  1.300017E-01
  2.035000E+01  1.482926E-01  1.749890E-01  2.207170E-01  2.602701E-01  2.431083E-01  1.300000E-01  1.300000E-01  1.300027E-01  1.300013E-01  1.300017E-01
  2.045000E+01  1.479560E-01  1.742319E-01  2.194692E-01  2.588940E-01  2.427005E-01  1.300000E-01  1.300000E-01  1.300027E-01  1.300013E-01  1.300017E-01
  2.055000E+01  1.476257E-01  1.734874E-01  2.182377E-01  2.575297E-01  2.422886E-01  1.300000E-01  1.300000E-01  1.300026E-01  1.300013E-01  1.300017E-01
  2.065000E+01  1.473014E-01  1.727554E-01  2.170223E-01  2.561771E-01  2.418725E-01  1.300000E-01  1.300000E-01  1.300026E-01  1.300013E-01  1.300017E-01
  2.075000E+01  1.469831E-01  1.720355E-01  2.158227E-01  2.548363E-01  2.414521E-01  1.300000E-01  1.300000E-01  1.300026E-01  1.300012E-01  1.300017E-01
  2.085000E+01  1.466707E-01  1.713277E-01  2.146389E-01  2.535070E-01  2.410275E-01  1.300000E-01  1.300000E-01  1.300025E-01  1.300012E-01  1.300017E-01
  2.095000E+01  1.463639E-01  1.706317E-01  2.134705E-01  2.521893E-01  2.405986E-01  1.300000E-01  1.300000E-01  1.300025E-01  1.300012E-01  1.300017E-01
  2.105000E+01  1.460629E-01  1.699473E-01  2.123175E-01  2.508832E-01  2.401655E-01  1.300000E-01  1.300000E-01  1.300025E-01  1.300012E-01  1.300017E-01
  2.115000E+01  1.457673E-01  1.692743E-01  2.111796E-01  2.495886E-01  2.397283E-01  1.300000E-01  1.300000E-01  1.300024E-01  1.300012E-01  1.300016E-01
  2.125000E+01  1.454772E-01  1.686126E-01  2.100566E-01  2.483054E-01  2.392870E-01  1.300000E-01  1.300000E-01  1.300024E-01  1.300012E-01  1.300016E-01
  2.135000E+01  1.451924E-01  1.679619E-01  2.089484E-01  2.470335E-01  2.388416E-01  1.300000E-01  1.300000E-01  1.300024E-01  1.300012E-01  1.300016E-01
  2.145000E+01  1.449128E-01  1.673221E-01  2.078548E-01  2.457730E-01  2.383924E-01  1.300000E-01  1.300000E-01  1.300023E-01  1.300012E-01  1.300016E-01
  2.155000E+01  1.446384E-01  1.666930E-01  2.067756E-01  2.445238E-01  2.379393E-01  1.300000E-01  1.300000E-01  1.300023E-01  1.300011E-01  1.300016E-01
  2.165000E+01  1.443690E-01  1.660744E-01  2.057106E-01  2.432858E-01  2.374824E-01  1.300000E-01  1.300000E-01  1.300023E-01  1.300011E-01  1.300016E-01
  2.175000E+01  1.441046E-01  1.654662E-01  2.046597E-01  2.420589E-01  2.370220E-01  1.300000E-01  1.300000E-01  1.300022E-01  1.300011E-01  1.300016E-01
  2.185000E+01  1.438450E-01  1.648681E-01  2.036227E-01  2.408431E-01  2.365581E-01  1.300000E-01  1.300000E-01  1.300022E-01  1.300011E-01  1.300016E-01
  2.195000E+01  1.435902E-01  1.642800E-01  2.025994E-01  2.396384E-01  2.360908E-01  1.300000E-01  1.300000E-01  1.300022E-01  1.300011E-01  1.300016E-01
  2.205000E+01  1.433400E-01  1.637018E-01  2.015896E-01  2.384447E-01  2.356201E-01  1.300000E-01  1.300000E-01  1.300021E-01  1.300011E-01  1.300016E-01
  2.215000E+01  1.430945E-01  1.631332E-01  2.005933E-01  2.372619E-01  2.351463E-01  1.300000E-01  1.300000E-01  1.300021E-01  1.300011E-01  1.300016E-01
  2.225000E+01  1.428535E-01  1.625742E-01  1.996101E-01  2.360900E-01  2.346695E-01  1.300000E-01  1.300000E-01  1.300021E-01  1.300011E-01  1.300016E-01
  2.235000E+01  1.426169E-01  1.620245E-01  1.986401E-01  2.349289E-01  2.341897E-01  1.300000E-01  1.300000E-01  1.300021E-01  1.300010E-01  1.300016E-01
  2.245000E+01  1.423847E-01  1.614840E-01  1.976829E-01  2.337785E-01  2.337071E-01  1.300000E-01  1.300000E-01  1.300020E-01  1.300010E-01  1.300016E-01
  2.255000E+01  1.421567E-01  1.609525E-01  1.967384E-01  2.326389E-01  2.332217E-01  1.300000E-01  1.300000E-01  1.300020E-01  1.300010E-01  1.300015E-01
  2.265000E+01  1.419329E-01  1.604300E-01  1.958065E-01  2.315098E-01  2.327337E-01  1.300000E-01  1.300000E-01  1.300020E-01  1.300010E-01  1.300015E-01
  2.275000E+01  1.417133E-01  1.599161E-01  1.948871E-01  2.303913E-01  2.322432E-01  1.300000E-01  1.300000E-01  1.300019E-01  1.300010E-01  1.300015E-01
  2.285000E+01  1.414976E-01  1.594109E-01  1.939799E-01  2.292833E-01  2.317503E-01  1.300000E-01  1.300000E-01  1.300019E-01  1.300010E-01  1.300015E-01
  2.295000E+01  1.412860E-01  1.589142E-01  1.930848E-01  2.281858E-01  2.312551E-01  1.300000E-01  1.300000E-01  1.300019E-01  1.300010E-01  1.300015E-01
  2.305000E+01  1.410782E-01  1.584258E-01  1.922017E-01  2.270986E-01  2.307577E-01  1.300000E-01  1.300000E-01  1.300019E-01  1.300010E-01  1.300015E-01
  2.315000E+01  1.408742E-01  1.579456E-01  1.913305E-01  2.260218E-01  2.302583E-01  1.300000E-01  1.300000E-01  1.300018E-01  1.300010E-01  1.300015E-01
  2.325000E+01  1.406740E-01  1.574734E-01  1.904709E-01  2.249551E-01  2.297568E-01  1.300000E-01  1.300000E-01  1.300018E-01  1.300009E-01  1.300015E-01
  2.335000E+01  1.404775E-01  1.570091E-01  1.896228E-01  2.238987E-01  2.292534E-01  1.300000E-01  1.300000E-01  1.300018E-01  1.300009E-01  1.300015E-01
  2.345000E+01  1.402846E-01  1.565526E-01  1.887861E-01  2.228524E-01  2.287482E-01  1.300000E-01  1.300000E-01  1.300018E-01  1.300009E-01  1.300015E-01
  2.355000E+01  1.400952E-01  1.561038E-01  1.879606E-01  2.218161E-01  2.282413E-01  1.300000E-01  1.300000E-01  1.300017E-01  1.300009E-01  1.300015E-01
  2.365000E+01  1.399093E-01  1.556625E-01  1.871462E-01  2.207898E-01  2.277329E-01  1.300000E-01  1.300000E-01  1.300017E-01  1.300009E-01  1.300015E-01
  2.375000E+01  1.397269E-01  1.552286E-01  1.863428E-01  2.197735E-01  2.272229E-01  1.300000E-01  1.300000E-01  1.300017E-01  1.300009E-01  1.300015E-01
  2.385000E+01  1.395478E-01  1.548019E-01  1.855502E-01  2.187670E-01  2.267114E-01  1.300000E-01  1.300000E-01  1.300017E-01  1.300009E-01  1.300015E-01
  2.395000E+01  1.393719E-01  1.543825E-01  1.847682E-01  2.177703E-01  2.261987E-01  1.300000E-01  1.300000E-01  1.300016E-01  1.300009E-01  1.300014E-01
  2.405000E+01  1.391994E-01  1.539700E-01  1.839969E-01  2.167833E-01  2.256847E-01  1.300000E-01  1.300000E-01  1.300016E-01  1.300009E-01  1.300014E-01
  2.415000E+01  1.390299E-01  1.535645E-01  1.832359E-01  2.158059E-01  2.251695E-01  1.300000E-01  1.300000E-01  1.300016E-01  1.300009E-01  1.300014E-01
